   File-Name = 
       Magic = 7f 45 4c 46 01 01 01 00 00 00 00 00 00 00 00 00 
       Class = ELF32
  Byte-Order = Little-endian
File-Version = Current-version:
       OSABI =   0 [NONE:RANGE](No extensions or unspecified):
 ABI-Version =   0
        TYPE =   2 [EXEC:RANGE](Executable file):
     MACHINE = 243 [RISC_V:RANGE](RISC-V):
   e_version =          1 (00000001):
     e_entry =       4096 (00001000):
     e_phoff =         52 (00000034):
     e_shoff =      19884 (00004dac):
     e_flags =          0 (00000000):
    e_ehsize =         52 (00000034):
 e_phentsize =         32 (00000020):
     e_phnum =          5 (00000005):
 e_shentsize =         40 (00000028):
     e_shnum =         14 (0000000e):
  e_shstrndx =         13 (0000000d):
Program Headers:
|No.|Type   | Offset | Vaddr  | Paddr  |Filesize|Memsize |Flags|Algn|Sections...
=================================================================================
|  0|LOPROC |00004060|00000000|00000000|00000059|00000000|    R|0001|
|  1|LOAD   |00001000|00001000|00001000|00001f48|00001f48|   XR|1000|
|  2|LOAD   |00003000|00020000|00020000|000002f6|000002f6|    R|1000|
|  3|LOAD   |00004000|00021000|00021000|00000060|00003000|   WR|1000|
|  4|LOOS   |00000000|00000000|00000000|00000000|00000000|   WR|0010|
=================================================================================
Section Headers:
|No.|          Name   |      Type   |Flag| Address| Offset |  Size  |Link|Info|Align|ESize|
============================================================================================
|  0|                 |NULL         |    |00000000|00000000|00000000|   0|   0|    0|    0|
|  1|.text            |PROGBITS     |AX  |00001000|00001000|00000044|   0|   0|    1|    0|
|  2|.text            |PROGBITS     |AX  |00001044|00001044|00001f04|   0|   0|    4|    0|
|  3|.rodata          |PROGBITS     |A   |00020000|00003000|000002f6|   0|   0|    4|    0|
|  4|.data            |PROGBITS     |WA  |00021000|00004000|0000003b|   0|   0|    4|    0|
|  5|.sdata           |PROGBITS     |WA  |0002103c|0000403c|0000001c|   0|   0|    4|    0|
|  6|.init_array      |INIT_ARRAY   |WA  |00021058|00004058|00000004|   0|   0|    4|    4|
|  7|.fini_array      |FINI_ARRAY   |WA  |0002105c|0000405c|00000004|   0|   0|    4|    4|
|  8|.bss             |NOBITS       |WA  |00021060|00004060|00000a98|   0|   0|    4|    0|
|  9|.stack           |NOBITS       |WA  |00022000|00004060|00002000|   0|   0|    1|    0|
| 10|.riscv.attributes|LOPROC       |    |00000000|00004060|00000059|   0|   0|    1|    0|
| 11|.symtab          |SYMTAB       |    |00000000|000040bc|00000780|  12|  34|    4|   16|
| 12|.strtab          |STRTAB       |    |00000000|0000483c|00000503|   0|   0|    1|    0|
| 13|.shstrtab        |STRTAB       |    |00000000|00004d3f|0000006c|   0|   0|    1|    0|
============================================================================================
Symbol Table (.symtab):
|No.|                                                            Name   | Address|  Size  | Bind |  Type |    Vis  |Section...
===============================================================================================================================
|  0|                                                                   |00000000|00000000|LOCAL |NOTYPE |DEFAULT  |(UNDEF)
|  1|                                                                   |00001000|00000000|LOCAL |SECTION|DEFAULT  |(.text)
|  2|                                                                   |00001044|00000000|LOCAL |SECTION|DEFAULT  |(.text)
|  3|                                                                   |00020000|00000000|LOCAL |SECTION|DEFAULT  |(.rodata)
|  4|                                                                   |00021000|00000000|LOCAL |SECTION|DEFAULT  |(.data)
|  5|                                                                   |0002103c|00000000|LOCAL |SECTION|DEFAULT  |(.sdata)
|  6|                                                                   |00021058|00000000|LOCAL |SECTION|DEFAULT  |(.init_array)
|  7|                                                                   |0002105c|00000000|LOCAL |SECTION|DEFAULT  |(.fini_array)
|  8|                                                                   |00021060|00000000|LOCAL |SECTION|DEFAULT  |(.bss)
|  9|                                                                   |00022000|00000000|LOCAL |SECTION|DEFAULT  |(.stack)
| 10|                                                                   |00000000|00000000|LOCAL |SECTION|DEFAULT  |(.riscv.attributes)
| 11|cc6sqChF.o                                                         |00000000|00000000|LOCAL |FILE   |DEFAULT  |(ABS)
| 12|$xrv32i2p1_m2p0_a2p1_f2p2_d2p2_zicsr2p0_zmmul1p0_zaamo1p0_zalrsc1p0|00001000|00000000|LOCAL |NOTYPE |DEFAULT  |(.text)
| 13|stack_bot                                                          |00024000|00000000|LOCAL |NOTYPE |DEFAULT  |(.stack)
| 14|stack_top                                                          |00022000|00000000|LOCAL |NOTYPE |DEFAULT  |(.stack)
| 15|main.c                                                             |00000000|00000000|LOCAL |FILE   |DEFAULT  |(ABS)
| 16|$xrv32i2p1_m2p0_a2p1_f2p2_d2p2_zicsr2p0_zmmul1p0_zaamo1p0_zalrsc1p0|00001044|00000000|LOCAL |NOTYPE |DEFAULT  |(.text)
| 17|printf.c                                                           |00000000|00000000|LOCAL |FILE   |DEFAULT  |(ABS)
| 18|puthex                                                             |000015ec|000000c8|LOCAL |FUNC   |DEFAULT  |(.text)
| 19|$xrv32i2p1_m2p0_a2p1_f2p2_d2p2_zicsr2p0_zmmul1p0_zaamo1p0_zalrsc1p0|000015ec|00000000|LOCAL |NOTYPE |DEFAULT  |(.text)
| 20|putdec                                                             |000016b4|00000244|LOCAL |FUNC   |DEFAULT  |(.text)
| 21|io.c                                                               |00000000|00000000|LOCAL |FILE   |DEFAULT  |(ABS)
| 22|$xrv32i2p1_m2p0_a2p1_f2p2_d2p2_zicsr2p0_zmmul1p0_zaamo1p0_zalrsc1p0|00001cf8|00000000|LOCAL |NOTYPE |DEFAULT  |(.text)
| 23|UART_CHAN_ID                                                       |00021af4|00000004|LOCAL |OBJECT |DEFAULT  |(.bss)
| 24|critical_section_depth                                             |00021aec|00000004|LOCAL |OBJECT |DEFAULT  |(.bss)
| 25|prv_mstatus                                                        |00021af0|00000004|LOCAL |OBJECT |DEFAULT  |(.bss)
| 26|function.c                                                         |00000000|00000000|LOCAL |FILE   |DEFAULT  |(ABS)
| 27|$xrv32i2p1_m2p0_a2p1_f2p2_d2p2_zicsr2p0_zmmul1p0_zaamo1p0_zalrsc1p0|0000281c|00000000|LOCAL |NOTYPE |DEFAULT  |(.text)
| 28|monitor.c                                                          |00000000|00000000|LOCAL |FILE   |DEFAULT  |(ABS)
| 29|$xrv32i2p1_m2p0_a2p1_f2p2_d2p2_zicsr2p0_zmmul1p0_zaamo1p0_zalrsc1p0|00002bb4|00000000|LOCAL |NOTYPE |DEFAULT  |(.text)
| 30|ccr5SDRn.o                                                         |00000000|00000000|LOCAL |FILE   |DEFAULT  |(ABS)
| 31|$xrv32i2p1_m2p0_a2p1_f2p2_d2p2_zicsr2p0_zmmul1p0_zaamo1p0_zalrsc1p0|00002e2c|00000000|LOCAL |NOTYPE |DEFAULT  |(.text)
| 32|strlen.c                                                           |00000000|00000000|LOCAL |FILE   |DEFAULT  |(ABS)
| 33|$xrv32i2p1_a2p1_zicsr2p0_zaamo1p0_zalrsc1p0                        |00002ebc|00000000|LOCAL |NOTYPE |DEFAULT  |(.text)
| 34|putchar                                                            |0000196c|00000034|GLOBAL|FUNC   |DEFAULT  |(.text)
| 35|io_putch                                                           |00021044|00000004|GLOBAL|OBJECT |DEFAULT  |(.sdata)
| 36|_io_fini                                                           |00001efc|00000018|GLOBAL|FUNC   |DEFAULT  |(.text)
| 37|print_initgame                                                     |00001228|00000044|GLOBAL|FUNC   |DEFAULT  |(.text)
| 38|printf                                                             |000019a0|00000358|GLOBAL|FUNC   |DEFAULT  |(.text)
| 39|print_gameover                                                     |000011cc|0000005c|GLOBAL|FUNC   |DEFAULT  |(.text)
| 40|flush_UART                                                         |00001e98|00000064|GLOBAL|FUNC   |DEFAULT  |(.text)
| 41|mtime_to_microsec                                                  |00002764|00000018|GLOBAL|FUNC   |DEFAULT  |(.text)
| 42|_etext                                                             |00021000|00000000|GLOBAL|NOTYPE |DEFAULT  |(.data)
| 43|enable_BUTTON_interrupt                                            |00001f58|00000034|GLOBAL|FUNC   |DEFAULT  |(.text)
| 44|UARTintr_handler                                                   |0000206c|00000128|GLOBAL|FUNC   |DEFAULT  |(.text)
| 45|puts                                                               |00001940|0000002c|GLOBAL|FUNC   |DEFAULT  |(.text)
| 46|__fini_array_end                                                   |00021060|00000000|GLOBAL|NOTYPE |DEFAULT  |(.fini_array)
| 47|start_profiler                                                     |00002798|00000024|GLOBAL|FUNC   |DEFAULT  |(.text)
| 48|MEM_START                                                          |00001000|00000000|GLOBAL|NOTYPE |DEFAULT  |(ABS)
| 49|UARTBuf_consume_new_line                                           |00002718|00000034|GLOBAL|FUNC   |DEFAULT  |(.text)
| 50|blockinit                                                          |0000281c|00000074|GLOBAL|FUNC   |DEFAULT  |(.text)
| 51|UARTBuf_reset_all                                                  |00001f14|00000044|GLOBAL|FUNC   |DEFAULT  |(.text)
| 52|gprof                                                              |00021acc|0000000c|GLOBAL|OBJECT |DEFAULT  |(.bss)
| 53|timer_interrupt_hook                                               |00021ae4|00000004|GLOBAL|OBJECT |DEFAULT  |(.bss)
| 54|init_buffer                                                        |00002bb4|00000028|GLOBAL|FUNC   |DEFAULT  |(.text)
| 55|UARTBuf_reset                                                      |00001d90|0000001c|GLOBAL|FUNC   |DEFAULT  |(.text)
| 56|blocks                                                             |00021380|00000640|GLOBAL|OBJECT |DEFAULT  |(.bss)
| 57|UARTBuf_read                                                       |00001e18|00000058|GLOBAL|FUNC   |DEFAULT  |(.text)
| 58|monitor_mode                                                       |00021adc|00000004|GLOBAL|OBJECT |DEFAULT  |(.bss)
| 59|enable_UART_interrupt                                              |00001f8c|00000068|GLOBAL|FUNC   |DEFAULT  |(.text)
| 60|end_profiler                                                       |000027bc|00000060|GLOBAL|FUNC   |DEFAULT  |(.text)
| 61|print_buffer                                                       |00001048|000000c8|GLOBAL|FUNC   |DEFAULT  |(.text)
| 62|mod                                                                |00002ba4|00000010|GLOBAL|FUNC   |DEFAULT  |(.text)
| 63|convert_unsigned_hex_str                                           |00002418|00000070|GLOBAL|FUNC   |DEFAULT  |(.text)
| 64|end                                                                |00021ae0|00000004|GLOBAL|OBJECT |DEFAULT  |(.bss)
| 65|mhandler                                                           |000021f4|00000080|GLOBAL|FUNC   |DEFAULT  |(.text)
| 66|draw_block                                                         |00002ca4|000000b4|GLOBAL|FUNC   |DEFAULT  |(.text)
| 67|_start                                                             |00001000|00000000|GLOBAL|NOTYPE |DEFAULT  |(.text)
| 68|buffer                                                             |00021060|00000320|GLOBAL|OBJECT |DEFAULT  |(.bss)
| 69|_io_init                                                           |00001d60|00000020|GLOBAL|FUNC   |DEFAULT  |(.text)
| 70|mtimer_interval                                                    |00021ae8|00000004|GLOBAL|OBJECT |DEFAULT  |(.bss)
| 71|disable_UART_interrupt                                             |00001ff4|00000078|GLOBAL|FUNC   |DEFAULT  |(.text)
| 72|print_escapemode                                                   |0000126c|00000044|GLOBAL|FUNC   |DEFAULT  |(.text)
| 73|enable_timer_interrupt                                             |0000277c|0000001c|GLOBAL|FUNC   |DEFAULT  |(.text)
| 74|_UARTBuf_getch                                                     |000026a4|00000074|GLOBAL|FUNC   |DEFAULT  |(.text)
| 75|_mhandler                                                          |00002e2c|00000000|GLOBAL|NOTYPE |DEFAULT  |(.text)
| 76|ext_intr_handler                                                   |00002194|00000060|GLOBAL|FUNC   |DEFAULT  |(.text)
| 77|seed                                                               |0002103c|00000004|GLOBAL|OBJECT |DEFAULT  |(.sdata)
| 78|UARTBuf_read_last                                                  |00001e70|00000028|GLOBAL|FUNC   |DEFAULT  |(.text)
| 79|set_gpio_string                                                    |00002274|00000014|GLOBAL|FUNC   |DEFAULT  |(.text)
| 80|__fini_array_start                                                 |0002105c|00000000|GLOBAL|NOTYPE |DEFAULT  |(.fini_array)
| 81|enter_critical_section                                             |00002580|00000044|GLOBAL|FUNC   |DEFAULT  |(.text)
| 82|convert_char_seg7                                                  |00002288|00000174|GLOBAL|FUNC   |DEFAULT  |(.text)
| 83|_io_putch                                                          |00001cf8|00000030|GLOBAL|FUNC   |DEFAULT  |(.text)
| 84|__bss_start                                                        |00021060|00000000|GLOBAL|NOTYPE |DEFAULT  |(.bss)
| 85|main                                                               |000012b0|0000033c|GLOBAL|FUNC   |DEFAULT  |(.text)
| 86|moveBall                                                           |00002928|0000007c|GLOBAL|FUNC   |DEFAULT  |(.text)
| 87|set_gpio_error                                                     |00002488|000000f8|GLOBAL|FUNC   |DEFAULT  |(.text)
| 88|__init_array_end                                                   |0002105c|00000000|GLOBAL|NOTYPE |DEFAULT  |(.init_array)
| 89|timer_hook                                                         |00001110|0000001c|GLOBAL|FUNC   |DEFAULT  |(.text)
| 90|io_getch                                                           |00021040|00000004|GLOBAL|OBJECT |DEFAULT  |(.sdata)
| 91|moveBar                                                            |00002890|00000098|GLOBAL|FUNC   |DEFAULT  |(.text)
| 92|isCollideBar                                                       |000029a4|00000060|GLOBAL|FUNC   |DEFAULT  |(.text)
| 93|UART_BUF_RX                                                        |00021a54|00000078|GLOBAL|OBJECT |DEFAULT  |(.bss)
| 94|_uart                                                              |00021048|00000008|GLOBAL|OBJECT |DEFAULT  |(.sdata)
| 95|sysctrl                                                            |00021054|00000004|GLOBAL|OBJECT |DEFAULT  |(.sdata)
| 96|UART_BUF_TX                                                        |000219dc|00000078|GLOBAL|OBJECT |DEFAULT  |(.bss)
| 97|ball                                                               |000219c0|0000001c|GLOBAL|OBJECT |DEFAULT  |(.bss)
| 98|_UARTBuf_putch                                                     |00002604|000000a0|GLOBAL|FUNC   |DEFAULT  |(.text)
| 99|set_mtimer_interval                                                |0000274c|00000018|GLOBAL|FUNC   |DEFAULT  |(.text)
|100|gpio                                                               |00021050|00000004|GLOBAL|OBJECT |DEFAULT  |(.sdata)
|101|_edata                                                             |00021060|00000000|GLOBAL|NOTYPE |DEFAULT  |(.bss)
|102|update_buffer                                                      |00002d58|000000d4|GLOBAL|FUNC   |DEFAULT  |(.text)
|103|_end                                                               |00022000|00000000|GLOBAL|NOTYPE |DEFAULT  |(.bss)
|104|terminated                                                         |00021ad8|00000004|GLOBAL|OBJECT |DEFAULT  |(.bss)
|105|DATA_START                                                         |00020000|00000000|GLOBAL|NOTYPE |DEFAULT  |(ABS)
|106|__init_array_start                                                 |00021058|00000000|GLOBAL|NOTYPE |DEFAULT  |(.init_array)
|107|draw                                                               |00002bdc|000000c8|GLOBAL|FUNC   |DEFAULT  |(.text)
|108|print_moji                                                         |0000112c|000000a0|GLOBAL|FUNC   |DEFAULT  |(.text)
|109|bar                                                                |00021000|00000010|GLOBAL|OBJECT |DEFAULT  |(.data)
|110|isCollideBlock                                                     |00002a04|000001a0|GLOBAL|FUNC   |DEFAULT  |(.text)
|111|strlen                                                             |00002ebc|0000008c|GLOBAL|FUNC   |DEFAULT  |(.text)
|112|set_uart_ID                                                        |00001d80|00000010|GLOBAL|FUNC   |DEFAULT  |(.text)
|113|nop                                                                |00001044|00000004|GLOBAL|FUNC   |DEFAULT  |(.text)
|114|putline                                                            |000018f8|00000048|GLOBAL|FUNC   |DEFAULT  |(.text)
|115|_io_getch                                                          |00001d28|00000038|GLOBAL|FUNC   |DEFAULT  |(.text)
|116|convert_hex_char                                                   |000023fc|0000001c|GLOBAL|FUNC   |DEFAULT  |(.text)
|117|UARTBuf_write                                                      |00001dc8|00000050|GLOBAL|FUNC   |DEFAULT  |(.text)
|118|leave_critical_section                                             |000025c4|00000040|GLOBAL|FUNC   |DEFAULT  |(.text)
|119|UARTBuf_buffered_size                                              |00001dac|0000001c|GLOBAL|FUNC   |DEFAULT  |(.text)
===============================================================================================================================
-------------------------------------------------------
Image(Section:       .text) : addr(00001000 - 00001044) [  AX]
00001000:|17 31 02 00|13 01 01 00|97 02 02 00|93 82 82 05|17 13 02 00|13 03 03 ff|63 88 62 00|23 a0 02 00
00001020:|93 82 42 00|e3 9c 62 fe|ef 00 d0 7c|ef 00 50 53|ef 00 90 72|ef 00 c0 27|ef 00 50 6c|73 00 50 10
00001040:|6f f0 1f fc|-- -- -- --|-- -- -- --|-- -- -- --|-- -- -- --|-- -- -- --|-- -- -- --|-- -- -- --
-------------------------------------------------------
Image(Section:       .text) : addr(00001044 - 00002f48) [  AX]
00001040:|-- -- -- --|67 80 00 00|13 01 01 fe|23 2e 11 00|23 2c 81 00|23 2a 91 00|23 28 21 01|23 26 31 01
00001060:|23 24 41 01|23 22 51 01|63 00 05 08|37 05 02 00|13 05 45 1c|ef 00 d0 12|b7 19 02 00|93 89 09 06
00001080:|93 84 09 32|b7 0a 02 00|37 19 02 00|13 0a a0 00|13 85 ca 1c|ef 00 d0 10|13 84 84 fd|83 27 49 04
000010a0:|03 45 04 00|e7 80 07 00|13 04 14 00|e3 18 94 fe|83 27 49 04|13 05 0a 00|e7 80 07 00|93 84 84 fd
000010c0:|e3 98 34 fd|83 20 c1 01|03 24 81 01|83 24 41 01|03 29 01 01|83 29 c1 00|03 2a 81 00|83 2a 41 00
000010e0:|13 01 01 02|67 80 00 00|b7 16 02 00|93 85 06 06|93 86 06 06|37 16 02 00|13 06 06 00|93 85 05 32
00001100:|37 25 02 00|13 05 05 9c|ef 10 10 45|6f f0 1f f6|13 01 01 ff|23 26 11 00|13 05 00 00|ef f0 df f2
00001120:|83 20 c1 00|13 01 01 01|67 80 00 00|13 01 01 ff|23 26 11 00|23 24 81 00|23 22 91 00|23 20 21 01
00001140:|13 04 05 00|93 84 05 00|13 09 06 00|63 88 06 06|13 05 04 00|ef 10 90 56|63 56 a0 04|93 07 04 00
00001160:|13 57 f5 01|33 07 a7 00|13 57 17 40|b3 85 e4 40|13 17 29 00|33 06 27 01|13 16 36 00|b3 85 c5 00
00001180:|37 17 02 00|13 07 07 06|33 07 b7 00|33 05 a4 00|83 c6 07 00|23 00 d7 00|93 87 17 00|13 07 17 00
000011a0:|e3 98 a7 fe|83 20 c1 00|03 24 81 00|83 24 41 00|03 29 01 00|13 01 01 01|67 80 00 00|37 15 02 00
000011c0:|13 05 05 06|ef 10 10 1f|6f f0 9f f8|13 01 01 ff|23 26 11 00|93 06 00 00|13 06 a0 00|93 05 40 01
000011e0:|37 05 02 00|13 05 45 1d|ef f0 5f f4|93 06 10 00|13 06 90 00|93 05 40 01|37 05 02 00|13 05 05 1e
00001200:|ef f0 df f2|93 06 10 00|13 06 80 00|93 05 40 01|37 05 02 00|13 05 c5 1f|ef f0 5f f1|83 20 c1 00
00001220:|13 01 01 01|67 80 00 00|13 01 01 ff|23 26 11 00|93 06 00 00|13 06 a0 00|93 05 40 01|37 05 02 00
00001240:|13 05 85 21|ef f0 9f ee|93 06 10 00|13 06 90 00|93 05 40 01|37 05 02 00|13 05 45 23|ef f0 1f ed
00001260:|83 20 c1 00|13 01 01 01|67 80 00 00|13 01 01 ff|23 26 11 00|93 06 10 00|13 06 a0 00|93 05 40 01
00001280:|37 05 02 00|13 05 c5 24|ef f0 5f ea|93 06 10 00|13 06 90 00|93 05 40 01|37 05 02 00|13 05 85 25
000012a0:|ef f0 df e8|83 20 c1 00|13 01 01 01|67 80 00 00|b7 27 02 00|83 a7 87 ad|63 90 07 32|13 01 01 fc
000012c0:|23 2e 11 02|23 2c 81 02|23 2a 91 02|23 28 21 03|23 26 31 03|23 24 41 03|23 22 51 03|23 20 61 03
000012e0:|23 2e 71 01|23 2c 81 01|23 2a 91 01|23 28 a1 01|23 26 b1 01|93 04 20 00|b7 1d 02 00|93 8d 0d 06
00001300:|b7 2a 02 00|37 1d 00 00|13 0d 0d 11|37 24 02 00|6f 00 c0 0c|83 27 c4 ad|63 86 07 06|63 86 37 19
00001320:|63 82 97 02|63 86 47 23|b7 27 02 00|83 a7 07 ae|63 90 07 0a|93 07 09 06|83 a7 87 97|e3 8c 07 fc
00001340:|23 2e 94 ac|b7 17 00 00|93 87 47 04|23 a2 fa ae|ef f0 df e7|13 05 10 00|ef f0 1f cf|b7 1b 02 00
00001360:|13 0b a0 01|13 0c a0 00|83 a7 0b 04|e7 80 07 00|63 06 65 1b|e3 1a 85 ff|93 07 10 00|23 2e f4 ac
00001380:|6f 00 40 04|b7 17 00 00|93 87 47 04|23 a2 fa ae|ef f0 9f e9|13 05 10 00|ef f0 1f cb|b7 19 02 00
000013a0:|13 09 00 02|83 a7 09 04|e7 80 07 00|e3 0c 25 ff|93 07 10 00|23 2e f4 ac|37 05 02 00|13 05 85 28
000013c0:|ef 00 00 58|b7 27 02 00|13 07 10 00|23 a0 e7 ae|b7 27 02 00|83 a7 87 ad|63 9a 07 1a|37 2a 02 00
000013e0:|23 20 0a ae|b7 19 02 00|83 a5 c9 03|37 05 02 00|13 05 c5 27|ef 00 c0 5a|37 29 02 00|13 09 09 06
00001400:|93 07 30 00|23 24 f9 96|23 26 f9 96|93 05 50 02|03 a5 c9 03|ef 10 00 79|13 05 15 00|23 20 a9 96
00001420:|83 27 c9 96|93 05 e0 00|b3 85 f5 40|03 a5 c9 03|ef 10 40 77|13 05 15 00|23 22 a9 96|93 85 04 00
00001440:|03 a5 c9 03|ef 10 00 76|13 05 15 00|23 28 a9 96|93 85 04 00|03 a5 c9 03|ef 10 c0 74|13 05 15 00
00001460:|23 2a a9 96|23 2c 09 96|13 85 0d 00|ef 10 80 74|b7 17 02 00|13 85 07 38|ef 10 40 3a|13 05 c0 12
00001480:|ef 10 c0 2c|23 a2 aa af|ef 10 40 2f|83 27 0a ae|e3 90 07 f4|37 29 02 00|93 09 10 00|13 0a 30 00
000014a0:|b7 1c 02 00|6f f0 1f e9|83 a7 0c 04|e7 80 07 00|93 07 a0 01|63 0c f5 00|93 07 b0 01|63 12 f5 04
000014c0:|93 07 30 00|23 2e f4 ac|6f 00 c0 01|b7 27 02 00|13 07 10 00|23 a0 e7 ae|b7 17 00 00|93 87 47 04
000014e0:|23 a2 fa ae|37 1b 02 00|03 25 cb 03|93 05 80 3e|13 05 15 00|ef 10 00 6b|23 2e ab 02|6f f0 df e2
00001500:|13 06 05 00|b7 25 02 00|93 85 05 9c|37 15 02 00|13 05 05 00|ef 10 c0 37|6f f0 df fc|13 0b 10 00
00001520:|b7 27 02 00|23 a0 67 af|b7 27 02 00|23 ac 67 ad|37 05 02 00|13 05 85 29|ef 00 80 40|13 85 0d 00
00001540:|ef 10 40 67|13 05 0b 00|ef f0 1f b0|6f f0 df dd|b7 17 00 00|93 87 47 04|23 a2 fa ae|ef f0 1f d1
00001560:|13 05 10 00|ef f0 5f ae|b7 1b 02 00|13 0b 00 02|83 a7 0b 04|e7 80 07 00|e3 0c 65 ff|23 a2 aa af
00001580:|93 07 10 00|23 2e f4 ac|6f f0 1f da|13 07 10 00|63 82 e7 04|13 05 00 00|83 20 c1 03|03 24 81 03
000015a0:|83 24 41 03|03 29 01 03|83 29 c1 02|03 2a 81 02|83 2a 41 02|03 2b 01 02|83 2b c1 01|03 2c 81 01
000015c0:|83 2c 41 01|03 2d 01 01|83 2d c1 00|13 01 01 04|67 80 00 00|6f 00 00 00|13 07 10 00|63 86 e7 00
000015e0:|13 05 00 00|67 80 00 00|6f 00 00 00|13 01 01 fe|23 2e 11 00|23 2a 91 00|23 26 31 01|93 09 05 00
00001600:|93 04 06 00|63 98 05 06|63 82 05 06|23 2c 81 00|23 28 21 01|13 84 f6 ff|37 19 02 00|63 5c 80 06
00001620:|83 27 49 04|13 85 04 00|e7 80 07 00|13 04 f4 ff|e3 18 04 fe|03 24 81 01|03 29 01 01|13 f5 f9 00
00001640:|93 07 90 00|63 ee a7 04|b7 17 02 00|83 a7 47 04|13 05 05 03|e7 80 07 00|83 20 c1 01|83 24 41 01
00001660:|83 29 c1 00|13 01 01 02|67 80 00 00|93 07 f0 00|e3 fe a7 f8|93 97 c5 01|13 d5 49 00|93 86 f6 ff
00001680:|13 86 04 00|33 e5 a7 00|93 d5 45 00|ef f0 1f f6|6f f0 df fa|03 24 81 01|03 29 01 01|6f f0 1f fa
000016a0:|b7 17 02 00|83 a7 47 04|13 05 75 05|e7 80 07 00|6f f0 9f fa|13 01 01 fe|23 2e 11 00|23 2c 81 00
000016c0:|23 28 21 01|23 26 31 01|23 24 41 01|13 04 05 00|13 89 05 00|13 0a 06 00|93 89 06 00|63 48 b0 04
000016e0:|63 82 05 04|23 2a 91 00|23 22 51 01|93 04 f7 ff|b7 1a 02 00|63 5c 90 00|83 a7 4a 04|13 85 09 00
00001700:|e7 80 07 00|93 84 f4 ff|e3 98 04 fe|63 0e 0a 0e|93 07 00 02|63 8c f9 0c|83 24 41 01|83 2a 41 00
00001720:|6f 00 00 0f|93 07 90 00|e3 fe a7 fa|93 55 f9 41|13 f8 35 00|37 06 00 10|13 06 f6 ff|b3 77 c4 00
00001740:|13 15 49 00|93 56 c4 01|b3 66 d5 00|b3 f6 c6 00|b3 87 d7 00|93 56 89 01|b3 87 d7 00|b3 87 07 01
00001760:|37 d6 cc cc|13 06 d6 cc|b3 b6 c7 02|13 d5 26 00|93 f6 c6 ff|b3 86 a6 00|b3 87 d7 40|93 f5 c5 ff
00001780:|b3 87 b7 00|93 d6 f7 41|b3 07 f4 40|b3 35 f4 00|b3 06 d9 40|b3 86 b6 40|b3 86 c6 02|b7 d5 cc cc
000017a0:|93 85 c5 cc|b3 85 b7 02|b3 86 b6 00|33 85 c7 02|b3 b7 c7 02|b3 87 f6 00|93 d5 f7 01|b3 86 a5 00
000017c0:|b3 b5 b6 00|b3 85 f5 00|93 97 f5 01|13 d5 16 00|13 07 f7 ff|93 86 09 00|13 06 0a 00|33 e5 a7 00
000017e0:|93 d5 15 40|ef f0 1f ed|6f 00 80 02|b7 17 02 00|83 a7 47 04|13 05 d0 02|e7 80 07 00|83 24 41 01
00001800:|83 2a 41 00|6f 00 c0 00|83 24 41 01|83 2a 41 00|93 56 f9 41|93 f5 36 00|37 06 00 10|13 06 f6 ff
00001820:|b3 77 c4 00|13 15 49 00|13 57 c4 01|33 67 e5 00|33 77 c7 00|b3 87 e7 00|13 57 89 01|b3 87 e7 00
00001840:|b3 87 b7 00|37 d6 cc cc|13 06 d6 cc|33 b7 c7 02|93 55 27 00|13 77 c7 ff|33 07 b7 00|b3 87 e7 40
00001860:|93 f6 c6 ff|b3 87 d7 00|13 d7 f7 41|b3 07 f4 40|b3 36 f4 00|33 07 e9 40|33 07 d7 40|33 07 c7 02
00001880:|b7 d6 cc cc|93 86 c6 cc|b3 86 d7 02|33 07 d7 00|b3 86 c7 02|b3 b7 c7 02|b3 07 f7 00|13 d6 f7 01
000018a0:|33 07 d6 00|33 36 c7 00|33 06 f6 00|13 16 f6 01|93 57 17 00|b3 67 f6 00|13 97 27 00|b3 07 f7 00
000018c0:|93 97 17 00|33 05 f4 40|13 05 05 03|b7 17 02 00|83 a7 47 04|13 75 f5 0f|e7 80 07 00|83 20 c1 01
000018e0:|03 24 81 01|03 29 01 01|83 29 c1 00|03 2a 81 00|13 01 01 02|67 80 00 00|13 01 01 ff|23 26 11 00
00001900:|23 24 81 00|13 04 15 00|03 45 05 00|63 02 05 02|23 22 91 00|b7 14 02 00|83 a7 44 04|e7 80 07 00
00001920:|13 04 14 00|03 45 f4 ff|e3 18 05 fe|83 24 41 00|83 20 c1 00|03 24 81 00|13 01 01 01|67 80 00 00
00001940:|13 01 01 ff|23 26 11 00|ef f0 1f fb|b7 17 02 00|83 a7 47 04|13 05 a0 00|e7 80 07 00|13 05 10 00
00001960:|83 20 c1 00|13 01 01 01|67 80 00 00|13 01 01 ff|23 26 11 00|23 24 81 00|13 04 05 00|b7 17 02 00
00001980:|83 a7 47 04|13 75 f5 0f|e7 80 07 00|13 05 04 00|83 20 c1 00|03 24 81 00|13 01 01 01|67 80 00 00
000019a0:|13 01 01 f8|23 2e 11 04|23 2c 81 04|13 04 05 00|23 22 b1 06|23 24 c1 06|23 26 d1 06|23 28 e1 06
000019c0:|23 2a f1 06|23 2c 01 07|23 2e 11 07|93 07 41 06|23 2e f1 00|03 45 05 00|63 06 05 30|23 2a 91 04
000019e0:|23 28 21 05|23 26 31 05|23 24 41 05|23 22 51 05|23 20 61 05|23 2e 71 03|23 2c 81 03|23 28 a1 03
00001a00:|13 0a 00 00|93 09 00 02|23 26 01 00|93 0b 00 00|93 04 00 00|13 0b 50 02|37 1c 02 00|13 0d 00 03
00001a20:|93 0a 90 03|13 09 50 01|6f 00 40 21|93 07 f0 02|63 f0 a7 02|93 17 2a 00|b3 87 47 01|93 97 17 00
00001a40:|b3 87 a7 00|13 8a 07 fd|93 07 04 00|6f 00 40 1e|93 07 04 00|6f 00 c0 1d|03 47 14 00|93 07 c0 06
00001a60:|63 08 f7 00|93 8b 04 00|93 07 04 00|6f 00 40 1c|93 07 14 00|23 26 91 00|6f 00 80 1b|b7 1b 02 00
00001a80:|83 a7 4b 04|13 05 00 03|e7 80 07 00|83 a7 4b 04|13 05 80 07|e7 80 07 00|83 27 c1 01|13 87 47 00
00001aa0:|23 2e e1 00|03 a5 07 00|93 05 00 00|93 8b 04 00|93 06 0a 00|13 86 09 00|ef f0 5f b3|93 07 04 00
00001ac0:|93 04 00 00|6f 00 c0 16|e3 98 0b fc|83 27 c1 00|63 82 07 02|83 27 c1 01|93 87 77 00|93 f7 87 ff
00001ae0:|13 87 87 00|23 2e e1 00|03 a5 07 00|83 a5 47 00|6f f0 1f fc|83 27 c1 01|13 87 47 00|23 2e e1 00
00001b00:|03 a5 07 00|93 05 00 00|83 2b c1 00|6f f0 5f fa|23 2a 91 03|23 26 b1 03|63 86 0b 04|83 27 c1 01
00001b20:|13 87 47 00|23 2e e1 00|83 ad 07 00|93 dc fd 41|63 ca 0c 06|93 04 00 00|13 07 0a 00|93 86 09 00
00001b40:|13 86 04 00|13 85 0d 00|93 85 0c 00|ef f0 9f b6|93 07 04 00|93 04 00 00|83 2c 41 03|83 2d c1 02
00001b60:|6f 00 00 0d|83 27 c1 00|63 82 07 02|83 27 c1 01|93 87 77 00|93 f7 87 ff|13 87 87 00|23 2e e1 00
00001b80:|83 ad 07 00|83 ac 47 00|6f f0 9f fa|83 27 c1 01|13 87 47 00|23 2e e1 00|83 ad 07 00|93 dc fd 41
00001ba0:|6f f0 1f f9|93 07 00 03|63 8e f9 00|b3 37 b0 01|b3 0c 90 41|b3 8c fc 40|b3 0d b0 41|13 0a fa ff
00001bc0:|6f f0 9f f7|b7 17 02 00|83 a7 47 04|13 05 d0 02|e7 80 07 00|6f f0 9f fd|83 27 c1 01|13 87 47 00
00001be0:|23 2e e1 00|03 a5 07 00|ef f0 1f d1|93 07 04 00|93 04 00 00|6f 00 c0 03|b7 17 02 00|03 a7 47 04
00001c00:|83 27 c1 01|93 86 47 00|23 2e d1 00|03 c5 07 00|e7 00 07 00|93 07 04 00|93 04 00 00|6f 00 40 01
00001c20:|63 0a 65 05|83 27 4c 04|e7 80 07 00|93 07 04 00|13 84 17 00|03 c5 17 00|63 04 05 08|e3 82 04 fe
00001c40:|e3 f6 aa de|93 07 d5 f9|93 f7 f7 0f|63 66 f9 06|13 05 d5 f9|93 77 f5 0f|63 6c f9 04|13 95 27 00
00001c60:|b7 07 02 00|93 87 07 00|33 05 f5 00|83 27 05 00|67 80 07 00|83 49 14 00|63 80 a9 03|13 8a 04 00
00001c80:|23 26 91 00|93 8b 04 00|93 07 04 00|93 09 00 02|93 04 10 00|6f f0 df f9|93 07 14 00|13 8a 04 00
00001ca0:|23 26 91 00|93 8b 04 00|93 04 10 00|6f f0 5f f8|93 07 04 00|6f f0 df f7|93 07 04 00|6f f0 5f f7
00001cc0:|83 24 41 05|03 29 01 05|83 29 c1 04|03 2a 81 04|83 2a 41 04|03 2b 01 04|83 2b c1 03|03 2c 81 03
00001ce0:|03 2d 01 03|13 05 00 00|83 20 c1 05|03 24 81 05|13 01 01 08|67 80 00 00|b7 17 02 00|37 27 02 00
00001d00:|03 27 47 af|13 17 27 00|93 87 87 04|b3 87 e7 00|03 a7 07 00|83 27 47 00|93 f7 17 00|e3 9c 07 fe
00001d20:|23 00 a7 00|67 80 00 00|b7 17 02 00|37 27 02 00|03 27 47 af|13 17 27 00|93 87 87 04|b3 87 e7 00
00001d40:|03 a7 07 00|83 27 47 00|93 f7 87 00|13 05 00 02|63 96 07 00|03 45 07 00|13 75 f5 0f|67 80 00 00
00001d60:|b7 17 02 00|93 87 87 04|83 a6 07 00|13 07 f0 06|23 a2 e6 00|83 a7 47 00|23 a2 e7 00|67 80 00 00
00001d80:|33 35 a0 00|b7 27 02 00|23 aa a7 ae|67 80 00 00|23 22 05 00|23 24 05 00|a3 00 05 00|23 00 05 00
00001da0:|23 26 05 00|23 28 05 00|67 80 00 00|83 27 85 00|03 27 45 00|33 85 e7 40|63 44 05 00|67 80 00 00
00001dc0:|13 05 85 02|67 80 00 00|83 47 15 00|63 84 07 00|67 80 00 00|83 27 85 00|b3 07 f5 00|23 8a b7 00
00001de0:|83 26 45 00|83 27 85 00|13 06 70 02|13 07 00 00|63 84 c7 00|13 87 17 00|93 07 10 00|23 00 f5 00
00001e00:|b3 87 e6 40|93 b7 17 00|a3 00 f5 00|23 22 d5 00|23 24 e5 00|67 80 00 00|93 07 05 00|03 47 05 00
00001e20:|13 75 f7 0f|63 14 07 00|67 80 00 00|03 a7 47 00|33 87 e7 00|03 45 47 01|13 75 f5 0f|03 a7 47 00
00001e40:|03 a6 87 00|93 05 70 02|93 06 00 00|63 04 b7 00|93 06 17 00|33 07 d6 40|33 37 e0 00|23 80 e7 00
00001e60:|a3 80 07 00|23 a2 d7 00|23 a4 c7 00|67 80 00 00|83 27 85 00|63 9a 07 00|03 47 05 00|63 08 07 00
00001e80:|93 07 70 02|6f 00 80 00|93 87 f7 ff|33 05 f5 00|03 45 45 01|67 80 00 00|b7 17 02 00|83 a6 87 04
00001ea0:|37 27 02 00|93 07 c7 9d|83 c7 07 00|e3 9c 07 fe|83 a7 46 00|93 f7 27 00|e3 86 07 fe|83 a7 46 00
00001ec0:|93 f7 07 01|e3 90 07 fe|b7 17 02 00|83 a6 c7 04|37 27 02 00|93 07 c7 9d|83 c7 c7 03|e3 9c 07 fe
00001ee0:|83 a7 46 00|93 f7 27 00|e3 86 07 fe|83 a7 46 00|93 f7 07 01|e3 90 07 fe|67 80 00 00|13 01 01 ff
00001f00:|23 26 11 00|ef f0 5f f9|83 20 c1 00|13 01 01 01|67 80 00 00|13 01 01 ff|23 26 11 00|23 24 81 00
00001f20:|37 25 02 00|13 04 c5 9d|13 05 c5 9d|ef f0 5f e6|13 05 c4 03|ef f0 df e5|13 05 84 07|ef f0 5f e5
00001f40:|13 05 44 0b|ef f0 df e4|83 20 c1 00|03 24 81 00|13 01 01 01|67 80 00 00|b7 37 00 00|93 87 c7 e2
00001f60:|73 90 57 30|b7 17 02 00|03 a7 47 05|83 27 87 00|93 e7 c7 07|23 24 f7 00|b7 17 00 00|93 87 07 80
00001f80:|73 a0 47 30|73 60 04 30|67 80 00 00|13 01 01 ff|23 26 11 00|ef f0 1f f8|37 17 02 00|b7 27 00 00
00001fa0:|93 87 47 60|23 22 f7 04|37 17 02 00|b7 27 00 00|93 87 47 6a|23 20 f7 04|b7 17 02 00|03 a7 47 05
00001fc0:|83 27 87 00|93 e7 37 00|23 24 f7 00|b7 17 00 00|93 87 07 80|73 a0 47 30|73 60 04 30|b7 37 00 00
00001fe0:|93 87 c7 e2|73 90 57 30|83 20 c1 00|13 01 01 01|67 80 00 00|13 01 01 ff|23 26 11 00|b7 17 02 00
00002000:|03 a7 87 04|83 27 47 00|93 f7 07 01|e3 9c 07 fe|b7 17 02 00|03 a7 c7 04|83 27 47 00|93 f7 07 01
00002020:|e3 9c 07 fe|37 17 02 00|b7 27 00 00|93 87 87 cf|23 22 f7 04|37 17 02 00|b7 27 00 00|93 87 87 d2
00002040:|23 20 f7 04|b7 17 02 00|03 a7 47 05|83 27 87 00|93 f7 c7 ff|23 24 f7 00|73 70 04 30|ef f0 9f eb
00002060:|83 20 c1 00|13 01 01 01|67 80 00 00|13 01 01 fe|23 2e 11 00|23 2c 81 00|23 2a 91 00|23 28 21 01
00002080:|23 26 31 01|23 24 41 01|23 22 51 01|93 09 05 00|b7 17 02 00|13 17 25 00|93 87 87 04|b3 87 e7 00
000020a0:|83 a4 07 00|93 1a 45 00|b3 8a aa 40|93 9a 2a 00|37 24 02 00|13 04 c4 9d|33 04 54 01|83 47 04 00
000020c0:|63 84 07 02|13 09 04 00|83 a7 44 00|93 f7 17 00|63 9c 07 00|13 05 04 00|ef f0 1f d4|23 80 a4 00
000020e0:|83 47 09 00|e3 92 07 fe|b7 27 02 00|93 87 c7 9d|13 8a 87 07|33 0a 5a 01|13 97 49 00|33 07 37 41
00002100:|13 17 27 00|b3 87 e7 00|83 c7 97 07|63 92 07 06|93 0a a0 01|37 29 02 00|13 09 c9 9d|33 09 e9 00
00002120:|6f 00 40 01|93 07 10 00|23 24 f9 08|83 47 99 07|63 90 07 04|83 a7 44 00|93 f7 87 00|63 9a 07 02
00002140:|03 c4 04 00|13 74 f4 0f|93 05 04 00|13 05 0a 00|ef f0 9f c7|e3 08 54 fd|93 07 a0 00|e3 18 f4 fc
00002160:|83 27 49 08|93 87 17 00|23 22 f9 08|6f f0 1f fc|83 20 c1 01|03 24 81 01|83 24 41 01|03 29 01 01
00002180:|83 29 c1 00|03 2a 81 00|83 2a 41 00|13 01 01 02|67 80 00 00|13 01 01 ff|23 26 11 00|23 24 81 00
000021a0:|b7 17 02 00|83 a7 47 05|03 a4 07 00|93 77 14 00|63 96 07 02|13 74 24 00|63 18 04 02|b7 17 02 00
000021c0:|83 a7 47 05|13 07 f0 07|23 a0 e7 00|83 20 c1 00|03 24 81 00|13 01 01 01|67 80 00 00|13 05 00 00
000021e0:|ef f0 df e8|6f f0 1f fd|13 05 10 00|ef f0 1f e8|6f f0 df fc|f3 27 20 34|63 c4 07 00|67 80 00 00
00002200:|13 01 01 ff|23 26 11 00|93 f7 f7 0f|13 07 70 00|63 8e e7 00|13 07 b0 00|63 94 e7 00|ef f0 9f f7
00002220:|83 20 c1 00|13 01 01 01|67 80 00 00|b7 17 02 00|83 a5 47 05|03 a6 05 01|83 a6 45 01|b7 27 02 00
00002240:|83 a7 87 ae|13 d7 f7 41|33 85 c7 00|b3 37 f5 00|33 07 d7 00|b3 86 e7 00|23 ac a5 00|23 ae d5 00
00002260:|b7 27 02 00|83 a7 47 ae|e3 8c 07 fa|e7 80 07 00|6f f0 1f fb|b7 17 02 00|83 a7 07 05|23 a2 a7 00
00002280:|23 a4 b7 00|67 80 00 00|13 05 05 fe|93 07 a0 05|63 ee a7 14|13 15 25 00|b7 07 02 00|93 87 87 05
000022a0:|33 05 f5 00|83 27 05 00|67 80 07 00|13 05 f0 03|67 80 00 00|13 05 b0 05|67 80 00 00|13 05 f0 04
000022c0:|67 80 00 00|13 05 60 06|67 80 00 00|13 05 d0 06|67 80 00 00|13 05 d0 07|67 80 00 00|13 05 70 02
000022e0:|67 80 00 00|13 05 f0 07|67 80 00 00|13 05 f0 06|67 80 00 00|13 05 70 07|67 80 00 00|13 05 c0 07
00002300:|67 80 00 00|13 05 90 03|67 80 00 00|13 05 e0 05|67 80 00 00|13 05 90 07|67 80 00 00|13 05 10 07
00002320:|67 80 00 00|13 05 d0 03|67 80 00 00|13 05 60 07|67 80 00 00|13 05 40 00|67 80 00 00|13 05 e0 00
00002340:|67 80 00 00|13 05 80 07|67 80 00 00|13 05 80 03|67 80 00 00|13 05 70 03|67 80 00 00|13 05 40 05
00002360:|67 80 00 00|13 05 c0 05|67 80 00 00|13 05 30 07|67 80 00 00|13 05 70 06|67 80 00 00|13 05 00 05
00002380:|67 80 00 00|13 05 d0 0e|67 80 00 00|13 05 00 07|67 80 00 00|13 05 e0 03|67 80 00 00|13 05 c0 01
000023a0:|67 80 00 00|13 05 e0 0b|67 80 00 00|13 05 60 0f|67 80 00 00|13 05 e0 06|67 80 00 00|13 05 b0 0d
000023c0:|67 80 00 00|13 05 00 04|67 80 00 00|13 05 80 00|67 80 00 00|13 05 00 08|67 80 00 00|13 05 00 00
000023e0:|67 80 00 00|13 05 80 04|67 80 00 00|13 05 00 00|67 80 00 00|13 05 60 00|67 80 00 00|13 75 f5 00
00002400:|93 07 90 00|63 c6 a7 00|13 05 05 03|67 80 00 00|13 05 75 05|67 80 00 00|13 01 01 ff|23 26 11 00
00002420:|23 24 81 00|23 22 91 00|23 20 21 01|93 04 05 00|13 55 c5 00|ef f0 9f fc|13 04 05 00|13 d5 84 00
00002440:|ef f0 df fb|13 14 84 01|13 15 05 01|33 64 a4 00|13 d5 44 00|ef f0 9f fa|13 09 05 00|13 85 04 00
00002460:|ef f0 df f9|13 19 89 00|33 65 a4 00|33 65 a9 00|83 20 c1 00|03 24 81 00|83 24 41 00|03 29 01 00
00002480:|13 01 01 01|67 80 00 00|13 01 01 fe|23 2e 11 00|23 2c 81 00|23 2a 91 00|23 28 21 01|23 26 31 01
000024a0:|23 24 41 01|23 22 51 01|23 20 61 01|ef f0 df f6|93 0a 05 00|13 05 50 06|ef f0 1f dd|93 04 05 00
000024c0:|13 05 20 07|ef f0 5f dc|13 04 05 00|93 94 84 01|93 17 05 01|b3 e4 f4 00|13 05 d0 02|ef f0 df da
000024e0:|13 0b 05 00|13 d5 8a 01|ef f0 1f da|13 0a 05 00|13 d5 0a 01|13 75 f5 0f|ef f0 1f d9|93 09 05 00
00002500:|13 d5 8a 00|13 75 f5 0f|ef f0 1f d8|13 09 05 00|13 f5 fa 0f|ef f0 5f d7|93 17 84 00|b3 e7 97 00
00002520:|b3 e7 67 01|93 56 8a 00|13 1a 8a 01|33 67 45 01|b3 e7 d7 00|93 d6 09 01|93 99 09 01|33 67 37 01
00002540:|b3 e7 d7 00|93 55 89 01|13 15 89 00|33 65 a7 00|b3 e5 b7 00|ef f0 1f d2|83 20 c1 01|03 24 81 01
00002560:|83 24 41 01|03 29 01 01|83 29 c1 00|03 2a 81 00|83 2a 41 00|03 2b 01 00|13 01 01 02|67 80 00 00
00002580:|37 27 02 00|83 27 c7 ae|93 86 17 00|23 26 d7 ae|63 9c 07 00|73 27 00 30|b7 27 02 00|23 a8 e7 ae
000025a0:|73 70 04 30|67 80 00 00|13 01 01 ff|23 26 11 00|13 05 00 00|ef f0 5f ed|83 20 c1 00|13 01 01 01
000025c0:|67 80 00 00|37 27 02 00|83 27 c7 ae|93 87 f7 ff|23 26 f7 ae|63 9a 07 00|b7 27 02 00|83 a7 07 af
000025e0:|73 90 07 30|67 80 00 00|13 01 01 ff|23 26 11 00|13 05 10 00|ef f0 5f e9|83 20 c1 00|13 01 01 01
00002600:|67 80 00 00|13 01 01 ff|23 26 11 00|23 24 81 00|23 22 91 00|23 20 21 01|93 04 05 00|b7 27 02 00
00002620:|83 a6 47 af|93 97 46 00|b3 87 d7 40|93 97 27 00|37 24 02 00|13 04 c4 9d|33 04 f4 00|13 07 04 00
00002640:|83 47 17 00|e3 9e 07 fe|b7 17 02 00|93 96 26 00|93 87 87 04|b3 87 d7 00|03 a9 07 00|ef f0 5f f2
00002660:|93 85 04 00|13 05 04 00|ef f0 0f f6|83 27 49 00|93 f7 17 00|63 80 07 02|ef f0 df f4|83 20 c1 00
00002680:|03 24 81 00|83 24 41 00|03 29 01 00|13 01 01 01|67 80 00 00|13 05 04 00|ef f0 0f f8|23 00 a9 00
000026a0:|6f f0 9f fd|13 01 01 ff|23 26 11 00|23 24 81 00|b7 27 02 00|03 a7 47 af|93 17 47 00|b3 87 e7 40
000026c0:|93 97 27 00|37 24 02 00|13 04 44 a5|33 04 f4 00|93 17 47 00|b3 87 e7 40|93 97 27 00|37 27 02 00
000026e0:|13 07 c7 9d|33 07 f7 00|83 47 87 07|e3 8e 07 fe|ef f0 1f e9|13 05 04 00|ef f0 0f f2|13 04 05 00
00002700:|ef f0 5f ec|13 05 04 00|83 20 c1 00|03 24 81 00|13 01 01 01|67 80 00 00|13 01 01 ff|23 26 11 00
00002720:|23 24 81 00|13 04 05 00|ef f0 9f e5|83 27 c4 00|93 87 f7 ff|23 26 f4 00|ef f0 df e8|83 20 c1 00
00002740:|03 24 81 00|13 01 01 01|67 80 00 00|b7 17 00 00|93 87 57 c3|33 05 f5 02|b7 27 02 00|23 a4 a7 ae
00002760:|67 80 00 00|13 15 45 00|b7 87 eb 51|93 87 f7 51|33 35 f5 02|13 55 45 00|67 80 00 00|93 07 00 08
00002780:|73 a0 47 30|73 60 04 30|b7 37 00 00|93 87 c7 e2|73 90 57 30|67 80 00 00|73 27 00 c0|b7 27 02 00
000027a0:|93 87 c7 9d|23 a8 e7 0e|73 27 20 c0|23 ac e7 0e|73 27 10 c0|23 aa e7 0e|67 80 00 00|13 01 01 ff
000027c0:|23 26 11 00|f3 25 00 c0|73 26 20 c0|f3 26 10 c0|b7 27 02 00|93 87 c7 9d|03 a7 47 0f|b3 86 e6 40
000027e0:|93 96 46 00|37 87 eb 51|13 07 f7 51|b3 b6 e6 02|03 a7 87 0f|83 a7 07 0f|93 d6 46 00|33 06 e6 40
00002800:|b3 85 f5 40|37 05 02 00|13 05 c5 2a|ef f0 4f 99|83 20 c1 00|13 01 01 01|67 80 00 00|93 07 05 00
00002820:|13 07 00 00|13 08 e0 00|93 06 10 00|93 05 30 00|13 06 80 02|23 a0 e7 00|23 a2 07 01|23 a4 d7 00
00002840:|23 a6 b7 00|23 a8 d7 00|13 07 17 00|93 87 47 01|e3 12 c7 fe|93 07 05 32|13 07 00 00|13 05 10 01
00002860:|93 06 10 00|93 05 30 00|13 06 80 02|23 a0 e7 00|23 a2 a7 00|23 a4 d7 00|23 a6 b7 00|23 a8 d7 00
00002880:|13 07 17 00|93 87 47 01|e3 12 c7 fe|67 80 00 00|93 07 30 07|63 0e f6 06|63 ee c7 02|93 07 10 06
000028a0:|63 0c f6 04|93 07 40 06|63 14 f6 02|03 27 05 00|83 27 85 00|b3 07 f7 00|93 06 70 02|63 c4 f6 06
000028c0:|83 27 c5 00|b3 87 e7 00|23 20 f5 00|67 80 00 00|67 80 00 00|93 07 70 07|63 1e f6 00|83 27 c5 00
000028e0:|13 07 90 00|63 40 f7 04|93 87 17 00|23 26 f5 00|67 80 00 00|67 80 00 00|83 27 05 00|63 54 f0 02
00002900:|03 27 c5 00|b3 87 e7 40|23 20 f5 00|67 80 00 00|83 27 c5 00|13 07 10 00|63 56 f7 00|93 87 f7 ff
00002920:|23 26 f5 00|67 80 00 00|83 26 05 01|83 27 05 00|b3 87 f6 00|23 20 f5 00|03 26 45 01|03 27 45 00
00002940:|33 07 e6 00|23 22 e5 00|63 ca 07 04|83 25 85 00|b3 87 b7 00|13 08 80 02|63 5a f8 00|b3 07 b8 40
00002960:|23 20 f5 00|b3 06 d0 40|23 28 d5 00|83 27 c5 00|b3 05 f7 00|93 06 40 01|63 d0 b6 02|93 06 00 00
00002980:|63 46 07 00|93 06 40 01|b3 86 f6 40|23 22 d5 00|33 06 c0 40|23 2a c5 00|67 80 00 00|93 07 00 00
000029a0:|6f f0 1f fc|03 28 45 00|83 26 45 01|03 a7 45 00|33 07 07 41|13 d6 f6 41|b3 47 d6 00|b3 87 c7 40
000029c0:|63 e8 e7 02|03 27 05 00|83 a7 05 00|63 d2 e7 02|03 a6 85 00|b3 87 c7 00|63 5c f7 00|b3 06 d0 40
000029e0:|23 2a d5 00|63 58 08 00|23 22 05 00|67 80 00 00|63 44 08 00|67 80 00 00|93 07 10 00|23 2c f5 00
00002a00:|67 80 00 00|13 01 01 fe|23 2e 11 00|23 2c 81 00|23 2a 91 00|23 28 21 01|23 26 31 01|23 24 41 01
00002a20:|23 22 51 01|93 04 05 00|13 84 05 00|93 89 05 64|13 09 10 00|13 0a c0 f9|b7 0a 02 00|6f 00 80 03
00002a40:|63 48 c5 00|b3 0e d0 41|23 aa d4 01|6f 00 00 02|b3 85 d5 40|33 06 16 41|63 de c5 10|33 0e c0 41
00002a60:|23 a8 c4 01|13 85 8a 2d|ef e0 9f f3|13 04 44 01|63 08 34 11|83 27 04 01|e3 9a 27 ff|83 26 84 00
00002a80:|93 d7 f6 01|b3 87 d7 00|93 d7 17 40|03 27 04 00|b3 87 e7 00|03 a6 84 00|13 57 f6 01|33 07 c7 00
00002aa0:|13 57 17 40|83 a5 04 00|33 07 b7 00|b3 86 c6 00|13 d6 f6 01|b3 06 d6 00|93 d5 16 40|b3 86 e7 40
00002ac0:|13 d6 f6 41|b3 46 d6 00|b3 86 c6 40|e3 d0 b6 fa|03 26 c4 00|13 55 f6 01|33 05 c5 00|13 55 15 40
00002ae0:|03 28 44 00|33 05 05 01|83 a8 c4 00|13 d8 f8 01|33 08 18 01|13 58 18 40|03 a3 44 00|33 08 68 00
00002b00:|33 06 16 01|93 58 f6 01|33 86 c8 00|13 56 16 40|b3 08 05 41|13 d3 f8 41|b3 48 13 01|b3 88 68 40
00002b20:|e3 d6 c8 f4|23 28 04 00|03 ae 04 01|83 ae 44 01|33 83 4e 03|33 08 03 01|33 05 05 41|13 58 f5 41
00002b40:|33 45 a8 00|33 05 05 41|33 08 4e 03|33 07 e8 00|b3 87 e7 40|13 d7 f7 41|b3 47 f7 00|b3 87 e7 40
00002b60:|e3 c0 b7 ee|e3 56 c5 ee|33 0e c0 41|23 a8 c4 01|6f f0 df ef|b3 0e d0 41|23 aa d4 01|6f f0 9f ee
00002b80:|83 20 c1 01|03 24 81 01|83 24 41 01|03 29 01 01|83 29 c1 00|03 2a 81 00|83 2a 41 00|13 01 01 02
00002ba0:|67 80 00 00|63 d6 a5 00|33 05 b5 40|e3 ce a5 fe|67 80 00 00|13 07 85 02|13 06 85 34|93 06 00 02
00002bc0:|93 07 87 fd|23 80 d7 00|93 87 17 00|e3 9c e7 fe|13 07 87 02|e3 16 c7 fe|67 80 00 00|b3 67 b5 00
00002be0:|63 c0 07 0c|33 06 c5 00|93 07 80 02|63 ca c7 0a|b3 86 d5 00|93 07 40 01|63 c4 d7 0a|63 56 c5 04
00002c00:|93 98 26 00|b3 88 d8 00|93 98 38 00|93 88 88 fd|b3 08 17 01|b3 87 a8 00|13 98 25 00|33 08 b8 00
00002c20:|13 18 38 00|33 08 a8 00|33 08 07 01|b3 88 c8 00|13 03 d0 02|23 80 67 00|23 00 68 00|93 87 17 00
00002c40:|13 08 18 00|e3 98 17 ff|93 87 15 00|13 88 f6 ff|63 d8 07 05|93 97 25 00|b3 87 b7 00|93 97 37 00
00002c60:|b3 87 a7 00|93 87 87 02|b3 07 f7 00|13 07 87 fd|33 07 a7 00|93 95 26 00|b3 86 d5 00|93 96 36 00
00002c80:|33 07 d7 00|93 05 c0 07|23 80 b7 00|b3 86 a7 40|b3 86 c6 00|a3 8f b6 fe|93 87 87 02|e3 96 e7 fe
00002ca0:|67 80 00 00|33 06 c5 00|63 58 c5 04|13 93 25 00|33 03 b3 00|13 13 33 00|33 03 67 00|33 08 a3 00
00002cc0:|b3 88 d5 00|93 97 28 00|b3 87 17 01|93 97 37 00|93 87 87 fd|b3 87 a7 00|b3 07 f7 00|33 03 c3 00
00002ce0:|93 08 d0 02|23 00 18 01|23 80 17 01|13 08 18 00|93 87 17 00|e3 18 68 fe|b3 86 d5 00|93 87 15 00
00002d00:|13 88 f6 ff|63 d8 07 05|93 85 07 00|93 97 27 00|b3 87 b7 00|93 97 37 00|b3 87 a7 00|b3 07 f7 00
00002d20:|93 05 87 fd|13 97 26 00|33 07 d7 00|13 17 37 00|b3 85 e5 00|b3 85 a5 00|93 06 c0 07|23 80 d7 00
00002d40:|33 87 a7 40|33 07 c7 00|a3 0f d7 fe|93 87 87 02|e3 96 b7 fe|67 80 00 00|13 01 01 fe|23 2e 11 00
00002d60:|23 2c 81 00|23 2a 91 00|23 28 21 01|23 26 31 01|13 04 05 00|93 84 05 00|13 09 06 00|93 89 06 00
00002d80:|ef f0 9f ba|93 05 09 00|13 05 04 00|ef f0 9f c1|93 85 04 00|13 05 04 00|ef f0 df c6|13 85 09 00
00002da0:|ef f0 5f e1|13 87 09 00|93 06 10 00|03 26 89 00|83 25 49 00|03 25 09 00|ef f0 5f e2|13 87 09 00
00002dc0:|83 26 c4 00|03 26 84 00|83 25 44 00|03 25 04 00|ef f0 df e0|13 84 04 00|93 84 04 64|13 09 10 00
00002de0:|6f 00 40 02|13 87 09 00|83 26 c4 00|03 26 84 00|83 25 44 00|03 25 04 00|ef f0 df ea|13 04 44 01
00002e00:|63 08 94 00|83 27 04 01|e3 9a 27 ff|6f f0 9f fd|83 20 c1 01|03 24 81 01|83 24 41 01|03 29 01 01
00002e20:|83 29 c1 00|13 01 01 02|67 80 00 00|13 01 01 fc|23 20 11 00|23 22 51 00|23 24 61 00|23 26 71 00
00002e40:|23 28 a1 00|23 2a b1 00|23 2c c1 00|23 2e d1 00|23 20 e1 02|23 22 f1 02|23 24 01 03|23 26 11 03
00002e60:|23 28 c1 03|23 2a d1 03|23 2c e1 03|23 2e f1 03|ef f0 4f b8|83 20 01 00|83 22 41 00|03 23 81 00
00002e80:|83 23 c1 00|03 25 01 01|83 25 41 01|03 26 81 01|83 26 c1 01|03 27 01 02|83 27 41 02|03 28 81 02
00002ea0:|83 28 c1 02|03 2e 01 03|83 2e 41 03|03 2f 81 03|83 2f c1 03|13 01 01 04|73 00 20 30|93 77 35 00
00002ec0:|13 07 05 00|63 9c 07 04|b7 86 7f 7f|93 86 f6 f7|93 05 f0 ff|03 26 07 00|13 07 47 00|b3 77 d6 00
00002ee0:|b3 87 d7 00|b3 e7 c7 00|b3 e7 d7 00|e3 84 b7 fe|83 46 c7 ff|b3 07 a7 40|63 84 06 04|83 46 d7 ff
00002f00:|63 8c 06 02|03 45 e7 ff|33 35 a0 00|33 05 f5 00|13 05 e5 ff|67 80 00 00|e3 88 06 fa|83 47 07 00
00002f20:|13 07 17 00|93 76 37 00|e3 98 07 fe|33 07 a7 40|13 05 f7 ff|67 80 00 00|13 85 d7 ff|67 80 00 00
00002f40:|13 85 c7 ff|67 80 00 00|-- -- -- --|-- -- -- --|-- -- -- --|-- -- -- --|-- -- -- --|-- -- -- --
-------------------------------------------------------
Image(Section:     .rodata) : addr(00020000 - 000202f6) [   A]
00020000:|f8 1b 00 00|10 1b 00 00|b0 1c 00 00|b0 1c 00 00|b0 1c 00 00|b0 1c 00 00|b0 1c 00 00|b0 1c 00 00
00020020:|b0 1c 00 00|58 1a 00 00|b0 1c 00 00|b0 1c 00 00|b0 1c 00 00|7c 1a 00 00|b0 1c 00 00|b0 1c 00 00
00020040:|d8 1b 00 00|b0 1c 00 00|b0 1c 00 00|b0 1c 00 00|b0 1c 00 00|c8 1a 00 00|dc 23 00 00|ec 23 00 00
00020060:|ec 23 00 00|ec 23 00 00|ec 23 00 00|ec 23 00 00|ec 23 00 00|ec 23 00 00|ec 23 00 00|ec 23 00 00
00020080:|ec 23 00 00|ec 23 00 00|ec 23 00 00|c4 23 00 00|d4 23 00 00|ec 23 00 00|ac 22 00 00|f4 23 00 00
000200a0:|b4 22 00 00|bc 22 00 00|c4 22 00 00|cc 22 00 00|d4 22 00 00|dc 22 00 00|e4 22 00 00|ec 22 00 00
000200c0:|ec 23 00 00|ec 23 00 00|ec 23 00 00|e4 23 00 00|ec 23 00 00|ec 23 00 00|ec 23 00 00|ec 23 00 00
000200e0:|ec 23 00 00|ec 23 00 00|ec 23 00 00|ec 23 00 00|ec 23 00 00|ec 23 00 00|ec 23 00 00|ec 23 00 00
00020100:|ec 23 00 00|ec 23 00 00|ec 23 00 00|ec 23 00 00|ec 23 00 00|ec 23 00 00|ec 23 00 00|ec 23 00 00
00020120:|ec 23 00 00|ec 23 00 00|ec 23 00 00|ec 23 00 00|ec 23 00 00|ec 23 00 00|ec 23 00 00|ec 23 00 00
00020140:|ec 23 00 00|ec 23 00 00|ec 23 00 00|ec 23 00 00|ec 23 00 00|cc 23 00 00|ec 23 00 00|f4 22 00 00
00020160:|fc 22 00 00|04 23 00 00|0c 23 00 00|14 23 00 00|1c 23 00 00|24 23 00 00|2c 23 00 00|34 23 00 00
00020180:|3c 23 00 00|44 23 00 00|4c 23 00 00|54 23 00 00|5c 23 00 00|64 23 00 00|6c 23 00 00|74 23 00 00
000201a0:|7c 23 00 00|84 23 00 00|8c 23 00 00|94 23 00 00|9c 23 00 00|a4 23 00 00|ac 23 00 00|b4 23 00 00
000201c0:|bc 23 00 00|1b 5b 31 3b|31 48 00 00|1b 5b 32 4b|00 00 00 00|47 41 4d 45|20 4f 56 45|52 00 00 00
000201e0:|45 6e 74 65|72 3a 20 63|6f 6e 74 69|6e 75 65 20|74 68 65 20|67 61 6d 65|00 00 00 00|43 74 72 6c
00020200:|2b 5a 3a 20|74 65 72 6d|69 6e 61 74|65 20 74 68|65 20 67 61|6d 65 00 00|54 68 69 73|20 69 73 20
00020220:|61 20 67 61|6d 65 20 6f|66 20 42 72|65 61 6b 6f|75 74 21 00|70 6c 65 61|73 65 20 70|72 65 73 73
00020240:|20 61 6e 79|20 6b 65 79|21 21 00 00|45 73 63 61|70 65 20 6d|6f 64 65 00|50 72 65 73|73 20 61 6e
00020260:|79 20 6b 65|79 20 74 6f|20 72 65 74|75 72 6e 20|74 6f 20 74|68 65 20 67|61 6d 65 00|0a 53 65 65
00020280:|64 3a 20 25|64 0a 00 00|47 61 6d 65|20 73 74 61|72 74 65 64|2e 00 00 00|50 72 6f 67|72 61 6d 20
000202a0:|74 65 72 6d|69 6e 61 74|65 64 2e 00|50 52 4f 46|49 4c 45 20|3a 20 25 64|20 63 79 63|6c 65 73 2c
000202c0:|20 25 64 20|69 6e 73 74|73 2c 20 25|64 20 75 73|65 63 73 0a|00 00 00 00|78 5f 6f 76|65 72 6c 61
000202e0:|70 3a 20 25|64 2c 20 79|5f 6f 76 65|72 6c 61 70|3a 20 25 64|0a 00 -- --|-- -- -- --|-- -- -- --
-------------------------------------------------------
Image(Section:       .data) : addr(00021000 - 0002103b) [  WA]
00021000:|00 00 00 00|00 00 00 00|0a 00 00 00|01 00 00 00|47 43 43 3a|20 28 67 30|34 36 39 36|64 66 30 39
00021020:|29 20 31 34|2e 32 2e 30|00 47 43 43|3a 20 28 47|4e 55 29 20|31 34 2e 32|2e 30 00 --|-- -- -- --
-------------------------------------------------------
Image(Section:      .sdata) : addr(0002103c - 00021058) [  WA]
00021020:|-- -- -- --|-- -- -- --|-- -- -- --|-- -- -- --|-- -- -- --|-- -- -- --|-- -- -- --|02 00 00 00
00021040:|28 1d 00 00|f8 1c 00 00|00 00 00 10|40 00 00 10|80 00 00 10|00 10 00 10|-- -- -- --|-- -- -- --
-------------------------------------------------------
Image(Section: .init_array) : addr(00021058 - 0002105c) [  WA]
00021040:|-- -- -- --|-- -- -- --|-- -- -- --|-- -- -- --|-- -- -- --|-- -- -- --|60 1d 00 00|00 00 00 00
-------------------------------------------------------
Image(Section: .fini_array) : addr(0002105c - 00021060) [  WA]
00021040:|-- -- -- --|-- -- -- --|-- -- -- --|-- -- -- --|-- -- -- --|-- -- -- --|-- -- -- --|fc 1e 00 00
-------------------------------------------------------
Image(Section:        .bss) : addr(00021060 - 00021af8) [  WA]
ALL ZEROES...
-------------------------------------------------------
Image(Section:      .stack) : addr(00022000 - 00024000) [  WA]
ALL ZEROES...
