/// elfFileName : main.out, Data Memory(byte #1)
@0400 31
@0401 01
@0402 02
@0403 82
@0404 13
@0405 03
@0406 88
@0407 a0
@0408 82
@0409 9c
@040a 00
@040b 00
@040c 00
@040d 00
@040e 00
@040f 00
@0410 f0
@0411 01
@0412 26
@0413 24
@0414 22
@0415 20
@0416 2e
@0417 2c
@0418 2a
@0419 28
@041a 26
@041b 00
@041c 17
@041d a7
@041e a0
@041f 05
@0420 00
@0421 05
@0422 00
@0423 19
@0424 0a
@0425 0a
@0426 09
@0427 87
@0428 a5
@0429 1a
@042a a4
@042b 10
@042c c7
@042d 05
@042e 94
@042f 87
@0430 a7
@0431 9e
@0432 87
@0433 a7
@0434 9e
@0435 87
@0436 c7
@0437 80
@0438 04
@0439 05
@043a 00
@043b 17
@043c a7
@043d 05
@043e 80
@043f 00
@0440 04
@0441 05
@0442 00
@0443 04
@0444 05
@0445 00
@0446 04
@0447 05
@0448 00
@0449 87
@044a 17
@044b 87
@044c 97
@044d 07
@044e a7
@044f 88
@0450 87
@0451 a8
@0452 a5
@0453 a5
@0454 a6
@0455 a6
@0456 a7
@0457 20
@0458 22
@0459 24
@045a 26
@045b 28
@045c 2a
@045d ae
@045e a3
@045f a8
@0460 a8
@0461 a5
@0462 a5
@0463 a6
@0464 a6
@0465 a7
@0466 a7
@0467 2c
@0468 2e
@0469 20
@046a 22
@046b 24
@046c 26
@046d 28
@046e 2a
@046f 2c
@0470 2e
@0471 05
@0472 05
@0473 00
@0474 27
@0475 26
@0476 26
@0477 25
@0478 05
@0479 05
@047a 00
@047b 47
@047c 26
@047d 26
@047e 05
@047f 04
@0480 05
@0481 00
@0482 47
@0483 26
@0484 26
@0485 05
@0486 05
@0487 00
@0488 05
@0489 05
@048a 00
@048b 0b
@048c 14
@048d 04
@048e a7
@048f 80
@0490 0e
@0491 1a
@0492 05
@0493 10
@0494 06
@0495 05
@0496 05
@0497 10
@0498 0b
@0499 05
@049a 05
@049b 05
@049c 00
@049d 27
@049e 26
@049f 26
@04a0 25
@04a1 05
@04a2 05
@04a3 00
@04a4 47
@04a5 26
@04a6 26
@04a7 05
@04a8 0b
@04a9 05
@04aa 00
@04ab 47
@04ac 26
@04ad 26
@04ae 05
@04af 05
@04b0 00
@04b1 8b
@04b2 f0
@04b3 04
@04b4 f0
@04b5 01
@04b6 2e
@04b7 2a
@04b8 26
@04b9 09
@04ba 04
@04bb 98
@04bc 82
@04bd 2c
@04be 28
@04bf 84
@04c0 19
@04c1 5c
@04c2 27
@04c3 85
@04c4 80
@04c5 04
@04c6 18
@04c7 24
@04c8 29
@04c9 f5
@04ca 07
@04cb ee
@04cc 17
@04cd a7
@04ce 05
@04cf 80
@04d0 20
@04d1 24
@04d2 29
@04d3 01
@04d4 80
@04d5 07
@04d6 fe
@04d7 97
@04d8 d5
@04d9 86
@04da 86
@04db e5
@04dc d5
@04dd f0
@04de f0
@04df 24
@04e0 29
@04e1 f0
@04e2 17
@04e3 a7
@04e4 05
@04e5 80
@04e6 f0
@04e7 01
@04e8 2e
@04e9 2c
@04ea 2a
@04eb 26
@04ec 24
@04ed 22
@04ee 0a
@04ef 89
@04f0 0a
@04f1 84
@04f2 44
@04f3 8e
@04f4 28
@04f5 04
@04f6 19
@04f7 5c
@04f8 27
@04f9 85
@04fa 80
@04fb 04
@04fc 18
@04fd 80
@04fe 07
@04ff 80
@0500 29
@0501 00
@0502 07
@0503 f2
@0504 04
@0505 06
@0506 06
@0507 05
@0508 85
@0509 10
@050a 07
@050b 86
@050c 86
@050d f0
@050e 00
@050f 17
@0510 a7
@0511 05
@0512 80
@0513 29
@0514 00
@0515 29
@0516 06
@0517 06
@0518 05
@0519 85
@051a 10
@051b 05
@051c 17
@051d a7
@051e 75
@051f 80
@0520 20
@0521 24
@0522 24
@0523 29
@0524 2a
@0525 2a
@0526 01
@0527 80
@0528 01
@0529 26
@052a 24
@052b 04
@052c 45
@052d 02
@052e 22
@052f 14
@0530 a7
@0531 80
@0532 04
@0533 45
@0534 18
@0535 24
@0536 20
@0537 24
@0538 01
@0539 80
@053a 01
@053b 26
@053c f0
@053d 17
@053e a7
@053f 05
@0540 80
@0541 05
@0542 20
@0543 01
@0544 80
@0545 01
@0546 26
@0547 24
@0548 04
@0549 17
@054a a7
@054b 75
@054c 80
@054d 05
@054e 20
@054f 24
@0550 01
@0551 80
@0552 01
@0553 2e
@0554 2c
@0555 04
@0556 22
@0557 24
@0558 26
@0559 28
@055a 2a
@055b 2c
@055c 2e
@055d 07
@055e 2e
@055f 45
@0560 06
@0561 2a
@0562 28
@0563 26
@0564 24
@0565 22
@0566 20
@0567 2e
@0568 2c
@0569 28
@056a 0a
@056b 09
@056c 26
@056d 0b
@056e 04
@056f 0b
@0570 1c
@0571 0d
@0572 0a
@0573 09
@0574 00
@0575 07
@0576 f0
@0577 17
@0578 87
@0579 97
@057a 87
@057b 8a
@057c 07
@057d 00
@057e 07
@057f 00
@0580 47
@0581 07
@0582 08
@0583 8b
@0584 07
@0585 00
@0586 07
@0587 26
@0588 00
@0589 1b
@058a a7
@058b 05
@058c 80
@058d a7
@058e 05
@058f 80
@0590 27
@0591 87
@0592 2e
@0593 a5
@0594 05
@0595 8b
@0596 06
@0597 86
@0598 f0
@0599 07
@059a 04
@059b 00
@059c 98
@059d 27
@059e 82
@059f 27
@05a0 87
@05a1 f7
@05a2 87
@05a3 2e
@05a4 a5
@05a5 a5
@05a6 f0
@05a7 27
@05a8 87
@05a9 2e
@05aa a5
@05ab 05
@05ac 2b
@05ad f0
@05ae 2a
@05af 26
@05b0 86
@05b1 27
@05b2 87
@05b3 2e
@05b4 ad
@05b5 dc
@05b6 ca
@05b7 04
@05b8 07
@05b9 86
@05ba 86
@05bb 85
@05bc 85
@05bd f0
@05be 07
@05bf 04
@05c0 2c
@05c1 2d
@05c2 00
@05c3 27
@05c4 82
@05c5 27
@05c6 87
@05c7 f7
@05c8 87
@05c9 2e
@05ca ad
@05cb ac
@05cc f0
@05cd 27
@05ce 87
@05cf 2e
@05d0 ad
@05d1 dc
@05d2 f0
@05d3 07
@05d4 8e
@05d5 37
@05d6 0c
@05d7 8c
@05d8 0d
@05d9 0a
@05da f0
@05db 17
@05dc a7
@05dd 05
@05de 80
@05df f0
@05e0 27
@05e1 87
@05e2 2e
@05e3 a5
@05e4 f0
@05e5 07
@05e6 04
@05e7 00
@05e8 17
@05e9 a7
@05ea 27
@05eb 86
@05ec 2e
@05ed c5
@05ee 00
@05ef 07
@05f0 04
@05f1 00
@05f2 0a
@05f3 27
@05f4 80
@05f5 07
@05f6 84
@05f7 c5
@05f8 04
@05f9 82
@05fa f6
@05fb 07
@05fc f7
@05fd 66
@05fe 05
@05ff 77
@0600 6c
@0601 95
@0602 07
@0603 87
@0604 05
@0605 27
@0606 80
@0607 49
@0608 80
@0609 8a
@060a 26
@060b 8b
@060c 07
@060d 09
@060e 04
@060f f0
@0610 07
@0611 8a
@0612 26
@0613 8b
@0614 04
@0615 f0
@0616 07
@0617 f0
@0618 07
@0619 f0
@061a 24
@061b 29
@061c 29
@061d 2a
@061e 2a
@061f 2b
@0620 2b
@0621 2c
@0622 2d
@0623 05
@0624 20
@0625 24
@0626 01
@0627 80
@0628 17
@0629 17
@062a 27
@062b 17
@062c 87
@062d 87
@062e a7
@062f 27
@0630 f7
@0631 9c
@0632 00
@0633 80
@0634 17
@0635 17
@0636 27
@0637 17
@0638 87
@0639 87
@063a a7
@063b 27
@063c f7
@063d 9c
@063e 45
@063f 80
@0640 17
@0641 87
@0642 a6
@0643 07
@0644 a2
@0645 a7
@0646 a2
@0647 80
@0648 35
@0649 17
@064a a6
@064b 80
@064c 22
@064d 24
@064e 00
@064f 00
@0650 26
@0651 28
@0652 80
@0653 27
@0654 27
@0655 85
@0656 44
@0657 80
@0658 05
@0659 80
@065a 47
@065b 84
@065c 80
@065d 27
@065e 07
@065f 8a
@0660 26
@0661 27
@0662 06
@0663 07
@0664 84
@0665 87
@0666 07
@0667 00
@0668 87
@0669 b7
@066a 00
@066b 22
@066c 24
@066d 80
@066e 07
@066f 47
@0670 75
@0671 14
@0672 80
@0673 a7
@0674 87
@0675 45
@0676 75
@0677 a7
@0678 a6
@0679 05
@067a 06
@067b 04
@067c 06
@067d 07
@067e 37
@067f 80
@0680 80
@0681 a2
@0682 a4
@0683 80
@0684 27
@0685 9a
@0686 47
@0687 08
@0688 07
@0689 00
@068a 87
@068b 05
@068c 45
@068d 80
@068e 17
@068f a6
@0690 17
@0691 07
@0692 c7
@0693 9c
@0694 a7
@0695 f7
@0696 86
@0697 a7
@0698 f7
@0699 90
@069a 17
@069b a6
@069c 17
@069d 07
@069e c7
@069f 9c
@06a0 a7
@06a1 f7
@06a2 86
@06a3 a7
@06a4 f7
@06a5 90
@06a6 80
@06a7 01
@06a8 26
@06a9 f0
@06aa 20
@06ab 01
@06ac 80
@06ad 01
@06ae 26
@06af 24
@06b0 15
@06b1 04
@06b2 05
@06b3 f0
@06b4 05
@06b5 f0
@06b6 05
@06b7 f0
@06b8 05
@06b9 f0
@06ba 20
@06bb 24
@06bc 01
@06bd 80
@06be 27
@06bf 87
@06c0 90
@06c1 17
@06c2 a7
@06c3 27
@06c4 e7
@06c5 24
@06c6 17
@06c7 87
@06c8 a0
@06c9 60
@06ca 80
@06cb 01
@06cc 26
@06cd f0
@06ce 17
@06cf 27
@06d0 87
@06d1 22
@06d2 17
@06d3 27
@06d4 87
@06d5 20
@06d6 17
@06d7 a7
@06d8 27
@06d9 e7
@06da 24
@06db 17
@06dc 87
@06dd a0
@06de 60
@06df 27
@06e0 87
@06e1 90
@06e2 20
@06e3 01
@06e4 80
@06e5 01
@06e6 26
@06e7 17
@06e8 a7
@06e9 27
@06ea f7
@06eb 9c
@06ec 17
@06ed a7
@06ee 27
@06ef f7
@06f0 9c
@06f1 17
@06f2 27
@06f3 87
@06f4 22
@06f5 17
@06f6 27
@06f7 87
@06f8 20
@06f9 17
@06fa a7
@06fb 27
@06fc f7
@06fd 24
@06fe 70
@06ff f0
@0700 20
@0701 01
@0702 80
@0703 01
@0704 2e
@0705 2c
@0706 2a
@0707 28
@0708 26
@0709 24
@070a 22
@070b 09
@070c 17
@070d 17
@070e 87
@070f 87
@0710 a4
@0711 1a
@0712 8a
@0713 9a
@0714 14
@0715 04
@0716 04
@0717 47
@0718 84
@0719 09
@071a a7
@071b f7
@071c 9c
@071d 05
@071e f0
@071f 80
@0720 47
@0721 92
@0722 17
@0723 87
@0724 8a
@0725 0a
@0726 97
@0727 07
@0728 17
@0729 87
@072a c7
@072b 92
@072c 0a
@072d 19
@072e 09
@072f 09
@0730 00
@0731 07
@0732 24
@0733 47
@0734 90
@0735 a7
@0736 f7
@0737 9a
@0738 c4
@0739 74
@073a 05
@073b 05
@073c f0
@073d 08
@073e 07
@073f 18
@0740 27
@0741 87
@0742 22
@0743 f0
@0744 20
@0745 24
@0746 24
@0747 29
@0748 29
@0749 2a
@074a 2a
@074b 01
@074c 80
@074d 01
@074e 26
@074f 24
@0750 17
@0751 a7
@0752 a4
@0753 77
@0754 96
@0755 74
@0756 18
@0757 17
@0758 a7
@0759 07
@075a a0
@075b 20
@075c 24
@075d 01
@075e 80
@075f 05
@0760 f0
@0761 f0
@0762 05
@0763 f0
@0764 f0
@0765 27
@0766 c4
@0767 80
@0768 01
@0769 26
@076a f7
@076b 07
@076c 8e
@076d 07
@076e 94
@076f f0
@0770 20
@0771 01
@0772 80
@0773 17
@0774 a5
@0775 a6
@0776 a6
@0777 17
@0778 a7
@0779 d7
@077a 85
@077b 37
@077c 07
@077d 86
@077e ac
@077f ae
@0780 17
@0781 a7
@0782 8c
@0783 80
@0784 f0
@0785 17
@0786 a7
@0787 a2
@0788 a4
@0789 80
@078a 05
@078b 07
@078c ee
@078d 15
@078e 07
@078f 87
@0790 05
@0791 27
@0792 80
@0793 05
@0794 80
@0795 05
@0796 80
@0797 05
@0798 80
@0799 05
@079a 80
@079b 05
@079c 80
@079d 05
@079e 80
@079f 05
@07a0 80
@07a1 05
@07a2 80
@07a3 05
@07a4 80
@07a5 05
@07a6 80
@07a7 05
@07a8 80
@07a9 05
@07aa 80
@07ab 05
@07ac 80
@07ad 05
@07ae 80
@07af 05
@07b0 80
@07b1 05
@07b2 80
@07b3 05
@07b4 80
@07b5 05
@07b6 80
@07b7 05
@07b8 80
@07b9 05
@07ba 80
@07bb 05
@07bc 80
@07bd 05
@07be 80
@07bf 05
@07c0 80
@07c1 05
@07c2 80
@07c3 05
@07c4 80
@07c5 05
@07c6 80
@07c7 05
@07c8 80
@07c9 05
@07ca 80
@07cb 05
@07cc 80
@07cd 05
@07ce 80
@07cf 05
@07d0 80
@07d1 05
@07d2 80
@07d3 05
@07d4 80
@07d5 05
@07d6 80
@07d7 05
@07d8 80
@07d9 05
@07da 80
@07db 05
@07dc 80
@07dd 05
@07de 80
@07df 05
@07e0 80
@07e1 05
@07e2 80
@07e3 05
@07e4 80
@07e5 05
@07e6 80
@07e7 75
@07e8 07
@07e9 c6
@07ea 05
@07eb 80
@07ec 05
@07ed 80
@07ee 01
@07ef 26
@07f0 24
@07f1 22
@07f2 20
@07f3 04
@07f4 55
@07f5 f0
@07f6 04
@07f7 d5
@07f8 f0
@07f9 14
@07fa 15
@07fb 64
@07fc d5
@07fd f0
@07fe 09
@07ff 85
@0800 f0
@0801 19
@0802 65
@0803 65
@0804 20
@0805 24
@0806 24
@0807 29
@0808 01
@0809 80
@080a 01
@080b 2e
@080c 2c
@080d 2a
@080e 28
@080f 26
@0810 24
@0811 22
@0812 20
@0813 f0
@0814 0a
@0815 05
@0816 f0
@0817 04
@0818 05
@0819 f0
@081a 04
@081b 94
@081c 17
@081d e4
@081e 05
@081f f0
@0820 0b
@0821 d5
@0822 f0
@0823 0a
@0824 d5
@0825 75
@0826 f0
@0827 09
@0828 d5
@0829 75
@082a f0
@082b 09
@082c f5
@082d f0
@082e 17
@082f e7
@0830 e7
@0831 56
@0832 1a
@0833 67
@0834 e7
@0835 d6
@0836 99
@0837 67
@0838 e7
@0839 55
@083a 15
@083b 65
@083c e5
@083d f0
@083e 20
@083f 24
@0840 24
@0841 29
@0842 29
@0843 2a
@0844 2a
@0845 2b
@0846 01
@0847 80
@0848 17
@0849 27
@084a 86
@084b 22
@084c 9c
@084d 27
@084e 17
@084f a4
@0850 70
@0851 80
@0852 01
@0853 26
@0854 05
@0855 f0
@0856 20
@0857 01
@0858 80
@0859 17
@085a 27
@085b 87
@085c 22
@085d 9a
@085e 17
@085f a7
@0860 90
@0861 80
@0862 01
@0863 26
@0864 05
@0865 f0
@0866 20
@0867 01
@0868 80
@0869 01
@086a 26
@086b 24
@086c 22
@086d 20
@086e 04
@086f 17
@0870 a6
@0871 97
@0872 87
@0873 97
@0874 14
@0875 04
@0876 04
@0877 07
@0878 47
@0879 9e
@087a 17
@087b 96
@087c 87
@087d 87
@087e a9
@087f f0
@0880 85
@0881 05
@0882 f0
@0883 27
@0884 f7
@0885 80
@0886 f0
@0887 20
@0888 24
@0889 24
@088a 29
@088b 01
@088c 80
@088d 05
@088e f0
@088f 00
@0890 f0
@0891 01
@0892 26
@0893 24
@0894 17
@0895 a7
@0896 17
@0897 87
@0898 97
@0899 14
@089a 04
@089b 04
@089c 17
@089d 87
@089e 97
@089f 17
@08a0 07
@08a1 07
@08a2 47
@08a3 8e
@08a4 f0
@08a5 05
@08a6 f0
@08a7 04
@08a8 f0
@08a9 05
@08aa 20
@08ab 24
@08ac 01
@08ad 80
@08ae 01
@08af 26
@08b0 24
@08b1 04
@08b2 f0
@08b3 27
@08b4 87
@08b5 26
@08b6 f0
@08b7 20
@08b8 24
@08b9 01
@08ba 80
@08bb 17
@08bc 87
@08bd 97
@08be 87
@08bf 97
@08c0 87
@08c1 97
@08c2 85
@08c3 17
@08c4 a0
@08c5 80
@08c6 01
@08c7 26
@08c8 05
@08c9 15
@08ca 10
@08cb 20
@08cc 01
@08cd 80
@08ce 07
@08cf a0
@08d0 60
@08d1 27
@08d2 87
@08d3 90
@08d4 80
@08d5 27
@08d6 17
@08d7 87
@08d8 a8
@08d9 27
@08da ac
@08db 27
@08dc aa
@08dd 80
@08de 01
@08df 26
@08e0 24
@08e1 22
@08e2 20
@08e3 24
@08e4 29
@08e5 25
@08e6 14
@08e7 04
@08e8 27
@08e9 05
@08ea 05
@08eb 15
@08ec 10
@08ed 06
@08ee 26
@08ef 25
@08f0 06
@08f1 85
@08f2 05
@08f3 05
@08f4 f0
@08f5 20
@08f6 24
@08f7 24
@08f8 29
@08f9 01
@08fa 80
@08fb 07
@08fc 0e
@08fd ee
@08fe 07
@08ff 0c
@0900 07
@0901 14
@0902 27
@0903 27
@0904 07
@0905 06
@0906 c4
@0907 27
@0908 87
@0909 20
@090a 80
@090b 80
@090c 07
@090d 1e
@090e 27
@090f 07
@0910 40
@0911 87
@0912 26
@0913 80
@0914 80
@0915 27
@0916 54
@0917 27
@0918 87
@0919 20
@091a 80
@091b 27
@091c 07
@091d 56
@091e 87
@091f 26
@0920 80
@0921 26
@0922 27
@0923 07
@0924 20
@0925 26
@0926 27
@0927 87
@0928 22
@0929 46
@092a 25
@092b 07
@092c 08
@092d 5a
@092e 07
@092f 20
@0930 06
@0931 28
@0932 c8
@0933 27
@0934 87
@0935 06
@0936 5a
@0937 07
@0938 22
@0939 06
@093a 2a
@093b 80
@093c 07
@093d f0
@093e 07
@093f f0
@0940 52
@0941 01
@0942 2e
@0943 2c
@0944 2a
@0945 28
@0946 26
@0947 24
@0948 22
@0949 20
@094a 2e
@094b 2c
@094c 2a
@094d 28
@094e 26
@094f 04
@0950 84
@0951 17
@0952 87
@0953 97
@0954 8b
@0955 17
@0956 ad
@0957 22
@0958 24
@0959 0b
@095a 8b
@095b 26
@095c 28
@095d 2a
@095e 00
@095f 05
@0960 05
@0961 10
@0962 4a
@0963 27
@0964 07
@0965 aa
@0966 00
@0967 85
@0968 05
@0969 10
@096a 09
@096b 85
@096c 05
@096d 10
@096e 05
@096f 05
@0970 10
@0971 5a
@0972 27
@0973 07
@0974 a8
@0975 04
@0976 08
@0977 47
@0978 9a
@0979 2a
@097a 25
@097b 10
@097c 09
@097d 85
@097e 10
@097f 85
@0980 10
@0981 05
@0982 05
@0983 00
@0984 09
@0985 a9
@0986 a5
@0987 10
@0988 0a
@0989 05
@098a 10
@098b 25
@098c 10
@098d 05
@098e 05
@098f 00
@0990 0a
@0991 85
@0992 10
@0993 25
@0994 10
@0995 09
@0996 05
@0997 85
@0998 10
@0999 fa
@099a 05
@099b 85
@099c 10
@099d 50
@099e 2d
@099f 25
@09a0 10
@09a1 0c
@09a2 05
@09a3 10
@09a4 25
@09a5 10
@09a6 05
@09a7 05
@09a8 00
@09a9 0c
@09aa ac
@09ab a5
@09ac 10
@09ad 20
@09ae 85
@09af 10
@09b0 25
@09b1 10
@09b2 05
@09b3 25
@09b4 00
@09b5 20
@09b6 05
@09b7 10
@09b8 25
@09b9 10
@09ba 0d
@09bb 25
@09bc 05
@09bd 10
@09be fc
@09bf 05
@09c0 85
@09c1 10
@09c2 56
@09c3 07
@09c4 08
@09c5 a7
@09c6 2c
@09c7 a7
@09c8 2e
@09c9 05
@09ca 10
@09cb 05
@09cc 25
@09cd 10
@09ce 05
@09cf 05
@09d0 10
@09d1 fc
@09d2 25
@09d3 10
@09d4 05
@09d5 05
@09d6 10
@09d7 05
@09d8 85
@09d9 10
@09da f5
@09db 05
@09dc 10
@09dd 44
@09de 05
@09df 05
@09e0 10
@09e1 5c
@09e2 27
@09e3 07
@09e4 a8
@09e5 f0
@09e6 27
@09e7 07
@09e8 aa
@09e9 f0
@09ea 20
@09eb 24
@09ec 24
@09ed 29
@09ee 29
@09ef 2a
@09f0 2a
@09f1 2b
@09f2 2b
@09f3 2c
@09f4 2c
@09f5 2d
@09f6 2d
@09f7 01
@09f8 80
@09f9 80
@09fa 01
@09fb 20
@09fc 22
@09fd 24
@09fe 26
@09ff 28
@0a00 2a
@0a01 2c
@0a02 2e
@0a03 20
@0a04 22
@0a05 24
@0a06 26
@0a07 28
@0a08 2a
@0a09 2c
@0a0a 2e
@0a0b f0
@0a0c 20
@0a0d 22
@0a0e 23
@0a0f 23
@0a10 25
@0a11 25
@0a12 26
@0a13 26
@0a14 27
@0a15 27
@0a16 28
@0a17 28
@0a18 2e
@0a19 2e
@0a1a 2f
@0a1b 2f
@0a1c 01
@0a1d 00
@0a1e 01
@0a1f 22
@0a20 2c
@0a21 26
@0a22 24
@0a23 20
@0a24 2e
@0a25 2a
@0a26 28
@0a27 26
@0a28 24
@0a29 22
@0a2a 20
@0a2b 0a
@0a2c 04
@0a2d dc
@0a2e 37
@0a2f 05
@0a30 85
@0a31 0a
@0a32 04
@0a33 dc
@0a34 37
@0a35 06
@0a36 c4
@0a37 86
@0a38 06
@0a39 0a
@0a3a 09
@0a3b 89
@0a3c 9a
@0a3d 07
@0a3e 87
@0a3f f6
@0a40 07
@0a41 78
@0a42 37
@0a43 37
@0a44 17
@0a45 56
@0a46 87
@0a47 c7
@0a48 06
@0a49 87
@0a4a 87
@0a4b 8c
@0a4c 99
@0a4d 57
@0a4e 1a
@0a4f e9
@0a50 19
@0a51 db
@0a52 05
@0a53 85
@0a54 9b
@0a55 10
@0a56 db
@0a57 05
@0a58 0a
@0a59 85
@0a5a 10
@0a5b 04
@0a5c 05
@0a5d 85
@0a5e 10
@0a5f 15
@0a60 57
@0a61 67
@0a62 09
@0a63 7e
@0a64 87
@0a65 09
@0a66 68
@0a67 76
@0a68 09
@0a69 07
@0a6a 04
@0a6b 05
@0a6c 05
@0a6d 10
@0a6e 05
@0a6f 0a
@0a70 85
@0a71 10
@0a72 0b
@0a73 05
@0a74 05
@0a75 10
@0a76 19
@0a77 15
@0a78 59
@0a79 69
@0a7a 07
@0a7b 7c
@0a7c 89
@0a7d 07
@0a7e 66
@0a7f 74
@0a80 07
@0a81 97
@0a82 e7
@0a83 09
@0a84 00
@0a85 06
@0a86 07
@0a87 7c
@0a88 07
@0a89 f0
@0a8a 07
@0a8b 0c
@0a8c 07
@0a8d 78
@0a8e 37
@0a8f 37
@0a90 17
@0a91 56
@0a92 87
@0a93 c7
@0a94 06
@0a95 87
@0a96 87
@0a97 9e
@0a98 8a
@0a99 09
@0a9a db
@0a9b 05
@0a9c 05
@0a9d 9b
@0a9e 10
@0a9f db
@0aa0 05
@0aa1 0c
@0aa2 85
@0aa3 10
@0aa4 0c
@0aa5 05
@0aa6 05
@0aa7 10
@0aa8 15
@0aa9 57
@0aaa 67
@0aab 8a
@0aac 7e
@0aad 87
@0aae 8a
@0aaf 68
@0ab0 76
@0ab1 8a
@0ab2 07
@0ab3 04
@0ab4 05
@0ab5 05
@0ab6 10
@0ab7 05
@0ab8 0c
@0ab9 85
@0aba 10
@0abb 0b
@0abc 05
@0abd 05
@0abe 10
@0abf 19
@0ac0 15
@0ac1 59
@0ac2 69
@0ac3 07
@0ac4 7c
@0ac5 89
@0ac6 07
@0ac7 66
@0ac8 74
@0ac9 07
@0aca 17
@0acb e7
@0acc 85
@0acd 85
@0ace 8a
@0acf 37
@0ad0 05
@0ad1 85
@0ad2 05
@0ad3 20
@0ad4 24
@0ad5 24
@0ad6 29
@0ad7 29
@0ad8 2a
@0ad9 2a
@0ada 2b
@0adb 2b
@0adc 2c
@0add 2c
@0ade 2d
@0adf 01
@0ae0 80
@0ae1 06
@0ae2 07
@0ae3 7c
@0ae4 07
@0ae5 f0
@0ae6 1a
@0ae7 d9
@0ae8 db
@0ae9 95
@0aea 57
@0aeb eb
@0aec 19
@0aed 85
@0aee 85
@0aef 9a
@0af0 10
@0af1 5a
@0af2 05
@0af3 0c
@0af4 05
@0af5 10
@0af6 04
@0af7 85
@0af8 85
@0af9 10
@0afa 15
@0afb 57
@0afc 67
@0afd 09
@0afe 7e
@0aff 87
@0b00 09
@0b01 68
@0b02 76
@0b03 09
@0b04 07
@0b05 04
@0b06 85
@0b07 05
@0b08 10
@0b09 05
@0b0a 0c
@0b0b 05
@0b0c 10
@0b0d 0a
@0b0e 85
@0b0f 05
@0b10 10
@0b11 17
@0b12 15
@0b13 d7
@0b14 e7
@0b15 07
@0b16 fe
@0b17 87
@0b18 07
@0b19 e8
@0b1a f6
@0b1b 07
@0b1c 87
@0b1d 99
@0b1e 8a
@0b1f e9
@0b20 f0
@0b21 ec
@0b22 07
@0b23 f4
@0b24 b7
@0b25 37
@0b26 17
@0b27 07
@0b28 d5
@0b29 87
@0b2a 87
@0b2b c8
@0b2c 07
@0b2d 08
@0b2e 89
@0b2f 96
@0b30 07
@0b31 e6
@0b32 37
@0b33 b7
@0b34 f0
@0b35 07
@0b36 07
@0b37 f0
@0b38 07
@0b39 f0
@0b3a 96
@0b3b 5c
@0b3c ec
@0b3d d9
@0b3e db
@0b3f 58
@0b40 95
@0b41 6a
@0b42 05
@0b43 85
@0b44 9c
@0b45 14
@0b46 5c
@0b47 10
@0b48 05
@0b49 0d
@0b4a 05
@0b4b 10
@0b4c 0b
@0b4d 85
@0b4e 05
@0b4f 10
@0b50 15
@0b51 d6
@0b52 e6
@0b53 09
@0b54 fe
@0b55 86
@0b56 09
@0b57 e8
@0b58 f6
@0b59 09
@0b5a 86
@0b5b 8b
@0b5c 85
@0b5d 05
@0b5e 10
@0b5f 05
@0b60 0d
@0b61 05
@0b62 10
@0b63 0c
@0b64 85
@0b65 05
@0b66 10
@0b67 97
@0b68 15
@0b69 57
@0b6a 67
@0b6b 06
@0b6c 7e
@0b6d 87
@0b6e 06
@0b6f 68
@0b70 76
@0b71 06
@0b72 07
@0b73 17
@0b74 98
@0b75 13
@0b76 e7
@0b77 58
@0b78 53
@0b79 07
@0b7a de
@0b7b 54
@0b7c 05
@0b7d 05
@0b7e 10
@0b7f 08
@0b80 05
@0b81 05
@0b82 10
@0b83 08
@0b84 05
@0b85 05
@0b86 10
@0b87 03
@0b88 05
@0b89 05
@0b8a 10
@0b8b d6
@0b8c 08
@0b8d 86
@0b8e 06
@0b8f f6
@0b90 05
@0b91 06
@0b92 d5
@0b93 86
@0b94 62
@0b95 1c
@0b96 98
@0b97 96
@0b98 d8
@0b99 17
@0b9a 86
@0b9b 09
@0b9c 70
@0b9d 87
@0b9e f0
@0b9f 09
@0ba0 07
@0ba1 f0
@0ba2 01
@0ba3 2a
@0ba4 2e
@0ba5 2c
@0ba6 28
@0ba7 26
@0ba8 24
@0ba9 22
@0baa 20
@0bab 2e
@0bac 2c
@0bad 2a
@0bae 28
@0baf 26
@0bb0 04
@0bb1 dc
@0bb2 37
@0bb3 05
@0bb4 85
@0bb5 05
@0bb6 04
@0bb7 da
@0bb8 37
@0bb9 06
@0bba 86
@0bbb 06
@0bbc 0a
@0bbd 04
@0bbe 8b
@0bbf 9e
@0bc0 07
@0bc1 87
@0bc2 fa
@0bc3 07
@0bc4 7c
@0bc5 37
@0bc6 37
@0bc7 17
@0bc8 56
@0bc9 87
@0bca c7
@0bcb 87
@0bcc 07
@0bcd 09
@0bce 0c
@0bcf 95
@0bd0 57
@0bd1 1a
@0bd2 eb
@0bd3 14
@0bd4 5b
@0bd5 85
@0bd6 1a
@0bd7 05
@0bd8 10
@0bd9 da
@0bda 85
@0bdb 10
@0bdc 09
@0bdd 85
@0bde 05
@0bdf 10
@0be0 15
@0be1 57
@0be2 e7
@0be3 fa
@0be4 07
@0be5 e6
@0be6 f4
@0be7 87
@0be8 89
@0be9 85
@0bea 05
@0beb 10
@0bec 85
@0bed 10
@0bee 0a
@0bef 85
@0bf0 05
@0bf1 10
@0bf2 14
@0bf3 15
@0bf4 54
@0bf5 64
@0bf6 7a
@0bf7 04
@0bf8 66
@0bf9 74
@0bfa 04
@0bfb 04
@0bfc 55
@0bfd 05
@0bfe 8a
@0bff 37
@0c00 05
@0c01 85
@0c02 05
@0c03 20
@0c04 24
@0c05 24
@0c06 29
@0c07 29
@0c08 2a
@0c09 2a
@0c0a 2b
@0c0b 2b
@0c0c 2c
@0c0d 2c
@0c0e 2d
@0c0f 2d
@0c10 01
@0c11 80
@0c12 06
@0c13 07
@0c14 78
@0c15 07
@0c16 f0
@0c17 07
@0c18 0c
@0c19 07
@0c1a 7e
@0c1b 37
@0c1c 37
@0c1d 17
@0c1e 56
@0c1f 87
@0c20 c7
@0c21 89
@0c22 87
@0c23 07
@0c24 09
@0c25 0e
@0c26 1a
@0c27 d9
@0c28 5b
@0c29 57
@0c2a 95
@0c2b ea
@0c2c 14
@0c2d 85
@0c2e 1b
@0c2f 05
@0c30 10
@0c31 5b
@0c32 05
@0c33 10
@0c34 0c
@0c35 85
@0c36 05
@0c37 10
@0c38 15
@0c39 d7
@0c3a 67
@0c3b 7a
@0c3c 07
@0c3d 66
@0c3e 74
@0c3f 07
@0c40 0c
@0c41 85
@0c42 05
@0c43 10
@0c44 05
@0c45 10
@0c46 0b
@0c47 85
@0c48 05
@0c49 10
@0c4a 97
@0c4b 15
@0c4c d7
@0c4d e7
@0c4e fa
@0c4f 07
@0c50 e6
@0c51 f4
@0c52 87
@0c53 89
@0c54 5b
@0c55 05
@0c56 1b
@0c57 05
@0c58 10
@0c59 db
@0c5a 85
@0c5b 10
@0c5c 0a
@0c5d 05
@0c5e 05
@0c5f 10
@0c60 15
@0c61 57
@0c62 e7
@0c63 fa
@0c64 07
@0c65 e6
@0c66 f4
@0c67 87
@0c68 89
@0c69 05
@0c6a 05
@0c6b 00
@0c6c 85
@0c6d 00
@0c6e 0a
@0c6f 05
@0c70 f0
@0c71 06
@0c72 07
@0c73 76
@0c74 07
@0c75 f0
@0c76 e0
@0c77 07
@0c78 fe
@0c79 b7
@0c7a b7
@0c7b 97
@0c7c 07
@0c7d d8
@0c7e 07
@0c7f 07
@0c80 4a
@0c81 8a
@0c82 07
@0c83 8a
@0c84 90
@0c85 e4
@0c86 6c
@0c87 09
@0c88 86
@0c89 35
@0c8a 04
@0c8b 8b
@0c8c 05
@0c8d 05
@0c8e f0
@0c8f 07
@0c90 07
@0c91 f6
@0c92 07
@0c93 f0
@0c94 96
@0c95 5b
@0c96 6b
@0c97 dc
@0c98 54
@0c99 95
@0c9a 5b
@0c9b 64
@0c9c 19
@0c9d 85
@0c9e 85
@0c9f 1c
@0ca0 19
@0ca1 5c
@0ca2 00
@0ca3 05
@0ca4 0d
@0ca5 05
@0ca6 00
@0ca7 0d
@0ca8 85
@0ca9 85
@0caa 00
@0cab 15
@0cac 57
@0cad e7
@0cae 8c
@0caf fe
@0cb0 07
@0cb1 8c
@0cb2 e8
@0cb3 f6
@0cb4 8c
@0cb5 87
@0cb6 8d
@0cb7 85
@0cb8 05
@0cb9 00
@0cba 05
@0cbb 0d
@0cbc 05
@0cbd 00
@0cbe 85
@0cbf 0c
@0cc0 05
@0cc1 00
@0cc2 15
@0cc3 15
@0cc4 d5
@0cc5 e5
@0cc6 87
@0cc7 fe
@0cc8 05
@0cc9 87
@0cca e8
@0ccb f6
@0ccc 87
@0ccd 85
@0cce 9c
@0ccf ec
@0cd0 13
@0cd1 97
@0cd2 d7
@0cd3 53
@0cd4 87
@0cd5 dc
@0cd6 58
@0cd7 85
@0cd8 05
@0cd9 00
@0cda 08
@0cdb 85
@0cdc 85
@0cdd 00
@0cde 04
@0cdf 05
@0ce0 85
@0ce1 00
@0ce2 07
@0ce3 85
@0ce4 85
@0ce5 00
@0ce6 04
@0ce7 56
@0ce8 04
@0ce9 76
@0cea 07
@0ceb 05
@0cec 57
@0ced 18
@0cee 14
@0cef 58
@0cf0 87
@0cf1 04
@0cf2 66
@0cf3 1e
@0cf4 fc
@0cf5 09
@0cf6 36
@0cf7 86
@0cf8 04
@0cf9 87
@0cfa 84
@0cfb b9
@0cfc 05
@0cfd 85
@0cfe 9a
@0cff 54
@0d00 e5
@0d01 d5
@0d02 f0
@0d03 01
@0d04 07
@0d05 07
@0d06 d6
@0d07 24
@0d08 54
@0d09 77
@0d0a 22
@0d0b 77
@0d0c 74
@0d0d 76
@0d0e 26
@0d0f 20
@0d10 54
@0d11 d5
@0d12 97
@0d13 17
@0d14 06
@0d15 9e
@0d16 5e
@0d17 05
@0d18 16
@0d19 0e
@0d1a 86
@0d1b 18
@0d1c 87
@0d1d 04
@0d1e 00
@0d1f 90
@0d20 84
@0d21 87
@0d22 00
@0d23 0c
@0d24 06
@0d25 67
@0d26 86
@0d27 05
@0d28 06
@0d29 ce
@0d2a 06
@0d2b 86
@0d2c 55
@0d2d 17
@0d2e 37
@0d2f e6
@0d30 87
@0d31 97
@0d32 54
@0d33 04
@0d34 07
@0d35 00
@0d36 07
@0d37 f6
@0d38 07
@0d39 d7
@0d3a f7
@0d3b e7
@0d3c 00
@0d3d 84
@0d3e 06
@0d3f 05
@0d40 1e
@0d41 82
@0d42 85
@0d43 82
@0d44 9e
@0d45 04
@0d46 00
@0d47 0c
@0d48 05
@0d49 e7
@0d4a 85
@0d4b 05
@0d4c 06
@0d4d 4e
@0d4e 06
@0d4f 86
@0d50 d5
@0d51 97
@0d52 37
@0d53 66
@0d54 87
@0d55 04
@0d56 f0
@0d57 06
@0d58 f6
@0d59 1c
@0d5a 12
@0d5b 88
@0d5c 0c
@0d5d 07
@0d5e 17
@0d5f d8
@0d60 07
@0d61 57
@0d62 87
@0d63 77
@0d64 04
@0d65 14
@0d66 07
@0d67 97
@0d68 74
@0d69 d7
@0d6a 64
@0d6b 95
@0d6c 20
@0d6d 65
@0d6e 24
@0d6f 24
@0d70 29
@0d71 01
@0d72 80
@0d73 84
@0d74 18
@0d75 87
@0d76 f0
@0d77 06
@0d78 88
@0d79 87
@0d7a 57
@0d7b 84
@0d7c f7
@0d7d 0a
@0d7e f7
@0d7f 06
@0d80 04
@0d81 87
@0d82 97
@0d83 5c
@0d84 04
@0d85 07
@0d86 0e
@0d87 07
@0d88 d7
@0d89 07
@0d8a f7
@0d8b f0
@0d8c 50
@0d8d 12
@0d8e 04
@0d8f 86
@0d90 18
@0d91 87
@0d92 04
@0d93 00
@0d94 05
@0d95 86
@0d96 05
@0d97 06
@0d98 ce
@0d99 06
@0d9a 86
@0d9b 55
@0d9c 17
@0d9d 37
@0d9e e6
@0d9f 87
@0da0 97
@0da1 56
@0da2 09
@0da3 09
@0da4 f9
@0da5 00
@0da6 06
@0da7 04
@0da8 06
@0da9 67
@0daa 86
@0dab f0
@0dac 8e
@0dad 06
@0dae 16
@0daf 84
@0db0 85
@0db1 18
@0db2 07
@0db3 84
@0db4 f0
@0db5 08
@0db6 90
@0db7 84
@0db8 f0
@0db9 05
@0dba 0a
@0dbb 05
@0dbc e7
@0dbd 85
@0dbe 08
@0dbf 06
@0dc0 4e
@0dc1 06
@0dc2 86
@0dc3 d8
@0dc4 97
@0dc5 37
@0dc6 66
@0dc7 07
@0dc8 04
@0dc9 84
@0dca f0
@0dcb 06
@0dcc f6
@0dcd 9e
@0dce 12
@0dcf 94
@0dd0 04
@0dd1 08
@0dd2 84
@0dd3 57
@0dd4 07
@0dd5 10
@0dd6 8e
@0dd7 07
@0dd8 00
@0dd9 02
@0dda 86
@0ddb 96
@0ddc 5c
@0ddd 07
@0dde 84
@0ddf 04
@0de0 8a
@0de1 f0
@0de2 87
@0de3 90
@0de4 07
@0de5 04
@0de6 f0
@0de7 9a
@0de8 04
@0de9 04
@0dea 07
@0deb f0
@0dec 89
@0ded 16
@0dee d2
@0def 09
@0df0 84
@0df1 05
@0df2 00
@0df3 05
@0df4 19
@0df5 4a
@0df6 05
@0df7 05
@0df8 07
@0df9 07
@0dfa 57
@0dfb 19
@0dfc 39
@0dfd e7
@0dfe f0
@0dff 14
@0e00 04
@0e01 f0
@0e02 07
@0e03 87
@0e04 04
@0e05 77
@0e06 f0
@0e07 07
@0e08 f0
@0e09 84
@0e0a 84
@0e0b f0
@0e0c 84
@0e0d 07
@0e0e f0
@0e0f 07
@0e10 07
@0e11 56
@0e12 76
@0e13 57
@0e14 f6
@0e15 d5
@0e16 08
@0e17 77
@0e18 75
@0e19 d5
@0e1a 94
@0e1b 1e
@0e1c 14
@0e1d 1a
@0e1e 98
@0e1f 1a
@0e20 16
@0e21 00
@0e22 95
@0e23 05
@0e24 80
@0e25 ca
@0e26 62
@0e27 05
@0e28 64
@0e29 80
@0e2a 05
@0e2b 80
@0e2c 0c
@0e2d 9e
@0e2e 5e
@0e2f 05
@0e30 e5
@0e31 80
@0e32 16
@0e33 14
@0e34 05
@0e35 65
@0e36 80
@0e37 01
@0e38 28
@0e39 59
@0e3a 2a
@0e3b 26
@0e3c 22
@0e3d 14
@0e3e 2e
@0e3f 2c
@0e40 24
@0e41 79
@0e42 8a
@0e43 d4
@0e44 59
@0e45 0c
@0e46 07
@0e47 08
@0e48 94
@0e49 07
@0e4a e4
@0e4b 09
@0e4c 0a
@0e4d d7
@0e4e 94
@0e4f f7
@0e50 54
@0e51 da
@0e52 80
@0e53 07
@0e54 8c
@0e55 14
@0e56 07
@0e57 64
@0e58 87
@0e59 07
@0e5a 09
@0e5b 17
@0e5c e7
@0e5d 06
@0e5e 08
@0e5f c6
@0e60 06
@0e61 c9
@0e62 06
@0e63 4c
@0e64 87
@0e65 f8
@0e66 de
@0e67 57
@0e68 94
@0e69 14
@0e6a d4
@0e6b 54
@0e6c 85
@0e6d 05
@0e6e 00
@0e6f 08
@0e70 85
@0e71 85
@0e72 00
@0e73 07
@0e74 05
@0e75 05
@0e76 00
@0e77 03
@0e78 85
@0e79 05
@0e7a 00
@0e7b d7
@0e7c 07
@0e7d 87
@0e7e 06
@0e7f f6
@0e80 07
@0e81 06
@0e82 98
@0e83 97
@0e84 d8
@0e85 07
@0e86 d7
@0e87 14
@0e88 87
@0e89 57
@0e8a 97
@0e8b 34
@0e8c 64
@0e8d 97
@0e8e e4
@0e8f 54
@0e90 57
@0e91 74
@0e92 e4
@0e93 05
@0e94 5e
@0e95 77
@0e96 8a
@0e97 77
@0e98 07
@0e99 84
@0e9a 04
@0e9b 17
@0e9c da
@0e9d 07
@0e9e 87
@0e9f 74
@0ea0 05
@0ea1 07
@0ea2 ca
@0ea3 57
@0ea4 20
@0ea5 24
@0ea6 97
@0ea7 15
@0ea8 d7
@0ea9 99
@0eaa 65
@0eab 24
@0eac 29
@0ead 2a
@0eae 2a
@0eaf 65
@0eb0 29
@0eb1 01
@0eb2 80
@0eb3 88
@0eb4 85
@0eb5 00
@0eb6 07
@0eb7 09
@0eb8 94
@0eb9 09
@0eba f0
@0ebb 0a
@0ebc 82
@0ebd 0a
@0ebe f0
@0ebf 09
@0ec0 0a
@0ec1 f0
@0ec2 08
@0ec3 05
@0ec4 00
@0ec5 07
@0ec6 14
@0ec7 07
@0ec8 87
@0ec9 f0
@0eca 07
@0ecb 0e
@0ecc 07
@0ecd f0
@0ece 07
@0ecf 07
@0ed0 f0
@0ed1 97
@0ed2 f6
@0ed3 96
@0ed4 f6
@0ed5 9c
@0ed6 f7
@0ed7 8e
@0ed8 89
@0ed9 07
@0eda 0a
@0edb 07
@0edc 0e
@0edd 07
@0ede 1a
@0edf 07
@0ee0 05
@0ee1 f0
@0ee2 06
@0ee3 80
@0ee4 06
@0ee5 86
@0ee6 84
@0ee7 07
@0ee8 f0
@0ee9 08
@0eea f0
@0eeb 07
@0eec 0c
@0eed 07
@0eee 06
@0eef 07
@0ef0 05
@0ef1 c6
@0ef2 08
@0ef3 57
@0ef4 14
@0ef5 34
@0ef6 67
@0ef7 f7
@0ef8 0a
@0ef9 f7
@0efa 06
@0efb 04
@0efc 87
@0efd 97
@0efe d7
@0eff 52
@0f00 07
@0f01 05
@0f02 f0
@0f03 07
@0f04 05
@0f05 09
@0f06 f0
@0f07 07
@0f08 05
@0f09 f0
@0f0a 07
@0f0b 01
@0f0c 07
@0f0d d6
@0f0e 77
@0f0f 24
@0f10 77
@0f11 22
@0f12 54
@0f13 26
@0f14 20
@0f15 f6
@0f16 06
@0f17 74
@0f18 54
@0f19 97
@0f1a d5
@0f1b 17
@0f1c 94
@0f1d 14
@0f1e c5
@0f1f 06
@0f20 9e
@0f21 5e
@0f22 05
@0f23 96
@0f24 0e
@0f25 05
@0f26 98
@0f27 87
@0f28 04
@0f29 00
@0f2a 10
@0f2b 04
@0f2c 87
@0f2d 00
@0f2e 0c
@0f2f 06
@0f30 67
@0f31 05
@0f32 06
@0f33 06
@0f34 4e
@0f35 06
@0f36 86
@0f37 56
@0f38 17
@0f39 37
@0f3a 66
@0f3b 87
@0f3c 97
@0f3d 54
@0f3e 04
@0f3f 07
@0f40 00
@0f41 07
@0f42 f6
@0f43 07
@0f44 d7
@0f45 f7
@0f46 e7
@0f47 00
@0f48 04
@0f49 86
@0f4a 05
@0f4b 1e
@0f4c 82
@0f4d 05
@0f4e 82
@0f4f 1e
@0f50 04
@0f51 00
@0f52 8c
@0f53 05
@0f54 e7
@0f55 05
@0f56 05
@0f57 06
@0f58 4e
@0f59 06
@0f5a 06
@0f5b d5
@0f5c 97
@0f5d 37
@0f5e 66
@0f5f 07
@0f60 84
@0f61 f0
@0f62 06
@0f63 f6
@0f64 1c
@0f65 12
@0f66 88
@0f67 0c
@0f68 07
@0f69 17
@0f6a d8
@0f6b 07
@0f6c 57
@0f6d 87
@0f6e 77
@0f6f 04
@0f70 14
@0f71 07
@0f72 97
@0f73 74
@0f74 d7
@0f75 64
@0f76 95
@0f77 20
@0f78 65
@0f79 24
@0f7a 24
@0f7b 29
@0f7c 01
@0f7d 80
@0f7e 84
@0f7f 18
@0f80 87
@0f81 f0
@0f82 06
@0f83 88
@0f84 87
@0f85 57
@0f86 84
@0f87 f7
@0f88 0a
@0f89 f7
@0f8a 06
@0f8b 04
@0f8c 87
@0f8d 97
@0f8e 5c
@0f8f 04
@0f90 07
@0f91 0e
@0f92 07
@0f93 d7
@0f94 07
@0f95 f7
@0f96 f0
@0f97 50
@0f98 92
@0f99 04
@0f9a 05
@0f9b 98
@0f9c 87
@0f9d 04
@0f9e 00
@0f9f 06
@0fa0 06
@0fa1 06
@0fa2 06
@0fa3 4e
@0fa4 06
@0fa5 86
@0fa6 56
@0fa7 17
@0fa8 37
@0fa9 66
@0faa 87
@0fab 97
@0fac 56
@0fad 09
@0fae 09
@0faf f9
@0fb0 00
@0fb1 06
@0fb2 04
@0fb3 06
@0fb4 67
@0fb5 05
@0fb6 f0
@0fb7 0e
@0fb8 86
@0fb9 16
@0fba 84
@0fbb 05
@0fbc 18
@0fbd 07
@0fbe 84
@0fbf f0
@0fc0 08
@0fc1 10
@0fc2 84
@0fc3 f0
@0fc4 05
@0fc5 8a
@0fc6 05
@0fc7 e7
@0fc8 05
@0fc9 08
@0fca 06
@0fcb 4e
@0fcc 06
@0fcd 06
@0fce d8
@0fcf 97
@0fd0 37
@0fd1 66
@0fd2 07
@0fd3 84
@0fd4 84
@0fd5 f0
@0fd6 06
@0fd7 f6
@0fd8 9e
@0fd9 12
@0fda 94
@0fdb 04
@0fdc 08
@0fdd 84
@0fde 57
@0fdf 07
@0fe0 10
@0fe1 8e
@0fe2 07
@0fe3 00
@0fe4 02
@0fe5 86
@0fe6 96
@0fe7 5c
@0fe8 07
@0fe9 84
@0fea 04
@0feb 8a
@0fec f0
@0fed 87
@0fee 90
@0fef 07
@0ff0 04
@0ff1 f0
@0ff2 9a
@0ff3 04
@0ff4 04
@0ff5 07
@0ff6 f0
@0ff7 89
@0ff8 16
@0ff9 d2
@0ffa 09
@0ffb 84
@0ffc 05
@0ffd 00
@0ffe 05
@0fff 19
@1000 4a
@1001 05
@1002 05
@1003 07
@1004 07
@1005 57
@1006 19
@1007 39
@1008 e7
@1009 f0
@100a 14
@100b 04
@100c f0
@100d 07
@100e 87
@100f 04
@1010 77
@1011 f0
@1012 07
@1013 f0
@1014 84
@1015 04
@1016 f0
@1017 84
@1018 07
@1019 f0
@101a 01
@101b 26
@101c 24
@101d 22
@101e 07
@101f 04
@1020 57
@1021 44
@1022 04
@1023 54
@1024 05
@1025 00
@1026 07
@1027 87
@1028 07
@1029 40
@102a 06
@102b 02
@102c 05
@102d 14
@102e 14
@102f 54
@1030 97
@1031 20
@1032 e7
@1033 24
@1034 95
@1035 e5
@1036 24
@1037 01
@1038 80
@1039 07
@103a 54
@103b 07
@103c 06
@103d 17
@103e 86
@103f 37
@1040 54
@1041 67
@1042 04
@1043 04
@1044 76
@1045 74
@1046 82
@1047 77
@1048 06
@1049 0c
@104a 04
@104b 16
@104c 57
@104d d4
@104e 04
@104f 07
@1050 04
@1051 87
@1052 74
@1053 f0
@1054 07
@1055 17
@1056 f0
@1057 54
@1058 f0
@1059 04
@105a 04
@105b f0
@105c 07
@105d f0
@105e 06
@105f 05
@1060 f6
@1061 84
@1062 05
@1063 d5
@1064 16
@1065 96
@1066 80
@1067 40
@1068 c6
@1069 86
@106a 05
@106b 05
@106c 0c
@106d 06
@106e 7a
@106f 58
@1070 16
@1071 96
@1072 6a
@1073 05
@1074 e6
@1075 85
@1076 65
@1077 d6
@1078 56
@1079 96
@107a 80
@107b 82
@107c f0
@107d 85
@107e 80
@107f 05
@1080 48
@1081 05
@1082 f0
@1083 05
@1084 82
@1085 f0
@1086 05
@1087 80
@1088 82
@1089 ca
@108a 4c
@108b f0
@108c 85
@108d 80
@108e 05
@108f 58
@1090 05
@1091 f0
@1092 05
@1093 80
@1094 07
@1095 7a
@1096 37
@1097 b7
@1098 97
@1099 07
@109a 06
@109b 86
@109c 55
@109d 07
@109e 87
@109f c5
@10a0 85
@10a1 80
@10a2 07
@10a3 07
@10a4 7a
@10a5 07
@10a6 f0
@8000 00
@8001 00
@8002 00
@8003 00
@8004 00
@8005 00
@8006 00
@8007 00
@8008 00
@8009 00
@800a 00
@800b 01
@800c 01
@800d 00
@800e 00
@800f 00
@8010 17
@8011 16
@8012 18
@8013 18
@8014 18
@8015 18
@8016 18
@8017 18
@8018 18
@8019 16
@801a 18
@801b 18
@801c 18
@801d 16
@801e 18
@801f 18
@8020 17
@8021 18
@8022 18
@8023 18
@8024 18
@8025 16
@8026 1f
@8027 1f
@8028 1f
@8029 1f
@802a 1f
@802b 1f
@802c 1f
@802d 1f
@802e 1f
@802f 1f
@8030 1f
@8031 1f
@8032 1f
@8033 1f
@8034 1f
@8035 1f
@8036 1e
@8037 1f
@8038 1e
@8039 1e
@803a 1e
@803b 1e
@803c 1e
@803d 1e
@803e 1e
@803f 1e
@8040 1f
@8041 1f
@8042 1f
@8043 1f
@8044 1f
@8045 1f
@8046 1f
@8047 1f
@8048 1f
@8049 1f
@804a 1f
@804b 1f
@804c 1f
@804d 1f
@804e 1f
@804f 1f
@8050 1f
@8051 1f
@8052 1f
@8053 1f
@8054 1f
@8055 1f
@8056 1f
@8057 1f
@8058 1f
@8059 1f
@805a 1f
@805b 1f
@805c 1f
@805d 1f
@805e 1f
@805f 1f
@8060 1f
@8061 1f
@8062 1f
@8063 1f
@8064 1f
@8065 1f
@8066 1f
@8067 1e
@8068 1e
@8069 1e
@806a 1e
@806b 1e
@806c 1e
@806d 1e
@806e 1e
@806f 1e
@8070 1e
@8071 1e
@8072 1e
@8073 1e
@8074 1e
@8075 1f
@8076 1f
@8077 1f
@8078 1f
@8079 1f
@807a 1f
@807b 1f
@807c 1f
@807d 1f
@807e 1f
@807f 1f
@8080 1f
@8081 01
@8082 03
@8083 04
@8084 04
@8085 05
@8086 05
@8087 05
@8088 05
@8089 06
@808a 06
@808b 06
@808c 06
@808d 06
@808e 06
@808f 06
@8090 06
@8091 07
@8092 07
@8093 07
@8094 07
@8095 07
@8096 07
@8097 07
@8098 07
@8099 07
@809a 07
@809b 07
@809c 07
@809d 07
@809e 07
@809f 07
@80a0 07
@80a1 08
@80a2 08
@80a3 08
@80a4 08
@80a5 08
@80a6 08
@80a7 08
@80a8 08
@80a9 08
@80aa 08
@80ab 08
@80ac 08
@80ad 08
@80ae 08
@80af 08
@80b0 08
@80b1 08
@80b2 08
@80b3 08
@80b4 08
@80b5 08
@80b6 08
@80b7 08
@80b8 08
@80b9 08
@80ba 08
@80bb 08
@80bc 08
@80bd 08
@80be 08
@80bf 08
@80c0 08
@80c1 65
@80c2 65
@80c3 6c
@80c4 69
@80c5 00
@80c6 61
@80c7 20
@80c8 64
@80c9 3d
@80ca 20
@80cb 25
@80cc 64
@80cd 64
@80ce 6c
@80cf 20
@80d0 20
@80d1 64
@80d2 3d
@80d3 20
@80d4 74
@80d5 65
@80d6 64
@80d7 72
@80d8 20
@80d9 20
@80da 20
@80db 73
@80dc 6c
@80dd 20
@80de 6c
@80df 76
@80e0 6e
@80e1 6e
@80e2 6f
@80e3 73
@80e4 20
@80e5 65
@80e6 6f
@80e7 2e
@80e8 41
@80e9 72
@80ea 6c
@80eb 69
@80ec 25
@80ed 9e
@80ee 5d
@80ef 00
@80f0 52
@80f1 4c
@80f2 20
@80f3 63
@80f4 65
@80f5 25
@80f6 6e
@80f7 2c
@80f8 20
@80f9 63
@80fa 00
@80fb 00
@80fc 00
@80fd 7a
@80fe 7c
@80ff 0c
@8100 00
@8101 00
@8102 24
@8103 06
@8104 44
@8105 89
@8106 81
@8107 92
@8108 95
@8109 97
@810a 99
@810b 03
@810c c1
@810d c9
@810e d3
@810f d5
@8110 d7
@8111 d9
@8112 0e
@8113 00
@8114 00
@8115 00
@8116 2a
@8117 05
@8118 44
@8119 89
@811a 88
@811b 93
@811c 95
@811d 97
@811e 99
@811f 9b
@8120 01
@8121 c8
@8122 d2
@8123 d4
@8124 d6
@8125 d8
@8126 da
@8127 0e
@8128 00
@8400 00
@8401 43
@8402 28
@8403 36
@8404 66
@8405 20
@8406 32
@8407 00
@8408 18
@8409 18
@840a 00
@840b 00
@840c 00
@840d 10
@840e 19
@840f 1a
@8410 00
@8411 00
@8412 00
@8413 00
@8414 00
@8415 00
@8416 00
@8417 00
@8418 00
@8419 00
@841a 00
@841b 00
@841c 00
@841d 00
@841e 00
@841f 00
@8420 00
@8421 00
@8422 00
@8423 00
@8424 00
@8425 00
@8426 00
@8427 00
@8428 00
@8429 00
@842a 00
@842b 00
@842c 00
@842d 00
@842e 00
@842f 00
@8430 00
@8431 00
@8432 00
@8433 00
@8434 00
@8435 00
@8436 00
@8437 00
@8438 00
@8439 00
@843a 00
@843b 00
@843c 00
@843d 00
@843e 00
@843f 00
@8440 00
@8441 00
@8442 00
@8443 00
@8444 00
@8445 00
@8446 00
@8447 00
@8448 00
@8449 00
@844a 00
@844b 00
@844c 00
@844d 00
@844e 00
@844f 00
@8450 00
@8451 00
@8452 00
@8453 00
@8800 00
@8801 00
@8802 00
@8803 00
@8804 00
@8805 00
@8806 00
@8807 00
@8808 00
@8809 00
@880a 00
@880b 00
@880c 00
@880d 00
@880e 00
@880f 00
@8810 00
@8811 00
@8812 00
@8813 00
@8814 00
@8815 00
@8816 00
@8817 00
@8818 00
@8819 00
@881a 00
@881b 00
@881c 00
@881d 00
@881e 00
@881f 00
@8820 00
@8821 00
@8822 00
@8823 00
@8824 00
@8825 00
@8826 00
@8827 00
@8828 00
@8829 00
@882a 00
@882b 00
@882c 00
@882d 00
@882e 00
@882f 00
@8830 00
@8831 00
@8832 00
@8833 00
@8834 00
@8835 00
@8836 00
@8837 00
@8838 00
@8839 00
@883a 00
@883b 00
@883c 00
@883d 00
@883e 00
@883f 00
@8840 00
@8841 00
@8842 00
@8843 00
@8844 00
@8845 00
@8846 00
@8847 00
@8848 00
@8849 00
@884a 00
@884b 00
@884c 00
@884d 00
@884e 00
@884f 00
@8850 00
@8851 00
@8852 00
@8853 00
@8854 00
@8855 00
@8856 00
@8857 00
@8858 00
@8859 00
@885a 00
@885b 00
@885c 00
@885d 00
@885e 00
@885f 00
@8860 00
@8861 00
@8862 00
@8863 00
@8864 00
@8865 00
@8866 00
@8867 00
@8868 00
@8869 00
@886a 00
@886b 00
@886c 00
@886d 00
@886e 00
@886f 00
@8870 00
@8871 00
@8872 00
@8873 00
@8874 00
@8875 00
@8876 00
@8877 00
@8878 00
@8879 00
@887a 00
@887b 00
@887c 00
@887d 00
@887e 00
@887f 00
@8880 00
@8881 00
@8882 00
@8883 00
@8884 00
@8885 00
@8886 00
@8887 00
@8888 00
@8889 00
@888a 00
@888b 00
@888c 00
@888d 00
@888e 00
@888f 00
@8890 00
@8891 00
@8892 00
@8893 00
@8894 00
@8895 00
@8896 00
@8897 00
@8898 00
@8899 00
@889a 00
@889b 00
@889c 00
@889d 00
@889e 00
@889f 00
@88a0 00
@88a1 00
@88a2 00
@88a3 00
@88a4 00
@88a5 00
@88a6 00
@88a7 00
@88a8 00
@88a9 00
@88aa 00
@88ab 00
@88ac 00
@88ad 00
@88ae 00
@88af 00
@88b0 00
@88b1 00
@88b2 00
@88b3 00
@88b4 00
@88b5 00
@88b6 00
@88b7 00
@88b8 00
@88b9 00
@88ba 00
@88bb 00
@88bc 00
@88bd 00
@88be 00
@88bf 00
@88c0 00
@88c1 00
@88c2 00
@88c3 00
@88c4 00
@88c5 00
@88c6 00
@88c7 00
@88c8 00
@88c9 00
@88ca 00
@88cb 00
@88cc 00
@88cd 00
@88ce 00
@88cf 00
@88d0 00
@88d1 00
@88d2 00
@88d3 00
@88d4 00
@88d5 00
@88d6 00
@88d7 00
@88d8 00
@88d9 00
@88da 00
@88db 00
@88dc 00
@88dd 00
@88de 00
@88df 00
@88e0 00
@88e1 00
@88e2 00
@88e3 00
@88e4 00
@88e5 00
@88e6 00
@88e7 00
@88e8 00
@88e9 00
@88ea 00
@88eb 00
@88ec 00
@88ed 00
@88ee 00
@88ef 00
@88f0 00
@88f1 00
@88f2 00
@88f3 00
@88f4 00
@88f5 00
@88f6 00
@88f7 00
@88f8 00
@88f9 00
@88fa 00
@88fb 00
@88fc 00
@88fd 00
@88fe 00
@88ff 00
@8900 00
@8901 00
@8902 00
@8903 00
@8904 00
@8905 00
@8906 00
@8907 00
@8908 00
@8909 00
@890a 00
@890b 00
@890c 00
@890d 00
@890e 00
@890f 00
@8910 00
@8911 00
@8912 00
@8913 00
@8914 00
@8915 00
@8916 00
@8917 00
@8918 00
@8919 00
@891a 00
@891b 00
@891c 00
@891d 00
@891e 00
@891f 00
@8920 00
@8921 00
@8922 00
@8923 00
@8924 00
@8925 00
@8926 00
@8927 00
@8928 00
@8929 00
@892a 00
@892b 00
@892c 00
@892d 00
@892e 00
@892f 00
@8930 00
@8931 00
@8932 00
@8933 00
@8934 00
@8935 00
@8936 00
@8937 00
@8938 00
@8939 00
@893a 00
@893b 00
@893c 00
@893d 00
@893e 00
@893f 00
@8940 00
@8941 00
@8942 00
@8943 00
@8944 00
@8945 00
@8946 00
@8947 00
@8948 00
@8949 00
@894a 00
@894b 00
@894c 00
@894d 00
@894e 00
@894f 00
@8950 00
@8951 00
@8952 00
@8953 00
@8954 00
@8955 00
@8956 00
@8957 00
@8958 00
@8959 00
@895a 00
@895b 00
@895c 00
@895d 00
@895e 00
@895f 00
@8960 00
@8961 00
@8962 00
@8963 00
@8964 00
@8965 00
@8966 00
@8967 00
@8968 00
@8969 00
@896a 00
@896b 00
@896c 00
@896d 00
@896e 00
@896f 00
@8970 00
@8971 00
@8972 00
@8973 00
@8974 00
@8975 00
@8976 00
@8977 00
@8978 00
@8979 00
@897a 00
@897b 00
@897c 00
@897d 00
@897e 00
@897f 00
@8980 00
@8981 00
@8982 00
@8983 00
@8984 00
@8985 00
@8986 00
@8987 00
@8988 00
@8989 00
@898a 00
@898b 00
@898c 00
@898d 00
@898e 00
@898f 00
@8990 00
@8991 00
@8992 00
@8993 00
@8994 00
@8995 00
@8996 00
@8997 00
@8998 00
@8999 00
@899a 00
@899b 00
@899c 00
@899d 00
@899e 00
@899f 00
@89a0 00
@89a1 00
@89a2 00
@89a3 00
@89a4 00
@89a5 00
@89a6 00
@89a7 00
@89a8 00
@89a9 00
@89aa 00
@89ab 00
@89ac 00
@89ad 00
@89ae 00
@89af 00
@89b0 00
@89b1 00
@89b2 00
@89b3 00
@89b4 00
@89b5 00
@89b6 00
@89b7 00
@89b8 00
@89b9 00
@89ba 00
@89bb 00
@89bc 00
@89bd 00
@89be 00
@89bf 00
@89c0 00
@89c1 00
@89c2 00
@89c3 00
@89c4 00
@89c5 00
@89c6 00
@89c7 00
@89c8 00
@89c9 00
@89ca 00
@89cb 00
@89cc 00
@89cd 00
@89ce 00
@89cf 00
@89d0 00
@89d1 00
@89d2 00
@89d3 00
@89d4 00
@89d5 00
@89d6 00
@89d7 00
@89d8 00
@89d9 00
@89da 00
@89db 00
@89dc 00
@89dd 00
@89de 00
@89df 00
@89e0 00
@89e1 00
@89e2 00
@89e3 00
@89e4 00
@89e5 00
@89e6 00
@89e7 00
@89e8 00
@89e9 00
@89ea 00
@89eb 00
@89ec 00
@89ed 00
@89ee 00
@89ef 00
@89f0 00
@89f1 00
@89f2 00
@89f3 00
@89f4 00
@89f5 00
@89f6 00
@89f7 00
@89f8 00
@89f9 00
@89fa 00
@89fb 00
@89fc 00
@89fd 00
@89fe 00
@89ff 00
@8a00 00
@8a01 00
@8a02 00
@8a03 00
@8a04 00
@8a05 00
@8a06 00
@8a07 00
@8a08 00
@8a09 00
@8a0a 00
@8a0b 00
@8a0c 00
@8a0d 00
@8a0e 00
@8a0f 00
@8a10 00
@8a11 00
@8a12 00
@8a13 00
@8a14 00
@8a15 00
@8a16 00
@8a17 00
@8a18 00
@8a19 00
@8a1a 00
@8a1b 00
@8a1c 00
@8a1d 00
@8a1e 00
@8a1f 00
@8a20 00
@8a21 00
@8a22 00
@8a23 00
@8a24 00
@8a25 00
@8a26 00
@8a27 00
@8a28 00
@8a29 00
@8a2a 00
@8a2b 00
@8a2c 00
@8a2d 00
@8a2e 00
@8a2f 00
@8a30 00
@8a31 00
@8a32 00
@8a33 00
@8a34 00
@8a35 00
@8a36 00
@8a37 00
@8a38 00
@8a39 00
@8a3a 00
@8a3b 00
@8a3c 00
@8a3d 00
@8a3e 00
@8a3f 00
@8a40 00
@8a41 00
@8a42 00
@8a43 00
@8a44 00
@8a45 00
@8a46 00
@8a47 00
@8a48 00
@8a49 00
@8a4a 00
@8a4b 00
@8a4c 00
@8a4d 00
@8a4e 00
@8a4f 00
@8a50 00
@8a51 00
@8a52 00
@8a53 00
@8a54 00
@8a55 00
@8a56 00
@8a57 00
@8a58 00
@8a59 00
@8a5a 00
@8a5b 00
@8a5c 00
@8a5d 00
@8a5e 00
@8a5f 00
@8a60 00
@8a61 00
@8a62 00
@8a63 00
@8a64 00
@8a65 00
@8a66 00
@8a67 00
@8a68 00
@8a69 00
@8a6a 00
@8a6b 00
@8a6c 00
@8a6d 00
@8a6e 00
@8a6f 00
@8a70 00
@8a71 00
@8a72 00
@8a73 00
@8a74 00
@8a75 00
@8a76 00
@8a77 00
@8a78 00
@8a79 00
@8a7a 00
@8a7b 00
@8a7c 00
@8a7d 00
@8a7e 00
@8a7f 00
@8a80 00
@8a81 00
@8a82 00
@8a83 00
@8a84 00
@8a85 00
@8a86 00
@8a87 00
@8a88 00
@8a89 00
@8a8a 00
@8a8b 00
@8a8c 00
@8a8d 00
@8a8e 00
@8a8f 00
@8a90 00
@8a91 00
@8a92 00
@8a93 00
@8a94 00
@8a95 00
@8a96 00
@8a97 00
@8a98 00
@8a99 00
@8a9a 00
@8a9b 00
@8a9c 00
@8a9d 00
@8a9e 00
@8a9f 00
@8aa0 00
@8aa1 00
@8aa2 00
@8aa3 00
@8aa4 00
@8aa5 00
@8aa6 00
@8aa7 00
@8aa8 00
@8aa9 00
@8aaa 00
@8aab 00
@8aac 00
@8aad 00
@8aae 00
@8aaf 00
@8ab0 00
@8ab1 00
@8ab2 00
@8ab3 00
@8ab4 00
@8ab5 00
@8ab6 00
@8ab7 00
@8ab8 00
@8ab9 00
@8aba 00
@8abb 00
@8abc 00
@8abd 00
@8abe 00
@8abf 00
@8ac0 00
@8ac1 00
@8ac2 00
@8ac3 00
@8ac4 00
@8ac5 00
@8ac6 00
@8ac7 00
@8ac8 00
@8ac9 00
@8aca 00
@8acb 00
@8acc 00
@8acd 00
@8ace 00
@8acf 00
@8ad0 00
@8ad1 00
@8ad2 00
@8ad3 00
@8ad4 00
@8ad5 00
@8ad6 00
@8ad7 00
@8ad8 00
@8ad9 00
@8ada 00
@8adb 00
@8adc 00
@8add 00
@8ade 00
@8adf 00
@8ae0 00
@8ae1 00
@8ae2 00
@8ae3 00
@8ae4 00
@8ae5 00
@8ae6 00
@8ae7 00
@8ae8 00
@8ae9 00
@8aea 00
@8aeb 00
@8aec 00
@8aed 00
@8aee 00
@8aef 00
@8af0 00
@8af1 00
@8af2 00
@8af3 00
@8af4 00
@8af5 00
@8af6 00
@8af7 00
@8af8 00
@8af9 00
@8afa 00
@8afb 00
@8afc 00
@8afd 00
@8afe 00
@8aff 00
@8b00 00
@8b01 00
@8b02 00
@8b03 00
@8b04 00
@8b05 00
@8b06 00
@8b07 00
@8b08 00
@8b09 00
@8b0a 00
@8b0b 00
@8b0c 00
@8b0d 00
@8b0e 00
@8b0f 00
@8b10 00
@8b11 00
@8b12 00
@8b13 00
@8b14 00
@8b15 00
@8b16 00
@8b17 00
@8b18 00
@8b19 00
@8b1a 00
@8b1b 00
@8b1c 00
@8b1d 00
@8b1e 00
@8b1f 00
@8b20 00
@8b21 00
@8b22 00
@8b23 00
@8b24 00
@8b25 00
@8b26 00
@8b27 00
@8b28 00
@8b29 00
@8b2a 00
@8b2b 00
@8b2c 00
@8b2d 00
@8b2e 00
@8b2f 00
@8b30 00
@8b31 00
@8b32 00
@8b33 00
@8b34 00
@8b35 00
@8b36 00
@8b37 00
@8b38 00
@8b39 00
@8b3a 00
@8b3b 00
@8b3c 00
@8b3d 00
@8b3e 00
@8b3f 00
@8b40 00
@8b41 00
@8b42 00
@8b43 00
@8b44 00
@8b45 00
@8b46 00
@8b47 00
@8b48 00
@8b49 00
@8b4a 00
@8b4b 00
@8b4c 00
@8b4d 00
@8b4e 00
@8b4f 00
@8b50 00
@8b51 00
@8b52 00
@8b53 00
@8b54 00
@8b55 00
@8b56 00
@8b57 00
@8b58 00
@8b59 00
@8b5a 00
@8b5b 00
@8b5c 00
@8b5d 00
@8b5e 00
@8b5f 00
@8b60 00
@8b61 00
@8b62 00
@8b63 00
@8b64 00
@8b65 00
@8b66 00
@8b67 00
@8b68 00
@8b69 00
@8b6a 00
@8b6b 00
@8b6c 00
@8b6d 00
@8b6e 00
@8b6f 00
@8b70 00
@8b71 00
@8b72 00
@8b73 00
@8b74 00
@8b75 00
@8b76 00
@8b77 00
@8b78 00
@8b79 00
@8b7a 00
@8b7b 00
@8b7c 00
@8b7d 00
@8b7e 00
@8b7f 00
@8b80 00
@8b81 00
@8b82 00
@8b83 00
@8b84 00
@8b85 00
@8b86 00
@8b87 00
@8b88 00
@8b89 00
@8b8a 00
@8b8b 00
@8b8c 00
@8b8d 00
@8b8e 00
@8b8f 00
@8b90 00
@8b91 00
@8b92 00
@8b93 00
@8b94 00
@8b95 00
@8b96 00
@8b97 00
@8b98 00
@8b99 00
@8b9a 00
@8b9b 00
@8b9c 00
@8b9d 00
@8b9e 00
@8b9f 00
@8ba0 00
@8ba1 00
@8ba2 00
@8ba3 00
@8ba4 00
@8ba5 00
@8ba6 00
@8ba7 00
@8ba8 00
@8ba9 00
@8baa 00
@8bab 00
@8bac 00
@8bad 00
@8bae 00
@8baf 00
@8bb0 00
@8bb1 00
@8bb2 00
@8bb3 00
@8bb4 00
@8bb5 00
@8bb6 00
@8bb7 00
@8bb8 00
@8bb9 00
@8bba 00
@8bbb 00
@8bbc 00
@8bbd 00
@8bbe 00
@8bbf 00
@8bc0 00
@8bc1 00
@8bc2 00
@8bc3 00
@8bc4 00
@8bc5 00
@8bc6 00
@8bc7 00
@8bc8 00
@8bc9 00
@8bca 00
@8bcb 00
@8bcc 00
@8bcd 00
@8bce 00
@8bcf 00
@8bd0 00
@8bd1 00
@8bd2 00
@8bd3 00
@8bd4 00
@8bd5 00
@8bd6 00
@8bd7 00
@8bd8 00
@8bd9 00
@8bda 00
@8bdb 00
@8bdc 00
@8bdd 00
@8bde 00
@8bdf 00
@8be0 00
@8be1 00
@8be2 00
@8be3 00
@8be4 00
@8be5 00
@8be6 00
@8be7 00
@8be8 00
@8be9 00
@8bea 00
@8beb 00
@8bec 00
@8bed 00
@8bee 00
@8bef 00
@8bf0 00
@8bf1 00
@8bf2 00
@8bf3 00
@8bf4 00
@8bf5 00
@8bf6 00
@8bf7 00
@8bf8 00
@8bf9 00
@8bfa 00
@8bfb 00
@8bfc 00
@8bfd 00
@8bfe 00
@8bff 00
@8c00 00
@8c01 00
@8c02 00
@8c03 00
@8c04 00
@8c05 00
@8c06 00
@8c07 00
@8c08 00
@8c09 00
@8c0a 00
@8c0b 00
@8c0c 00
@8c0d 00
@8c0e 00
@8c0f 00
@8c10 00
@8c11 00
@8c12 00
@8c13 00
@8c14 00
@8c15 00
@8c16 00
@8c17 00
@8c18 00
@8c19 00
@8c1a 00
@8c1b 00
@8c1c 00
@8c1d 00
@8c1e 00
@8c1f 00
@8c20 00
@8c21 00
@8c22 00
@8c23 00
@8c24 00
@8c25 00
@8c26 00
@8c27 00
@8c28 00
@8c29 00
@8c2a 00
@8c2b 00
@8c2c 00
@8c2d 00
@8c2e 00
@8c2f 00
@8c30 00
@8c31 00
@8c32 00
@8c33 00
@8c34 00
@8c35 00
@8c36 00
@8c37 00
@8c38 00
@8c39 00
@8c3a 00
@8c3b 00
@8c3c 00
@8c3d 00
@8c3e 00
@8c3f 00
@8c40 00
@8c41 00
@8c42 00
@8c43 00
@8c44 00
@8c45 00
@8c46 00
@8c47 00
@8c48 00
@8c49 00
@8c4a 00
@8c4b 00
@8c4c 00
@8c4d 00
@8c4e 00
@8c4f 00
@8c50 00
@8c51 00
@8c52 00
@8c53 00
@8c54 00
@8c55 00
@8c56 00
@8c57 00
@8c58 00
@8c59 00
@8c5a 00
@8c5b 00
@8c5c 00
@8c5d 00
@8c5e 00
@8c5f 00
@8c60 00
@8c61 00
@8c62 00
@8c63 00
@8c64 00
@8c65 00
@8c66 00
@8c67 00
@8c68 00
@8c69 00
@8c6a 00
@8c6b 00
@8c6c 00
@8c6d 00
@8c6e 00
@8c6f 00
@8c70 00
@8c71 00
@8c72 00
@8c73 00
@8c74 00
@8c75 00
@8c76 00
@8c77 00
@8c78 00
@8c79 00
@8c7a 00
@8c7b 00
@8c7c 00
@8c7d 00
@8c7e 00
@8c7f 00
@8c80 00
@8c81 00
@8c82 00
@8c83 00
@8c84 00
@8c85 00
@8c86 00
@8c87 00
@8c88 00
@8c89 00
@8c8a 00
@8c8b 00
@8c8c 00
@8c8d 00
@8c8e 00
@8c8f 00
@8c90 00
@8c91 00
@8c92 00
@8c93 00
@8c94 00
@8c95 00
@8c96 00
@8c97 00
@8c98 00
@8c99 00
@8c9a 00
@8c9b 00
@8c9c 00
@8c9d 00
@8c9e 00
@8c9f 00
@8ca0 00
@8ca1 00
@8ca2 00
@8ca3 00
@8ca4 00
@8ca5 00
@8ca6 00
@8ca7 00
@8ca8 00
@8ca9 00
@8caa 00
@8cab 00
@8cac 00
@8cad 00
@8cae 00
@8caf 00
@8cb0 00
@8cb1 00
@8cb2 00
@8cb3 00
@8cb4 00
@8cb5 00
@8cb6 00
@8cb7 00
@8cb8 00
@8cb9 00
@8cba 00
@8cbb 00
@8cbc 00
@8cbd 00
@8cbe 00
@8cbf 00
@8cc0 00
@8cc1 00
@8cc2 00
@8cc3 00
@8cc4 00
@8cc5 00
@8cc6 00
@8cc7 00
@8cc8 00
@8cc9 00
@8cca 00
@8ccb 00
@8ccc 00
@8ccd 00
@8cce 00
@8ccf 00
@8cd0 00
@8cd1 00
@8cd2 00
@8cd3 00
@8cd4 00
@8cd5 00
@8cd6 00
@8cd7 00
@8cd8 00
@8cd9 00
@8cda 00
@8cdb 00
@8cdc 00
@8cdd 00
@8cde 00
@8cdf 00
@8ce0 00
@8ce1 00
@8ce2 00
@8ce3 00
@8ce4 00
@8ce5 00
@8ce6 00
@8ce7 00
@8ce8 00
@8ce9 00
@8cea 00
@8ceb 00
@8cec 00
@8ced 00
@8cee 00
@8cef 00
@8cf0 00
@8cf1 00
@8cf2 00
@8cf3 00
@8cf4 00
@8cf5 00
@8cf6 00
@8cf7 00
@8cf8 00
@8cf9 00
@8cfa 00
@8cfb 00
@8cfc 00
@8cfd 00
@8cfe 00
@8cff 00
@8d00 00
@8d01 00
@8d02 00
@8d03 00
@8d04 00
@8d05 00
@8d06 00
@8d07 00
@8d08 00
@8d09 00
@8d0a 00
@8d0b 00
@8d0c 00
@8d0d 00
@8d0e 00
@8d0f 00
@8d10 00
@8d11 00
@8d12 00
@8d13 00
@8d14 00
@8d15 00
@8d16 00
@8d17 00
@8d18 00
@8d19 00
@8d1a 00
@8d1b 00
@8d1c 00
@8d1d 00
@8d1e 00
@8d1f 00
@8d20 00
@8d21 00
@8d22 00
@8d23 00
@8d24 00
@8d25 00
@8d26 00
@8d27 00
@8d28 00
@8d29 00
@8d2a 00
@8d2b 00
@8d2c 00
@8d2d 00
@8d2e 00
@8d2f 00
@8d30 00
@8d31 00
@8d32 00
@8d33 00
@8d34 00
@8d35 00
@8d36 00
@8d37 00
@8d38 00
@8d39 00
@8d3a 00
@8d3b 00
@8d3c 00
@8d3d 00
@8d3e 00
@8d3f 00
@8d40 00
@8d41 00
@8d42 00
@8d43 00
@8d44 00
@8d45 00
@8d46 00
@8d47 00
@8d48 00
@8d49 00
@8d4a 00
@8d4b 00
@8d4c 00
@8d4d 00
@8d4e 00
@8d4f 00
@8d50 00
@8d51 00
@8d52 00
@8d53 00
@8d54 00
@8d55 00
@8d56 00
@8d57 00
@8d58 00
@8d59 00
@8d5a 00
@8d5b 00
@8d5c 00
@8d5d 00
@8d5e 00
@8d5f 00
@8d60 00
@8d61 00
@8d62 00
@8d63 00
@8d64 00
@8d65 00
@8d66 00
@8d67 00
@8d68 00
@8d69 00
@8d6a 00
@8d6b 00
@8d6c 00
@8d6d 00
@8d6e 00
@8d6f 00
@8d70 00
@8d71 00
@8d72 00
@8d73 00
@8d74 00
@8d75 00
@8d76 00
@8d77 00
@8d78 00
@8d79 00
@8d7a 00
@8d7b 00
@8d7c 00
@8d7d 00
@8d7e 00
@8d7f 00
@8d80 00
@8d81 00
@8d82 00
@8d83 00
@8d84 00
@8d85 00
@8d86 00
@8d87 00
@8d88 00
@8d89 00
@8d8a 00
@8d8b 00
@8d8c 00
@8d8d 00
@8d8e 00
@8d8f 00
@8d90 00
@8d91 00
@8d92 00
@8d93 00
@8d94 00
@8d95 00
@8d96 00
@8d97 00
@8d98 00
@8d99 00
@8d9a 00
@8d9b 00
@8d9c 00
@8d9d 00
@8d9e 00
@8d9f 00
@8da0 00
@8da1 00
@8da2 00
@8da3 00
@8da4 00
@8da5 00
@8da6 00
@8da7 00
@8da8 00
@8da9 00
@8daa 00
@8dab 00
@8dac 00
@8dad 00
@8dae 00
@8daf 00
@8db0 00
@8db1 00
@8db2 00
@8db3 00
@8db4 00
@8db5 00
@8db6 00
@8db7 00
@8db8 00
@8db9 00
@8dba 00
@8dbb 00
@8dbc 00
@8dbd 00
@8dbe 00
@8dbf 00
@8dc0 00
@8dc1 00
@8dc2 00
@8dc3 00
@8dc4 00
@8dc5 00
@8dc6 00
@8dc7 00
@8dc8 00
@8dc9 00
@8dca 00
@8dcb 00
@8dcc 00
@8dcd 00
@8dce 00
@8dcf 00
@8dd0 00
@8dd1 00
@8dd2 00
@8dd3 00
@8dd4 00
@8dd5 00
@8dd6 00
@8dd7 00
@8dd8 00
@8dd9 00
@8dda 00
@8ddb 00
@8ddc 00
@8ddd 00
@8dde 00
@8ddf 00
@8de0 00
@8de1 00
@8de2 00
@8de3 00
@8de4 00
@8de5 00
@8de6 00
@8de7 00
@8de8 00
@8de9 00
@8dea 00
@8deb 00
@8dec 00
@8ded 00
@8dee 00
@8def 00
@8df0 00
@8df1 00
@8df2 00
@8df3 00
@8df4 00
@8df5 00
@8df6 00
@8df7 00
@8df8 00
@8df9 00
@8dfa 00
@8dfb 00
@8dfc 00
@8dfd 00
@8dfe 00
@8dff 00
@8e00 00
@8e01 00
@8e02 00
@8e03 00
@8e04 00
@8e05 00
@8e06 00
@8e07 00
@8e08 00
@8e09 00
@8e0a 00
@8e0b 00
@8e0c 00
@8e0d 00
@8e0e 00
@8e0f 00
@8e10 00
@8e11 00
@8e12 00
@8e13 00
@8e14 00
@8e15 00
@8e16 00
@8e17 00
@8e18 00
@8e19 00
@8e1a 00
@8e1b 00
@8e1c 00
@8e1d 00
@8e1e 00
@8e1f 00
@8e20 00
@8e21 00
@8e22 00
@8e23 00
@8e24 00
@8e25 00
@8e26 00
@8e27 00
@8e28 00
@8e29 00
@8e2a 00
@8e2b 00
@8e2c 00
@8e2d 00
@8e2e 00
@8e2f 00
@8e30 00
@8e31 00
@8e32 00
@8e33 00
@8e34 00
@8e35 00
@8e36 00
@8e37 00
@8e38 00
@8e39 00
@8e3a 00
@8e3b 00
@8e3c 00
@8e3d 00
@8e3e 00
@8e3f 00
@8e40 00
@8e41 00
@8e42 00
@8e43 00
@8e44 00
@8e45 00
@8e46 00
@8e47 00
@8e48 00
@8e49 00
@8e4a 00
@8e4b 00
@8e4c 00
@8e4d 00
@8e4e 00
@8e4f 00
@8e50 00
@8e51 00
@8e52 00
@8e53 00
@8e54 00
@8e55 00
@8e56 00
@8e57 00
@8e58 00
@8e59 00
@8e5a 00
@8e5b 00
@8e5c 00
@8e5d 00
@8e5e 00
@8e5f 00
@8e60 00
@8e61 00
@8e62 00
@8e63 00
@8e64 00
@8e65 00
@8e66 00
@8e67 00
@8e68 00
@8e69 00
@8e6a 00
@8e6b 00
@8e6c 00
@8e6d 00
@8e6e 00
@8e6f 00
@8e70 00
@8e71 00
@8e72 00
@8e73 00
@8e74 00
@8e75 00
@8e76 00
@8e77 00
@8e78 00
@8e79 00
@8e7a 00
@8e7b 00
@8e7c 00
@8e7d 00
@8e7e 00
@8e7f 00
@8e80 00
@8e81 00
@8e82 00
@8e83 00
@8e84 00
@8e85 00
@8e86 00
@8e87 00
@8e88 00
@8e89 00
@8e8a 00
@8e8b 00
@8e8c 00
@8e8d 00
@8e8e 00
@8e8f 00
@8e90 00
@8e91 00
@8e92 00
@8e93 00
@8e94 00
@8e95 00
@8e96 00
@8e97 00
@8e98 00
@8e99 00
@8e9a 00
@8e9b 00
@8e9c 00
@8e9d 00
@8e9e 00
@8e9f 00
@8ea0 00
@8ea1 00
@8ea2 00
@8ea3 00
@8ea4 00
@8ea5 00
@8ea6 00
@8ea7 00
@8ea8 00
@8ea9 00
@8eaa 00
@8eab 00
@8eac 00
@8ead 00
@8eae 00
@8eaf 00
@8eb0 00
@8eb1 00
@8eb2 00
@8eb3 00
@8eb4 00
@8eb5 00
@8eb6 00
@8eb7 00
@8eb8 00
@8eb9 00
@8eba 00
@8ebb 00
@8ebc 00
@8ebd 00
@8ebe 00
@8ebf 00
@8ec0 00
@8ec1 00
@8ec2 00
@8ec3 00
@8ec4 00
@8ec5 00
@8ec6 00
@8ec7 00
@8ec8 00
@8ec9 00
@8eca 00
@8ecb 00
@8ecc 00
@8ecd 00
@8ece 00
@8ecf 00
@8ed0 00
@8ed1 00
@8ed2 00
@8ed3 00
@8ed4 00
@8ed5 00
@8ed6 00
@8ed7 00
@8ed8 00
@8ed9 00
@8eda 00
@8edb 00
@8edc 00
@8edd 00
@8ede 00
@8edf 00
@8ee0 00
@8ee1 00
@8ee2 00
@8ee3 00
@8ee4 00
@8ee5 00
@8ee6 00
@8ee7 00
@8ee8 00
@8ee9 00
@8eea 00
@8eeb 00
@8eec 00
@8eed 00
@8eee 00
@8eef 00
@8ef0 00
@8ef1 00
@8ef2 00
@8ef3 00
@8ef4 00
@8ef5 00
@8ef6 00
@8ef7 00
@8ef8 00
@8ef9 00
@8efa 00
@8efb 00
@8efc 00
@8efd 00
@8efe 00
@8eff 00
@8f00 00
@8f01 00
@8f02 00
@8f03 00
@8f04 00
@8f05 00
@8f06 00
@8f07 00
@8f08 00
@8f09 00
@8f0a 00
@8f0b 00
@8f0c 00
@8f0d 00
@8f0e 00
@8f0f 00
@8f10 00
@8f11 00
@8f12 00
@8f13 00
@8f14 00
@8f15 00
@8f16 00
@8f17 00
@8f18 00
@8f19 00
@8f1a 00
@8f1b 00
@8f1c 00
@8f1d 00
@8f1e 00
@8f1f 00
@8f20 00
@8f21 00
@8f22 00
@8f23 00
@8f24 00
@8f25 00
@8f26 00
@8f27 00
@8f28 00
@8f29 00
@8f2a 00
@8f2b 00
@8f2c 00
@8f2d 00
@8f2e 00
@8f2f 00
@8f30 00
@8f31 00
@8f32 00
@8f33 00
@8f34 00
@8f35 00
@8f36 00
@8f37 00
@8f38 00
@8f39 00
@8f3a 00
@8f3b 00
@8f3c 00
@8f3d 00
@8f3e 00
@8f3f 00
@8f40 00
@8f41 00
@8f42 00
@8f43 00
@8f44 00
@8f45 00
@8f46 00
@8f47 00
@8f48 00
@8f49 00
@8f4a 00
@8f4b 00
@8f4c 00
@8f4d 00
@8f4e 00
@8f4f 00
@8f50 00
@8f51 00
@8f52 00
@8f53 00
@8f54 00
@8f55 00
@8f56 00
@8f57 00
@8f58 00
@8f59 00
@8f5a 00
@8f5b 00
@8f5c 00
@8f5d 00
@8f5e 00
@8f5f 00
@8f60 00
@8f61 00
@8f62 00
@8f63 00
@8f64 00
@8f65 00
@8f66 00
@8f67 00
@8f68 00
@8f69 00
@8f6a 00
@8f6b 00
@8f6c 00
@8f6d 00
@8f6e 00
@8f6f 00
@8f70 00
@8f71 00
@8f72 00
@8f73 00
@8f74 00
@8f75 00
@8f76 00
@8f77 00
@8f78 00
@8f79 00
@8f7a 00
@8f7b 00
@8f7c 00
@8f7d 00
@8f7e 00
@8f7f 00
@8f80 00
@8f81 00
@8f82 00
@8f83 00
@8f84 00
@8f85 00
@8f86 00
@8f87 00
@8f88 00
@8f89 00
@8f8a 00
@8f8b 00
@8f8c 00
@8f8d 00
@8f8e 00
@8f8f 00
@8f90 00
@8f91 00
@8f92 00
@8f93 00
@8f94 00
@8f95 00
@8f96 00
@8f97 00
@8f98 00
@8f99 00
@8f9a 00
@8f9b 00
@8f9c 00
@8f9d 00
@8f9e 00
@8f9f 00
@8fa0 00
@8fa1 00
@8fa2 00
@8fa3 00
@8fa4 00
@8fa5 00
@8fa6 00
@8fa7 00
@8fa8 00
@8fa9 00
@8faa 00
@8fab 00
@8fac 00
@8fad 00
@8fae 00
@8faf 00
@8fb0 00
@8fb1 00
@8fb2 00
@8fb3 00
@8fb4 00
@8fb5 00
@8fb6 00
@8fb7 00
@8fb8 00
@8fb9 00
@8fba 00
@8fbb 00
@8fbc 00
@8fbd 00
@8fbe 00
@8fbf 00
@8fc0 00
@8fc1 00
@8fc2 00
@8fc3 00
@8fc4 00
@8fc5 00
@8fc6 00
@8fc7 00
@8fc8 00
@8fc9 00
@8fca 00
@8fcb 00
@8fcc 00
@8fcd 00
@8fce 00
@8fcf 00
@8fd0 00
@8fd1 00
@8fd2 00
@8fd3 00
@8fd4 00
@8fd5 00
@8fd6 00
@8fd7 00
@8fd8 00
@8fd9 00
@8fda 00
@8fdb 00
@8fdc 00
@8fdd 00
@8fde 00
@8fdf 00
@8fe0 00
@8fe1 00
@8fe2 00
@8fe3 00
@8fe4 00
@8fe5 00
@8fe6 00
@8fe7 00
@8fe8 00
@8fe9 00
@8fea 00
@8feb 00
@8fec 00
@8fed 00
@8fee 00
@8fef 00
@8ff0 00
@8ff1 00
@8ff2 00
@8ff3 00
@8ff4 00
@8ff5 00
@8ff6 00
@8ff7 00
@8ff8 00
@8ff9 00
@8ffa 00
@8ffb 00
@8ffc 00
@8ffd 00
@8ffe 00
@8fff 00
