/// elfFileName : main.out, Data Memory(byte #3)
@0400 00
@0401 00
@0402 00
@0403 05
@0404 00
@0405 ff
@0406 00
@0407 00
@0408 00
@0409 fe
@040a 7c
@040b 53
@040c 72
@040d 27
@040e 6c
@040f 10
@0410 fc
@0411 00
@0412 fe
@0413 00
@0414 00
@0415 00
@0416 01
@0417 01
@0418 01
@0419 01
@041a 08
@041b 00
@041c 1c
@041d 12
@041e 00
@041f 06
@0420 32
@0421 00
@0422 00
@0423 00
@0424 1c
@0425 10
@0426 fd
@0427 04
@0428 00
@0429 00
@042a 00
@042b fe
@042c 04
@042d 00
@042e 00
@042f fd
@0430 fd
@0431 01
@0432 01
@0433 01
@0434 01
@0435 00
@0436 00
@0437 00
@0438 02
@0439 00
@043a 00
@043b 06
@043c 06
@043d 00
@043e 00
@043f 32
@0440 00
@0441 9c
@0442 45
@0443 f6
@0444 ff
@0445 00
@0446 00
@0447 f2
@0448 00
@0449 01
@044a 00
@044b ff
@044c 00
@044d 00
@044e 00
@044f 01
@0450 00
@0451 00
@0452 00
@0453 06
@0454 00
@0455 56
@0456 04
@0457 00
@0458 01
@0459 00
@045a 40
@045b 40
@045c 00
@045d 01
@045e 00
@045f 00
@0460 00
@0461 06
@0462 00
@0463 00
@0464 00
@0465 00
@0466 00
@0467 00
@0468 fe
@0469 00
@046a 00
@046b 00
@046c 00
@046d 01
@046e 00
@046f 00
@0470 06
@0471 1f
@0472 f8
@0473 ff
@0474 00
@0475 00
@0476 00
@0477 01
@0478 00
@0479 1d
@047a f4
@047b 00
@047c 00
@047d 01
@047e 00
@047f 1e
@0480 f2
@0481 00
@0482 00
@0483 01
@0484 00
@0485 1f
@0486 f1
@0487 00
@0488 01
@0489 00
@048a ff
@048b 00
@048c 00
@048d 00
@048e 01
@048f 00
@0490 21
@0491 ee
@0492 00
@0493 00
@0494 01
@0495 00
@0496 23
@0497 ed
@0498 00
@0499 01
@049a 00
@049b ff
@049c 00
@049d 00
@049e 00
@049f 01
@04a0 00
@04a1 24
@04a2 ea
@04a3 00
@04a4 00
@04a5 01
@04a6 00
@04a7 25
@04a8 e8
@04a9 00
@04aa 01
@04ab 00
@04ac 00
@04ad ad
@04ae 32
@04af fc
@04b0 02
@04b1 02
@04b2 02
@04b3 03
@04b4 03
@04b5 03
@04b6 03
@04b7 03
@04b8 01
@04b9 01
@04ba 01
@04bb 01
@04bc 01
@04bd 00
@04be 00
@04bf 06
@04c0 00
@04c1 00
@04c2 11
@04c3 00
@04c4 0c
@04c5 ad
@04c6 06
@04c7 19
@04c8 02
@04c9 23
@04ca 00
@04cb ae
@04cc 0a
@04cd 06
@04ce 97
@04cf fc
@04d0 ac
@04d1 00
@04d2 04
@04d3 ae
@04d4 e7
@04d5 00
@04d6 cf
@04d7 00
@04d8 01
@04d9 00
@04da 04
@04db 00
@04dc 1b
@04dd ff
@04de 00
@04df ac
@04e0 04
@04e1 00
@04e2 04
@04e3 ae
@04e4 e9
@04e5 00
@04e6 cb
@04e7 00
@04e8 02
@04e9 04
@04ea 00
@04eb ff
@04ec 00
@04ed ac
@04ee 00
@04ef 28
@04f0 58
@04f1 00
@04f2 00
@04f3 ae
@04f4 00
@04f5 ad
@04f6 1a
@04f7 00
@04f8 ae
@04f9 00
@04fa 03
@04fb 00
@04fc 27
@04fd 5a
@04fe 00
@04ff 06
@0500 00
@0501 96
@0502 96
@0503 02
@0504 03
@0505 79
@0506 00
@0507 96
@0508 96
@0509 00
@050a 40
@050b 03
@050c 77
@050d 00
@050e 96
@050f 00
@0510 03
@0511 76
@0512 00
@0513 96
@0514 00
@0515 03
@0516 74
@0517 00
@0518 96
@0519 96
@051a 00
@051b 74
@051c 00
@051d 38
@051e 3a
@051f 12
@0520 2c
@0521 af
@0522 2f
@0523 ae
@0524 f4
@0525 00
@0526 00
@0527 00
@0528 00
@0529 e9
@052a 04
@052b 00
@052c 01
@052d 00
@052e 01
@052f 04
@0530 00
@0531 ac
@0532 01
@0533 00
@0534 00
@0535 ae
@0536 00
@0537 04
@0538 ae
@0539 00
@053a 03
@053b 3e
@053c 00
@053d 6b
@053e 02
@053f e2
@0540 00
@0541 00
@0542 9c
@0543 00
@0544 00
@0545 37
@0546 fc
@0547 00
@0548 00
@0549 af
@054a 00
@054b ad
@054c 00
@054d 29
@054e 40
@054f 00
@0550 67
@0551 00
@0552 b0
@0553 dd
@0554 00
@0555 04
@0556 ae
@0557 d1
@0558 00
@0559 ae
@055a 00
@055b 02
@055c 04
@055d 00
@055e ff
@055f af
@0560 00
@0561 ac
@0562 da
@0563 00
@0564 04
@0565 00
@0566 03
@0567 03
@0568 03
@0569 03
@056a 02
@056b 02
@056c 02
@056d 02
@056e 01
@056f 01
@0570 01
@0571 01
@0572 00
@0573 04
@0574 00
@0575 00
@0576 00
@0577 00
@0578 00
@0579 00
@057a 00
@057b fe
@057c 00
@057d 00
@057e 01
@057f 00
@0580 00
@0581 06
@0582 06
@0583 00
@0584 01
@0585 ff
@0586 00
@0587 06
@0588 04
@0589 00
@058a 00
@058b ff
@058c fe
@058d 01
@058e 01
@058f 00
@0590 00
@0591 04
@0592 00
@0593 04
@0594 03
@0595 00
@0596 01
@0597 01
@0598 00
@0599 02
@059a 00
@059b 00
@059c f8
@059d 01
@059e 00
@059f ff
@05a0 00
@05a1 00
@05a2 00
@05a3 f6
@05a4 fa
@05a5 01
@05a6 01
@05a7 fa
@05a8 00
@05a9 04
@05aa 05
@05ab 00
@05ac fa
@05ad fe
@05ae 00
@05af 00
@05b0 01
@05b1 01
@05b2 01
@05b3 00
@05b4 00
@05b5 00
@05b6 00
@05b7 04
@05b8 04
@05b9 00
@05ba 01
@05bb ff
@05bc 00
@05bd 00
@05be 04
@05bf 00
@05c0 00
@05c1 ff
@05c2 fe
@05c3 0e
@05c4 02
@05c5 0c
@05c6 01
@05c7 00
@05c8 0f
@05c9 00
@05ca fa
@05cb 41
@05cc 00
@05cd 10
@05ce ff
@05cf 00
@05d0 00
@05d1 01
@05d2 00
@05d3 00
@05d4 00
@05d5 01
@05d6 00
@05d7 01
@05d8 cc
@05d9 cc
@05da 02
@05db 00
@05dc ff
@05dd 00
@05de 40
@05df ff
@05e0 00
@05e1 41
@05e2 40
@05e3 00
@05e4 40
@05e5 40
@05e6 02
@05e7 cc
@05e8 cc
@05e9 02
@05ea 00
@05eb 02
@05ec 02
@05ed 00
@05ee 01
@05ef 00
@05f0 00
@05f1 00
@05f2 01
@05f3 00
@05f4 ff
@05f5 00
@05f6 00
@05f7 00
@05f8 40
@05f9 ed
@05fa 02
@05fb 00
@05fc 04
@05fd 02
@05fe 00
@05ff 01
@0600 00
@0601 00
@0602 01
@0603 00
@0604 41
@0605 00
@0606 10
@0607 ff
@0608 00
@0609 00
@060a 01
@060b 00
@060c 00
@060d 00
@060e 01
@060f 00
@0610 00
@0611 cc
@0612 cc
@0613 02
@0614 00
@0615 ff
@0616 00
@0617 40
@0618 ff
@0619 00
@061a 41
@061b 40
@061c 00
@061d 40
@061e 40
@061f 02
@0620 cc
@0621 cc
@0622 02
@0623 00
@0624 02
@0625 02
@0626 00
@0627 01
@0628 00
@0629 00
@062a 00
@062b 01
@062c 00
@062d 00
@062e 00
@062f 00
@0630 00
@0631 40
@0632 03
@0633 00
@0634 04
@0635 0f
@0636 00
@0637 01
@0638 01
@0639 01
@063a 00
@063b 00
@063c 02
@063d 00
@063e ff
@063f 00
@0640 00
@0641 00
@0642 00
@0643 02
@0644 00
@0645 00
@0646 04
@0647 00
@0648 00
@0649 ff
@064a fe
@064b 00
@064c 00
@064d 00
@064e 01
@064f 00
@0650 ff
@0651 00
@0652 fb
@0653 00
@0654 04
@0655 00
@0656 00
@0657 00
@0658 00
@0659 01
@065a 00
@065b ff
@065c 00
@065d 00
@065e 00
@065f 00
@0660 04
@0661 0f
@0662 00
@0663 00
@0664 00
@0665 00
@0666 01
@0667 00
@0668 f8
@0669 04
@066a 04
@066b 00
@066c 06
@066d 06
@066e 06
@066f 06
@0670 06
@0671 07
@0672 07
@0673 06
@0674 00
@0675 00
@0676 30
@0677 04
@0678 05
@0679 05
@067a 05
@067b 05
@067c 05
@067d 03
@067e 03
@067f 03
@0680 00
@0681 02
@0682 00
@0683 00
@0684 00
@0685 02
@0686 00
@0687 03
@0688 03
@0689 01
@068a 21
@068b 02
@068c 02
@068d 00
@068e 01
@068f 00
@0690 00
@0691 fd
@0692 00
@0693 1e
@0694 00
@0695 1d
@0696 00
@0697 06
@0698 00
@0699 00
@069a 00
@069b 1c
@069c 00
@069d 00
@069e 1b
@069f 00
@06a0 04
@06a1 03
@06a2 00
@06a3 04
@06a4 07
@06a5 00
@06a6 01
@06a7 00
@06a8 00
@06a9 00
@06aa 00
@06ab 00
@06ac 00
@06ad 00
@06ae b3
@06af 00
@06b0 00
@06b1 16
@06b2 fc
@06b3 00
@06b4 02
@06b5 01
@06b6 00
@06b7 ff
@06b8 00
@06b9 00
@06ba 00
@06bb 00
@06bc fc
@06bd 01
@06be 00
@06bf 00
@06c0 00
@06c1 00
@06c2 00
@06c3 fa
@06c4 03
@06c5 03
@06c6 04
@06c7 01
@06c8 00
@06c9 00
@06ca 00
@06cb 41
@06cc 06
@06cd 00
@06ce 00
@06cf 00
@06d0 00
@06d1 00
@06d2 00
@06d3 b6
@06d4 00
@06d5 00
@06d6 03
@06d7 02
@06d8 0d
@06d9 00
@06da 02
@06db 01
@06dc 00
@06dd ff
@06de 00
@06df 00
@06e0 00
@06e1 00
@06e2 fa
@06e3 01
@06e4 00
@06e5 00
@06e6 00
@06e7 41
@06e8 f9
@06e9 03
@06ea 00
@06eb 01
@06ec 41
@06ed 40
@06ee 41
@06ef ff
@06f0 f7
@06f1 00
@06f2 04
@06f3 02
@06f4 00
@06f5 fd
@06f6 01
@06f7 00
@06f8 00
@06f9 00
@06fa d1
@06fb 00
@06fc 00
@06fd 03
@06fe 00
@06ff 04
@0700 01
@0701 00
@0702 00
@0703 00
@0704 00
@0705 00
@0706 00
@0707 01
@0708 05
@0709 04
@070a 00
@070b 00
@070c 00
@070d 00
@070e 08
@070f fe
@0710 de
@0711 f9
@0712 0f
@0713 06
@0714 f9
@0715 0f
@0716 04
@0717 00
@0718 00
@0719 00
@071a 00
@071b 00
@071c 00
@071d 00
@071e 03
@071f 00
@0720 00
@0721 00
@0722 00
@0723 02
@0724 00
@0725 f9
@0726 00
@0727 00
@0728 00
@0729 00
@072a 00
@072b f8
@072c 00
@072d f7
@072e 00
@072f f7
@0730 05
@0731 05
@0732 04
@0733 04
@0734 04
@0735 04
@0736 03
@0737 03
@0738 03
@0739 00
@073a 05
@073b 05
@073c 08
@073d 00
@073e 00
@073f 00
@0740 af
@0741 00
@0742 04
@0743 00
@0744 00
@0745 00
@0746 00
@0747 fe
@0748 00
@0749 00
@074a 00
@074b 00
@074c af
@074d 00
@074e 04
@074f 00
@0750 00
@0751 00
@0752 00
@0753 02
@0754 00
@0755 00
@0756 0f
@0757 00
@0758 00
@0759 04
@075a 00
@075b 06
@075c 00
@075d 00
@075e 00
@075f 00
@0760 00
@0761 00
@0762 ae
@0763 00
@0764 00
@0765 00
@0766 00
@0767 00
@0768 00
@0769 00
@076a 00
@076b 00
@076c 00
@076d 40
@076e 00
@076f 00
@0770 02
@0771 00
@0772 00
@0773 00
@0774 00
@0775 00
@0776 00
@0777 00
@0778 00
@0779 00
@077a 02
@077b 00
@077c 00
@077d 00
@077e 00
@077f 00
@0780 40
@0781 00
@0782 00
@0783 00
@0784 00
@0785 00
@0786 00
@0787 00
@0788 0f
@0789 00
@078a 00
@078b 00
@078c 00
@078d 01
@078e 0f
@078f 00
@0790 00
@0791 02
@0792 00
@0793 00
@0794 00
@0795 40
@0796 00
@0797 00
@0798 00
@0799 00
@079a 00
@079b 00
@079c 00
@079d 00
@079e 00
@079f 00
@07a0 02
@07a1 00
@07a2 ff
@07a3 00
@07a4 01
@07a5 00
@07a6 00
@07a7 04
@07a8 00
@07a9 9d
@07aa 00
@07ab fe
@07ac 00
@07ad 00
@07ae fe
@07af 00
@07b0 01
@07b1 fe
@07b2 00
@07b3 04
@07b4 00
@07b5 9d
@07b6 03
@07b7 fe
@07b8 00
@07b9 00
@07ba fe
@07bb 00
@07bc 01
@07bd fe
@07be 00
@07bf ff
@07c0 00
@07c1 f9
@07c2 00
@07c3 01
@07c4 00
@07c5 ff
@07c6 00
@07c7 00
@07c8 00
@07c9 9d
@07ca 9d
@07cb e6
@07cc 03
@07cd e5
@07ce 07
@07cf e5
@07d0 0b
@07d1 e4
@07d2 00
@07d3 00
@07d4 01
@07d5 00
@07d6 00
@07d7 e2
@07d8 30
@07d9 00
@07da 05
@07db 00
@07dc 07
@07dd 00
@07de 00
@07df 80
@07e0 30
@07e1 30
@07e2 00
@07e3 ff
@07e4 00
@07e5 f8
@07e6 00
@07e7 00
@07e8 60
@07e9 04
@07ea 00
@07eb 00
@07ec 6a
@07ed 04
@07ee 00
@07ef 05
@07f0 00
@07f1 00
@07f2 00
@07f3 00
@07f4 80
@07f5 30
@07f6 30
@07f7 00
@07f8 e2
@07f9 30
@07fa 00
@07fb 01
@07fc 00
@07fd ff
@07fe 00
@07ff 00
@0800 04
@0801 00
@0802 01
@0803 fe
@0804 00
@0805 04
@0806 00
@0807 01
@0808 fe
@0809 00
@080a 00
@080b cf
@080c 04
@080d 00
@080e 00
@080f d2
@0810 04
@0811 00
@0812 05
@0813 00
@0814 ff
@0815 00
@0816 30
@0817 eb
@0818 00
@0819 01
@081a 00
@081b fe
@081c 00
@081d 00
@081e 00
@081f 01
@0820 01
@0821 01
@0822 01
@0823 00
@0824 00
@0825 00
@0826 04
@0827 00
@0828 00
@0829 00
@082a 40
@082b 00
@082c 00
@082d 9d
@082e 01
@082f 00
@0830 02
@0831 00
@0832 00
@0833 00
@0834 00
@0835 00
@0836 d4
@0837 00
@0838 00
@0839 fe
@083a 00
@083b 9d
@083c 07
@083d 01
@083e 00
@083f 41
@0840 00
@0841 00
@0842 07
@0843 06
@0844 01
@0845 00
@0846 9d
@0847 00
@0848 01
@0849 00
@084a 08
@084b 07
@084c 04
@084d 00
@084e 00
@084f 02
@0850 00
@0851 0f
@0852 00
@0853 00
@0854 c7
@0855 fd
@0856 00
@0857 fc
@0858 08
@0859 00
@085a 08
@085b fc
@085c 01
@085d 01
@085e 01
@085f 01
@0860 00
@0861 00
@0862 00
@0863 02
@0864 00
@0865 ff
@0866 00
@0867 00
@0868 00
@0869 05
@086a 00
@086b 00
@086c 02
@086d 00
@086e 02
@086f 00
@0870 05
@0871 07
@0872 00
@0873 00
@0874 00
@0875 01
@0876 00
@0877 00
@0878 e8
@0879 fd
@087a 00
@087b e8
@087c fc
@087d 34
@087e 00
@087f 00
@0880 ff
@0881 00
@0882 0f
@0883 00
@0884 00
@0885 00
@0886 00
@0887 f7
@0888 00
@0889 01
@088a 00
@088b 00
@088c 05
@088d 01
@088e 01
@088f 00
@0890 ae
@0891 41
@0892 00
@0893 00
@0894 00
@0895 00
@0896 00
@0897 00
@0898 00
@0899 ae
@089a fa
@089b 00
@089c fb
@089d 00
@089e 05
@089f 00
@08a0 00
@08a1 00
@08a2 fe
@08a3 05
@08a4 14
@08a5 00
@08a6 00
@08a7 05
@08a8 00
@08a9 00
@08aa 00
@08ab 03
@08ac 00
@08ad 05
@08ae 00
@08af 04
@08b0 00
@08b1 06
@08b2 00
@08b3 06
@08b4 00
@08b5 07
@08b6 00
@08b7 02
@08b8 00
@08b9 07
@08ba 00
@08bb 06
@08bc 00
@08bd 07
@08be 00
@08bf 07
@08c0 00
@08c1 03
@08c2 00
@08c3 05
@08c4 00
@08c5 07
@08c6 00
@08c7 07
@08c8 00
@08c9 03
@08ca 00
@08cb 07
@08cc 00
@08cd 00
@08ce 00
@08cf 00
@08d0 00
@08d1 07
@08d2 00
@08d3 03
@08d4 00
@08d5 03
@08d6 00
@08d7 05
@08d8 00
@08d9 05
@08da 00
@08db 07
@08dc 00
@08dd 06
@08de 00
@08df 05
@08e0 00
@08e1 0e
@08e2 00
@08e3 07
@08e4 00
@08e5 03
@08e6 00
@08e7 01
@08e8 00
@08e9 0b
@08ea 00
@08eb 0f
@08ec 00
@08ed 06
@08ee 00
@08ef 0d
@08f0 00
@08f1 04
@08f2 00
@08f3 00
@08f4 00
@08f5 08
@08f6 00
@08f7 00
@08f8 00
@08f9 04
@08fa 00
@08fb 00
@08fc 00
@08fd 00
@08fe 00
@08ff 00
@0900 00
@0901 00
@0902 03
@0903 00
@0904 05
@0905 00
@0906 ff
@0907 00
@0908 00
@0909 00
@090a 01
@090b 00
@090c 00
@090d fc
@090e 00
@090f 00
@0910 fb
@0911 01
@0912 01
@0913 00
@0914 00
@0915 fa
@0916 00
@0917 00
@0918 f9
@0919 00
@091a 00
@091b 00
@091c 00
@091d 00
@091e 00
@091f 00
@0920 01
@0921 00
@0922 fe
@0923 00
@0924 00
@0925 00
@0926 01
@0927 01
@0928 01
@0929 01
@092a 01
@092b f6
@092c 00
@092d 06
@092e dd
@092f 00
@0930 07
@0931 dc
@0932 00
@0933 01
@0934 01
@0935 00
@0936 02
@0937 da
@0938 00
@0939 01
@093a da
@093b 00
@093c 01
@093d 0f
@093e d9
@093f 00
@0940 00
@0941 0f
@0942 d8
@0943 00
@0944 0f
@0945 d7
@0946 00
@0947 00
@0948 01
@0949 00
@094a 01
@094b 01
@094c 00
@094d 01
@094e 01
@094f 01
@0950 00
@0951 01
@0952 00
@0953 00
@0954 00
@0955 d2
@0956 01
@0957 01
@0958 01
@0959 01
@095a 00
@095b 00
@095c 00
@095d 00
@095e 02
@095f 00
@0960 00
@0961 ae
@0962 00
@0963 ae
@0964 00
@0965 30
@0966 00
@0967 ae
@0968 30
@0969 00
@096a ff
@096b 00
@096c 00
@096d ed
@096e 00
@096f 01
@0970 00
@0971 00
@0972 ae
@0973 ff
@0974 ae
@0975 00
@0976 00
@0977 af
@0978 30
@0979 00
@097a ff
@097b 00
@097c 00
@097d e9
@097e 00
@097f 01
@0980 00
@0981 ff
@0982 00
@0983 00
@0984 00
@0985 01
@0986 00
@0987 00
@0988 af
@0989 00
@098a 40
@098b 00
@098c 00
@098d 9d
@098e 00
@098f 00
@0990 00
@0991 fe
@0992 00
@0993 00
@0994 04
@0995 00
@0996 00
@0997 f2
@0998 00
@0999 00
@099a f6
@099b 00
@099c 00
@099d 02
@099e f4
@099f 00
@09a0 00
@09a1 00
@09a2 00
@09a3 01
@09a4 00
@09a5 00
@09a6 f8
@09a7 00
@09a8 fd
@09a9 ff
@09aa 00
@09ab 00
@09ac 00
@09ad af
@09ae 00
@09af 40
@09b0 00
@09b1 00
@09b2 a5
@09b3 00
@09b4 00
@09b5 40
@09b6 00
@09b7 00
@09b8 9d
@09b9 00
@09ba 07
@09bb fe
@09bc e9
@09bd 00
@09be f2
@09bf 00
@09c0 ec
@09c1 00
@09c2 00
@09c3 00
@09c4 01
@09c5 00
@09c6 ff
@09c7 00
@09c8 00
@09c9 00
@09ca e5
@09cb 00
@09cc ff
@09cd 00
@09ce e8
@09cf 00
@09d0 00
@09d1 01
@09d2 00
@09d3 00
@09d4 c3
@09d5 02
@09d6 00
@09d7 ae
@09d8 00
@09d9 00
@09da 51
@09db 51
@09dc 02
@09dd 00
@09de 00
@09df 08
@09e0 30
@09e1 30
@09e2 00
@09e3 e2
@09e4 30
@09e5 00
@09e6 c0
@09e7 00
@09e8 9d
@09e9 0e
@09ea c0
@09eb 0e
@09ec c0
@09ed 0e
@09ee 00
@09ef ff
@09f0 00
@09f1 c0
@09f2 c0
@09f3 c0
@09f4 00
@09f5 9d
@09f6 0f
@09f7 40
@09f8 00
@09f9 51
@09fa 51
@09fb 02
@09fc 0f
@09fd 0f
@09fe 00
@09ff 40
@0a00 40
@0a01 00
@0a02 2a
@0a03 99
@0a04 00
@0a05 01
@0a06 00
@0a07 00
@0a08 00
@0a09 00
@0a0a 00
@0a0b 00
@0a0c 02
@0a0d 00
@0a0e 01
@0a0f 00
@0a10 00
@0a11 00
@0a12 00
@0a13 01
@0a14 fe
@0a15 32
@0a16 00
@0a17 01
@0a18 00
@0a19 00
@0a1a 02
@0a1b 00
@0a1c 00
@0a1d 00
@0a1e 00
@0a1f 00
@0a20 00
@0a21 01
@0a22 fe
@0a23 00
@0a24 07
@0a25 06
@0a26 02
@0a27 06
@0a28 04
@0a29 06
@0a2a 02
@0a2b 00
@0a2c 00
@0a2d 00
@0a2e 02
@0a2f 06
@0a30 00
@0a31 00
@0a32 00
@0a33 00
@0a34 00
@0a35 07
@0a36 00
@0a37 00
@0a38 00
@0a39 04
@0a3a 00
@0a3b 00
@0a3c 00
@0a3d 00
@0a3e 00
@0a3f 02
@0a40 00
@0a41 40
@0a42 00
@0a43 00
@0a44 00
@0a45 00
@0a46 00
@0a47 ff
@0a48 00
@0a49 00
@0a4a 01
@0a4b 00
@0a4c 00
@0a4d 00
@0a4e 01
@0a4f 00
@0a50 00
@0a51 00
@0a52 04
@0a53 00
@0a54 00
@0a55 02
@0a56 00
@0a57 40
@0a58 00
@0a59 40
@0a5a 00
@0a5b 00
@0a5c 00
@0a5d 01
@0a5e 02
@0a5f 00
@0a60 00
@0a61 01
@0a62 40
@0a63 00
@0a64 40
@0a65 00
@0a66 00
@0a67 00
@0a68 fc
@0a69 00
@0a6a 01
@0a6b 00
@0a6c 41
@0a6d 41
@0a6e 00
@0a6f 40
@0a70 02
@0a71 00
@0a72 00
@0a73 02
@0a74 00
@0a75 00
@0a76 00
@0a77 40
@0a78 00
@0a79 00
@0a7a 00
@0a7b 00
@0a7c 00
@0a7d 00
@0a7e 00
@0a7f 00
@0a80 00
@0a81 fe
@0a82 00
@0a83 00
@0a84 00
@0a85 01
@0a86 01
@0a87 01
@0a88 01
@0a89 00
@0a8a 00
@0a8b 64
@0a8c 00
@0a8d f9
@0a8e 00
@0a8f 03
@0a90 00
@0a91 41
@0a92 01
@0a93 02
@0a94 40
@0a95 41
@0a96 10
@0a97 41
@0a98 01
@0a99 2d
@0a9a f3
@0a9b 01
@0a9c 11
@0a9d 01
@0a9e ff
@0a9f 00
@0aa0 01
@0aa1 00
@0aa2 40
@0aa3 00
@0aa4 00
@0aa5 00
@0aa6 01
@0aa7 00
@0aa8 40
@0aa9 00
@0aaa 00
@0aab 00
@0aac 01
@0aad 00
@0aae 40
@0aaf 40
@0ab0 41
@0ab1 00
@0ab2 40
@0ab3 fa
@0ab4 00
@0ab5 01
@0ab6 00
@0ab7 40
@0ab8 00
@0ab9 01
@0aba 00
@0abb 01
@0abc 01
@0abd 40
@0abe 00
@0abf 00
@0ac0 01
@0ac1 01
@0ac2 00
@0ac3 40
@0ac4 41
@0ac5 41
@0ac6 01
@0ac7 40
@0ac8 f4
@0ac9 00
@0aca 01
@0acb 01
@0acc 03
@0acd 01
@0ace 41
@0acf 41
@0ad0 00
@0ad1 41
@0ad2 03
@0ad3 00
@0ad4 40
@0ad5 41
@0ad6 00
@0ad7 40
@0ad8 ee
@0ad9 ee
@0ada 41
@0adb 01
@0adc ef
@0add 41
@0ade 01
@0adf ee
@0ae0 01
@0ae1 01
@0ae2 01
@0ae3 01
@0ae4 00
@0ae5 00
@0ae6 00
@0ae7 02
@0ae8 00
@0ae9 00
@0aea 40
@0aeb fe
@0aec 00
@0aed 02
@0aee 34
@0aef 02
@0af0 fd
@0af1 00
@0af2 00
@0af3 fe
@0af4 02
@0af5 fe
@0af6 00
@0af7 00
@0af8 0c
@0af9 00
@0afa 02
@0afb 0a
@0afc 00
@0afd 01
@0afe 0a
@0aff 04
@0b00 00
@0b01 00
@0b02 00
@0b03 fd
@0b04 01
@0b05 00
@0b06 00
@0b07 00
@0b08 00
@0b09 00
@0b0a 01
@0b0b 00
@0b0c 02
@0b0d 00
@0b0e 00
@0b0f 00
@0b10 00
@0b11 ff
@0b12 00
@0b13 ff
@0b14 05
@0b15 00
@0b16 00
@0b17 00
@0b18 00
@0b19 02
@0b1a 00
@0b1b fd
@0b1c 00
@0b1d 00
@0b1e 00
@0b1f 00
@0b20 00
@0b21 07
@0b22 00
@0b23 40
@0b24 00
@0b25 fe
@0b26 02
@0b27 fe
@0b28 00
@0b29 00
@0b2a 04
@0b2b 00
@0b2c 00
@0b2d 00
@0b2e 00
@0b2f 00
@0b30 00
@0b31 00
@0b32 01
@0b33 00
@0b34 fd
@0b35 00
@0b36 00
@0b37 00
@0b38 02
@0b39 01
@0b3a 01
@0b3b 00
@0b3c 00
@0b3d fe
@0b3e 00
@0b3f 00
@0b40 ff
@0b41 05
@0b42 00
@0b43 00
@0b44 00
@0b45 00
@0b46 00
@0b47 00
@0b48 fd
@0b49 00
@0b4a 00
@0b4b 00
@0b4c 00
@0b4d 00
@0b4e 07
@0b4f 00
@0b50 40
@0b51 00
@0b52 fe
@0b53 02
@0b54 fe
@0b55 00
@0b56 fe
@0b57 00
@0b58 00
@0b59 00
@0b5a 01
@0b5b 01
@0b5c 00
@0b5d 00
@0b5e 00
@0b5f 00
@0b60 ba
@0b61 00
@0b62 00
@0b63 c1
@0b64 00
@0b65 00
@0b66 c6
@0b67 00
@0b68 e1
@0b69 00
@0b6a 00
@0b6b 00
@0b6c 00
@0b6d 00
@0b6e e2
@0b6f 00
@0b70 00
@0b71 00
@0b72 00
@0b73 00
@0b74 e0
@0b75 00
@0b76 64
@0b77 00
@0b78 02
@0b79 00
@0b7a 00
@0b7b 00
@0b7c 00
@0b7d 00
@0b7e ea
@0b7f 01
@0b80 00
@0b81 01
@0b82 ff
@0b83 fd
@0b84 01
@0b85 01
@0b86 01
@0b87 01
@0b88 00
@0b89 02
@0b8a 00
@0b8b fc
@0b8c 00
@0b8d 00
@0b8e 00
@0b8f 00
@0b90 00
@0b91 00
@0b92 00
@0b93 00
@0b94 02
@0b95 02
@0b96 03
@0b97 03
@0b98 03
@0b99 03
@0b9a 03
@0b9b 03
@0b9c b8
@0b9d 00
@0b9e 00
@0b9f 00
@0ba0 00
@0ba1 01
@0ba2 01
@0ba3 01
@0ba4 01
@0ba5 02
@0ba6 02
@0ba7 02
@0ba8 02
@0ba9 03
@0baa 03
@0bab 03
@0bac 03
@0bad 04
@0bae 30
@0baf 00
@0bb0 00
@0bb1 04
@0bb2 7f
@0bb3 f7
@0bb4 ff
@0bb5 00
@0bb6 00
@0bb7 00
@0bb8 00
@0bb9 00
@0bba 00
@0bbb fe
@0bbc ff
@0bbd 40
@0bbe 04
@0bbf ff
@0bc0 02
@0bc1 ff
@0bc2 00
@0bc3 00
@0bc4 ff
@0bc5 00
@0bc6 fa
@0bc7 00
@0bc8 00
@0bc9 00
@0bca fe
@0bcb 40
@0bcc ff
@0bcd 00
@0bce ff
@0bcf 00
@0bd0 ff
@0bd1 00
@8000 00
@8001 00
@8002 00
@8003 00
@8004 00
@8005 00
@8006 00
@8007 00
@8008 00
@8009 00
@800a 00
@800b 00
@800c 00
@800d 00
@800e 00
@800f 00
@8010 00
@8011 00
@8012 00
@8013 00
@8014 00
@8015 00
@8016 00
@8017 00
@8018 00
@8019 00
@801a 00
@801b 00
@801c 00
@801d 00
@801e 00
@801f 00
@8020 00
@8021 00
@8022 00
@8023 00
@8024 00
@8025 00
@8026 00
@8027 00
@8028 00
@8029 00
@802a 00
@802b 00
@802c 00
@802d 00
@802e 00
@802f 00
@8030 00
@8031 00
@8032 00
@8033 00
@8034 00
@8035 00
@8036 00
@8037 00
@8038 00
@8039 00
@803a 00
@803b 00
@803c 00
@803d 00
@803e 00
@803f 00
@8040 00
@8041 00
@8042 00
@8043 00
@8044 00
@8045 00
@8046 00
@8047 00
@8048 00
@8049 00
@804a 00
@804b 00
@804c 00
@804d 00
@804e 00
@804f 00
@8050 00
@8051 00
@8052 00
@8053 00
@8054 00
@8055 00
@8056 00
@8057 00
@8058 00
@8059 00
@805a 00
@805b 00
@805c 00
@805d 00
@805e 00
@805f 00
@8060 00
@8061 00
@8062 00
@8063 00
@8064 00
@8065 00
@8066 00
@8067 00
@8068 00
@8069 00
@806a 00
@806b 00
@806c 00
@806d 00
@806e 00
@806f 00
@8070 00
@8071 3b
@8072 00
@8073 4b
@8074 00
@8075 45
@8076 45
@8077 00
@8078 65
@8079 63
@807a 69
@807b 20
@807c 20
@807d 65
@807e 00
@807f 6c
@8080 20
@8081 6d
@8082 74
@8083 68
@8084 61
@8085 00
@8086 73
@8087 20
@8088 61
@8089 6f
@808a 72
@808b 6f
@808c 00
@808d 61
@808e 70
@808f 73
@8090 79
@8091 79
@8092 00
@8093 61
@8094 6d
@8095 00
@8096 73
@8097 6e
@8098 65
@8099 6f
@809a 74
@809b 20
@809c 74
@809d 67
@809e 00
@809f 65
@80a0 25
@80a1 00
@80a2 65
@80a3 61
@80a4 64
@80a5 00
@80a6 67
@80a7 20
@80a8 6d
@80a9 74
@80aa 00
@80ab 46
@80ac 20
@80ad 64
@80ae 63
@80af 2c
@80b0 20
@80b1 74
@80b2 25
@80b3 73
@80b4 0a
@80b5 00
@80b6 76
@80b7 61
@80b8 25
@80b9 79
@80ba 65
@80bb 70
@80bc 64
@80bd 00
@8400 00
@8401 00
@8402 00
@8403 00
@8404 3a
@8405 30
@8406 36
@8407 39
@8408 34
@8409 30
@840a 43
@840b 47
@840c 20
@840d 32
@840e 00
@840f 00
@8410 00
@8411 00
@8412 10
@8413 10
@8414 10
@8415 10
@8416 00
@8417 00
@8418 00
@8419 00
@841a 00
@841b 00
@841c 00
@841d 00
@841e 00
@841f 00
@8420 00
@8421 00
@8422 00
@8423 00
@8424 00
@8425 00
@8426 00
@8427 00
@8428 00
@8429 00
@842a 00
@842b 00
@842c 00
@842d 00
@842e 00
@842f 00
@8430 00
@8431 00
@8432 00
@8433 00
@8434 00
@8435 00
@8436 00
@8437 00
@8438 00
@8439 00
@843a 00
@843b 00
@843c 00
@843d 00
@843e 00
@843f 00
@8440 00
@8441 00
@8442 00
@8443 00
@8444 00
@8445 00
@8446 00
@8447 00
@8448 00
@8449 00
@844a 00
@844b 00
@844c 00
@844d 00
@844e 00
@844f 00
@8450 00
@8451 00
@8452 00
@8453 00
@8454 00
@8455 00
@8456 00
@8457 00
@8458 00
@8459 00
@845a 00
@845b 00
@845c 00
@845d 00
@845e 00
@845f 00
@8460 00
@8461 00
@8462 00
@8463 00
@8464 00
@8465 00
@8466 00
@8467 00
@8468 00
@8469 00
@846a 00
@846b 00
@846c 00
@846d 00
@846e 00
@846f 00
@8470 00
@8471 00
@8472 00
@8473 00
@8474 00
@8475 00
@8476 00
@8477 00
@8478 00
@8479 00
@847a 00
@847b 00
@847c 00
@847d 00
@847e 00
@847f 00
@8480 00
@8481 00
@8482 00
@8483 00
@8484 00
@8485 00
@8486 00
@8487 00
@8488 00
@8489 00
@848a 00
@848b 00
@848c 00
@848d 00
@848e 00
@848f 00
@8490 00
@8491 00
@8492 00
@8493 00
@8494 00
@8495 00
@8496 00
@8497 00
@8498 00
@8499 00
@849a 00
@849b 00
@849c 00
@849d 00
@849e 00
@849f 00
@84a0 00
@84a1 00
@84a2 00
@84a3 00
@84a4 00
@84a5 00
@84a6 00
@84a7 00
@84a8 00
@84a9 00
@84aa 00
@84ab 00
@84ac 00
@84ad 00
@84ae 00
@84af 00
@84b0 00
@84b1 00
@84b2 00
@84b3 00
@84b4 00
@84b5 00
@84b6 00
@84b7 00
@84b8 00
@84b9 00
@84ba 00
@84bb 00
@84bc 00
@84bd 00
@84be 00
@84bf 00
@84c0 00
@84c1 00
@84c2 00
@84c3 00
@84c4 00
@84c5 00
@84c6 00
@84c7 00
@84c8 00
@84c9 00
@84ca 00
@84cb 00
@84cc 00
@84cd 00
@84ce 00
@84cf 00
@84d0 00
@84d1 00
@84d2 00
@84d3 00
@84d4 00
@84d5 00
@84d6 00
@84d7 00
@84d8 00
@84d9 00
@84da 00
@84db 00
@84dc 00
@84dd 00
@84de 00
@84df 00
@84e0 00
@84e1 00
@84e2 00
@84e3 00
@84e4 00
@84e5 00
@84e6 00
@84e7 00
@84e8 00
@84e9 00
@84ea 00
@84eb 00
@84ec 00
@84ed 00
@84ee 00
@84ef 00
@84f0 00
@84f1 00
@84f2 00
@84f3 00
@84f4 00
@84f5 00
@84f6 00
@84f7 00
@84f8 00
@84f9 00
@84fa 00
@84fb 00
@84fc 00
@84fd 00
@84fe 00
@84ff 00
@8500 00
@8501 00
@8502 00
@8503 00
@8504 00
@8505 00
@8506 00
@8507 00
@8508 00
@8509 00
@850a 00
@850b 00
@850c 00
@850d 00
@850e 00
@850f 00
@8510 00
@8511 00
@8512 00
@8513 00
@8514 00
@8515 00
@8516 00
@8517 00
@8518 00
@8519 00
@851a 00
@851b 00
@851c 00
@851d 00
@851e 00
@851f 00
@8520 00
@8521 00
@8522 00
@8523 00
@8524 00
@8525 00
@8526 00
@8527 00
@8528 00
@8529 00
@852a 00
@852b 00
@852c 00
@852d 00
@852e 00
@852f 00
@8530 00
@8531 00
@8532 00
@8533 00
@8534 00
@8535 00
@8536 00
@8537 00
@8538 00
@8539 00
@853a 00
@853b 00
@853c 00
@853d 00
@853e 00
@853f 00
@8540 00
@8541 00
@8542 00
@8543 00
@8544 00
@8545 00
@8546 00
@8547 00
@8548 00
@8549 00
@854a 00
@854b 00
@854c 00
@854d 00
@854e 00
@854f 00
@8550 00
@8551 00
@8552 00
@8553 00
@8554 00
@8555 00
@8556 00
@8557 00
@8558 00
@8559 00
@855a 00
@855b 00
@855c 00
@855d 00
@855e 00
@855f 00
@8560 00
@8561 00
@8562 00
@8563 00
@8564 00
@8565 00
@8566 00
@8567 00
@8568 00
@8569 00
@856a 00
@856b 00
@856c 00
@856d 00
@856e 00
@856f 00
@8570 00
@8571 00
@8572 00
@8573 00
@8574 00
@8575 00
@8576 00
@8577 00
@8578 00
@8579 00
@857a 00
@857b 00
@857c 00
@857d 00
@857e 00
@857f 00
@8580 00
@8581 00
@8582 00
@8583 00
@8584 00
@8585 00
@8586 00
@8587 00
@8588 00
@8589 00
@858a 00
@858b 00
@858c 00
@858d 00
@858e 00
@858f 00
@8590 00
@8591 00
@8592 00
@8593 00
@8594 00
@8595 00
@8596 00
@8597 00
@8598 00
@8599 00
@859a 00
@859b 00
@859c 00
@859d 00
@859e 00
@859f 00
@85a0 00
@85a1 00
@85a2 00
@85a3 00
@85a4 00
@85a5 00
@85a6 00
@85a7 00
@85a8 00
@85a9 00
@85aa 00
@85ab 00
@85ac 00
@85ad 00
@85ae 00
@85af 00
@85b0 00
@85b1 00
@85b2 00
@85b3 00
@85b4 00
@85b5 00
@85b6 00
@85b7 00
@85b8 00
@85b9 00
@85ba 00
@85bb 00
@85bc 00
@85bd 00
@85be 00
@85bf 00
@85c0 00
@85c1 00
@85c2 00
@85c3 00
@85c4 00
@85c5 00
@85c6 00
@85c7 00
@85c8 00
@85c9 00
@85ca 00
@85cb 00
@85cc 00
@85cd 00
@85ce 00
@85cf 00
@85d0 00
@85d1 00
@85d2 00
@85d3 00
@85d4 00
@85d5 00
@85d6 00
@85d7 00
@85d8 00
@85d9 00
@85da 00
@85db 00
@85dc 00
@85dd 00
@85de 00
@85df 00
@85e0 00
@85e1 00
@85e2 00
@85e3 00
@85e4 00
@85e5 00
@85e6 00
@85e7 00
@85e8 00
@85e9 00
@85ea 00
@85eb 00
@85ec 00
@85ed 00
@85ee 00
@85ef 00
@85f0 00
@85f1 00
@85f2 00
@85f3 00
@85f4 00
@85f5 00
@85f6 00
@85f7 00
@85f8 00
@85f9 00
@85fa 00
@85fb 00
@85fc 00
@85fd 00
@85fe 00
@85ff 00
@8600 00
@8601 00
@8602 00
@8603 00
@8604 00
@8605 00
@8606 00
@8607 00
@8608 00
@8609 00
@860a 00
@860b 00
@860c 00
@860d 00
@860e 00
@860f 00
@8610 00
@8611 00
@8612 00
@8613 00
@8614 00
@8615 00
@8616 00
@8617 00
@8618 00
@8619 00
@861a 00
@861b 00
@861c 00
@861d 00
@861e 00
@861f 00
@8620 00
@8621 00
@8622 00
@8623 00
@8624 00
@8625 00
@8626 00
@8627 00
@8628 00
@8629 00
@862a 00
@862b 00
@862c 00
@862d 00
@862e 00
@862f 00
@8630 00
@8631 00
@8632 00
@8633 00
@8634 00
@8635 00
@8636 00
@8637 00
@8638 00
@8639 00
@863a 00
@863b 00
@863c 00
@863d 00
@863e 00
@863f 00
@8640 00
@8641 00
@8642 00
@8643 00
@8644 00
@8645 00
@8646 00
@8647 00
@8648 00
@8649 00
@864a 00
@864b 00
@864c 00
@864d 00
@864e 00
@864f 00
@8650 00
@8651 00
@8652 00
@8653 00
@8654 00
@8655 00
@8656 00
@8657 00
@8658 00
@8659 00
@865a 00
@865b 00
@865c 00
@865d 00
@865e 00
@865f 00
@8660 00
@8661 00
@8662 00
@8663 00
@8664 00
@8665 00
@8666 00
@8667 00
@8668 00
@8669 00
@866a 00
@866b 00
@866c 00
@866d 00
@866e 00
@866f 00
@8670 00
@8671 00
@8672 00
@8673 00
@8674 00
@8675 00
@8676 00
@8677 00
@8678 00
@8679 00
@867a 00
@867b 00
@867c 00
@867d 00
@867e 00
@867f 00
@8680 00
@8681 00
@8682 00
@8683 00
@8684 00
@8685 00
@8686 00
@8687 00
@8688 00
@8689 00
@868a 00
@868b 00
@868c 00
@868d 00
@868e 00
@868f 00
@8690 00
@8691 00
@8692 00
@8693 00
@8694 00
@8695 00
@8696 00
@8697 00
@8698 00
@8699 00
@869a 00
@869b 00
@869c 00
@869d 00
@869e 00
@869f 00
@86a0 00
@86a1 00
@86a2 00
@86a3 00
@86a4 00
@86a5 00
@86a6 00
@86a7 00
@86a8 00
@86a9 00
@86aa 00
@86ab 00
@86ac 00
@86ad 00
@86ae 00
@86af 00
@86b0 00
@86b1 00
@86b2 00
@86b3 00
@86b4 00
@86b5 00
@86b6 00
@86b7 00
@86b8 00
@86b9 00
@86ba 00
@86bb 00
@86bc 00
@86bd 00
@8800 00
@8801 00
@8802 00
@8803 00
@8804 00
@8805 00
@8806 00
@8807 00
@8808 00
@8809 00
@880a 00
@880b 00
@880c 00
@880d 00
@880e 00
@880f 00
@8810 00
@8811 00
@8812 00
@8813 00
@8814 00
@8815 00
@8816 00
@8817 00
@8818 00
@8819 00
@881a 00
@881b 00
@881c 00
@881d 00
@881e 00
@881f 00
@8820 00
@8821 00
@8822 00
@8823 00
@8824 00
@8825 00
@8826 00
@8827 00
@8828 00
@8829 00
@882a 00
@882b 00
@882c 00
@882d 00
@882e 00
@882f 00
@8830 00
@8831 00
@8832 00
@8833 00
@8834 00
@8835 00
@8836 00
@8837 00
@8838 00
@8839 00
@883a 00
@883b 00
@883c 00
@883d 00
@883e 00
@883f 00
@8840 00
@8841 00
@8842 00
@8843 00
@8844 00
@8845 00
@8846 00
@8847 00
@8848 00
@8849 00
@884a 00
@884b 00
@884c 00
@884d 00
@884e 00
@884f 00
@8850 00
@8851 00
@8852 00
@8853 00
@8854 00
@8855 00
@8856 00
@8857 00
@8858 00
@8859 00
@885a 00
@885b 00
@885c 00
@885d 00
@885e 00
@885f 00
@8860 00
@8861 00
@8862 00
@8863 00
@8864 00
@8865 00
@8866 00
@8867 00
@8868 00
@8869 00
@886a 00
@886b 00
@886c 00
@886d 00
@886e 00
@886f 00
@8870 00
@8871 00
@8872 00
@8873 00
@8874 00
@8875 00
@8876 00
@8877 00
@8878 00
@8879 00
@887a 00
@887b 00
@887c 00
@887d 00
@887e 00
@887f 00
@8880 00
@8881 00
@8882 00
@8883 00
@8884 00
@8885 00
@8886 00
@8887 00
@8888 00
@8889 00
@888a 00
@888b 00
@888c 00
@888d 00
@888e 00
@888f 00
@8890 00
@8891 00
@8892 00
@8893 00
@8894 00
@8895 00
@8896 00
@8897 00
@8898 00
@8899 00
@889a 00
@889b 00
@889c 00
@889d 00
@889e 00
@889f 00
@88a0 00
@88a1 00
@88a2 00
@88a3 00
@88a4 00
@88a5 00
@88a6 00
@88a7 00
@88a8 00
@88a9 00
@88aa 00
@88ab 00
@88ac 00
@88ad 00
@88ae 00
@88af 00
@88b0 00
@88b1 00
@88b2 00
@88b3 00
@88b4 00
@88b5 00
@88b6 00
@88b7 00
@88b8 00
@88b9 00
@88ba 00
@88bb 00
@88bc 00
@88bd 00
@88be 00
@88bf 00
@88c0 00
@88c1 00
@88c2 00
@88c3 00
@88c4 00
@88c5 00
@88c6 00
@88c7 00
@88c8 00
@88c9 00
@88ca 00
@88cb 00
@88cc 00
@88cd 00
@88ce 00
@88cf 00
@88d0 00
@88d1 00
@88d2 00
@88d3 00
@88d4 00
@88d5 00
@88d6 00
@88d7 00
@88d8 00
@88d9 00
@88da 00
@88db 00
@88dc 00
@88dd 00
@88de 00
@88df 00
@88e0 00
@88e1 00
@88e2 00
@88e3 00
@88e4 00
@88e5 00
@88e6 00
@88e7 00
@88e8 00
@88e9 00
@88ea 00
@88eb 00
@88ec 00
@88ed 00
@88ee 00
@88ef 00
@88f0 00
@88f1 00
@88f2 00
@88f3 00
@88f4 00
@88f5 00
@88f6 00
@88f7 00
@88f8 00
@88f9 00
@88fa 00
@88fb 00
@88fc 00
@88fd 00
@88fe 00
@88ff 00
@8900 00
@8901 00
@8902 00
@8903 00
@8904 00
@8905 00
@8906 00
@8907 00
@8908 00
@8909 00
@890a 00
@890b 00
@890c 00
@890d 00
@890e 00
@890f 00
@8910 00
@8911 00
@8912 00
@8913 00
@8914 00
@8915 00
@8916 00
@8917 00
@8918 00
@8919 00
@891a 00
@891b 00
@891c 00
@891d 00
@891e 00
@891f 00
@8920 00
@8921 00
@8922 00
@8923 00
@8924 00
@8925 00
@8926 00
@8927 00
@8928 00
@8929 00
@892a 00
@892b 00
@892c 00
@892d 00
@892e 00
@892f 00
@8930 00
@8931 00
@8932 00
@8933 00
@8934 00
@8935 00
@8936 00
@8937 00
@8938 00
@8939 00
@893a 00
@893b 00
@893c 00
@893d 00
@893e 00
@893f 00
@8940 00
@8941 00
@8942 00
@8943 00
@8944 00
@8945 00
@8946 00
@8947 00
@8948 00
@8949 00
@894a 00
@894b 00
@894c 00
@894d 00
@894e 00
@894f 00
@8950 00
@8951 00
@8952 00
@8953 00
@8954 00
@8955 00
@8956 00
@8957 00
@8958 00
@8959 00
@895a 00
@895b 00
@895c 00
@895d 00
@895e 00
@895f 00
@8960 00
@8961 00
@8962 00
@8963 00
@8964 00
@8965 00
@8966 00
@8967 00
@8968 00
@8969 00
@896a 00
@896b 00
@896c 00
@896d 00
@896e 00
@896f 00
@8970 00
@8971 00
@8972 00
@8973 00
@8974 00
@8975 00
@8976 00
@8977 00
@8978 00
@8979 00
@897a 00
@897b 00
@897c 00
@897d 00
@897e 00
@897f 00
@8980 00
@8981 00
@8982 00
@8983 00
@8984 00
@8985 00
@8986 00
@8987 00
@8988 00
@8989 00
@898a 00
@898b 00
@898c 00
@898d 00
@898e 00
@898f 00
@8990 00
@8991 00
@8992 00
@8993 00
@8994 00
@8995 00
@8996 00
@8997 00
@8998 00
@8999 00
@899a 00
@899b 00
@899c 00
@899d 00
@899e 00
@899f 00
@89a0 00
@89a1 00
@89a2 00
@89a3 00
@89a4 00
@89a5 00
@89a6 00
@89a7 00
@89a8 00
@89a9 00
@89aa 00
@89ab 00
@89ac 00
@89ad 00
@89ae 00
@89af 00
@89b0 00
@89b1 00
@89b2 00
@89b3 00
@89b4 00
@89b5 00
@89b6 00
@89b7 00
@89b8 00
@89b9 00
@89ba 00
@89bb 00
@89bc 00
@89bd 00
@89be 00
@89bf 00
@89c0 00
@89c1 00
@89c2 00
@89c3 00
@89c4 00
@89c5 00
@89c6 00
@89c7 00
@89c8 00
@89c9 00
@89ca 00
@89cb 00
@89cc 00
@89cd 00
@89ce 00
@89cf 00
@89d0 00
@89d1 00
@89d2 00
@89d3 00
@89d4 00
@89d5 00
@89d6 00
@89d7 00
@89d8 00
@89d9 00
@89da 00
@89db 00
@89dc 00
@89dd 00
@89de 00
@89df 00
@89e0 00
@89e1 00
@89e2 00
@89e3 00
@89e4 00
@89e5 00
@89e6 00
@89e7 00
@89e8 00
@89e9 00
@89ea 00
@89eb 00
@89ec 00
@89ed 00
@89ee 00
@89ef 00
@89f0 00
@89f1 00
@89f2 00
@89f3 00
@89f4 00
@89f5 00
@89f6 00
@89f7 00
@89f8 00
@89f9 00
@89fa 00
@89fb 00
@89fc 00
@89fd 00
@89fe 00
@89ff 00
@8a00 00
@8a01 00
@8a02 00
@8a03 00
@8a04 00
@8a05 00
@8a06 00
@8a07 00
@8a08 00
@8a09 00
@8a0a 00
@8a0b 00
@8a0c 00
@8a0d 00
@8a0e 00
@8a0f 00
@8a10 00
@8a11 00
@8a12 00
@8a13 00
@8a14 00
@8a15 00
@8a16 00
@8a17 00
@8a18 00
@8a19 00
@8a1a 00
@8a1b 00
@8a1c 00
@8a1d 00
@8a1e 00
@8a1f 00
@8a20 00
@8a21 00
@8a22 00
@8a23 00
@8a24 00
@8a25 00
@8a26 00
@8a27 00
@8a28 00
@8a29 00
@8a2a 00
@8a2b 00
@8a2c 00
@8a2d 00
@8a2e 00
@8a2f 00
@8a30 00
@8a31 00
@8a32 00
@8a33 00
@8a34 00
@8a35 00
@8a36 00
@8a37 00
@8a38 00
@8a39 00
@8a3a 00
@8a3b 00
@8a3c 00
@8a3d 00
@8a3e 00
@8a3f 00
@8a40 00
@8a41 00
@8a42 00
@8a43 00
@8a44 00
@8a45 00
@8a46 00
@8a47 00
@8a48 00
@8a49 00
@8a4a 00
@8a4b 00
@8a4c 00
@8a4d 00
@8a4e 00
@8a4f 00
@8a50 00
@8a51 00
@8a52 00
@8a53 00
@8a54 00
@8a55 00
@8a56 00
@8a57 00
@8a58 00
@8a59 00
@8a5a 00
@8a5b 00
@8a5c 00
@8a5d 00
@8a5e 00
@8a5f 00
@8a60 00
@8a61 00
@8a62 00
@8a63 00
@8a64 00
@8a65 00
@8a66 00
@8a67 00
@8a68 00
@8a69 00
@8a6a 00
@8a6b 00
@8a6c 00
@8a6d 00
@8a6e 00
@8a6f 00
@8a70 00
@8a71 00
@8a72 00
@8a73 00
@8a74 00
@8a75 00
@8a76 00
@8a77 00
@8a78 00
@8a79 00
@8a7a 00
@8a7b 00
@8a7c 00
@8a7d 00
@8a7e 00
@8a7f 00
@8a80 00
@8a81 00
@8a82 00
@8a83 00
@8a84 00
@8a85 00
@8a86 00
@8a87 00
@8a88 00
@8a89 00
@8a8a 00
@8a8b 00
@8a8c 00
@8a8d 00
@8a8e 00
@8a8f 00
@8a90 00
@8a91 00
@8a92 00
@8a93 00
@8a94 00
@8a95 00
@8a96 00
@8a97 00
@8a98 00
@8a99 00
@8a9a 00
@8a9b 00
@8a9c 00
@8a9d 00
@8a9e 00
@8a9f 00
@8aa0 00
@8aa1 00
@8aa2 00
@8aa3 00
@8aa4 00
@8aa5 00
@8aa6 00
@8aa7 00
@8aa8 00
@8aa9 00
@8aaa 00
@8aab 00
@8aac 00
@8aad 00
@8aae 00
@8aaf 00
@8ab0 00
@8ab1 00
@8ab2 00
@8ab3 00
@8ab4 00
@8ab5 00
@8ab6 00
@8ab7 00
@8ab8 00
@8ab9 00
@8aba 00
@8abb 00
@8abc 00
@8abd 00
@8abe 00
@8abf 00
@8ac0 00
@8ac1 00
@8ac2 00
@8ac3 00
@8ac4 00
@8ac5 00
@8ac6 00
@8ac7 00
@8ac8 00
@8ac9 00
@8aca 00
@8acb 00
@8acc 00
@8acd 00
@8ace 00
@8acf 00
@8ad0 00
@8ad1 00
@8ad2 00
@8ad3 00
@8ad4 00
@8ad5 00
@8ad6 00
@8ad7 00
@8ad8 00
@8ad9 00
@8ada 00
@8adb 00
@8adc 00
@8add 00
@8ade 00
@8adf 00
@8ae0 00
@8ae1 00
@8ae2 00
@8ae3 00
@8ae4 00
@8ae5 00
@8ae6 00
@8ae7 00
@8ae8 00
@8ae9 00
@8aea 00
@8aeb 00
@8aec 00
@8aed 00
@8aee 00
@8aef 00
@8af0 00
@8af1 00
@8af2 00
@8af3 00
@8af4 00
@8af5 00
@8af6 00
@8af7 00
@8af8 00
@8af9 00
@8afa 00
@8afb 00
@8afc 00
@8afd 00
@8afe 00
@8aff 00
@8b00 00
@8b01 00
@8b02 00
@8b03 00
@8b04 00
@8b05 00
@8b06 00
@8b07 00
@8b08 00
@8b09 00
@8b0a 00
@8b0b 00
@8b0c 00
@8b0d 00
@8b0e 00
@8b0f 00
@8b10 00
@8b11 00
@8b12 00
@8b13 00
@8b14 00
@8b15 00
@8b16 00
@8b17 00
@8b18 00
@8b19 00
@8b1a 00
@8b1b 00
@8b1c 00
@8b1d 00
@8b1e 00
@8b1f 00
@8b20 00
@8b21 00
@8b22 00
@8b23 00
@8b24 00
@8b25 00
@8b26 00
@8b27 00
@8b28 00
@8b29 00
@8b2a 00
@8b2b 00
@8b2c 00
@8b2d 00
@8b2e 00
@8b2f 00
@8b30 00
@8b31 00
@8b32 00
@8b33 00
@8b34 00
@8b35 00
@8b36 00
@8b37 00
@8b38 00
@8b39 00
@8b3a 00
@8b3b 00
@8b3c 00
@8b3d 00
@8b3e 00
@8b3f 00
@8b40 00
@8b41 00
@8b42 00
@8b43 00
@8b44 00
@8b45 00
@8b46 00
@8b47 00
@8b48 00
@8b49 00
@8b4a 00
@8b4b 00
@8b4c 00
@8b4d 00
@8b4e 00
@8b4f 00
@8b50 00
@8b51 00
@8b52 00
@8b53 00
@8b54 00
@8b55 00
@8b56 00
@8b57 00
@8b58 00
@8b59 00
@8b5a 00
@8b5b 00
@8b5c 00
@8b5d 00
@8b5e 00
@8b5f 00
@8b60 00
@8b61 00
@8b62 00
@8b63 00
@8b64 00
@8b65 00
@8b66 00
@8b67 00
@8b68 00
@8b69 00
@8b6a 00
@8b6b 00
@8b6c 00
@8b6d 00
@8b6e 00
@8b6f 00
@8b70 00
@8b71 00
@8b72 00
@8b73 00
@8b74 00
@8b75 00
@8b76 00
@8b77 00
@8b78 00
@8b79 00
@8b7a 00
@8b7b 00
@8b7c 00
@8b7d 00
@8b7e 00
@8b7f 00
@8b80 00
@8b81 00
@8b82 00
@8b83 00
@8b84 00
@8b85 00
@8b86 00
@8b87 00
@8b88 00
@8b89 00
@8b8a 00
@8b8b 00
@8b8c 00
@8b8d 00
@8b8e 00
@8b8f 00
@8b90 00
@8b91 00
@8b92 00
@8b93 00
@8b94 00
@8b95 00
@8b96 00
@8b97 00
@8b98 00
@8b99 00
@8b9a 00
@8b9b 00
@8b9c 00
@8b9d 00
@8b9e 00
@8b9f 00
@8ba0 00
@8ba1 00
@8ba2 00
@8ba3 00
@8ba4 00
@8ba5 00
@8ba6 00
@8ba7 00
@8ba8 00
@8ba9 00
@8baa 00
@8bab 00
@8bac 00
@8bad 00
@8bae 00
@8baf 00
@8bb0 00
@8bb1 00
@8bb2 00
@8bb3 00
@8bb4 00
@8bb5 00
@8bb6 00
@8bb7 00
@8bb8 00
@8bb9 00
@8bba 00
@8bbb 00
@8bbc 00
@8bbd 00
@8bbe 00
@8bbf 00
@8bc0 00
@8bc1 00
@8bc2 00
@8bc3 00
@8bc4 00
@8bc5 00
@8bc6 00
@8bc7 00
@8bc8 00
@8bc9 00
@8bca 00
@8bcb 00
@8bcc 00
@8bcd 00
@8bce 00
@8bcf 00
@8bd0 00
@8bd1 00
@8bd2 00
@8bd3 00
@8bd4 00
@8bd5 00
@8bd6 00
@8bd7 00
@8bd8 00
@8bd9 00
@8bda 00
@8bdb 00
@8bdc 00
@8bdd 00
@8bde 00
@8bdf 00
@8be0 00
@8be1 00
@8be2 00
@8be3 00
@8be4 00
@8be5 00
@8be6 00
@8be7 00
@8be8 00
@8be9 00
@8bea 00
@8beb 00
@8bec 00
@8bed 00
@8bee 00
@8bef 00
@8bf0 00
@8bf1 00
@8bf2 00
@8bf3 00
@8bf4 00
@8bf5 00
@8bf6 00
@8bf7 00
@8bf8 00
@8bf9 00
@8bfa 00
@8bfb 00
@8bfc 00
@8bfd 00
@8bfe 00
@8bff 00
@8c00 00
@8c01 00
@8c02 00
@8c03 00
@8c04 00
@8c05 00
@8c06 00
@8c07 00
@8c08 00
@8c09 00
@8c0a 00
@8c0b 00
@8c0c 00
@8c0d 00
@8c0e 00
@8c0f 00
@8c10 00
@8c11 00
@8c12 00
@8c13 00
@8c14 00
@8c15 00
@8c16 00
@8c17 00
@8c18 00
@8c19 00
@8c1a 00
@8c1b 00
@8c1c 00
@8c1d 00
@8c1e 00
@8c1f 00
@8c20 00
@8c21 00
@8c22 00
@8c23 00
@8c24 00
@8c25 00
@8c26 00
@8c27 00
@8c28 00
@8c29 00
@8c2a 00
@8c2b 00
@8c2c 00
@8c2d 00
@8c2e 00
@8c2f 00
@8c30 00
@8c31 00
@8c32 00
@8c33 00
@8c34 00
@8c35 00
@8c36 00
@8c37 00
@8c38 00
@8c39 00
@8c3a 00
@8c3b 00
@8c3c 00
@8c3d 00
@8c3e 00
@8c3f 00
@8c40 00
@8c41 00
@8c42 00
@8c43 00
@8c44 00
@8c45 00
@8c46 00
@8c47 00
@8c48 00
@8c49 00
@8c4a 00
@8c4b 00
@8c4c 00
@8c4d 00
@8c4e 00
@8c4f 00
@8c50 00
@8c51 00
@8c52 00
@8c53 00
@8c54 00
@8c55 00
@8c56 00
@8c57 00
@8c58 00
@8c59 00
@8c5a 00
@8c5b 00
@8c5c 00
@8c5d 00
@8c5e 00
@8c5f 00
@8c60 00
@8c61 00
@8c62 00
@8c63 00
@8c64 00
@8c65 00
@8c66 00
@8c67 00
@8c68 00
@8c69 00
@8c6a 00
@8c6b 00
@8c6c 00
@8c6d 00
@8c6e 00
@8c6f 00
@8c70 00
@8c71 00
@8c72 00
@8c73 00
@8c74 00
@8c75 00
@8c76 00
@8c77 00
@8c78 00
@8c79 00
@8c7a 00
@8c7b 00
@8c7c 00
@8c7d 00
@8c7e 00
@8c7f 00
@8c80 00
@8c81 00
@8c82 00
@8c83 00
@8c84 00
@8c85 00
@8c86 00
@8c87 00
@8c88 00
@8c89 00
@8c8a 00
@8c8b 00
@8c8c 00
@8c8d 00
@8c8e 00
@8c8f 00
@8c90 00
@8c91 00
@8c92 00
@8c93 00
@8c94 00
@8c95 00
@8c96 00
@8c97 00
@8c98 00
@8c99 00
@8c9a 00
@8c9b 00
@8c9c 00
@8c9d 00
@8c9e 00
@8c9f 00
@8ca0 00
@8ca1 00
@8ca2 00
@8ca3 00
@8ca4 00
@8ca5 00
@8ca6 00
@8ca7 00
@8ca8 00
@8ca9 00
@8caa 00
@8cab 00
@8cac 00
@8cad 00
@8cae 00
@8caf 00
@8cb0 00
@8cb1 00
@8cb2 00
@8cb3 00
@8cb4 00
@8cb5 00
@8cb6 00
@8cb7 00
@8cb8 00
@8cb9 00
@8cba 00
@8cbb 00
@8cbc 00
@8cbd 00
@8cbe 00
@8cbf 00
@8cc0 00
@8cc1 00
@8cc2 00
@8cc3 00
@8cc4 00
@8cc5 00
@8cc6 00
@8cc7 00
@8cc8 00
@8cc9 00
@8cca 00
@8ccb 00
@8ccc 00
@8ccd 00
@8cce 00
@8ccf 00
@8cd0 00
@8cd1 00
@8cd2 00
@8cd3 00
@8cd4 00
@8cd5 00
@8cd6 00
@8cd7 00
@8cd8 00
@8cd9 00
@8cda 00
@8cdb 00
@8cdc 00
@8cdd 00
@8cde 00
@8cdf 00
@8ce0 00
@8ce1 00
@8ce2 00
@8ce3 00
@8ce4 00
@8ce5 00
@8ce6 00
@8ce7 00
@8ce8 00
@8ce9 00
@8cea 00
@8ceb 00
@8cec 00
@8ced 00
@8cee 00
@8cef 00
@8cf0 00
@8cf1 00
@8cf2 00
@8cf3 00
@8cf4 00
@8cf5 00
@8cf6 00
@8cf7 00
@8cf8 00
@8cf9 00
@8cfa 00
@8cfb 00
@8cfc 00
@8cfd 00
@8cfe 00
@8cff 00
@8d00 00
@8d01 00
@8d02 00
@8d03 00
@8d04 00
@8d05 00
@8d06 00
@8d07 00
@8d08 00
@8d09 00
@8d0a 00
@8d0b 00
@8d0c 00
@8d0d 00
@8d0e 00
@8d0f 00
@8d10 00
@8d11 00
@8d12 00
@8d13 00
@8d14 00
@8d15 00
@8d16 00
@8d17 00
@8d18 00
@8d19 00
@8d1a 00
@8d1b 00
@8d1c 00
@8d1d 00
@8d1e 00
@8d1f 00
@8d20 00
@8d21 00
@8d22 00
@8d23 00
@8d24 00
@8d25 00
@8d26 00
@8d27 00
@8d28 00
@8d29 00
@8d2a 00
@8d2b 00
@8d2c 00
@8d2d 00
@8d2e 00
@8d2f 00
@8d30 00
@8d31 00
@8d32 00
@8d33 00
@8d34 00
@8d35 00
@8d36 00
@8d37 00
@8d38 00
@8d39 00
@8d3a 00
@8d3b 00
@8d3c 00
@8d3d 00
@8d3e 00
@8d3f 00
@8d40 00
@8d41 00
@8d42 00
@8d43 00
@8d44 00
@8d45 00
@8d46 00
@8d47 00
@8d48 00
@8d49 00
@8d4a 00
@8d4b 00
@8d4c 00
@8d4d 00
@8d4e 00
@8d4f 00
@8d50 00
@8d51 00
@8d52 00
@8d53 00
@8d54 00
@8d55 00
@8d56 00
@8d57 00
@8d58 00
@8d59 00
@8d5a 00
@8d5b 00
@8d5c 00
@8d5d 00
@8d5e 00
@8d5f 00
@8d60 00
@8d61 00
@8d62 00
@8d63 00
@8d64 00
@8d65 00
@8d66 00
@8d67 00
@8d68 00
@8d69 00
@8d6a 00
@8d6b 00
@8d6c 00
@8d6d 00
@8d6e 00
@8d6f 00
@8d70 00
@8d71 00
@8d72 00
@8d73 00
@8d74 00
@8d75 00
@8d76 00
@8d77 00
@8d78 00
@8d79 00
@8d7a 00
@8d7b 00
@8d7c 00
@8d7d 00
@8d7e 00
@8d7f 00
@8d80 00
@8d81 00
@8d82 00
@8d83 00
@8d84 00
@8d85 00
@8d86 00
@8d87 00
@8d88 00
@8d89 00
@8d8a 00
@8d8b 00
@8d8c 00
@8d8d 00
@8d8e 00
@8d8f 00
@8d90 00
@8d91 00
@8d92 00
@8d93 00
@8d94 00
@8d95 00
@8d96 00
@8d97 00
@8d98 00
@8d99 00
@8d9a 00
@8d9b 00
@8d9c 00
@8d9d 00
@8d9e 00
@8d9f 00
@8da0 00
@8da1 00
@8da2 00
@8da3 00
@8da4 00
@8da5 00
@8da6 00
@8da7 00
@8da8 00
@8da9 00
@8daa 00
@8dab 00
@8dac 00
@8dad 00
@8dae 00
@8daf 00
@8db0 00
@8db1 00
@8db2 00
@8db3 00
@8db4 00
@8db5 00
@8db6 00
@8db7 00
@8db8 00
@8db9 00
@8dba 00
@8dbb 00
@8dbc 00
@8dbd 00
@8dbe 00
@8dbf 00
@8dc0 00
@8dc1 00
@8dc2 00
@8dc3 00
@8dc4 00
@8dc5 00
@8dc6 00
@8dc7 00
@8dc8 00
@8dc9 00
@8dca 00
@8dcb 00
@8dcc 00
@8dcd 00
@8dce 00
@8dcf 00
@8dd0 00
@8dd1 00
@8dd2 00
@8dd3 00
@8dd4 00
@8dd5 00
@8dd6 00
@8dd7 00
@8dd8 00
@8dd9 00
@8dda 00
@8ddb 00
@8ddc 00
@8ddd 00
@8dde 00
@8ddf 00
@8de0 00
@8de1 00
@8de2 00
@8de3 00
@8de4 00
@8de5 00
@8de6 00
@8de7 00
@8de8 00
@8de9 00
@8dea 00
@8deb 00
@8dec 00
@8ded 00
@8dee 00
@8def 00
@8df0 00
@8df1 00
@8df2 00
@8df3 00
@8df4 00
@8df5 00
@8df6 00
@8df7 00
@8df8 00
@8df9 00
@8dfa 00
@8dfb 00
@8dfc 00
@8dfd 00
@8dfe 00
@8dff 00
@8e00 00
@8e01 00
@8e02 00
@8e03 00
@8e04 00
@8e05 00
@8e06 00
@8e07 00
@8e08 00
@8e09 00
@8e0a 00
@8e0b 00
@8e0c 00
@8e0d 00
@8e0e 00
@8e0f 00
@8e10 00
@8e11 00
@8e12 00
@8e13 00
@8e14 00
@8e15 00
@8e16 00
@8e17 00
@8e18 00
@8e19 00
@8e1a 00
@8e1b 00
@8e1c 00
@8e1d 00
@8e1e 00
@8e1f 00
@8e20 00
@8e21 00
@8e22 00
@8e23 00
@8e24 00
@8e25 00
@8e26 00
@8e27 00
@8e28 00
@8e29 00
@8e2a 00
@8e2b 00
@8e2c 00
@8e2d 00
@8e2e 00
@8e2f 00
@8e30 00
@8e31 00
@8e32 00
@8e33 00
@8e34 00
@8e35 00
@8e36 00
@8e37 00
@8e38 00
@8e39 00
@8e3a 00
@8e3b 00
@8e3c 00
@8e3d 00
@8e3e 00
@8e3f 00
@8e40 00
@8e41 00
@8e42 00
@8e43 00
@8e44 00
@8e45 00
@8e46 00
@8e47 00
@8e48 00
@8e49 00
@8e4a 00
@8e4b 00
@8e4c 00
@8e4d 00
@8e4e 00
@8e4f 00
@8e50 00
@8e51 00
@8e52 00
@8e53 00
@8e54 00
@8e55 00
@8e56 00
@8e57 00
@8e58 00
@8e59 00
@8e5a 00
@8e5b 00
@8e5c 00
@8e5d 00
@8e5e 00
@8e5f 00
@8e60 00
@8e61 00
@8e62 00
@8e63 00
@8e64 00
@8e65 00
@8e66 00
@8e67 00
@8e68 00
@8e69 00
@8e6a 00
@8e6b 00
@8e6c 00
@8e6d 00
@8e6e 00
@8e6f 00
@8e70 00
@8e71 00
@8e72 00
@8e73 00
@8e74 00
@8e75 00
@8e76 00
@8e77 00
@8e78 00
@8e79 00
@8e7a 00
@8e7b 00
@8e7c 00
@8e7d 00
@8e7e 00
@8e7f 00
@8e80 00
@8e81 00
@8e82 00
@8e83 00
@8e84 00
@8e85 00
@8e86 00
@8e87 00
@8e88 00
@8e89 00
@8e8a 00
@8e8b 00
@8e8c 00
@8e8d 00
@8e8e 00
@8e8f 00
@8e90 00
@8e91 00
@8e92 00
@8e93 00
@8e94 00
@8e95 00
@8e96 00
@8e97 00
@8e98 00
@8e99 00
@8e9a 00
@8e9b 00
@8e9c 00
@8e9d 00
@8e9e 00
@8e9f 00
@8ea0 00
@8ea1 00
@8ea2 00
@8ea3 00
@8ea4 00
@8ea5 00
@8ea6 00
@8ea7 00
@8ea8 00
@8ea9 00
@8eaa 00
@8eab 00
@8eac 00
@8ead 00
@8eae 00
@8eaf 00
@8eb0 00
@8eb1 00
@8eb2 00
@8eb3 00
@8eb4 00
@8eb5 00
@8eb6 00
@8eb7 00
@8eb8 00
@8eb9 00
@8eba 00
@8ebb 00
@8ebc 00
@8ebd 00
@8ebe 00
@8ebf 00
@8ec0 00
@8ec1 00
@8ec2 00
@8ec3 00
@8ec4 00
@8ec5 00
@8ec6 00
@8ec7 00
@8ec8 00
@8ec9 00
@8eca 00
@8ecb 00
@8ecc 00
@8ecd 00
@8ece 00
@8ecf 00
@8ed0 00
@8ed1 00
@8ed2 00
@8ed3 00
@8ed4 00
@8ed5 00
@8ed6 00
@8ed7 00
@8ed8 00
@8ed9 00
@8eda 00
@8edb 00
@8edc 00
@8edd 00
@8ede 00
@8edf 00
@8ee0 00
@8ee1 00
@8ee2 00
@8ee3 00
@8ee4 00
@8ee5 00
@8ee6 00
@8ee7 00
@8ee8 00
@8ee9 00
@8eea 00
@8eeb 00
@8eec 00
@8eed 00
@8eee 00
@8eef 00
@8ef0 00
@8ef1 00
@8ef2 00
@8ef3 00
@8ef4 00
@8ef5 00
@8ef6 00
@8ef7 00
@8ef8 00
@8ef9 00
@8efa 00
@8efb 00
@8efc 00
@8efd 00
@8efe 00
@8eff 00
@8f00 00
@8f01 00
@8f02 00
@8f03 00
@8f04 00
@8f05 00
@8f06 00
@8f07 00
@8f08 00
@8f09 00
@8f0a 00
@8f0b 00
@8f0c 00
@8f0d 00
@8f0e 00
@8f0f 00
@8f10 00
@8f11 00
@8f12 00
@8f13 00
@8f14 00
@8f15 00
@8f16 00
@8f17 00
@8f18 00
@8f19 00
@8f1a 00
@8f1b 00
@8f1c 00
@8f1d 00
@8f1e 00
@8f1f 00
@8f20 00
@8f21 00
@8f22 00
@8f23 00
@8f24 00
@8f25 00
@8f26 00
@8f27 00
@8f28 00
@8f29 00
@8f2a 00
@8f2b 00
@8f2c 00
@8f2d 00
@8f2e 00
@8f2f 00
@8f30 00
@8f31 00
@8f32 00
@8f33 00
@8f34 00
@8f35 00
@8f36 00
@8f37 00
@8f38 00
@8f39 00
@8f3a 00
@8f3b 00
@8f3c 00
@8f3d 00
@8f3e 00
@8f3f 00
@8f40 00
@8f41 00
@8f42 00
@8f43 00
@8f44 00
@8f45 00
@8f46 00
@8f47 00
@8f48 00
@8f49 00
@8f4a 00
@8f4b 00
@8f4c 00
@8f4d 00
@8f4e 00
@8f4f 00
@8f50 00
@8f51 00
@8f52 00
@8f53 00
@8f54 00
@8f55 00
@8f56 00
@8f57 00
@8f58 00
@8f59 00
@8f5a 00
@8f5b 00
@8f5c 00
@8f5d 00
@8f5e 00
@8f5f 00
@8f60 00
@8f61 00
@8f62 00
@8f63 00
@8f64 00
@8f65 00
@8f66 00
@8f67 00
@8f68 00
@8f69 00
@8f6a 00
@8f6b 00
@8f6c 00
@8f6d 00
@8f6e 00
@8f6f 00
@8f70 00
@8f71 00
@8f72 00
@8f73 00
@8f74 00
@8f75 00
@8f76 00
@8f77 00
@8f78 00
@8f79 00
@8f7a 00
@8f7b 00
@8f7c 00
@8f7d 00
@8f7e 00
@8f7f 00
@8f80 00
@8f81 00
@8f82 00
@8f83 00
@8f84 00
@8f85 00
@8f86 00
@8f87 00
@8f88 00
@8f89 00
@8f8a 00
@8f8b 00
@8f8c 00
@8f8d 00
@8f8e 00
@8f8f 00
@8f90 00
@8f91 00
@8f92 00
@8f93 00
@8f94 00
@8f95 00
@8f96 00
@8f97 00
@8f98 00
@8f99 00
@8f9a 00
@8f9b 00
@8f9c 00
@8f9d 00
@8f9e 00
@8f9f 00
@8fa0 00
@8fa1 00
@8fa2 00
@8fa3 00
@8fa4 00
@8fa5 00
@8fa6 00
@8fa7 00
@8fa8 00
@8fa9 00
@8faa 00
@8fab 00
@8fac 00
@8fad 00
@8fae 00
@8faf 00
@8fb0 00
@8fb1 00
@8fb2 00
@8fb3 00
@8fb4 00
@8fb5 00
@8fb6 00
@8fb7 00
@8fb8 00
@8fb9 00
@8fba 00
@8fbb 00
@8fbc 00
@8fbd 00
@8fbe 00
@8fbf 00
@8fc0 00
@8fc1 00
@8fc2 00
@8fc3 00
@8fc4 00
@8fc5 00
@8fc6 00
@8fc7 00
@8fc8 00
@8fc9 00
@8fca 00
@8fcb 00
@8fcc 00
@8fcd 00
@8fce 00
@8fcf 00
@8fd0 00
@8fd1 00
@8fd2 00
@8fd3 00
@8fd4 00
@8fd5 00
@8fd6 00
@8fd7 00
@8fd8 00
@8fd9 00
@8fda 00
@8fdb 00
@8fdc 00
@8fdd 00
@8fde 00
@8fdf 00
@8fe0 00
@8fe1 00
@8fe2 00
@8fe3 00
@8fe4 00
@8fe5 00
@8fe6 00
@8fe7 00
@8fe8 00
@8fe9 00
@8fea 00
@8feb 00
@8fec 00
@8fed 00
@8fee 00
@8fef 00
@8ff0 00
@8ff1 00
@8ff2 00
@8ff3 00
@8ff4 00
@8ff5 00
@8ff6 00
@8ff7 00
@8ff8 00
@8ff9 00
@8ffa 00
@8ffb 00
@8ffc 00
@8ffd 00
@8ffe 00
@8fff 00
