/// elfFileName : main.out, Data Memory(byte #2)
@0400 02
@0401 01
@0402 02
@0403 82
@0404 02
@0405 03
@0406 62
@0407 02
@0408 42
@0409 62
@040a 50
@040b d0
@040c 10
@040d 00
@040e d0
@040f 50
@0410 1f
@0411 01
@0412 11
@0413 81
@0414 91
@0415 21
@0416 31
@0417 41
@0418 51
@0419 02
@041a 09
@041b 05
@041c 09
@041d 02
@041e 06
@041f 04
@0420 05
@0421 50
@0422 02
@0423 45
@0424 00
@0425 09
@0426 02
@0427 02
@0428 a0
@0429 0a
@042a 80
@042b 84
@042c 49
@042d 04
@042e 07
@042f 14
@0430 94
@0431 49
@0432 0a
@0433 07
@0434 84
@0435 34
@0436 c1
@0437 81
@0438 41
@0439 01
@043a c1
@043b 81
@043c 41
@043d 01
@043e 00
@043f 01
@0440 11
@0441 1f
@0442 c1
@0443 01
@0444 00
@0445 02
@0446 87
@0447 07
@0448 01
@0449 11
@044a 81
@044b 91
@044c 21
@044d 31
@044e 41
@044f 51
@0450 61
@0451 02
@0452 04
@0453 02
@0454 00
@0455 ca
@0456 04
@0457 10
@0458 00
@0459 09
@045a 02
@045b 05
@045c 00
@045d c4
@045e 07
@045f 09
@0460 07
@0461 05
@0462 a0
@0463 f5
@0464 44
@0465 02
@0466 c5
@0467 40
@0468 00
@0469 47
@046a 02
@046b 47
@046c f0
@046d f0
@046e c7
@046f d7
@0470 5f
@0471 02
@0472 87
@0473 07
@0474 02
@0475 09
@0476 02
@0477 c4
@0478 15
@0479 a4
@047a 30
@047b f4
@047c f4
@047d c0
@047e 84
@047f 80
@0480 e7
@0481 f5
@0482 15
@0483 a4
@0484 c4
@0485 c0
@0486 c4
@0487 e0
@0488 e7
@0489 f5
@048a 15
@048b a4
@048c c4
@048d c0
@048e 15
@048f 15
@0490 a4
@0491 c4
@0492 80
@0493 15
@0494 17
@0495 e4
@0496 04
@0497 04
@0498 44
@0499 04
@049a 02
@049b 85
@049c 00
@049d 04
@049e c0
@049f 04
@04a0 40
@04a1 c0
@04a2 c0
@04a3 5b
@04a4 40
@04a5 c9
@04a6 07
@04a7 02
@04a8 02
@04a9 9f
@04aa 00
@04ab c1
@04ac 81
@04ad 41
@04ae 01
@04af c1
@04b0 81
@04b1 41
@04b2 01
@04b3 01
@04b4 00
@04b5 00
@04b6 00
@04b7 01
@04b8 11
@04b9 91
@04ba 31
@04bb 05
@04bc 06
@04bd 05
@04be 05
@04bf 81
@04c0 21
@04c1 f6
@04c2 02
@04c3 80
@04c4 49
@04c5 04
@04c6 07
@04c7 f4
@04c8 04
@04c9 81
@04ca 01
@04cb f9
@04cc 90
@04cd a7
@04ce 02
@04cf 47
@04d0 05
@04d1 07
@04d2 c1
@04d3 41
@04d4 c1
@04d5 01
@04d6 00
@04d7 f0
@04d8 a7
@04d9 c5
@04da 49
@04db f6
@04dc 04
@04dd a7
@04de 45
@04df 1f
@04e0 df
@04e1 81
@04e2 01
@04e3 1f
@04e4 02
@04e5 47
@04e6 75
@04e7 07
@04e8 9f
@04e9 01
@04ea 11
@04eb 81
@04ec 21
@04ed 31
@04ee 41
@04ef 05
@04f0 05
@04f1 06
@04f2 06
@04f3 b0
@04f4 05
@04f5 91
@04f6 51
@04f7 f7
@04f8 02
@04f9 90
@04fa 4a
@04fb 09
@04fc 07
@04fd f4
@04fe 04
@04ff 0a
@0500 00
@0501 f9
@0502 41
@0503 41
@0504 00
@0505 90
@0506 a7
@0507 f9
@0508 35
@0509 00
@050a f6
@050b c4
@050c 49
@050d c4
@050e d5
@050f c6
@0510 d7
@0511 89
@0512 d7
@0513 07
@0514 cc
@0515 d6
@0516 c7
@0517 26
@0518 c6
@0519 a6
@051a d7
@051b c5
@051c b7
@051d f7
@051e f4
@051f f4
@0520 d9
@0521 b6
@0522 c6
@0523 cc
@0524 c5
@0525 b7
@0526 b6
@0527 c7
@0528 c7
@0529 f6
@052a f7
@052b a5
@052c b6
@052d f5
@052e f5
@052f 16
@0530 f7
@0531 09
@0532 0a
@0533 a7
@0534 15
@0535 1f
@0536 80
@0537 02
@0538 47
@0539 d0
@053a 07
@053b 41
@053c 41
@053d c0
@053e 41
@053f 41
@0540 f9
@0541 36
@0542 00
@0543 f6
@0544 c4
@0545 49
@0546 c4
@0547 e5
@0548 c7
@0549 e7
@054a 89
@054b e7
@054c b7
@054d cc
@054e d6
@054f c7
@0550 27
@0551 c7
@0552 b7
@0553 e7
@0554 c6
@0555 d7
@0556 f7
@0557 f4
@0558 f4
@0559 e9
@055a d7
@055b c7
@055c cc
@055d c6
@055e d7
@055f d7
@0560 c7
@0561 c7
@0562 f7
@0563 f7
@0564 d6
@0565 c7
@0566 f6
@0567 f6
@0568 17
@0569 f6
@056a 27
@056b f7
@056c 17
@056d f4
@056e 05
@056f 02
@0570 47
@0571 f5
@0572 07
@0573 c1
@0574 81
@0575 01
@0576 c1
@0577 81
@0578 01
@0579 00
@057a 01
@057b 11
@057c 81
@057d 15
@057e 05
@057f 05
@0580 91
@0581 02
@0582 44
@0583 07
@0584 14
@0585 f4
@0586 05
@0587 41
@0588 c1
@0589 81
@058a 01
@058b 00
@058c 01
@058d 11
@058e 1f
@058f 02
@0590 47
@0591 a0
@0592 07
@0593 10
@0594 c1
@0595 01
@0596 00
@0597 01
@0598 11
@0599 81
@059a 05
@059b 02
@059c 47
@059d f5
@059e 07
@059f 04
@05a0 c1
@05a1 81
@05a2 01
@05a3 00
@05a4 01
@05a5 11
@05a6 81
@05a7 05
@05a8 b1
@05a9 c1
@05aa d1
@05ab e1
@05ac f1
@05ad 01
@05ae 11
@05af 41
@05b0 f1
@05b1 05
@05b2 05
@05b3 91
@05b4 21
@05b5 31
@05b6 41
@05b7 51
@05b8 61
@05b9 71
@05ba 81
@05bb a1
@05bc 00
@05bd 00
@05be 01
@05bf 00
@05c0 00
@05c1 50
@05c2 02
@05c3 00
@05c4 90
@05c5 50
@05c6 40
@05c7 f0
@05c8 a7
@05c9 2a
@05ca 47
@05cb 17
@05cc a7
@05cd 07
@05ce 04
@05cf 40
@05d0 04
@05d1 c0
@05d2 14
@05d3 c0
@05d4 f7
@05d5 04
@05d6 04
@05d7 40
@05d8 14
@05d9 91
@05da 80
@05db 02
@05dc 4b
@05dd 00
@05de 07
@05df 4b
@05e0 80
@05e1 07
@05e2 c1
@05e3 47
@05e4 e1
@05e5 07
@05e6 00
@05e7 04
@05e8 0a
@05e9 09
@05ea 5f
@05eb 04
@05ec 00
@05ed c0
@05ee 0b
@05ef c1
@05f0 07
@05f1 c1
@05f2 77
@05f3 87
@05f4 87
@05f5 e1
@05f6 07
@05f7 47
@05f8 1f
@05f9 c1
@05fa 47
@05fb e1
@05fc 07
@05fd 00
@05fe c1
@05ff 5f
@0600 91
@0601 b1
@0602 0b
@0603 c1
@0604 47
@0605 e1
@0606 07
@0607 fd
@0608 0c
@0609 00
@060a 0a
@060b 09
@060c 04
@060d 0d
@060e 0c
@060f 9f
@0610 04
@0611 00
@0612 41
@0613 c1
@0614 00
@0615 c1
@0616 07
@0617 c1
@0618 77
@0619 87
@061a 87
@061b e1
@061c 07
@061d 47
@061e 9f
@061f c1
@0620 47
@0621 e1
@0622 07
@0623 fd
@0624 1f
@0625 00
@0626 f9
@0627 b0
@0628 90
@0629 fc
@062a b0
@062b fa
@062c 9f
@062d 02
@062e 47
@062f d0
@0630 07
@0631 9f
@0632 c1
@0633 47
@0634 e1
@0635 07
@0636 1f
@0637 04
@0638 00
@0639 c0
@063a 02
@063b 47
@063c c1
@063d 47
@063e d1
@063f 07
@0640 07
@0641 04
@0642 00
@0643 40
@0644 65
@0645 4c
@0646 07
@0647 04
@0648 17
@0649 17
@064a 05
@064b 04
@064c aa
@064d d5
@064e f7
@064f f9
@0650 d5
@0651 f5
@0652 f9
@0653 27
@0654 02
@0655 07
@0656 f5
@0657 05
@0658 07
@0659 14
@065a a9
@065b 04
@065c 91
@065d 04
@065e 04
@065f 00
@0660 10
@0661 df
@0662 14
@0663 04
@0664 91
@0665 04
@0666 10
@0667 5f
@0668 04
@0669 df
@066a 04
@066b 5f
@066c 41
@066d 01
@066e c1
@066f 81
@0670 41
@0671 01
@0672 c1
@0673 81
@0674 01
@0675 00
@0676 c1
@0677 81
@0678 01
@0679 00
@067a 02
@067b 02
@067c 07
@067d 27
@067e 87
@067f e7
@0680 07
@0681 47
@0682 17
@0683 07
@0684 a7
@0685 00
@0686 02
@0687 02
@0688 07
@0689 27
@068a 87
@068b e7
@068c 07
@068d 47
@068e 87
@068f 07
@0690 07
@0691 00
@0692 02
@0693 87
@0694 07
@0695 f0
@0696 e6
@0697 47
@0698 e7
@0699 00
@069a a0
@069b 02
@069c a7
@069d 00
@069e 05
@069f 05
@06a0 05
@06a1 05
@06a2 05
@06a3 05
@06a4 00
@06a5 85
@06a6 45
@06a7 e7
@06a8 05
@06a9 00
@06aa 85
@06ab 00
@06ac 15
@06ad 07
@06ae 00
@06af 85
@06b0 f5
@06b1 b7
@06b2 45
@06b3 85
@06b4 70
@06b5 00
@06b6 c7
@06b7 17
@06b8 10
@06b9 f5
@06ba e6
@06bb 17
@06bc f5
@06bd d5
@06be e5
@06bf 00
@06c0 05
@06c1 05
@06c2 f7
@06c3 07
@06c4 00
@06c5 47
@06c6 e7
@06c7 47
@06c8 f5
@06c9 47
@06ca 87
@06cb 70
@06cc 00
@06cd b7
@06ce 17
@06cf d6
@06d0 e0
@06d1 e7
@06d2 07
@06d3 d7
@06d4 c7
@06d5 00
@06d6 85
@06d7 07
@06d8 05
@06d9 07
@06da 70
@06db 80
@06dc f7
@06dd f5
@06de 45
@06df 00
@06e0 02
@06e1 87
@06e2 02
@06e3 c7
@06e4 07
@06e5 07
@06e6 46
@06e7 27
@06e8 07
@06e9 46
@06ea 07
@06eb 07
@06ec 02
@06ed c7
@06ee 02
@06ef c7
@06f0 c7
@06f1 07
@06f2 46
@06f3 27
@06f4 07
@06f5 46
@06f6 07
@06f7 07
@06f8 00
@06f9 01
@06fa 11
@06fb 5f
@06fc c1
@06fd 01
@06fe 00
@06ff 01
@0700 11
@0701 81
@0702 02
@0703 c5
@0704 c5
@0705 5f
@0706 c4
@0707 df
@0708 84
@0709 5f
@070a 44
@070b df
@070c c1
@070d 81
@070e 01
@070f 00
@0710 00
@0711 c7
@0712 57
@0713 02
@0714 47
@0715 87
@0716 c7
@0717 f7
@0718 00
@0719 07
@071a 47
@071b 04
@071c 00
@071d 01
@071e 11
@071f 1f
@0720 02
@0721 00
@0722 c7
@0723 f7
@0724 02
@0725 00
@0726 c7
@0727 f7
@0728 02
@0729 47
@072a 87
@072b 37
@072c f7
@072d 00
@072e 07
@072f 47
@0730 04
@0731 00
@0732 c7
@0733 57
@0734 c1
@0735 01
@0736 00
@0737 01
@0738 11
@0739 02
@073a 87
@073b 47
@073c 07
@073d 07
@073e 02
@073f c7
@0740 47
@0741 07
@0742 07
@0743 02
@0744 00
@0745 87
@0746 f7
@0747 02
@0748 00
@0749 87
@074a f7
@074b 02
@074c 47
@074d 87
@074e c7
@074f f7
@0750 04
@0751 9f
@0752 c1
@0753 01
@0754 00
@0755 01
@0756 11
@0757 81
@0758 91
@0759 21
@075a 31
@075b 41
@075c 51
@075d 05
@075e 02
@075f 25
@0760 87
@0761 e7
@0762 07
@0763 45
@0764 aa
@0765 2a
@0766 02
@0767 c4
@0768 54
@0769 04
@076a 07
@076b 04
@076c 44
@076d 17
@076e 07
@076f 04
@0770 1f
@0771 a4
@0772 09
@0773 07
@0774 02
@0775 c7
@0776 87
@0777 5a
@0778 49
@0779 37
@077a 27
@077b e7
@077c 97
@077d 07
@077e a0
@077f 02
@0780 c9
@0781 e9
@0782 40
@0783 10
@0784 f9
@0785 99
@0786 07
@0787 44
@0788 87
@0789 07
@078a 04
@078b f4
@078c 04
@078d 0a
@078e 9f
@078f 54
@0790 a0
@0791 f4
@0792 49
@0793 17
@0794 f9
@0795 1f
@0796 c1
@0797 81
@0798 41
@0799 01
@079a c1
@079b 81
@079c 41
@079d 01
@079e 00
@079f 01
@07a0 11
@07a1 81
@07a2 02
@07a3 47
@07a4 07
@07a5 14
@07a6 07
@07a7 24
@07a8 04
@07a9 02
@07aa 47
@07ab f0
@07ac e7
@07ad c1
@07ae 81
@07af 01
@07b0 00
@07b1 00
@07b2 df
@07b3 1f
@07b4 10
@07b5 1f
@07b6 df
@07b7 20
@07b8 07
@07b9 00
@07ba 01
@07bb 11
@07bc f7
@07bd 70
@07be e7
@07bf b0
@07c0 e7
@07c1 9f
@07c2 c1
@07c3 01
@07c4 00
@07c5 02
@07c6 47
@07c7 05
@07c8 45
@07c9 02
@07ca 47
@07cb f7
@07cc c7
@07cd f5
@07ce d7
@07cf e7
@07d0 a5
@07d1 d5
@07d2 02
@07d3 07
@07d4 07
@07d5 07
@07d6 1f
@07d7 02
@07d8 07
@07d9 a7
@07da b7
@07db 00
@07dc 05
@07dd a0
@07de a7
@07df 25
@07e0 02
@07e1 87
@07e2 f5
@07e3 05
@07e4 07
@07e5 f0
@07e6 00
@07e7 b0
@07e8 00
@07e9 f0
@07ea 00
@07eb 60
@07ec 00
@07ed d0
@07ee 00
@07ef d0
@07f0 00
@07f1 70
@07f2 00
@07f3 f0
@07f4 00
@07f5 f0
@07f6 00
@07f7 70
@07f8 00
@07f9 c0
@07fa 00
@07fb 90
@07fc 00
@07fd e0
@07fe 00
@07ff 90
@0800 00
@0801 10
@0802 00
@0803 d0
@0804 00
@0805 60
@0806 00
@0807 40
@0808 00
@0809 e0
@080a 00
@080b 80
@080c 00
@080d 80
@080e 00
@080f 70
@0810 00
@0811 40
@0812 00
@0813 c0
@0814 00
@0815 30
@0816 00
@0817 70
@0818 00
@0819 00
@081a 00
@081b d0
@081c 00
@081d 00
@081e 00
@081f e0
@0820 00
@0821 c0
@0822 00
@0823 e0
@0824 00
@0825 60
@0826 00
@0827 e0
@0828 00
@0829 b0
@082a 00
@082b 00
@082c 00
@082d 80
@082e 00
@082f 00
@0830 00
@0831 00
@0832 00
@0833 80
@0834 00
@0835 00
@0836 00
@0837 60
@0838 00
@0839 f5
@083a 90
@083b a7
@083c 05
@083d 00
@083e 75
@083f 00
@0840 01
@0841 11
@0842 81
@0843 91
@0844 21
@0845 05
@0846 c5
@0847 9f
@0848 05
@0849 84
@084a df
@084b 84
@084c 05
@084d a4
@084e 44
@084f 9f
@0850 05
@0851 04
@0852 df
@0853 89
@0854 a4
@0855 a9
@0856 c1
@0857 81
@0858 41
@0859 01
@085a 01
@085b 00
@085c 01
@085d 11
@085e 81
@085f 91
@0860 21
@0861 31
@0862 41
@0863 51
@0864 61
@0865 df
@0866 05
@0867 50
@0868 1f
@0869 05
@086a 20
@086b 5f
@086c 05
@086d 84
@086e 05
@086f f4
@0870 d0
@0871 df
@0872 05
@0873 8a
@0874 1f
@0875 05
@0876 0a
@0877 f5
@0878 1f
@0879 05
@087a 8a
@087b f5
@087c 1f
@087d 05
@087e fa
@087f 5f
@0880 84
@0881 97
@0882 67
@0883 8a
@0884 8a
@0885 45
@0886 d7
@0887 09
@0888 09
@0889 37
@088a d7
@088b 89
@088c 89
@088d a7
@088e b7
@088f 1f
@0890 c1
@0891 81
@0892 41
@0893 01
@0894 c1
@0895 81
@0896 41
@0897 01
@0898 01
@0899 00
@089a 02
@089b 87
@089c 17
@089d d7
@089e 07
@089f 00
@08a0 02
@08a1 e7
@08a2 04
@08a3 00
@08a4 01
@08a5 11
@08a6 00
@08a7 5f
@08a8 c1
@08a9 01
@08aa 00
@08ab 02
@08ac 87
@08ad f7
@08ae f7
@08af 07
@08b0 02
@08b1 c7
@08b2 07
@08b3 00
@08b4 01
@08b5 11
@08b6 10
@08b7 5f
@08b8 c1
@08b9 01
@08ba 00
@08bb 01
@08bc 11
@08bd 81
@08be 91
@08bf 21
@08c0 05
@08c1 02
@08c2 07
@08c3 46
@08c4 d7
@08c5 27
@08c6 02
@08c7 c4
@08c8 f4
@08c9 04
@08ca 17
@08cb 07
@08cc 02
@08cd 26
@08ce 87
@08cf d7
@08d0 07
@08d1 5f
@08d2 04
@08d3 04
@08d4 0f
@08d5 49
@08d6 17
@08d7 07
@08d8 df
@08d9 c1
@08da 81
@08db 41
@08dc 01
@08dd 01
@08de 00
@08df 04
@08e0 0f
@08e1 a9
@08e2 9f
@08e3 01
@08e4 11
@08e5 81
@08e6 02
@08e7 07
@08e8 47
@08e9 e7
@08ea 27
@08eb 02
@08ec 44
@08ed f4
@08ee 47
@08ef e7
@08f0 27
@08f1 02
@08f2 c7
@08f3 f7
@08f4 87
@08f5 07
@08f6 1f
@08f7 04
@08f8 0f
@08f9 05
@08fa 5f
@08fb 04
@08fc c1
@08fd 81
@08fe 01
@08ff 00
@0900 01
@0901 11
@0902 81
@0903 05
@0904 9f
@0905 c4
@0906 f7
@0907 f4
@0908 df
@0909 c1
@090a 81
@090b 01
@090c 00
@090d 00
@090e 57
@090f f5
@0910 02
@0911 a7
@0912 00
@0913 45
@0914 eb
@0915 f7
@0916 f5
@0917 45
@0918 00
@0919 00
@091a 47
@091b 04
@091c 00
@091d c7
@091e 57
@091f 00
@0920 00
@0921 02
@0922 c7
@0923 e7
@0924 20
@0925 e7
@0926 10
@0927 e7
@0928 00
@0929 01
@092a 11
@092b 00
@092c 20
@092d 10
@092e 02
@092f c7
@0930 47
@0931 e6
@0932 46
@0933 eb
@0934 f7
@0935 e6
@0936 87
@0937 07
@0938 46
@0939 e6
@093a f5
@093b 02
@093c 05
@093d cf
@093e c1
@093f 01
@0940 00
@0941 05
@0942 00
@0943 e0
@0944 20
@0945 30
@0946 10
@0947 80
@0948 e7
@0949 17
@094a 07
@094b b7
@094c c7
@094d 27
@094e 47
@094f d7
@0950 05
@0951 00
@0952 10
@0953 20
@0954 30
@0955 10
@0956 80
@0957 e7
@0958 07
@0959 a7
@095a b7
@095b c7
@095c 27
@095d 47
@095e d7
@095f 00
@0960 30
@0961 f6
@0962 c7
@0963 10
@0964 f6
@0965 40
@0966 f6
@0967 05
@0968 85
@0969 f7
@096a 70
@096b f6
@096c c5
@096d e7
@096e f5
@096f 00
@0970 00
@0971 70
@0972 f6
@0973 c5
@0974 90
@0975 f7
@0976 17
@0977 f5
@0978 00
@0979 00
@097a 05
@097b f0
@097c c5
@097d e7
@097e f5
@097f 00
@0980 c5
@0981 10
@0982 f7
@0983 f7
@0984 f5
@0985 00
@0986 05
@0987 05
@0988 e6
@0989 e5
@098a 45
@098b 45
@098c f6
@098d f5
@098e 07
@098f 85
@0990 b7
@0991 80
@0992 e8
@0993 b8
@0994 e5
@0995 c0
@0996 c5
@0997 07
@0998 c5
@0999 e7
@099a 40
@099b f6
@099c e6
@099d f5
@099e d0
@099f d5
@09a0 00
@09a1 00
@09a2 9f
@09a3 00
@09a4 5f
@09a5 45
@09a6 07
@09a7 05
@09a8 05
@09a9 e7
@09aa 85
@09ab d7
@09ac f7
@09ad 45
@09ae f0
@09af f5
@09b0 00
@09b1 10
@09b2 f5
@09b3 00
@09b4 05
@09b5 10
@09b6 c0
@09b7 40
@09b8 76
@09b9 80
@09ba 85
@09bb c1
@09bc c0
@09bd df
@09be d3
@09bf d6
@09c0 50
@09c1 55
@09c2 c1
@09c3 45
@09c4 65
@09c5 05
@09c6 17
@09c7 00
@09c8 80
@09c9 85
@09ca c1
@09cb 1f
@09cc 01
@09cd 00
@09ce 45
@09cf 65
@09d0 05
@09d1 17
@09d2 01
@09d3 85
@09d4 f6
@09d5 d7
@09d6 17
@09d7 05
@09d8 e7
@09d9 85
@09da f6
@09db c7
@09dc 17
@09dd 05
@09de 07
@09df c6
@09e0 f6
@09e1 d6
@09e2 16
@09e3 e7
@09e4 f6
@09e5 d6
@09e6 c6
@09e7 e6
@09e8 c5
@09e9 fe
@09ea d6
@09eb 16
@09ec 45
@09ed 06
@09ee c5
@09ef ff
@09f0 f8
@09f1 18
@09f2 45
@09f3 58
@09f4 fe
@09f5 fe
@09f6 df
@09f7 1e
@09f8 06
@09f9 f2
@09fa 5f
@09fb fe
@09fc 7e
@09fd 81
@09fe 05
@09ff 05
@0a00 45
@0a01 c4
@0a02 0f
@0a03 06
@0a04 f6
@0a05 c8
@0a06 06
@0a07 c2
@0a08 e8
@0a09 e7
@0a0a f7
@0a0b f7
@0a0c e7
@0a0d e7
@0a0e 76
@0a0f 50
@0a10 55
@0a11 c1
@0a12 5f
@0a13 00
@0a14 c6
@0a15 d7
@0a16 f5
@0a17 00
@0a18 97
@0a19 f5
@0a1a 15
@0a1b 15
@0a1c 00
@0a1d 85
@0a1e 85
@0a1f 00
@0a20 87
@0a21 d7
@0a22 17
@0a23 e7
@0a24 87
@0a25 c7
@0a26 00
@0a27 b5
@0a28 07
@0a29 c5
@0a2a 80
@0a2b c7
@0a2c d5
@0a2d 40
@0a2e d7
@0a2f c5
@0a30 26
@0a31 d8
@0a32 38
@0a33 88
@0a34 17
@0a35 a8
@0a36 25
@0a37 b8
@0a38 38
@0a39 a8
@0a3a 07
@0a3b c8
@0a3c d0
@0a3d 67
@0a3e 68
@0a3f 17
@0a40 18
@0a41 17
@0a42 15
@0a43 f6
@0a44 07
@0a45 25
@0a46 b7
@0a47 37
@0a48 a7
@0a49 87
@0a4a f7
@0a4b 87
@0a4c a7
@0a4d 26
@0a4e d5
@0a4f 36
@0a50 d7
@0a51 c0
@0a52 b7
@0a53 a7
@0a54 c6
@0a55 b6
@0a56 87
@0a57 e7
@0a58 00
@0a59 c5
@0a5a c5
@0a5b 25
@0a5c b3
@0a5d 33
@0a5e 67
@0a5f a3
@0a60 d5
@0a61 28
@0a62 17
@0a63 37
@0a64 87
@0a65 a7
@0a66 f7
@0a67 c3
@0a68 d0
@0a69 18
@0a6a 17
@0a6b 18
@0a6c 17
@0a6d 68
@0a6e d5
@0a6f 15
@0a70 f6
@0a71 07
@0a72 07
@0a73 27
@0a74 b7
@0a75 37
@0a76 a7
@0a77 f7
@0a78 87
@0a79 26
@0a7a d7
@0a7b 37
@0a7c e5
@0a7d a5
@0a7e c0
@0a7f d7
@0a80 a7
@0a81 c7
@0a82 d7
@0a83 87
@0a84 b7
@0a85 00
@0a86 01
@0a87 11
@0a88 81
@0a89 91
@0a8a 21
@0a8b 31
@0a8c 05
@0a8d 05
@0a8e 06
@0a8f 06
@0a90 9f
@0a91 09
@0a92 04
@0a93 9f
@0a94 04
@0a95 04
@0a96 9f
@0a97 09
@0a98 5f
@0a99 09
@0a9a 10
@0a9b 89
@0a9c 49
@0a9d 09
@0a9e 5f
@0a9f 09
@0aa0 c4
@0aa1 84
@0aa2 44
@0aa3 04
@0aa4 df
@0aa5 04
@0aa6 04
@0aa7 10
@0aa8 c0
@0aa9 44
@0aaa 94
@0aab 04
@0aac 27
@0aad 09
@0aae c4
@0aaf 84
@0ab0 44
@0ab1 04
@0ab2 df
@0ab3 9f
@0ab4 c1
@0ab5 81
@0ab6 41
@0ab7 01
@0ab8 c1
@0ab9 01
@0aba 00
@0abb 01
@0abc 11
@0abd 51
@0abe 61
@0abf 71
@0ac0 a1
@0ac1 b1
@0ac2 c1
@0ac3 d1
@0ac4 e1
@0ac5 f1
@0ac6 01
@0ac7 11
@0ac8 c1
@0ac9 d1
@0aca e1
@0acb f1
@0acc cf
@0acd 01
@0ace 41
@0acf 81
@0ad0 c1
@0ad1 01
@0ad2 41
@0ad3 81
@0ad4 c1
@0ad5 01
@0ad6 41
@0ad7 81
@0ad8 c1
@0ad9 01
@0ada 41
@0adb 81
@0adc c1
@0add 01
@0ade 20
@8000 00
@8001 00
@8002 00
@8003 00
@8004 00
@8005 00
@8006 00
@8007 00
@8008 00
@8009 00
@800a 00
@800b 00
@800c 00
@800d 00
@800e 00
@800f 00
@8010 00
@8011 00
@8012 00
@8013 00
@8014 00
@8015 00
@8016 00
@8017 00
@8018 00
@8019 00
@801a 00
@801b 00
@801c 00
@801d 00
@801e 00
@801f 00
@8020 00
@8021 00
@8022 00
@8023 00
@8024 00
@8025 00
@8026 00
@8027 00
@8028 00
@8029 00
@802a 00
@802b 00
@802c 00
@802d 00
@802e 00
@802f 00
@8030 00
@8031 00
@8032 00
@8033 00
@8034 00
@8035 00
@8036 00
@8037 00
@8038 00
@8039 00
@803a 00
@803b 00
@803c 00
@803d 00
@803e 00
@803f 00
@8040 00
@8041 00
@8042 00
@8043 00
@8044 00
@8045 00
@8046 00
@8047 00
@8048 00
@8049 00
@804a 00
@804b 00
@804c 00
@804d 00
@804e 00
@804f 00
@8050 00
@8051 00
@8052 00
@8053 00
@8054 00
@8055 00
@8056 00
@8057 00
@8058 00
@8059 00
@805a 00
@805b 00
@805c 00
@805d 00
@805e 00
@805f 00
@8060 00
@8061 00
@8062 00
@8063 00
@8064 00
@8065 00
@8066 00
@8067 00
@8068 00
@8069 00
@806a 00
@806b 00
@806c 00
@806d 00
@806e 00
@806f 00
@8070 00
@8071 31
@8072 00
@8073 00
@8074 32
@8075 00
@8076 61
@8077 69
@8078 69
@8079 70
@807a 74
@807b 3a
@807c 25
@807d 79
@807e 2c
@807f 3d
@8080 20
@8081 25
@8082 00
@8083 74
@8084 5a
@8085 74
@8086 65
@8087 2e
@8088 4f
@8089 45
@808a 25
@808b 79
@808c 73
@808d 64
@808e 73
@808f 20
@8090 75
@8091 73
@8092 00
@8400 00
@8401 00
@8402 00
@8403 00
@8404 43
@8405 67
@8406 39
@8407 30
@8408 31
@8409 2e
@840a 00
@840b 00
@840c 00
@840d 00
@840e 00
@840f 00
@8410 00
@8411 00
@8412 00
@8413 00
@8414 00
@8415 00
@8416 00
@8417 00
@8418 00
@8419 00
@841a 00
@841b 00
@841c 00
@841d 00
@841e 00
@841f 00
@8420 00
@8421 00
@8422 00
@8423 00
@8424 00
@8425 00
@8426 00
@8427 00
@8428 00
@8429 00
@842a 00
@842b 00
@842c 00
@842d 00
@842e 00
@842f 00
@8430 00
@8431 00
@8432 00
@8433 00
@8434 00
@8435 00
@8436 00
@8437 00
@8438 00
@8439 00
@843a 00
@843b 00
@843c 00
@843d 00
@843e 00
@843f 00
@8440 00
@8441 00
@8442 00
@8443 00
@8444 00
@8445 00
@8446 00
@8447 00
@8448 00
@8449 00
@844a 00
@844b 00
@844c 00
@844d 00
@844e 00
@844f 00
@8450 00
@8451 00
@8452 00
@8453 00
@8454 00
@8455 00
@8456 00
@8457 00
@8458 00
@8459 00
@845a 00
@845b 00
@845c 00
@845d 00
@845e 00
@845f 00
@8460 00
@8461 00
@8462 00
@8463 00
@8464 00
@8465 00
@8466 00
@8467 00
@8468 00
@8469 00
@846a 00
@846b 00
@846c 00
@846d 00
@846e 00
@846f 00
@8470 00
@8471 00
@8472 00
@8473 00
@8474 00
@8475 00
@8476 00
@8477 00
@8478 00
@8479 00
@847a 00
@847b 00
@847c 00
@847d 00
@847e 00
@847f 00
@8480 00
@8481 00
@8482 00
@8483 00
@8484 00
@8485 00
@8486 00
@8487 00
@8488 00
@8489 00
@848a 00
@848b 00
@848c 00
@848d 00
@848e 00
@848f 00
@8490 00
@8491 00
@8492 00
@8493 00
@8494 00
@8495 00
@8496 00
@8497 00
@8498 00
@8499 00
@849a 00
@849b 00
@849c 00
@849d 00
@849e 00
@849f 00
@84a0 00
@84a1 00
@84a2 00
@84a3 00
@84a4 00
@84a5 00
@84a6 00
@84a7 00
@84a8 00
@84a9 00
@84aa 00
@84ab 00
@84ac 00
@84ad 00
@84ae 00
@84af 00
@84b0 00
@84b1 00
@84b2 00
@84b3 00
@84b4 00
@84b5 00
@84b6 00
@84b7 00
@84b8 00
@84b9 00
@84ba 00
@84bb 00
@84bc 00
@84bd 00
@84be 00
@84bf 00
@84c0 00
@84c1 00
@84c2 00
@84c3 00
@84c4 00
@84c5 00
@84c6 00
@84c7 00
@84c8 00
@84c9 00
@84ca 00
@84cb 00
@84cc 00
@84cd 00
@84ce 00
@84cf 00
@84d0 00
@84d1 00
@84d2 00
@84d3 00
@84d4 00
@84d5 00
@84d6 00
@84d7 00
@84d8 00
@84d9 00
@84da 00
@84db 00
@84dc 00
@84dd 00
@84de 00
@84df 00
@84e0 00
@84e1 00
@84e2 00
@84e3 00
@84e4 00
@84e5 00
@84e6 00
@84e7 00
@84e8 00
@84e9 00
@84ea 00
@84eb 00
@84ec 00
@84ed 00
@84ee 00
@84ef 00
@84f0 00
@84f1 00
@84f2 00
@84f3 00
@84f4 00
@84f5 00
@84f6 00
@84f7 00
@84f8 00
@84f9 00
@84fa 00
@84fb 00
@84fc 00
@84fd 00
@84fe 00
@84ff 00
@8500 00
@8501 00
@8502 00
@8503 00
@8504 00
@8505 00
@8506 00
@8507 00
@8508 00
@8509 00
@850a 00
@850b 00
@850c 00
@850d 00
@850e 00
@850f 00
@8510 00
@8511 00
@8512 00
@8513 00
@8514 00
@8515 00
@8516 00
@8517 00
@8518 00
@8519 00
@851a 00
@851b 00
@851c 00
@851d 00
@851e 00
@851f 00
@8520 00
@8521 00
@8522 00
@8523 00
@8524 00
@8525 00
@8526 00
@8527 00
@8528 00
@8529 00
@852a 00
@852b 00
@852c 00
@852d 00
@852e 00
@852f 00
@8530 00
@8531 00
@8532 00
@8533 00
@8534 00
@8535 00
@8536 00
@8537 00
@8538 00
@8539 00
@853a 00
@853b 00
@853c 00
@853d 00
@853e 00
@853f 00
@8540 00
@8541 00
@8542 00
@8543 00
@8544 00
@8545 00
@8546 00
@8547 00
@8548 00
@8549 00
@854a 00
@854b 00
@854c 00
@854d 00
@854e 00
@854f 00
@8550 00
@8551 00
@8552 00
@8553 00
@8554 00
@8555 00
@8556 00
@8557 00
@8558 00
@8559 00
@855a 00
@855b 00
@855c 00
@855d 00
@855e 00
@855f 00
@8560 00
@8561 00
@8562 00
@8563 00
@8564 00
@8565 00
@8566 00
@8567 00
@8568 00
@8569 00
@856a 00
@856b 00
@856c 00
@856d 00
@856e 00
@856f 00
@8570 00
@8571 00
@8572 00
@8573 00
@8574 00
@8575 00
@8576 00
@8577 00
@8578 00
@8579 00
@857a 00
@857b 00
@857c 00
@857d 00
@857e 00
@857f 00
@8580 00
@8581 00
@8582 00
@8583 00
@8584 00
@8585 00
@8586 00
@8587 00
@8588 00
@8589 00
@858a 00
@858b 00
@858c 00
@858d 00
@858e 00
@858f 00
@8590 00
@8591 00
@8592 00
@8593 00
@8594 00
@8595 00
@8596 00
@8597 00
@8598 00
@8599 00
@859a 00
@859b 00
@859c 00
@859d 00
@859e 00
@859f 00
@85a0 00
@85a1 00
@85a2 00
@85a3 00
@85a4 00
@85a5 00
@85a6 00
@85a7 00
@85a8 00
@85a9 00
@85aa 00
@85ab 00
@85ac 00
@85ad 00
@85ae 00
@85af 00
@85b0 00
@85b1 00
@85b2 00
@85b3 00
@85b4 00
@85b5 00
@85b6 00
@85b7 00
@85b8 00
@85b9 00
@85ba 00
@85bb 00
@85bc 00
@85bd 00
@85be 00
@85bf 00
@85c0 00
@85c1 00
@85c2 00
@85c3 00
@85c4 00
@85c5 00
@85c6 00
@85c7 00
@85c8 00
@85c9 00
@85ca 00
@85cb 00
@85cc 00
@85cd 00
@85ce 00
@85cf 00
@85d0 00
@85d1 00
@85d2 00
@85d3 00
@85d4 00
@85d5 00
@85d6 00
@85d7 00
@85d8 00
@85d9 00
@85da 00
@85db 00
@85dc 00
@85dd 00
@85de 00
@85df 00
@85e0 00
@85e1 00
@85e2 00
@85e3 00
@85e4 00
@85e5 00
@85e6 00
@85e7 00
@85e8 00
@85e9 00
@85ea 00
@85eb 00
@85ec 00
@85ed 00
@85ee 00
@85ef 00
@85f0 00
@8800 00
@8801 00
@8802 00
@8803 00
@8804 00
@8805 00
@8806 00
@8807 00
@8808 00
@8809 00
@880a 00
@880b 00
@880c 00
@880d 00
@880e 00
@880f 00
@8810 00
@8811 00
@8812 00
@8813 00
@8814 00
@8815 00
@8816 00
@8817 00
@8818 00
@8819 00
@881a 00
@881b 00
@881c 00
@881d 00
@881e 00
@881f 00
@8820 00
@8821 00
@8822 00
@8823 00
@8824 00
@8825 00
@8826 00
@8827 00
@8828 00
@8829 00
@882a 00
@882b 00
@882c 00
@882d 00
@882e 00
@882f 00
@8830 00
@8831 00
@8832 00
@8833 00
@8834 00
@8835 00
@8836 00
@8837 00
@8838 00
@8839 00
@883a 00
@883b 00
@883c 00
@883d 00
@883e 00
@883f 00
@8840 00
@8841 00
@8842 00
@8843 00
@8844 00
@8845 00
@8846 00
@8847 00
@8848 00
@8849 00
@884a 00
@884b 00
@884c 00
@884d 00
@884e 00
@884f 00
@8850 00
@8851 00
@8852 00
@8853 00
@8854 00
@8855 00
@8856 00
@8857 00
@8858 00
@8859 00
@885a 00
@885b 00
@885c 00
@885d 00
@885e 00
@885f 00
@8860 00
@8861 00
@8862 00
@8863 00
@8864 00
@8865 00
@8866 00
@8867 00
@8868 00
@8869 00
@886a 00
@886b 00
@886c 00
@886d 00
@886e 00
@886f 00
@8870 00
@8871 00
@8872 00
@8873 00
@8874 00
@8875 00
@8876 00
@8877 00
@8878 00
@8879 00
@887a 00
@887b 00
@887c 00
@887d 00
@887e 00
@887f 00
@8880 00
@8881 00
@8882 00
@8883 00
@8884 00
@8885 00
@8886 00
@8887 00
@8888 00
@8889 00
@888a 00
@888b 00
@888c 00
@888d 00
@888e 00
@888f 00
@8890 00
@8891 00
@8892 00
@8893 00
@8894 00
@8895 00
@8896 00
@8897 00
@8898 00
@8899 00
@889a 00
@889b 00
@889c 00
@889d 00
@889e 00
@889f 00
@88a0 00
@88a1 00
@88a2 00
@88a3 00
@88a4 00
@88a5 00
@88a6 00
@88a7 00
@88a8 00
@88a9 00
@88aa 00
@88ab 00
@88ac 00
@88ad 00
@88ae 00
@88af 00
@88b0 00
@88b1 00
@88b2 00
@88b3 00
@88b4 00
@88b5 00
@88b6 00
@88b7 00
@88b8 00
@88b9 00
@88ba 00
@88bb 00
@88bc 00
@88bd 00
@88be 00
@88bf 00
@88c0 00
@88c1 00
@88c2 00
@88c3 00
@88c4 00
@88c5 00
@88c6 00
@88c7 00
@88c8 00
@88c9 00
@88ca 00
@88cb 00
@88cc 00
@88cd 00
@88ce 00
@88cf 00
@88d0 00
@88d1 00
@88d2 00
@88d3 00
@88d4 00
@88d5 00
@88d6 00
@88d7 00
@88d8 00
@88d9 00
@88da 00
@88db 00
@88dc 00
@88dd 00
@88de 00
@88df 00
@88e0 00
@88e1 00
@88e2 00
@88e3 00
@88e4 00
@88e5 00
@88e6 00
@88e7 00
@88e8 00
@88e9 00
@88ea 00
@88eb 00
@88ec 00
@88ed 00
@88ee 00
@88ef 00
@88f0 00
@88f1 00
@88f2 00
@88f3 00
@88f4 00
@88f5 00
@88f6 00
@88f7 00
@88f8 00
@88f9 00
@88fa 00
@88fb 00
@88fc 00
@88fd 00
@88fe 00
@88ff 00
@8900 00
@8901 00
@8902 00
@8903 00
@8904 00
@8905 00
@8906 00
@8907 00
@8908 00
@8909 00
@890a 00
@890b 00
@890c 00
@890d 00
@890e 00
@890f 00
@8910 00
@8911 00
@8912 00
@8913 00
@8914 00
@8915 00
@8916 00
@8917 00
@8918 00
@8919 00
@891a 00
@891b 00
@891c 00
@891d 00
@891e 00
@891f 00
@8920 00
@8921 00
@8922 00
@8923 00
@8924 00
@8925 00
@8926 00
@8927 00
@8928 00
@8929 00
@892a 00
@892b 00
@892c 00
@892d 00
@892e 00
@892f 00
@8930 00
@8931 00
@8932 00
@8933 00
@8934 00
@8935 00
@8936 00
@8937 00
@8938 00
@8939 00
@893a 00
@893b 00
@893c 00
@893d 00
@893e 00
@893f 00
@8940 00
@8941 00
@8942 00
@8943 00
@8944 00
@8945 00
@8946 00
@8947 00
@8948 00
@8949 00
@894a 00
@894b 00
@894c 00
@894d 00
@894e 00
@894f 00
@8950 00
@8951 00
@8952 00
@8953 00
@8954 00
@8955 00
@8956 00
@8957 00
@8958 00
@8959 00
@895a 00
@895b 00
@895c 00
@895d 00
@895e 00
@895f 00
@8960 00
@8961 00
@8962 00
@8963 00
@8964 00
@8965 00
@8966 00
@8967 00
@8968 00
@8969 00
@896a 00
@896b 00
@896c 00
@896d 00
@896e 00
@896f 00
@8970 00
@8971 00
@8972 00
@8973 00
@8974 00
@8975 00
@8976 00
@8977 00
@8978 00
@8979 00
@897a 00
@897b 00
@897c 00
@897d 00
@897e 00
@897f 00
@8980 00
@8981 00
@8982 00
@8983 00
@8984 00
@8985 00
@8986 00
@8987 00
@8988 00
@8989 00
@898a 00
@898b 00
@898c 00
@898d 00
@898e 00
@898f 00
@8990 00
@8991 00
@8992 00
@8993 00
@8994 00
@8995 00
@8996 00
@8997 00
@8998 00
@8999 00
@899a 00
@899b 00
@899c 00
@899d 00
@899e 00
@899f 00
@89a0 00
@89a1 00
@89a2 00
@89a3 00
@89a4 00
@89a5 00
@89a6 00
@89a7 00
@89a8 00
@89a9 00
@89aa 00
@89ab 00
@89ac 00
@89ad 00
@89ae 00
@89af 00
@89b0 00
@89b1 00
@89b2 00
@89b3 00
@89b4 00
@89b5 00
@89b6 00
@89b7 00
@89b8 00
@89b9 00
@89ba 00
@89bb 00
@89bc 00
@89bd 00
@89be 00
@89bf 00
@89c0 00
@89c1 00
@89c2 00
@89c3 00
@89c4 00
@89c5 00
@89c6 00
@89c7 00
@89c8 00
@89c9 00
@89ca 00
@89cb 00
@89cc 00
@89cd 00
@89ce 00
@89cf 00
@89d0 00
@89d1 00
@89d2 00
@89d3 00
@89d4 00
@89d5 00
@89d6 00
@89d7 00
@89d8 00
@89d9 00
@89da 00
@89db 00
@89dc 00
@89dd 00
@89de 00
@89df 00
@89e0 00
@89e1 00
@89e2 00
@89e3 00
@89e4 00
@89e5 00
@89e6 00
@89e7 00
@89e8 00
@89e9 00
@89ea 00
@89eb 00
@89ec 00
@89ed 00
@89ee 00
@89ef 00
@89f0 00
@89f1 00
@89f2 00
@89f3 00
@89f4 00
@89f5 00
@89f6 00
@89f7 00
@89f8 00
@89f9 00
@89fa 00
@89fb 00
@89fc 00
@89fd 00
@89fe 00
@89ff 00
@8a00 00
@8a01 00
@8a02 00
@8a03 00
@8a04 00
@8a05 00
@8a06 00
@8a07 00
@8a08 00
@8a09 00
@8a0a 00
@8a0b 00
@8a0c 00
@8a0d 00
@8a0e 00
@8a0f 00
@8a10 00
@8a11 00
@8a12 00
@8a13 00
@8a14 00
@8a15 00
@8a16 00
@8a17 00
@8a18 00
@8a19 00
@8a1a 00
@8a1b 00
@8a1c 00
@8a1d 00
@8a1e 00
@8a1f 00
@8a20 00
@8a21 00
@8a22 00
@8a23 00
@8a24 00
@8a25 00
@8a26 00
@8a27 00
@8a28 00
@8a29 00
@8a2a 00
@8a2b 00
@8a2c 00
@8a2d 00
@8a2e 00
@8a2f 00
@8a30 00
@8a31 00
@8a32 00
@8a33 00
@8a34 00
@8a35 00
@8a36 00
@8a37 00
@8a38 00
@8a39 00
@8a3a 00
@8a3b 00
@8a3c 00
@8a3d 00
@8a3e 00
@8a3f 00
@8a40 00
@8a41 00
@8a42 00
@8a43 00
@8a44 00
@8a45 00
@8a46 00
@8a47 00
@8a48 00
@8a49 00
@8a4a 00
@8a4b 00
@8a4c 00
@8a4d 00
@8a4e 00
@8a4f 00
@8a50 00
@8a51 00
@8a52 00
@8a53 00
@8a54 00
@8a55 00
@8a56 00
@8a57 00
@8a58 00
@8a59 00
@8a5a 00
@8a5b 00
@8a5c 00
@8a5d 00
@8a5e 00
@8a5f 00
@8a60 00
@8a61 00
@8a62 00
@8a63 00
@8a64 00
@8a65 00
@8a66 00
@8a67 00
@8a68 00
@8a69 00
@8a6a 00
@8a6b 00
@8a6c 00
@8a6d 00
@8a6e 00
@8a6f 00
@8a70 00
@8a71 00
@8a72 00
@8a73 00
@8a74 00
@8a75 00
@8a76 00
@8a77 00
@8a78 00
@8a79 00
@8a7a 00
@8a7b 00
@8a7c 00
@8a7d 00
@8a7e 00
@8a7f 00
@8a80 00
@8a81 00
@8a82 00
@8a83 00
@8a84 00
@8a85 00
@8a86 00
@8a87 00
@8a88 00
@8a89 00
@8a8a 00
@8a8b 00
@8a8c 00
@8a8d 00
@8a8e 00
@8a8f 00
@8a90 00
@8a91 00
@8a92 00
@8a93 00
@8a94 00
@8a95 00
@8a96 00
@8a97 00
@8a98 00
@8a99 00
@8a9a 00
@8a9b 00
@8a9c 00
@8a9d 00
@8a9e 00
@8a9f 00
@8aa0 00
@8aa1 00
@8aa2 00
@8aa3 00
@8aa4 00
@8aa5 00
@8aa6 00
@8aa7 00
@8aa8 00
@8aa9 00
@8aaa 00
@8aab 00
@8aac 00
@8aad 00
@8aae 00
@8aaf 00
@8ab0 00
@8ab1 00
@8ab2 00
@8ab3 00
@8ab4 00
@8ab5 00
@8ab6 00
@8ab7 00
@8ab8 00
@8ab9 00
@8aba 00
@8abb 00
@8abc 00
@8abd 00
@8abe 00
@8abf 00
@8ac0 00
@8ac1 00
@8ac2 00
@8ac3 00
@8ac4 00
@8ac5 00
@8ac6 00
@8ac7 00
@8ac8 00
@8ac9 00
@8aca 00
@8acb 00
@8acc 00
@8acd 00
@8ace 00
@8acf 00
@8ad0 00
@8ad1 00
@8ad2 00
@8ad3 00
@8ad4 00
@8ad5 00
@8ad6 00
@8ad7 00
@8ad8 00
@8ad9 00
@8ada 00
@8adb 00
@8adc 00
@8add 00
@8ade 00
@8adf 00
@8ae0 00
@8ae1 00
@8ae2 00
@8ae3 00
@8ae4 00
@8ae5 00
@8ae6 00
@8ae7 00
@8ae8 00
@8ae9 00
@8aea 00
@8aeb 00
@8aec 00
@8aed 00
@8aee 00
@8aef 00
@8af0 00
@8af1 00
@8af2 00
@8af3 00
@8af4 00
@8af5 00
@8af6 00
@8af7 00
@8af8 00
@8af9 00
@8afa 00
@8afb 00
@8afc 00
@8afd 00
@8afe 00
@8aff 00
@8b00 00
@8b01 00
@8b02 00
@8b03 00
@8b04 00
@8b05 00
@8b06 00
@8b07 00
@8b08 00
@8b09 00
@8b0a 00
@8b0b 00
@8b0c 00
@8b0d 00
@8b0e 00
@8b0f 00
@8b10 00
@8b11 00
@8b12 00
@8b13 00
@8b14 00
@8b15 00
@8b16 00
@8b17 00
@8b18 00
@8b19 00
@8b1a 00
@8b1b 00
@8b1c 00
@8b1d 00
@8b1e 00
@8b1f 00
@8b20 00
@8b21 00
@8b22 00
@8b23 00
@8b24 00
@8b25 00
@8b26 00
@8b27 00
@8b28 00
@8b29 00
@8b2a 00
@8b2b 00
@8b2c 00
@8b2d 00
@8b2e 00
@8b2f 00
@8b30 00
@8b31 00
@8b32 00
@8b33 00
@8b34 00
@8b35 00
@8b36 00
@8b37 00
@8b38 00
@8b39 00
@8b3a 00
@8b3b 00
@8b3c 00
@8b3d 00
@8b3e 00
@8b3f 00
@8b40 00
@8b41 00
@8b42 00
@8b43 00
@8b44 00
@8b45 00
@8b46 00
@8b47 00
@8b48 00
@8b49 00
@8b4a 00
@8b4b 00
@8b4c 00
@8b4d 00
@8b4e 00
@8b4f 00
@8b50 00
@8b51 00
@8b52 00
@8b53 00
@8b54 00
@8b55 00
@8b56 00
@8b57 00
@8b58 00
@8b59 00
@8b5a 00
@8b5b 00
@8b5c 00
@8b5d 00
@8b5e 00
@8b5f 00
@8b60 00
@8b61 00
@8b62 00
@8b63 00
@8b64 00
@8b65 00
@8b66 00
@8b67 00
@8b68 00
@8b69 00
@8b6a 00
@8b6b 00
@8b6c 00
@8b6d 00
@8b6e 00
@8b6f 00
@8b70 00
@8b71 00
@8b72 00
@8b73 00
@8b74 00
@8b75 00
@8b76 00
@8b77 00
@8b78 00
@8b79 00
@8b7a 00
@8b7b 00
@8b7c 00
@8b7d 00
@8b7e 00
@8b7f 00
@8b80 00
@8b81 00
@8b82 00
@8b83 00
@8b84 00
@8b85 00
@8b86 00
@8b87 00
@8b88 00
@8b89 00
@8b8a 00
@8b8b 00
@8b8c 00
@8b8d 00
@8b8e 00
@8b8f 00
@8b90 00
@8b91 00
@8b92 00
@8b93 00
@8b94 00
@8b95 00
@8b96 00
@8b97 00
@8b98 00
@8b99 00
@8b9a 00
@8b9b 00
@8b9c 00
@8b9d 00
@8b9e 00
@8b9f 00
@8ba0 00
@8ba1 00
@8ba2 00
@8ba3 00
@8ba4 00
@8ba5 00
@8ba6 00
@8ba7 00
@8ba8 00
@8ba9 00
@8baa 00
@8bab 00
@8bac 00
@8bad 00
@8bae 00
@8baf 00
@8bb0 00
@8bb1 00
@8bb2 00
@8bb3 00
@8bb4 00
@8bb5 00
@8bb6 00
@8bb7 00
@8bb8 00
@8bb9 00
@8bba 00
@8bbb 00
@8bbc 00
@8bbd 00
@8bbe 00
@8bbf 00
@8bc0 00
@8bc1 00
@8bc2 00
@8bc3 00
@8bc4 00
@8bc5 00
@8bc6 00
@8bc7 00
@8bc8 00
@8bc9 00
@8bca 00
@8bcb 00
@8bcc 00
@8bcd 00
@8bce 00
@8bcf 00
@8bd0 00
@8bd1 00
@8bd2 00
@8bd3 00
@8bd4 00
@8bd5 00
@8bd6 00
@8bd7 00
@8bd8 00
@8bd9 00
@8bda 00
@8bdb 00
@8bdc 00
@8bdd 00
@8bde 00
@8bdf 00
@8be0 00
@8be1 00
@8be2 00
@8be3 00
@8be4 00
@8be5 00
@8be6 00
@8be7 00
@8be8 00
@8be9 00
@8bea 00
@8beb 00
@8bec 00
@8bed 00
@8bee 00
@8bef 00
@8bf0 00
@8bf1 00
@8bf2 00
@8bf3 00
@8bf4 00
@8bf5 00
@8bf6 00
@8bf7 00
@8bf8 00
@8bf9 00
@8bfa 00
@8bfb 00
@8bfc 00
@8bfd 00
@8bfe 00
@8bff 00
@8c00 00
@8c01 00
@8c02 00
@8c03 00
@8c04 00
@8c05 00
@8c06 00
@8c07 00
@8c08 00
@8c09 00
@8c0a 00
@8c0b 00
@8c0c 00
@8c0d 00
@8c0e 00
@8c0f 00
@8c10 00
@8c11 00
@8c12 00
@8c13 00
@8c14 00
@8c15 00
@8c16 00
@8c17 00
@8c18 00
@8c19 00
@8c1a 00
@8c1b 00
@8c1c 00
@8c1d 00
@8c1e 00
@8c1f 00
@8c20 00
@8c21 00
@8c22 00
@8c23 00
@8c24 00
@8c25 00
@8c26 00
@8c27 00
@8c28 00
@8c29 00
@8c2a 00
@8c2b 00
@8c2c 00
@8c2d 00
@8c2e 00
@8c2f 00
@8c30 00
@8c31 00
@8c32 00
@8c33 00
@8c34 00
@8c35 00
@8c36 00
@8c37 00
@8c38 00
@8c39 00
@8c3a 00
@8c3b 00
@8c3c 00
@8c3d 00
@8c3e 00
@8c3f 00
@8c40 00
@8c41 00
@8c42 00
@8c43 00
@8c44 00
@8c45 00
@8c46 00
@8c47 00
@8c48 00
@8c49 00
@8c4a 00
@8c4b 00
@8c4c 00
@8c4d 00
@8c4e 00
@8c4f 00
@8c50 00
@8c51 00
@8c52 00
@8c53 00
@8c54 00
@8c55 00
@8c56 00
@8c57 00
@8c58 00
@8c59 00
@8c5a 00
@8c5b 00
@8c5c 00
@8c5d 00
@8c5e 00
@8c5f 00
@8c60 00
@8c61 00
@8c62 00
@8c63 00
@8c64 00
@8c65 00
@8c66 00
@8c67 00
@8c68 00
@8c69 00
@8c6a 00
@8c6b 00
@8c6c 00
@8c6d 00
@8c6e 00
@8c6f 00
@8c70 00
@8c71 00
@8c72 00
@8c73 00
@8c74 00
@8c75 00
@8c76 00
@8c77 00
@8c78 00
@8c79 00
@8c7a 00
@8c7b 00
@8c7c 00
@8c7d 00
@8c7e 00
@8c7f 00
@8c80 00
@8c81 00
@8c82 00
@8c83 00
@8c84 00
@8c85 00
@8c86 00
@8c87 00
@8c88 00
@8c89 00
@8c8a 00
@8c8b 00
@8c8c 00
@8c8d 00
@8c8e 00
@8c8f 00
@8c90 00
@8c91 00
@8c92 00
@8c93 00
@8c94 00
@8c95 00
@8c96 00
@8c97 00
@8c98 00
@8c99 00
@8c9a 00
@8c9b 00
@8c9c 00
@8c9d 00
@8c9e 00
@8c9f 00
@8ca0 00
@8ca1 00
@8ca2 00
@8ca3 00
@8ca4 00
@8ca5 00
@8ca6 00
@8ca7 00
@8ca8 00
@8ca9 00
@8caa 00
@8cab 00
@8cac 00
@8cad 00
@8cae 00
@8caf 00
@8cb0 00
@8cb1 00
@8cb2 00
@8cb3 00
@8cb4 00
@8cb5 00
@8cb6 00
@8cb7 00
@8cb8 00
@8cb9 00
@8cba 00
@8cbb 00
@8cbc 00
@8cbd 00
@8cbe 00
@8cbf 00
@8cc0 00
@8cc1 00
@8cc2 00
@8cc3 00
@8cc4 00
@8cc5 00
@8cc6 00
@8cc7 00
@8cc8 00
@8cc9 00
@8cca 00
@8ccb 00
@8ccc 00
@8ccd 00
@8cce 00
@8ccf 00
@8cd0 00
@8cd1 00
@8cd2 00
@8cd3 00
@8cd4 00
@8cd5 00
@8cd6 00
@8cd7 00
@8cd8 00
@8cd9 00
@8cda 00
@8cdb 00
@8cdc 00
@8cdd 00
@8cde 00
@8cdf 00
@8ce0 00
@8ce1 00
@8ce2 00
@8ce3 00
@8ce4 00
@8ce5 00
@8ce6 00
@8ce7 00
@8ce8 00
@8ce9 00
@8cea 00
@8ceb 00
@8cec 00
@8ced 00
@8cee 00
@8cef 00
@8cf0 00
@8cf1 00
@8cf2 00
@8cf3 00
@8cf4 00
@8cf5 00
@8cf6 00
@8cf7 00
@8cf8 00
@8cf9 00
@8cfa 00
@8cfb 00
@8cfc 00
@8cfd 00
@8cfe 00
@8cff 00
@8d00 00
@8d01 00
@8d02 00
@8d03 00
@8d04 00
@8d05 00
@8d06 00
@8d07 00
@8d08 00
@8d09 00
@8d0a 00
@8d0b 00
@8d0c 00
@8d0d 00
@8d0e 00
@8d0f 00
@8d10 00
@8d11 00
@8d12 00
@8d13 00
@8d14 00
@8d15 00
@8d16 00
@8d17 00
@8d18 00
@8d19 00
@8d1a 00
@8d1b 00
@8d1c 00
@8d1d 00
@8d1e 00
@8d1f 00
@8d20 00
@8d21 00
@8d22 00
@8d23 00
@8d24 00
@8d25 00
@8d26 00
@8d27 00
@8d28 00
@8d29 00
@8d2a 00
@8d2b 00
@8d2c 00
@8d2d 00
@8d2e 00
@8d2f 00
@8d30 00
@8d31 00
@8d32 00
@8d33 00
@8d34 00
@8d35 00
@8d36 00
@8d37 00
@8d38 00
@8d39 00
@8d3a 00
@8d3b 00
@8d3c 00
@8d3d 00
@8d3e 00
@8d3f 00
@8d40 00
@8d41 00
@8d42 00
@8d43 00
@8d44 00
@8d45 00
@8d46 00
@8d47 00
@8d48 00
@8d49 00
@8d4a 00
@8d4b 00
@8d4c 00
@8d4d 00
@8d4e 00
@8d4f 00
@8d50 00
@8d51 00
@8d52 00
@8d53 00
@8d54 00
@8d55 00
@8d56 00
@8d57 00
@8d58 00
@8d59 00
@8d5a 00
@8d5b 00
@8d5c 00
@8d5d 00
@8d5e 00
@8d5f 00
@8d60 00
@8d61 00
@8d62 00
@8d63 00
@8d64 00
@8d65 00
@8d66 00
@8d67 00
@8d68 00
@8d69 00
@8d6a 00
@8d6b 00
@8d6c 00
@8d6d 00
@8d6e 00
@8d6f 00
@8d70 00
@8d71 00
@8d72 00
@8d73 00
@8d74 00
@8d75 00
@8d76 00
@8d77 00
@8d78 00
@8d79 00
@8d7a 00
@8d7b 00
@8d7c 00
@8d7d 00
@8d7e 00
@8d7f 00
@8d80 00
@8d81 00
@8d82 00
@8d83 00
@8d84 00
@8d85 00
@8d86 00
@8d87 00
@8d88 00
@8d89 00
@8d8a 00
@8d8b 00
@8d8c 00
@8d8d 00
@8d8e 00
@8d8f 00
@8d90 00
@8d91 00
@8d92 00
@8d93 00
@8d94 00
@8d95 00
@8d96 00
@8d97 00
@8d98 00
@8d99 00
@8d9a 00
@8d9b 00
@8d9c 00
@8d9d 00
@8d9e 00
@8d9f 00
@8da0 00
@8da1 00
@8da2 00
@8da3 00
@8da4 00
@8da5 00
@8da6 00
@8da7 00
@8da8 00
@8da9 00
@8daa 00
@8dab 00
@8dac 00
@8dad 00
@8dae 00
@8daf 00
@8db0 00
@8db1 00
@8db2 00
@8db3 00
@8db4 00
@8db5 00
@8db6 00
@8db7 00
@8db8 00
@8db9 00
@8dba 00
@8dbb 00
@8dbc 00
@8dbd 00
@8dbe 00
@8dbf 00
@8dc0 00
@8dc1 00
@8dc2 00
@8dc3 00
@8dc4 00
@8dc5 00
@8dc6 00
@8dc7 00
@8dc8 00
@8dc9 00
@8dca 00
@8dcb 00
@8dcc 00
@8dcd 00
@8dce 00
@8dcf 00
@8dd0 00
@8dd1 00
@8dd2 00
@8dd3 00
@8dd4 00
@8dd5 00
@8dd6 00
@8dd7 00
@8dd8 00
@8dd9 00
@8dda 00
@8ddb 00
@8ddc 00
@8ddd 00
@8dde 00
@8ddf 00
@8de0 00
@8de1 00
@8de2 00
@8de3 00
@8de4 00
@8de5 00
@8de6 00
@8de7 00
@8de8 00
@8de9 00
@8dea 00
@8deb 00
@8dec 00
@8ded 00
@8dee 00
@8def 00
@8df0 00
@8df1 00
@8df2 00
@8df3 00
@8df4 00
@8df5 00
@8df6 00
@8df7 00
@8df8 00
@8df9 00
@8dfa 00
@8dfb 00
@8dfc 00
@8dfd 00
@8dfe 00
@8dff 00
@8e00 00
@8e01 00
@8e02 00
@8e03 00
@8e04 00
@8e05 00
@8e06 00
@8e07 00
@8e08 00
@8e09 00
@8e0a 00
@8e0b 00
@8e0c 00
@8e0d 00
@8e0e 00
@8e0f 00
@8e10 00
@8e11 00
@8e12 00
@8e13 00
@8e14 00
@8e15 00
@8e16 00
@8e17 00
@8e18 00
@8e19 00
@8e1a 00
@8e1b 00
@8e1c 00
@8e1d 00
@8e1e 00
@8e1f 00
@8e20 00
@8e21 00
@8e22 00
@8e23 00
@8e24 00
@8e25 00
@8e26 00
@8e27 00
@8e28 00
@8e29 00
@8e2a 00
@8e2b 00
@8e2c 00
@8e2d 00
@8e2e 00
@8e2f 00
@8e30 00
@8e31 00
@8e32 00
@8e33 00
@8e34 00
@8e35 00
@8e36 00
@8e37 00
@8e38 00
@8e39 00
@8e3a 00
@8e3b 00
@8e3c 00
@8e3d 00
@8e3e 00
@8e3f 00
@8e40 00
@8e41 00
@8e42 00
@8e43 00
@8e44 00
@8e45 00
@8e46 00
@8e47 00
@8e48 00
@8e49 00
@8e4a 00
@8e4b 00
@8e4c 00
@8e4d 00
@8e4e 00
@8e4f 00
@8e50 00
@8e51 00
@8e52 00
@8e53 00
@8e54 00
@8e55 00
@8e56 00
@8e57 00
@8e58 00
@8e59 00
@8e5a 00
@8e5b 00
@8e5c 00
@8e5d 00
@8e5e 00
@8e5f 00
@8e60 00
@8e61 00
@8e62 00
@8e63 00
@8e64 00
@8e65 00
@8e66 00
@8e67 00
@8e68 00
@8e69 00
@8e6a 00
@8e6b 00
@8e6c 00
@8e6d 00
@8e6e 00
@8e6f 00
@8e70 00
@8e71 00
@8e72 00
@8e73 00
@8e74 00
@8e75 00
@8e76 00
@8e77 00
@8e78 00
@8e79 00
@8e7a 00
@8e7b 00
@8e7c 00
@8e7d 00
@8e7e 00
@8e7f 00
@8e80 00
@8e81 00
@8e82 00
@8e83 00
@8e84 00
@8e85 00
@8e86 00
@8e87 00
@8e88 00
@8e89 00
@8e8a 00
@8e8b 00
@8e8c 00
@8e8d 00
@8e8e 00
@8e8f 00
@8e90 00
@8e91 00
@8e92 00
@8e93 00
@8e94 00
@8e95 00
@8e96 00
@8e97 00
@8e98 00
@8e99 00
@8e9a 00
@8e9b 00
@8e9c 00
@8e9d 00
@8e9e 00
@8e9f 00
@8ea0 00
@8ea1 00
@8ea2 00
@8ea3 00
@8ea4 00
@8ea5 00
@8ea6 00
@8ea7 00
@8ea8 00
@8ea9 00
@8eaa 00
@8eab 00
@8eac 00
@8ead 00
@8eae 00
@8eaf 00
@8eb0 00
@8eb1 00
@8eb2 00
@8eb3 00
@8eb4 00
@8eb5 00
@8eb6 00
@8eb7 00
@8eb8 00
@8eb9 00
@8eba 00
@8ebb 00
@8ebc 00
@8ebd 00
@8ebe 00
@8ebf 00
@8ec0 00
@8ec1 00
@8ec2 00
@8ec3 00
@8ec4 00
@8ec5 00
@8ec6 00
@8ec7 00
@8ec8 00
@8ec9 00
@8eca 00
@8ecb 00
@8ecc 00
@8ecd 00
@8ece 00
@8ecf 00
@8ed0 00
@8ed1 00
@8ed2 00
@8ed3 00
@8ed4 00
@8ed5 00
@8ed6 00
@8ed7 00
@8ed8 00
@8ed9 00
@8eda 00
@8edb 00
@8edc 00
@8edd 00
@8ede 00
@8edf 00
@8ee0 00
@8ee1 00
@8ee2 00
@8ee3 00
@8ee4 00
@8ee5 00
@8ee6 00
@8ee7 00
@8ee8 00
@8ee9 00
@8eea 00
@8eeb 00
@8eec 00
@8eed 00
@8eee 00
@8eef 00
@8ef0 00
@8ef1 00
@8ef2 00
@8ef3 00
@8ef4 00
@8ef5 00
@8ef6 00
@8ef7 00
@8ef8 00
@8ef9 00
@8efa 00
@8efb 00
@8efc 00
@8efd 00
@8efe 00
@8eff 00
@8f00 00
@8f01 00
@8f02 00
@8f03 00
@8f04 00
@8f05 00
@8f06 00
@8f07 00
@8f08 00
@8f09 00
@8f0a 00
@8f0b 00
@8f0c 00
@8f0d 00
@8f0e 00
@8f0f 00
@8f10 00
@8f11 00
@8f12 00
@8f13 00
@8f14 00
@8f15 00
@8f16 00
@8f17 00
@8f18 00
@8f19 00
@8f1a 00
@8f1b 00
@8f1c 00
@8f1d 00
@8f1e 00
@8f1f 00
@8f20 00
@8f21 00
@8f22 00
@8f23 00
@8f24 00
@8f25 00
@8f26 00
@8f27 00
@8f28 00
@8f29 00
@8f2a 00
@8f2b 00
@8f2c 00
@8f2d 00
@8f2e 00
@8f2f 00
@8f30 00
@8f31 00
@8f32 00
@8f33 00
@8f34 00
@8f35 00
@8f36 00
@8f37 00
@8f38 00
@8f39 00
@8f3a 00
@8f3b 00
@8f3c 00
@8f3d 00
@8f3e 00
@8f3f 00
@8f40 00
@8f41 00
@8f42 00
@8f43 00
@8f44 00
@8f45 00
@8f46 00
@8f47 00
@8f48 00
@8f49 00
@8f4a 00
@8f4b 00
@8f4c 00
@8f4d 00
@8f4e 00
@8f4f 00
@8f50 00
@8f51 00
@8f52 00
@8f53 00
@8f54 00
@8f55 00
@8f56 00
@8f57 00
@8f58 00
@8f59 00
@8f5a 00
@8f5b 00
@8f5c 00
@8f5d 00
@8f5e 00
@8f5f 00
@8f60 00
@8f61 00
@8f62 00
@8f63 00
@8f64 00
@8f65 00
@8f66 00
@8f67 00
@8f68 00
@8f69 00
@8f6a 00
@8f6b 00
@8f6c 00
@8f6d 00
@8f6e 00
@8f6f 00
@8f70 00
@8f71 00
@8f72 00
@8f73 00
@8f74 00
@8f75 00
@8f76 00
@8f77 00
@8f78 00
@8f79 00
@8f7a 00
@8f7b 00
@8f7c 00
@8f7d 00
@8f7e 00
@8f7f 00
@8f80 00
@8f81 00
@8f82 00
@8f83 00
@8f84 00
@8f85 00
@8f86 00
@8f87 00
@8f88 00
@8f89 00
@8f8a 00
@8f8b 00
@8f8c 00
@8f8d 00
@8f8e 00
@8f8f 00
@8f90 00
@8f91 00
@8f92 00
@8f93 00
@8f94 00
@8f95 00
@8f96 00
@8f97 00
@8f98 00
@8f99 00
@8f9a 00
@8f9b 00
@8f9c 00
@8f9d 00
@8f9e 00
@8f9f 00
@8fa0 00
@8fa1 00
@8fa2 00
@8fa3 00
@8fa4 00
@8fa5 00
@8fa6 00
@8fa7 00
@8fa8 00
@8fa9 00
@8faa 00
@8fab 00
@8fac 00
@8fad 00
@8fae 00
@8faf 00
@8fb0 00
@8fb1 00
@8fb2 00
@8fb3 00
@8fb4 00
@8fb5 00
@8fb6 00
@8fb7 00
@8fb8 00
@8fb9 00
@8fba 00
@8fbb 00
@8fbc 00
@8fbd 00
@8fbe 00
@8fbf 00
@8fc0 00
@8fc1 00
@8fc2 00
@8fc3 00
@8fc4 00
@8fc5 00
@8fc6 00
@8fc7 00
@8fc8 00
@8fc9 00
@8fca 00
@8fcb 00
@8fcc 00
@8fcd 00
@8fce 00
@8fcf 00
@8fd0 00
@8fd1 00
@8fd2 00
@8fd3 00
@8fd4 00
@8fd5 00
@8fd6 00
@8fd7 00
@8fd8 00
@8fd9 00
@8fda 00
@8fdb 00
@8fdc 00
@8fdd 00
@8fde 00
@8fdf 00
@8fe0 00
@8fe1 00
@8fe2 00
@8fe3 00
@8fe4 00
@8fe5 00
@8fe6 00
@8fe7 00
@8fe8 00
@8fe9 00
@8fea 00
@8feb 00
@8fec 00
@8fed 00
@8fee 00
@8fef 00
@8ff0 00
@8ff1 00
@8ff2 00
@8ff3 00
@8ff4 00
@8ff5 00
@8ff6 00
@8ff7 00
@8ff8 00
@8ff9 00
@8ffa 00
@8ffb 00
@8ffc 00
@8ffd 00
@8ffe 00
@8fff 00
