/// elfFileName : main.out, Data Memory(byte #0)
@0400 17
@0401 13
@0402 97
@0403 93
@0404 17
@0405 13
@0406 63
@0407 23
@0408 93
@0409 e3
@040a ef
@040b ef
@040c ef
@040d ef
@040e ef
@040f 73
@0410 6f
@0411 13
@0412 23
@0413 23
@0414 23
@0415 23
@0416 23
@0417 23
@0418 23
@0419 23
@041a 23
@041b ef
@041c b7
@041d 83
@041e 23
@041f 13
@0420 ef
@0421 13
@0422 ef
@0423 b7
@0424 b7
@0425 13
@0426 13
@0427 93
@0428 03
@0429 63
@042a 03
@042b 63
@042c 83
@042d 13
@042e 63
@042f 93
@0430 83
@0431 63
@0432 93
@0433 83
@0434 63
@0435 93
@0436 83
@0437 e3
@0438 13
@0439 13
@043a 6f
@043b b7
@043c 83
@043d 13
@043e e7
@043f 6f
@0440 13
@0441 13
@0442 6f
@0443 13
@0444 13
@0445 6f
@0446 13
@0447 13
@0448 ef
@0449 13
@044a 93
@044b b3
@044c 93
@044d b3
@044e 83
@044f e3
@0450 93
@0451 03
@0452 03
@0453 83
@0454 03
@0455 83
@0456 03
@0457 23
@0458 23
@0459 23
@045a 23
@045b 23
@045c 23
@045d 03
@045e 03
@045f 83
@0460 03
@0461 03
@0462 83
@0463 03
@0464 83
@0465 03
@0466 83
@0467 23
@0468 23
@0469 23
@046a 23
@046b 23
@046c 23
@046d 23
@046e 23
@046f 23
@0470 23
@0471 37
@0472 13
@0473 ef
@0474 03
@0475 83
@0476 03
@0477 83
@0478 37
@0479 13
@047a ef
@047b 03
@047c 83
@047d 03
@047e 93
@047f 37
@0480 13
@0481 ef
@0482 03
@0483 83
@0484 03
@0485 93
@0486 13
@0487 ef
@0488 37
@0489 13
@048a ef
@048b 13
@048c b7
@048d 13
@048e 83
@048f e7
@0490 e3
@0491 e3
@0492 13
@0493 ef
@0494 13
@0495 93
@0496 13
@0497 ef
@0498 93
@0499 93
@049a 37
@049b 13
@049c ef
@049d 03
@049e 83
@049f 03
@04a0 83
@04a1 37
@04a2 13
@04a3 ef
@04a4 03
@04a5 83
@04a6 03
@04a7 93
@04a8 37
@04a9 13
@04aa ef
@04ab 03
@04ac 83
@04ad 03
@04ae 93
@04af 13
@04b0 ef
@04b1 13
@04b2 6f
@04b3 13
@04b4 6f
@04b5 13
@04b6 23
@04b7 23
@04b8 23
@04b9 93
@04ba 93
@04bb 63
@04bc 63
@04bd 23
@04be 23
@04bf 13
@04c0 37
@04c1 63
@04c2 83
@04c3 13
@04c4 e7
@04c5 13
@04c6 e3
@04c7 03
@04c8 03
@04c9 13
@04ca 93
@04cb 63
@04cc b7
@04cd 83
@04ce 13
@04cf e7
@04d0 83
@04d1 83
@04d2 83
@04d3 13
@04d4 67
@04d5 93
@04d6 e3
@04d7 93
@04d8 13
@04d9 93
@04da 13
@04db 33
@04dc 93
@04dd ef
@04de 6f
@04df 03
@04e0 03
@04e1 6f
@04e2 b7
@04e3 83
@04e4 13
@04e5 e7
@04e6 6f
@04e7 13
@04e8 23
@04e9 23
@04ea 23
@04eb 23
@04ec 23
@04ed 23
@04ee 13
@04ef 93
@04f0 93
@04f1 93
@04f2 63
@04f3 63
@04f4 23
@04f5 13
@04f6 37
@04f7 63
@04f8 83
@04f9 13
@04fa e7
@04fb 13
@04fc e3
@04fd 63
@04fe 93
@04ff 63
@0500 03
@0501 6f
@0502 93
@0503 e3
@0504 13
@0505 13
@0506 93
@0507 13
@0508 93
@0509 ef
@050a 13
@050b 93
@050c 13
@050d ef
@050e 6f
@050f b7
@0510 83
@0511 13
@0512 e7
@0513 03
@0514 6f
@0515 03
@0516 13
@0517 93
@0518 13
@0519 93
@051a ef
@051b 13
@051c b7
@051d 83
@051e 13
@051f e7
@0520 83
@0521 03
@0522 83
@0523 83
@0524 03
@0525 83
@0526 13
@0527 67
@0528 13
@0529 23
@052a 23
@052b 13
@052c 03
@052d 63
@052e 23
@052f b7
@0530 83
@0531 e7
@0532 13
@0533 03
@0534 e3
@0535 83
@0536 83
@0537 03
@0538 13
@0539 67
@053a 13
@053b 23
@053c ef
@053d b7
@053e 83
@053f 13
@0540 e7
@0541 13
@0542 83
@0543 13
@0544 67
@0545 13
@0546 23
@0547 23
@0548 13
@0549 b7
@054a 83
@054b 13
@054c e7
@054d 13
@054e 83
@054f 03
@0550 13
@0551 67
@0552 13
@0553 23
@0554 23
@0555 13
@0556 23
@0557 23
@0558 23
@0559 23
@055a 23
@055b 23
@055c 23
@055d 93
@055e 23
@055f 03
@0560 63
@0561 23
@0562 23
@0563 23
@0564 23
@0565 23
@0566 23
@0567 23
@0568 23
@0569 23
@056a 13
@056b 93
@056c 23
@056d 93
@056e 93
@056f 13
@0570 37
@0571 13
@0572 93
@0573 13
@0574 6f
@0575 93
@0576 63
@0577 93
@0578 b3
@0579 93
@057a b3
@057b 13
@057c 93
@057d 6f
@057e 93
@057f 6f
@0580 03
@0581 93
@0582 63
@0583 93
@0584 93
@0585 6f
@0586 93
@0587 23
@0588 6f
@0589 b7
@058a 83
@058b 13
@058c e7
@058d 83
@058e 13
@058f e7
@0590 83
@0591 13
@0592 23
@0593 03
@0594 93
@0595 93
@0596 93
@0597 13
@0598 ef
@0599 93
@059a 93
@059b 6f
@059c e3
@059d 83
@059e 63
@059f 83
@05a0 93
@05a1 93
@05a2 13
@05a3 23
@05a4 03
@05a5 83
@05a6 6f
@05a7 83
@05a8 13
@05a9 23
@05aa 03
@05ab 93
@05ac 83
@05ad 6f
@05ae 23
@05af 23
@05b0 63
@05b1 83
@05b2 13
@05b3 23
@05b4 83
@05b5 93
@05b6 63
@05b7 93
@05b8 13
@05b9 93
@05ba 13
@05bb 13
@05bc 93
@05bd ef
@05be 93
@05bf 93
@05c0 83
@05c1 83
@05c2 6f
@05c3 83
@05c4 63
@05c5 83
@05c6 93
@05c7 93
@05c8 13
@05c9 23
@05ca 83
@05cb 83
@05cc 6f
@05cd 83
@05ce 13
@05cf 23
@05d0 83
@05d1 93
@05d2 6f
@05d3 93
@05d4 63
@05d5 b3
@05d6 b3
@05d7 b3
@05d8 b3
@05d9 13
@05da 6f
@05db b7
@05dc 83
@05dd 13
@05de e7
@05df 6f
@05e0 83
@05e1 13
@05e2 23
@05e3 03
@05e4 ef
@05e5 93
@05e6 93
@05e7 6f
@05e8 b7
@05e9 03
@05ea 83
@05eb 93
@05ec 23
@05ed 03
@05ee e7
@05ef 93
@05f0 93
@05f1 6f
@05f2 63
@05f3 83
@05f4 e7
@05f5 93
@05f6 13
@05f7 03
@05f8 63
@05f9 e3
@05fa e3
@05fb 93
@05fc 93
@05fd 63
@05fe 13
@05ff 93
@0600 63
@0601 13
@0602 b7
@0603 93
@0604 33
@0605 83
@0606 67
@0607 83
@0608 63
@0609 13
@060a 23
@060b 93
@060c 93
@060d 93
@060e 93
@060f 6f
@0610 93
@0611 13
@0612 23
@0613 93
@0614 93
@0615 6f
@0616 93
@0617 6f
@0618 93
@0619 6f
@061a 83
@061b 03
@061c 83
@061d 03
@061e 83
@061f 03
@0620 83
@0621 03
@0622 03
@0623 13
@0624 83
@0625 03
@0626 13
@0627 67
@0628 b7
@0629 37
@062a 03
@062b 13
@062c 93
@062d b3
@062e 03
@062f 83
@0630 93
@0631 e3
@0632 23
@0633 67
@0634 b7
@0635 37
@0636 03
@0637 13
@0638 93
@0639 b3
@063a 03
@063b 83
@063c 93
@063d e3
@063e 03
@063f 67
@0640 b7
@0641 93
@0642 83
@0643 13
@0644 23
@0645 83
@0646 23
@0647 67
@0648 33
@0649 b7
@064a 23
@064b 67
@064c 23
@064d 23
@064e a3
@064f 23
@0650 23
@0651 23
@0652 67
@0653 83
@0654 03
@0655 33
@0656 63
@0657 67
@0658 13
@0659 67
@065a 83
@065b 63
@065c 67
@065d 83
@065e b3
@065f 23
@0660 83
@0661 83
@0662 13
@0663 13
@0664 63
@0665 13
@0666 93
@0667 23
@0668 b3
@0669 93
@066a a3
@066b 23
@066c 23
@066d 67
@066e 93
@066f 03
@0670 13
@0671 63
@0672 67
@0673 03
@0674 33
@0675 03
@0676 13
@0677 03
@0678 03
@0679 93
@067a 93
@067b 63
@067c 93
@067d 33
@067e 33
@067f 23
@0680 a3
@0681 23
@0682 23
@0683 67
@0684 83
@0685 63
@0686 03
@0687 63
@0688 93
@0689 6f
@068a 93
@068b 33
@068c 03
@068d 67
@068e b7
@068f 83
@0690 37
@0691 93
@0692 83
@0693 e3
@0694 83
@0695 93
@0696 e3
@0697 83
@0698 93
@0699 e3
@069a b7
@069b 83
@069c 37
@069d 93
@069e 83
@069f e3
@06a0 83
@06a1 93
@06a2 e3
@06a3 83
@06a4 93
@06a5 e3
@06a6 67
@06a7 13
@06a8 23
@06a9 ef
@06aa 83
@06ab 13
@06ac 67
@06ad 13
@06ae 23
@06af 23
@06b0 37
@06b1 13
@06b2 13
@06b3 ef
@06b4 13
@06b5 ef
@06b6 13
@06b7 ef
@06b8 13
@06b9 ef
@06ba 83
@06bb 03
@06bc 13
@06bd 67
@06be b7
@06bf 93
@06c0 73
@06c1 b7
@06c2 03
@06c3 83
@06c4 93
@06c5 23
@06c6 b7
@06c7 93
@06c8 73
@06c9 73
@06ca 67
@06cb 13
@06cc 23
@06cd ef
@06ce 37
@06cf b7
@06d0 93
@06d1 23
@06d2 37
@06d3 b7
@06d4 93
@06d5 23
@06d6 b7
@06d7 03
@06d8 83
@06d9 93
@06da 23
@06db b7
@06dc 93
@06dd 73
@06de 73
@06df b7
@06e0 93
@06e1 73
@06e2 83
@06e3 13
@06e4 67
@06e5 13
@06e6 23
@06e7 b7
@06e8 03
@06e9 83
@06ea 93
@06eb e3
@06ec b7
@06ed 03
@06ee 83
@06ef 93
@06f0 e3
@06f1 37
@06f2 b7
@06f3 93
@06f4 23
@06f5 37
@06f6 b7
@06f7 93
@06f8 23
@06f9 b7
@06fa 03
@06fb 83
@06fc 93
@06fd 23
@06fe 73
@06ff ef
@0700 83
@0701 13
@0702 67
@0703 13
@0704 23
@0705 23
@0706 23
@0707 23
@0708 23
@0709 23
@070a 23
@070b 93
@070c b7
@070d 13
@070e 93
@070f b3
@0710 83
@0711 93
@0712 b3
@0713 93
@0714 37
@0715 13
@0716 33
@0717 83
@0718 63
@0719 13
@071a 83
@071b 93
@071c 63
@071d 13
@071e ef
@071f 23
@0720 83
@0721 e3
@0722 b7
@0723 93
@0724 13
@0725 33
@0726 13
@0727 33
@0728 13
@0729 b3
@072a 83
@072b 63
@072c 93
@072d 37
@072e 13
@072f 33
@0730 6f
@0731 93
@0732 23
@0733 83
@0734 63
@0735 83
@0736 93
@0737 63
@0738 03
@0739 13
@073a 93
@073b 13
@073c ef
@073d e3
@073e 93
@073f e3
@0740 83
@0741 93
@0742 23
@0743 6f
@0744 83
@0745 03
@0746 83
@0747 03
@0748 83
@0749 03
@074a 83
@074b 13
@074c 67
@074d 13
@074e 23
@074f 23
@0750 b7
@0751 83
@0752 03
@0753 93
@0754 63
@0755 13
@0756 63
@0757 b7
@0758 83
@0759 13
@075a 23
@075b 83
@075c 03
@075d 13
@075e 67
@075f 13
@0760 ef
@0761 6f
@0762 13
@0763 ef
@0764 6f
@0765 f3
@0766 63
@0767 67
@0768 13
@0769 23
@076a 93
@076b 13
@076c 63
@076d 13
@076e 63
@076f ef
@0770 83
@0771 13
@0772 67
@0773 b7
@0774 83
@0775 03
@0776 83
@0777 b7
@0778 83
@0779 13
@077a 33
@077b b3
@077c 33
@077d b3
@077e 23
@077f 23
@0780 b7
@0781 83
@0782 e3
@0783 e7
@0784 6f
@0785 b7
@0786 83
@0787 23
@0788 23
@0789 67
@078a 13
@078b 93
@078c 63
@078d 13
@078e b7
@078f 93
@0790 33
@0791 83
@0792 67
@0793 13
@0794 67
@0795 13
@0796 67
@0797 13
@0798 67
@0799 13
@079a 67
@079b 13
@079c 67
@079d 13
@079e 67
@079f 13
@07a0 67
@07a1 13
@07a2 67
@07a3 13
@07a4 67
@07a5 13
@07a6 67
@07a7 13
@07a8 67
@07a9 13
@07aa 67
@07ab 13
@07ac 67
@07ad 13
@07ae 67
@07af 13
@07b0 67
@07b1 13
@07b2 67
@07b3 13
@07b4 67
@07b5 13
@07b6 67
@07b7 13
@07b8 67
@07b9 13
@07ba 67
@07bb 13
@07bc 67
@07bd 13
@07be 67
@07bf 13
@07c0 67
@07c1 13
@07c2 67
@07c3 13
@07c4 67
@07c5 13
@07c6 67
@07c7 13
@07c8 67
@07c9 13
@07ca 67
@07cb 13
@07cc 67
@07cd 13
@07ce 67
@07cf 13
@07d0 67
@07d1 13
@07d2 67
@07d3 13
@07d4 67
@07d5 13
@07d6 67
@07d7 13
@07d8 67
@07d9 13
@07da 67
@07db 13
@07dc 67
@07dd 13
@07de 67
@07df 13
@07e0 67
@07e1 13
@07e2 67
@07e3 13
@07e4 67
@07e5 13
@07e6 67
@07e7 13
@07e8 93
@07e9 63
@07ea 13
@07eb 67
@07ec 13
@07ed 67
@07ee 13
@07ef 23
@07f0 23
@07f1 23
@07f2 23
@07f3 93
@07f4 13
@07f5 ef
@07f6 13
@07f7 13
@07f8 ef
@07f9 13
@07fa 13
@07fb 33
@07fc 13
@07fd ef
@07fe 13
@07ff 13
@0800 ef
@0801 13
@0802 33
@0803 33
@0804 83
@0805 03
@0806 83
@0807 03
@0808 13
@0809 67
@080a 13
@080b 23
@080c 23
@080d 23
@080e 23
@080f 23
@0810 23
@0811 23
@0812 23
@0813 ef
@0814 93
@0815 13
@0816 ef
@0817 93
@0818 13
@0819 ef
@081a 13
@081b 93
@081c 93
@081d b3
@081e 13
@081f ef
@0820 13
@0821 13
@0822 ef
@0823 13
@0824 13
@0825 13
@0826 ef
@0827 93
@0828 13
@0829 13
@082a ef
@082b 13
@082c 13
@082d ef
@082e 93
@082f b3
@0830 b3
@0831 93
@0832 13
@0833 33
@0834 b3
@0835 93
@0836 93
@0837 33
@0838 b3
@0839 93
@083a 13
@083b 33
@083c b3
@083d ef
@083e 83
@083f 03
@0840 83
@0841 03
@0842 83
@0843 03
@0844 83
@0845 03
@0846 13
@0847 67
@0848 37
@0849 83
@084a 93
@084b 23
@084c 63
@084d 73
@084e b7
@084f 23
@0850 73
@0851 67
@0852 13
@0853 23
@0854 13
@0855 ef
@0856 83
@0857 13
@0858 67
@0859 37
@085a 83
@085b 93
@085c 23
@085d 63
@085e b7
@085f 83
@0860 73
@0861 67
@0862 13
@0863 23
@0864 13
@0865 ef
@0866 83
@0867 13
@0868 67
@0869 13
@086a 23
@086b 23
@086c 23
@086d 23
@086e 93
@086f b7
@0870 83
@0871 93
@0872 b3
@0873 93
@0874 37
@0875 13
@0876 33
@0877 13
@0878 83
@0879 e3
@087a b7
@087b 93
@087c 93
@087d b3
@087e 03
@087f ef
@0880 93
@0881 13
@0882 ef
@0883 83
@0884 93
@0885 63
@0886 ef
@0887 83
@0888 03
@0889 83
@088a 03
@088b 13
@088c 67
@088d 13
@088e ef
@088f 23
@0890 6f
@0891 13
@0892 23
@0893 23
@0894 b7
@0895 03
@0896 93
@0897 b3
@0898 93
@0899 37
@089a 13
@089b 33
@089c 93
@089d b3
@089e 93
@089f 37
@08a0 13
@08a1 33
@08a2 83
@08a3 e3
@08a4 ef
@08a5 13
@08a6 ef
@08a7 13
@08a8 ef
@08a9 13
@08aa 83
@08ab 03
@08ac 13
@08ad 67
@08ae 13
@08af 23
@08b0 23
@08b1 13
@08b2 ef
@08b3 83
@08b4 93
@08b5 23
@08b6 ef
@08b7 83
@08b8 03
@08b9 13
@08ba 67
@08bb 93
@08bc b3
@08bd 13
@08be b3
@08bf 93
@08c0 b3
@08c1 93
@08c2 33
@08c3 b7
@08c4 23
@08c5 67
@08c6 13
@08c7 23
@08c8 93
@08c9 13
@08ca ef
@08cb 83
@08cc 13
@08cd 67
@08ce 93
@08cf 73
@08d0 73
@08d1 b7
@08d2 93
@08d3 73
@08d4 67
@08d5 73
@08d6 b7
@08d7 93
@08d8 23
@08d9 73
@08da 23
@08db 73
@08dc 23
@08dd 67
@08de 13
@08df 23
@08e0 23
@08e1 23
@08e2 23
@08e3 f3
@08e4 73
@08e5 73
@08e6 37
@08e7 13
@08e8 83
@08e9 33
@08ea 93
@08eb 13
@08ec ef
@08ed 93
@08ee 03
@08ef 83
@08f0 33
@08f1 b3
@08f2 37
@08f3 13
@08f4 ef
@08f5 83
@08f6 03
@08f7 83
@08f8 03
@08f9 13
@08fa 67
@08fb 93
@08fc 63
@08fd 63
@08fe 93
@08ff 63
@0900 93
@0901 63
@0902 03
@0903 83
@0904 b3
@0905 93
@0906 63
@0907 83
@0908 b3
@0909 23
@090a 67
@090b 67
@090c 93
@090d 63
@090e 83
@090f 13
@0910 63
@0911 93
@0912 23
@0913 67
@0914 67
@0915 83
@0916 63
@0917 03
@0918 b3
@0919 23
@091a 67
@091b 83
@091c 13
@091d 63
@091e 93
@091f 23
@0920 67
@0921 03
@0922 03
@0923 33
@0924 23
@0925 83
@0926 83
@0927 b3
@0928 23
@0929 63
@092a 83
@092b 33
@092c 13
@092d 63
@092e 33
@092f 23
@0930 33
@0931 23
@0932 63
@0933 03
@0934 b3
@0935 13
@0936 63
@0937 b3
@0938 23
@0939 b3
@093a 23
@093b 67
@093c 13
@093d 6f
@093e 93
@093f 6f
@0940 63
@0941 13
@0942 23
@0943 23
@0944 23
@0945 23
@0946 23
@0947 23
@0948 23
@0949 23
@094a 23
@094b 23
@094c 23
@094d 23
@094e 23
@094f 93
@0950 13
@0951 93
@0952 b3
@0953 93
@0954 33
@0955 b7
@0956 83
@0957 23
@0958 23
@0959 b7
@095a 93
@095b 23
@095c 23
@095d 23
@095e 6f
@095f 93
@0960 13
@0961 ef
@0962 63
@0963 83
@0964 b3
@0965 23
@0966 6f
@0967 93
@0968 13
@0969 ef
@096a 13
@096b 93
@096c 13
@096d ef
@096e 93
@096f 13
@0970 ef
@0971 63
@0972 83
@0973 b3
@0974 23
@0975 13
@0976 63
@0977 83
@0978 e3
@0979 83
@097a 03
@097b ef
@097c 13
@097d 13
@097e ef
@097f 93
@0980 ef
@0981 93
@0982 13
@0983 ef
@0984 93
@0985 03
@0986 03
@0987 ef
@0988 13
@0989 13
@098a ef
@098b 83
@098c ef
@098d 93
@098e 13
@098f ef
@0990 13
@0991 33
@0992 ef
@0993 83
@0994 ef
@0995 13
@0996 93
@0997 13
@0998 ef
@0999 b3
@099a 93
@099b 13
@099c ef
@099d e3
@099e 03
@099f 03
@09a0 ef
@09a1 13
@09a2 13
@09a3 ef
@09a4 83
@09a5 ef
@09a6 93
@09a7 13
@09a8 ef
@09a9 13
@09aa 83
@09ab 03
@09ac ef
@09ad 23
@09ae 13
@09af ef
@09b0 83
@09b1 ef
@09b2 93
@09b3 03
@09b4 ef
@09b5 23
@09b6 33
@09b7 ef
@09b8 83
@09b9 ef
@09ba 13
@09bb 83
@09bc 13
@09bd ef
@09be b3
@09bf 93
@09c0 13
@09c1 ef
@09c2 e3
@09c3 93
@09c4 23
@09c5 83
@09c6 23
@09c7 03
@09c8 23
@09c9 13
@09ca ef
@09cb 93
@09cc 03
@09cd ef
@09ce 93
@09cf 13
@09d0 ef
@09d1 33
@09d2 03
@09d3 ef
@09d4 93
@09d5 13
@09d6 ef
@09d7 93
@09d8 13
@09d9 ef
@09da b3
@09db 13
@09dc ef
@09dd e3
@09de 93
@09df 13
@09e0 ef
@09e1 e3
@09e2 83
@09e3 b3
@09e4 23
@09e5 6f
@09e6 83
@09e7 b3
@09e8 23
@09e9 6f
@09ea 83
@09eb 03
@09ec 83
@09ed 03
@09ee 83
@09ef 03
@09f0 83
@09f1 03
@09f2 83
@09f3 03
@09f4 83
@09f5 03
@09f6 83
@09f7 13
@09f8 67
@09f9 67
@09fa 13
@09fb 23
@09fc 23
@09fd 23
@09fe 23
@09ff 23
@0a00 23
@0a01 23
@0a02 23
@0a03 23
@0a04 23
@0a05 23
@0a06 23
@0a07 23
@0a08 23
@0a09 23
@0a0a 23
@0a0b ef
@0a0c 83
@0a0d 83
@0a0e 03
@0a0f 83
@0a10 03
@0a11 83
@0a12 03
@0a13 83
@0a14 03
@0a15 83
@0a16 03
@0a17 83
@0a18 03
@0a19 83
@0a1a 03
@0a1b 83
@0a1c 13
@0a1d 73
@0a1e 13
@0a1f 23
@0a20 23
@0a21 23
@0a22 23
@0a23 23
@0a24 23
@0a25 23
@0a26 23
@0a27 23
@0a28 23
@0a29 23
@0a2a 23
@0a2b 13
@0a2c 93
@0a2d 63
@0a2e b3
@0a2f b3
@0a30 b3
@0a31 33
@0a32 93
@0a33 63
@0a34 b3
@0a35 b3
@0a36 93
@0a37 b3
@0a38 33
@0a39 93
@0a3a 13
@0a3b 93
@0a3c 63
@0a3d b7
@0a3e 93
@0a3f 63
@0a40 37
@0a41 63
@0a42 13
@0a43 13
@0a44 13
@0a45 b3
@0a46 b3
@0a47 83
@0a48 93
@0a49 b3
@0a4a 33
@0a4b 63
@0a4c b3
@0a4d b3
@0a4e b3
@0a4f b3
@0a50 33
@0a51 13
@0a52 93
@0a53 13
@0a54 93
@0a55 ef
@0a56 93
@0a57 93
@0a58 13
@0a59 13
@0a5a ef
@0a5b 13
@0a5c 93
@0a5d 13
@0a5e ef
@0a5f 13
@0a60 13
@0a61 33
@0a62 93
@0a63 63
@0a64 33
@0a65 93
@0a66 63
@0a67 63
@0a68 93
@0a69 33
@0a6a 33
@0a6b 93
@0a6c 13
@0a6d ef
@0a6e 93
@0a6f 13
@0a70 13
@0a71 ef
@0a72 93
@0a73 93
@0a74 13
@0a75 ef
@0a76 13
@0a77 13
@0a78 13
@0a79 33
@0a7a 13
@0a7b 63
@0a7c 33
@0a7d 13
@0a7e 63
@0a7f 63
@0a80 13
@0a81 93
@0a82 b3
@0a83 93
@0a84 6f
@0a85 b7
@0a86 13
@0a87 e3
@0a88 13
@0a89 6f
@0a8a 13
@0a8b 63
@0a8c 37
@0a8d 63
@0a8e 13
@0a8f 13
@0a90 13
@0a91 b3
@0a92 b3
@0a93 83
@0a94 93
@0a95 b3
@0a96 33
@0a97 63
@0a98 33
@0a99 93
@0a9a 13
@0a9b 93
@0a9c 13
@0a9d 93
@0a9e ef
@0a9f 93
@0aa0 93
@0aa1 93
@0aa2 13
@0aa3 ef
@0aa4 13
@0aa5 93
@0aa6 13
@0aa7 ef
@0aa8 13
@0aa9 13
@0aaa 33
@0aab 13
@0aac 63
@0aad 33
@0aae 13
@0aaf 63
@0ab0 63
@0ab1 13
@0ab2 33
@0ab3 33
@0ab4 93
@0ab5 13
@0ab6 ef
@0ab7 93
@0ab8 13
@0ab9 13
@0aba ef
@0abb 93
@0abc 93
@0abd 13
@0abe ef
@0abf 13
@0ac0 13
@0ac1 13
@0ac2 33
@0ac3 13
@0ac4 63
@0ac5 33
@0ac6 13
@0ac7 63
@0ac8 63
@0ac9 13
@0aca 93
@0acb b3
@0acc 13
@0acd 93
@0ace 63
@0acf b3
@0ad0 b3
@0ad1 b3
@0ad2 33
@0ad3 83
@0ad4 03
@0ad5 83
@0ad6 03
@0ad7 83
@0ad8 03
@0ad9 83
@0ada 03
@0adb 83
@0adc 03
@0add 83
@0ade 03
@0adf 13
@0ae0 67
@0ae1 b7
@0ae2 13
@0ae3 e3
@0ae4 13
@0ae5 6f
@0ae6 b3
@0ae7 b3
@0ae8 93
@0ae9 b3
@0aea b3
@0aeb 33
@0aec 33
@0aed 93
@0aee 13
@0aef 13
@0af0 ef
@0af1 13
@0af2 93
@0af3 13
@0af4 13
@0af5 ef
@0af6 13
@0af7 93
@0af8 13
@0af9 ef
@0afa 13
@0afb 13
@0afc 33
@0afd 93
@0afe 63
@0aff 33
@0b00 93
@0b01 63
@0b02 63
@0b03 93
@0b04 33
@0b05 33
@0b06 93
@0b07 13
@0b08 ef
@0b09 93
@0b0a 13
@0b0b 13
@0b0c ef
@0b0d 13
@0b0e 93
@0b0f 13
@0b10 ef
@0b11 93
@0b12 13
@0b13 93
@0b14 b3
@0b15 13
@0b16 63
@0b17 b3
@0b18 13
@0b19 63
@0b1a 63
@0b1b 13
@0b1c b3
@0b1d 93
@0b1e 33
@0b1f b3
@0b20 6f
@0b21 63
@0b22 b7
@0b23 63
@0b24 13
@0b25 13
@0b26 13
@0b27 b7
@0b28 33
@0b29 93
@0b2a b3
@0b2b 03
@0b2c 93
@0b2d 33
@0b2e b3
@0b2f 63
@0b30 93
@0b31 e3
@0b32 b3
@0b33 93
@0b34 6f
@0b35 b7
@0b36 13
@0b37 e3
@0b38 13
@0b39 6f
@0b3a b3
@0b3b b3
@0b3c b3
@0b3d 33
@0b3e 93
@0b3f 33
@0b40 b3
@0b41 b3
@0b42 13
@0b43 93
@0b44 13
@0b45 33
@0b46 13
@0b47 ef
@0b48 93
@0b49 13
@0b4a 13
@0b4b ef
@0b4c 13
@0b4d 93
@0b4e 13
@0b4f ef
@0b50 13
@0b51 93
@0b52 b3
@0b53 13
@0b54 63
@0b55 b3
@0b56 13
@0b57 63
@0b58 63
@0b59 13
@0b5a b3
@0b5b 33
@0b5c 93
@0b5d 13
@0b5e ef
@0b5f 93
@0b60 13
@0b61 13
@0b62 ef
@0b63 13
@0b64 93
@0b65 13
@0b66 ef
@0b67 13
@0b68 13
@0b69 13
@0b6a 33
@0b6b 93
@0b6c 63
@0b6d 33
@0b6e 93
@0b6f 63
@0b70 63
@0b71 93
@0b72 33
@0b73 93
@0b74 13
@0b75 13
@0b76 b3
@0b77 13
@0b78 13
@0b79 33
@0b7a 13
@0b7b 13
@0b7c 13
@0b7d 93
@0b7e ef
@0b7f 93
@0b80 93
@0b81 13
@0b82 ef
@0b83 13
@0b84 93
@0b85 13
@0b86 ef
@0b87 13
@0b88 93
@0b89 13
@0b8a ef
@0b8b 93
@0b8c 33
@0b8d b3
@0b8e 13
@0b8f 63
@0b90 b7
@0b91 33
@0b92 93
@0b93 33
@0b94 63
@0b95 e3
@0b96 93
@0b97 93
@0b98 93
@0b99 33
@0b9a b3
@0b9b 93
@0b9c e3
@0b9d 93
@0b9e 6f
@0b9f 93
@0ba0 93
@0ba1 6f
@0ba2 13
@0ba3 23
@0ba4 23
@0ba5 23
@0ba6 23
@0ba7 23
@0ba8 23
@0ba9 23
@0baa 23
@0bab 23
@0bac 23
@0bad 23
@0bae 23
@0baf 23
@0bb0 93
@0bb1 63
@0bb2 b3
@0bb3 b3
@0bb4 b3
@0bb5 33
@0bb6 93
@0bb7 63
@0bb8 b3
@0bb9 b3
@0bba b3
@0bbb 33
@0bbc 13
@0bbd 13
@0bbe 13
@0bbf 63
@0bc0 b7
@0bc1 93
@0bc2 63
@0bc3 37
@0bc4 63
@0bc5 13
@0bc6 13
@0bc7 13
@0bc8 b3
@0bc9 b3
@0bca 83
@0bcb b3
@0bcc 13
@0bcd b3
@0bce 63
@0bcf b3
@0bd0 b3
@0bd1 33
@0bd2 33
@0bd3 33
@0bd4 93
@0bd5 93
@0bd6 93
@0bd7 13
@0bd8 ef
@0bd9 93
@0bda 93
@0bdb ef
@0bdc 13
@0bdd 93
@0bde 13
@0bdf ef
@0be0 13
@0be1 93
@0be2 b3
@0be3 63
@0be4 b3
@0be5 63
@0be6 63
@0be7 b3
@0be8 33
@0be9 93
@0bea 13
@0beb ef
@0bec 93
@0bed ef
@0bee 93
@0bef 93
@0bf0 13
@0bf1 ef
@0bf2 13
@0bf3 13
@0bf4 13
@0bf5 33
@0bf6 63
@0bf7 33
@0bf8 63
@0bf9 63
@0bfa 33
@0bfb 33
@0bfc 33
@0bfd 93
@0bfe 63
@0bff b3
@0c00 b3
@0c01 b3
@0c02 33
@0c03 83
@0c04 03
@0c05 83
@0c06 03
@0c07 83
@0c08 03
@0c09 83
@0c0a 03
@0c0b 83
@0c0c 03
@0c0d 83
@0c0e 03
@0c0f 83
@0c10 13
@0c11 67
@0c12 b7
@0c13 13
@0c14 e3
@0c15 13
@0c16 6f
@0c17 13
@0c18 63
@0c19 37
@0c1a 63
@0c1b 13
@0c1c 13
@0c1d 13
@0c1e b3
@0c1f b3
@0c20 83
@0c21 33
@0c22 b3
@0c23 13
@0c24 b3
@0c25 63
@0c26 33
@0c27 33
@0c28 93
@0c29 b3
@0c2a b3
@0c2b b3
@0c2c 33
@0c2d 93
@0c2e 13
@0c2f 13
@0c30 ef
@0c31 13
@0c32 93
@0c33 ef
@0c34 13
@0c35 93
@0c36 13
@0c37 ef
@0c38 13
@0c39 13
@0c3a 33
@0c3b 63
@0c3c 33
@0c3d 63
@0c3e 63
@0c3f 33
@0c40 33
@0c41 93
@0c42 13
@0c43 ef
@0c44 93
@0c45 ef
@0c46 13
@0c47 93
@0c48 13
@0c49 ef
@0c4a 93
@0c4b 13
@0c4c 93
@0c4d b3
@0c4e 63
@0c4f b3
@0c50 63
@0c51 63
@0c52 b3
@0c53 33
@0c54 13
@0c55 93
@0c56 93
@0c57 13
@0c58 ef
@0c59 93
@0c5a 93
@0c5b ef
@0c5c 93
@0c5d 93
@0c5e 13
@0c5f ef
@0c60 13
@0c61 93
@0c62 b3
@0c63 63
@0c64 b3
@0c65 63
@0c66 63
@0c67 b3
@0c68 33
@0c69 93
@0c6a 13
@0c6b ef
@0c6c 93
@0c6d ef
@0c6e 93
@0c6f 93
@0c70 6f
@0c71 b7
@0c72 13
@0c73 e3
@0c74 13
@0c75 6f
@0c76 e3
@0c77 b7
@0c78 63
@0c79 93
@0c7a 93
@0c7b 93
@0c7c 37
@0c7d 33
@0c7e 13
@0c7f 33
@0c80 83
@0c81 b3
@0c82 93
@0c83 33
@0c84 63
@0c85 63
@0c86 63
@0c87 33
@0c88 b3
@0c89 b3
@0c8a 13
@0c8b 33
@0c8c 13
@0c8d 93
@0c8e 6f
@0c8f 37
@0c90 93
@0c91 e3
@0c92 93
@0c93 6f
@0c94 b3
@0c95 33
@0c96 33
@0c97 b3
@0c98 33
@0c99 b3
@0c9a 93
@0c9b 33
@0c9c b3
@0c9d 93
@0c9e 13
@0c9f 13
@0ca0 33
@0ca1 13
@0ca2 ef
@0ca3 93
@0ca4 93
@0ca5 13
@0ca6 ef
@0ca7 13
@0ca8 93
@0ca9 13
@0caa ef
@0cab 13
@0cac 93
@0cad b3
@0cae 93
@0caf 63
@0cb0 b3
@0cb1 93
@0cb2 63
@0cb3 63
@0cb4 93
@0cb5 b3
@0cb6 33
@0cb7 93
@0cb8 13
@0cb9 ef
@0cba 93
@0cbb 93
@0cbc 13
@0cbd ef
@0cbe 93
@0cbf 13
@0cc0 13
@0cc1 ef
@0cc2 93
@0cc3 13
@0cc4 93
@0cc5 b3
@0cc6 93
@0cc7 63
@0cc8 b3
@0cc9 93
@0cca 63
@0ccb 63
@0ccc 93
@0ccd b3
@0cce 93
@0ccf b3
@0cd0 13
@0cd1 93
@0cd2 93
@0cd3 13
@0cd4 33
@0cd5 93
@0cd6 93
@0cd7 13
@0cd8 93
@0cd9 ef
@0cda 13
@0cdb 93
@0cdc 13
@0cdd ef
@0cde 13
@0cdf 93
@0ce0 13
@0ce1 ef
@0ce2 93
@0ce3 93
@0ce4 13
@0ce5 ef
@0ce6 33
@0ce7 93
@0ce8 33
@0ce9 63
@0cea b7
@0ceb 33
@0cec 93
@0ced 13
@0cee 13
@0cef 13
@0cf0 b3
@0cf1 33
@0cf2 63
@0cf3 63
@0cf4 63
@0cf5 33
@0cf6 b3
@0cf7 b3
@0cf8 13
@0cf9 b3
@0cfa 33
@0cfb b3
@0cfc b3
@0cfd b3
@0cfe b3
@0cff 33
@0d00 33
@0d01 b3
@0d02 6f
@0d03 13
@0d04 37
@0d05 13
@0d06 13
@0d07 23
@0d08 13
@0d09 b3
@0d0a 23
@0d0b 33
@0d0c 13
@0d0d 13
@0d0e 23
@0d0f 23
@0d10 93
@0d11 93
@0d12 93
@0d13 13
@0d14 b3
@0d15 63
@0d16 63
@0d17 93
@0d18 63
@0d19 63
@0d1a 13
@0d1b 63
@0d1c b3
@0d1d 13
@0d1e 6f
@0d1f 63
@0d20 13
@0d21 13
@0d22 6f
@0d23 e3
@0d24 37
@0d25 33
@0d26 13
@0d27 93
@0d28 93
@0d29 63
@0d2a 93
@0d2b b3
@0d2c b3
@0d2d 33
@0d2e 33
@0d2f b3
@0d30 b3
@0d31 13
@0d32 63
@0d33 13
@0d34 13
@0d35 63
@0d36 37
@0d37 93
@0d38 13
@0d39 93
@0d3a b3
@0d3b b3
@0d3c 6f
@0d3d 63
@0d3e b3
@0d3f 13
@0d40 63
@0d41 63
@0d42 93
@0d43 e3
@0d44 63
@0d45 13
@0d46 6f
@0d47 e3
@0d48 b7
@0d49 b3
@0d4a 93
@0d4b 13
@0d4c 93
@0d4d 63
@0d4e 93
@0d4f b3
@0d50 33
@0d51 b3
@0d52 b3
@0d53 b3
@0d54 b3
@0d55 13
@0d56 6f
@0d57 93
@0d58 13
@0d59 63
@0d5a 63
@0d5b 63
@0d5c 63
@0d5d 33
@0d5e 93
@0d5f 63
@0d60 b7
@0d61 13
@0d62 93
@0d63 b3
@0d64 13
@0d65 13
@0d66 37
@0d67 93
@0d68 33
@0d69 93
@0d6a 33
@0d6b 13
@0d6c 83
@0d6d 33
@0d6e 03
@0d6f 83
@0d70 03
@0d71 13
@0d72 67
@0d73 e3
@0d74 63
@0d75 13
@0d76 6f
@0d77 13
@0d78 63
@0d79 33
@0d7a 93
@0d7b 13
@0d7c 13
@0d7d 63
@0d7e 13
@0d7f 93
@0d80 63
@0d81 b3
@0d82 13
@0d83 e3
@0d84 13
@0d85 13
@0d86 63
@0d87 37
@0d88 93
@0d89 13
@0d8a b3
@0d8b 6f
@0d8c 63
@0d8d 63
@0d8e e3
@0d8f 13
@0d90 63
@0d91 b3
@0d92 13
@0d93 6f
@0d94 93
@0d95 e3
@0d96 93
@0d97 93
@0d98 63
@0d99 93
@0d9a b3
@0d9b b3
@0d9c 33
@0d9d 33
@0d9e b3
@0d9f b3
@0da0 13
@0da1 e3
@0da2 37
@0da3 13
@0da4 33
@0da5 6f
@0da6 13
@0da7 e3
@0da8 37
@0da9 33
@0daa 13
@0dab 6f
@0dac 63
@0dad b3
@0dae 63
@0daf 63
@0db0 13
@0db1 63
@0db2 b3
@0db3 93
@0db4 6f
@0db5 13
@0db6 63
@0db7 93
@0db8 6f
@0db9 13
@0dba e3
@0dbb 37
@0dbc b3
@0dbd 13
@0dbe 13
@0dbf 93
@0dc0 63
@0dc1 93
@0dc2 b3
@0dc3 33
@0dc4 b3
@0dc5 b3
@0dc6 b3
@0dc7 b3
@0dc8 13
@0dc9 93
@0dca 6f
@0dcb 93
@0dcc 93
@0dcd 63
@0dce 63
@0dcf 63
@0dd0 93
@0dd1 e3
@0dd2 93
@0dd3 93
@0dd4 13
@0dd5 e3
@0dd6 e3
@0dd7 b7
@0dd8 6f
@0dd9 e3
@0dda b3
@0ddb 13
@0ddc 63
@0ddd b3
@0dde 93
@0ddf 13
@0de0 e3
@0de1 6f
@0de2 13
@0de3 e3
@0de4 93
@0de5 93
@0de6 6f
@0de7 e3
@0de8 93
@0de9 13
@0dea b7
@0deb 6f
@0dec 33
@0ded 93
@0dee 63
@0def 33
@0df0 93
@0df1 13
@0df2 ef
@0df3 13
@0df4 33
@0df5 63
@0df6 33
@0df7 13
@0df8 13
@0df9 33
@0dfa b3
@0dfb 33
@0dfc 33
@0dfd b3
@0dfe 6f
@0dff e3
@0e00 13
@0e01 6f
@0e02 b7
@0e03 93
@0e04 33
@0e05 b3
@0e06 6f
@0e07 93
@0e08 6f
@0e09 93
@0e0a 13
@0e0b 6f
@0e0c 13
@0e0d 93
@0e0e 6f
@0e0f 37
@0e10 13
@0e11 93
@0e12 33
@0e13 93
@0e14 93
@0e15 13
@0e16 13
@0e17 33
@0e18 13
@0e19 93
@0e1a 63
@0e1b 63
@0e1c 63
@0e1d 63
@0e1e 63
@0e1f 63
@0e20 63
@0e21 63
@0e22 13
@0e23 13
@0e24 67
@0e25 e3
@0e26 63
@0e27 13
@0e28 e3
@0e29 67
@0e2a 13
@0e2b 67
@0e2c e3
@0e2d 63
@0e2e e3
@0e2f b3
@0e30 13
@0e31 67
@0e32 e3
@0e33 e3
@0e34 33
@0e35 13
@0e36 67
@0e37 13
@0e38 23
@0e39 13
@0e3a 23
@0e3b 23
@0e3c 23
@0e3d 93
@0e3e 23
@0e3f 23
@0e40 23
@0e41 13
@0e42 93
@0e43 93
@0e44 93
@0e45 63
@0e46 93
@0e47 63
@0e48 93
@0e49 b7
@0e4a b3
@0e4b 13
@0e4c 13
@0e4d 93
@0e4e 13
@0e4f 93
@0e50 13
@0e51 93
@0e52 63
@0e53 13
@0e54 63
@0e55 13
@0e56 37
@0e57 33
@0e58 93
@0e59 13
@0e5a 33
@0e5b 93
@0e5c b3
@0e5d 93
@0e5e 13
@0e5f 63
@0e60 13
@0e61 b3
@0e62 93
@0e63 63
@0e64 93
@0e65 63
@0e66 13
@0e67 93
@0e68 93
@0e69 13
@0e6a 93
@0e6b 13
@0e6c 13
@0e6d 93
@0e6e ef
@0e6f 93
@0e70 93
@0e71 13
@0e72 ef
@0e73 13
@0e74 93
@0e75 13
@0e76 ef
@0e77 13
@0e78 93
@0e79 13
@0e7a ef
@0e7b 93
@0e7c 33
@0e7d b3
@0e7e 93
@0e7f 63
@0e80 37
@0e81 b3
@0e82 93
@0e83 13
@0e84 93
@0e85 33
@0e86 93
@0e87 13
@0e88 b3
@0e89 13
@0e8a 93
@0e8b 33
@0e8c 33
@0e8d 13
@0e8e 33
@0e8f 63
@0e90 93
@0e91 13
@0e92 33
@0e93 13
@0e94 63
@0e95 93
@0e96 63
@0e97 93
@0e98 13
@0e99 63
@0e9a 33
@0e9b 93
@0e9c 63
@0e9d b7
@0e9e 93
@0e9f 33
@0ea0 13
@0ea1 93
@0ea2 63
@0ea3 93
@0ea4 83
@0ea5 03
@0ea6 93
@0ea7 13
@0ea8 93
@0ea9 93
@0eaa 33
@0eab 83
@0eac 03
@0ead 03
@0eae 83
@0eaf 33
@0eb0 83
@0eb1 13
@0eb2 67
@0eb3 63
@0eb4 13
@0eb5 ef
@0eb6 93
@0eb7 13
@0eb8 b3
@0eb9 33
@0eba 6f
@0ebb 13
@0ebc e3
@0ebd 13
@0ebe 6f
@0ebf 13
@0ec0 13
@0ec1 6f
@0ec2 63
@0ec3 13
@0ec4 ef
@0ec5 93
@0ec6 33
@0ec7 93
@0ec8 b3
@0ec9 6f
@0eca 13
@0ecb e3
@0ecc 13
@0ecd 6f
@0ece 93
@0ecf 13
@0ed0 6f
@0ed1 b3
@0ed2 93
@0ed3 63
@0ed4 93
@0ed5 63
@0ed6 93
@0ed7 e3
@0ed8 93
@0ed9 93
@0eda 63
@0edb 93
@0edc 63
@0edd 93
@0ede e3
@0edf 93
@0ee0 13
@0ee1 6f
@0ee2 93
@0ee3 63
@0ee4 93
@0ee5 e3
@0ee6 13
@0ee7 13
@0ee8 6f
@0ee9 13
@0eea 6f
@0eeb 13
@0eec 63
@0eed 33
@0eee 93
@0eef 93
@0ef0 13
@0ef1 e3
@0ef2 13
@0ef3 33
@0ef4 33
@0ef5 33
@0ef6 b3
@0ef7 13
@0ef8 63
@0ef9 13
@0efa 93
@0efb 63
@0efc b3
@0efd 13
@0efe 93
@0eff e3
@0f00 93
@0f01 13
@0f02 6f
@0f03 b7
@0f04 13
@0f05 93
@0f06 6f
@0f07 93
@0f08 13
@0f09 6f
@0f0a 37
@0f0b 13
@0f0c 13
@0f0d 93
@0f0e b3
@0f0f 23
@0f10 33
@0f11 23
@0f12 13
@0f13 23
@0f14 23
@0f15 93
@0f16 13
@0f17 13
@0f18 93
@0f19 93
@0f1a 93
@0f1b 13
@0f1c 63
@0f1d 63
@0f1e 93
@0f1f 33
@0f20 63
@0f21 63
@0f22 13
@0f23 63
@0f24 63
@0f25 93
@0f26 63
@0f27 b3
@0f28 13
@0f29 6f
@0f2a 63
@0f2b 13
@0f2c 13
@0f2d 6f
@0f2e e3
@0f2f b7
@0f30 33
@0f31 93
@0f32 13
@0f33 93
@0f34 63
@0f35 93
@0f36 b3
@0f37 33
@0f38 33
@0f39 33
@0f3a b3
@0f3b b3
@0f3c 13
@0f3d 63
@0f3e 13
@0f3f 13
@0f40 63
@0f41 37
@0f42 93
@0f43 13
@0f44 93
@0f45 b3
@0f46 b3
@0f47 6f
@0f48 63
@0f49 33
@0f4a 13
@0f4b 63
@0f4c 63
@0f4d 93
@0f4e e3
@0f4f 63
@0f50 13
@0f51 6f
@0f52 e3
@0f53 b7
@0f54 b3
@0f55 93
@0f56 13
@0f57 13
@0f58 63
@0f59 13
@0f5a 33
@0f5b 33
@0f5c b3
@0f5d b3
@0f5e 33
@0f5f b3
@0f60 13
@0f61 6f
@0f62 93
@0f63 13
@0f64 63
@0f65 63
@0f66 63
@0f67 63
@0f68 33
@0f69 93
@0f6a 63
@0f6b b7
@0f6c 13
@0f6d 93
@0f6e b3
@0f6f 13
@0f70 13
@0f71 37
@0f72 93
@0f73 33
@0f74 93
@0f75 33
@0f76 13
@0f77 83
@0f78 33
@0f79 03
@0f7a 83
@0f7b 03
@0f7c 13
@0f7d 67
@0f7e e3
@0f7f 63
@0f80 13
@0f81 6f
@0f82 13
@0f83 63
@0f84 33
@0f85 93
@0f86 13
@0f87 13
@0f88 63
@0f89 13
@0f8a 93
@0f8b 63
@0f8c b3
@0f8d 13
@0f8e e3
@0f8f 13
@0f90 13
@0f91 63
@0f92 37
@0f93 93
@0f94 13
@0f95 b3
@0f96 6f
@0f97 63
@0f98 63
@0f99 e3
@0f9a 93
@0f9b 63
@0f9c b3
@0f9d 13
@0f9e 6f
@0f9f 93
@0fa0 e3
@0fa1 13
@0fa2 93
@0fa3 63
@0fa4 93
@0fa5 b3
@0fa6 33
@0fa7 33
@0fa8 33
@0fa9 b3
@0faa b3
@0fab 13
@0fac e3
@0fad 37
@0fae 13
@0faf 33
@0fb0 6f
@0fb1 93
@0fb2 e3
@0fb3 b7
@0fb4 33
@0fb5 93
@0fb6 6f
@0fb7 63
@0fb8 33
@0fb9 63
@0fba 63
@0fbb 13
@0fbc 63
@0fbd b3
@0fbe 93
@0fbf 6f
@0fc0 13
@0fc1 63
@0fc2 93
@0fc3 6f
@0fc4 13
@0fc5 e3
@0fc6 37
@0fc7 b3
@0fc8 13
@0fc9 13
@0fca 13
@0fcb 63
@0fcc 13
@0fcd 33
@0fce 33
@0fcf b3
@0fd0 b3
@0fd1 33
@0fd2 b3
@0fd3 13
@0fd4 93
@0fd5 6f
@0fd6 93
@0fd7 93
@0fd8 63
@0fd9 63
@0fda 63
@0fdb 93
@0fdc e3
@0fdd 93
@0fde 93
@0fdf 13
@0fe0 e3
@0fe1 e3
@0fe2 b7
@0fe3 6f
@0fe4 e3
@0fe5 b3
@0fe6 13
@0fe7 63
@0fe8 b3
@0fe9 93
@0fea 13
@0feb e3
@0fec 6f
@0fed 13
@0fee e3
@0fef 93
@0ff0 93
@0ff1 6f
@0ff2 e3
@0ff3 93
@0ff4 13
@0ff5 b7
@0ff6 6f
@0ff7 33
@0ff8 93
@0ff9 63
@0ffa 33
@0ffb 93
@0ffc 13
@0ffd ef
@0ffe 13
@0fff 33
@1000 63
@1001 33
@1002 13
@1003 13
@1004 33
@1005 b3
@1006 33
@1007 33
@1008 b3
@1009 6f
@100a e3
@100b 13
@100c 6f
@100d b7
@100e 93
@100f 33
@1010 b3
@1011 6f
@1012 93
@1013 6f
@1014 93
@1015 13
@1016 6f
@1017 13
@1018 93
@1019 6f
@101a 13
@101b 23
@101c 23
@101d 23
@101e 93
@101f 63
@1020 13
@1021 33
@1022 33
@1023 93
@1024 13
@1025 ef
@1026 93
@1027 b3
@1028 13
@1029 63
@102a 93
@102b 63
@102c 13
@102d 33
@102e 13
@102f 13
@1030 93
@1031 83
@1032 b3
@1033 03
@1034 13
@1035 33
@1036 83
@1037 13
@1038 67
@1039 13
@103a 63
@103b 13
@103c 93
@103d 33
@103e b3
@103f 33
@1040 33
@1041 33
@1042 37
@1043 13
@1044 93
@1045 33
@1046 63
@1047 13
@1048 93
@1049 63
@104a 33
@104b 93
@104c 13
@104d 63
@104e 37
@104f 93
@1050 13
@1051 b3
@1052 33
@1053 6f
@1054 13
@1055 33
@1056 6f
@1057 13
@1058 6f
@1059 93
@105a 13
@105b 6f
@105c 93
@105d 6f
@105e 13
@105f 13
@1060 93
@1061 63
@1062 33
@1063 93
@1064 13
@1065 e3
@1066 67
@1067 63
@1068 63
@1069 13
@106a 93
@106b 13
@106c 63
@106d 93
@106e 63
@106f 63
@1070 13
@1071 93
@1072 e3
@1073 13
@1074 63
@1075 b3
@1076 33
@1077 93
@1078 13
@1079 e3
@107a 67
@107b 93
@107c ef
@107d 13
@107e 67
@107f 33
@1080 63
@1081 b3
@1082 6f
@1083 b3
@1084 93
@1085 ef
@1086 33
@1087 67
@1088 93
@1089 63
@108a 63
@108b ef
@108c 13
@108d 67
@108e b3
@108f e3
@1090 33
@1091 ef
@1092 33
@1093 67
@1094 b7
@1095 63
@1096 93
@1097 93
@1098 93
@1099 37
@109a 93
@109b b3
@109c 33
@109d 93
@109e b3
@109f 03
@10a0 33
@10a1 67
@10a2 37
@10a3 93
@10a4 e3
@10a5 93
@10a6 6f
@8000 00
@8001 00
@8002 01
@8003 01
@8004 05
@8005 05
@8006 c8
@8007 c8
@8008 14
@8009 14
@800a 00
@800b 2c
@800c 2c
@800d 14
@800e 14
@800f 00
@8010 a0
@8011 b8
@8012 58
@8013 58
@8014 58
@8015 58
@8016 58
@8017 58
@8018 58
@8019 00
@801a 58
@801b 58
@801c 58
@801d 24
@801e 58
@801f 58
@8020 80
@8021 58
@8022 58
@8023 58
@8024 58
@8025 70
@8026 7c
@8027 8c
@8028 8c
@8029 8c
@802a 8c
@802b 8c
@802c 8c
@802d 8c
@802e 8c
@802f 8c
@8030 8c
@8031 8c
@8032 8c
@8033 64
@8034 74
@8035 8c
@8036 4c
@8037 94
@8038 54
@8039 5c
@803a 64
@803b 6c
@803c 74
@803d 7c
@803e 84
@803f 8c
@8040 8c
@8041 8c
@8042 8c
@8043 84
@8044 8c
@8045 8c
@8046 8c
@8047 8c
@8048 8c
@8049 8c
@804a 8c
@804b 8c
@804c 8c
@804d 8c
@804e 8c
@804f 8c
@8050 8c
@8051 8c
@8052 8c
@8053 8c
@8054 8c
@8055 8c
@8056 8c
@8057 8c
@8058 8c
@8059 8c
@805a 8c
@805b 8c
@805c 8c
@805d 8c
@805e 8c
@805f 8c
@8060 8c
@8061 8c
@8062 8c
@8063 8c
@8064 8c
@8065 6c
@8066 8c
@8067 94
@8068 9c
@8069 a4
@806a ac
@806b b4
@806c bc
@806d c4
@806e cc
@806f d4
@8070 dc
@8071 e4
@8072 ec
@8073 f4
@8074 fc
@8075 04
@8076 0c
@8077 14
@8078 1c
@8079 24
@807a 2c
@807b 34
@807c 3c
@807d 44
@807e 4c
@807f 54
@8080 5c
@8081 00
@8082 03
@8083 04
@8084 04
@8085 05
@8086 05
@8087 05
@8088 05
@8089 06
@808a 06
@808b 06
@808c 06
@808d 06
@808e 06
@808f 06
@8090 06
@8091 07
@8092 07
@8093 07
@8094 07
@8095 07
@8096 07
@8097 07
@8098 07
@8099 07
@809a 07
@809b 07
@809c 07
@809d 07
@809e 07
@809f 07
@80a0 07
@80a1 08
@80a2 08
@80a3 08
@80a4 08
@80a5 08
@80a6 08
@80a7 08
@80a8 08
@80a9 08
@80aa 08
@80ab 08
@80ac 08
@80ad 08
@80ae 08
@80af 08
@80b0 08
@80b1 08
@80b2 08
@80b3 08
@80b4 08
@80b5 08
@80b6 08
@80b7 08
@80b8 08
@80b9 08
@80ba 08
@80bb 08
@80bc 08
@80bd 08
@80be 08
@80bf 08
@80c0 08
@80c1 42
@80c2 72
@80c3 6f
@80c4 73
@80c5 3a
@80c6 42
@80c7 3a
@80c8 25
@80c9 79
@80ca 2c
@80cb 3d
@80cc 20
@80cd 25
@80ce 42
@80cf 6b
@80d0 3a
@80d1 25
@80d2 79
@80d3 2c
@80d4 73
@80d5 79
@80d6 25
@80d7 50
@80d8 73
@80d9 79
@80da 79
@80db 20
@80dc 75
@80dd 65
@80de 6c
@80df 6f
@80e0 65
@80e1 61
@80e2 63
@80e3 69
@80e4 6e
@80e5 74
@80e6 69
@80e7 2e
@80e8 0a
@80e9 65
@80ea 6f
@80eb 73
@80ec 5b
@80ed 9b
@80ee ae
@80ef 00
@80f0 50
@80f1 49
@80f2 3a
@80f3 20
@80f4 6c
@80f5 20
@80f6 69
@80f7 73
@80f8 64
@80f9 65
@80fa 00
@80fb 10
@80fc 00
@80fd 03
@80fe 01
@80ff 1b
@8100 4c
@8101 18
@8102 70
@8103 10
@8104 00
@8105 70
@8106 06
@8107 02
@8108 05
@8109 08
@810a 0a
@810b 0c
@810c 0a
@810d 44
@810e 44
@810f 44
@8110 44
@8111 44
@8112 44
@8113 0b
@8114 50
@8115 68
@8116 30
@8117 84
@8118 00
@8119 74
@811a 01
@811b 04
@811c 06
@811d 08
@811e 0a
@811f 0c
@8120 50
@8121 44
@8122 44
@8123 44
@8124 44
@8125 44
@8126 44
@8127 44
@8128 0b
@8400 00
@8401 47
@8402 20
@8403 34
@8404 64
@8405 29
@8406 2e
@8407 00
@8408 d0
@8409 a0
@840a 00
@840b 40
@840c 80
@840d 00
@840e 00
@840f 9c
@8410 00
@8411 00
@8412 00
@8413 00
@8414 00
@8415 00
@8416 00
@8417 00
@8418 00
@8419 00
@841a 00
@841b 00
@841c 00
@841d 00
@841e 00
@841f 00
@8420 00
@8421 00
@8422 00
@8423 00
@8424 00
@8425 00
@8426 00
@8427 00
@8428 00
@8429 00
@842a 00
@842b 00
@842c 00
@842d 00
@842e 00
@842f 00
@8430 00
@8431 00
@8432 00
@8433 00
@8434 00
@8435 00
@8436 00
@8437 00
@8438 00
@8439 00
@843a 00
@843b 00
@843c 00
@843d 00
@843e 00
@843f 00
@8440 00
@8441 00
@8442 00
@8443 00
@8444 00
@8445 00
@8446 00
@8447 00
@8448 00
@8449 00
@844a 00
@844b 00
@844c 00
@844d 00
@844e 00
@844f 00
@8450 00
@8451 00
@8452 00
@8453 00
@8800 00
@8801 00
@8802 00
@8803 00
@8804 00
@8805 00
@8806 00
@8807 00
@8808 00
@8809 00
@880a 00
@880b 00
@880c 00
@880d 00
@880e 00
@880f 00
@8810 00
@8811 00
@8812 00
@8813 00
@8814 00
@8815 00
@8816 00
@8817 00
@8818 00
@8819 00
@881a 00
@881b 00
@881c 00
@881d 00
@881e 00
@881f 00
@8820 00
@8821 00
@8822 00
@8823 00
@8824 00
@8825 00
@8826 00
@8827 00
@8828 00
@8829 00
@882a 00
@882b 00
@882c 00
@882d 00
@882e 00
@882f 00
@8830 00
@8831 00
@8832 00
@8833 00
@8834 00
@8835 00
@8836 00
@8837 00
@8838 00
@8839 00
@883a 00
@883b 00
@883c 00
@883d 00
@883e 00
@883f 00
@8840 00
@8841 00
@8842 00
@8843 00
@8844 00
@8845 00
@8846 00
@8847 00
@8848 00
@8849 00
@884a 00
@884b 00
@884c 00
@884d 00
@884e 00
@884f 00
@8850 00
@8851 00
@8852 00
@8853 00
@8854 00
@8855 00
@8856 00
@8857 00
@8858 00
@8859 00
@885a 00
@885b 00
@885c 00
@885d 00
@885e 00
@885f 00
@8860 00
@8861 00
@8862 00
@8863 00
@8864 00
@8865 00
@8866 00
@8867 00
@8868 00
@8869 00
@886a 00
@886b 00
@886c 00
@886d 00
@886e 00
@886f 00
@8870 00
@8871 00
@8872 00
@8873 00
@8874 00
@8875 00
@8876 00
@8877 00
@8878 00
@8879 00
@887a 00
@887b 00
@887c 00
@887d 00
@887e 00
@887f 00
@8880 00
@8881 00
@8882 00
@8883 00
@8884 00
@8885 00
@8886 00
@8887 00
@8888 00
@8889 00
@888a 00
@888b 00
@888c 00
@888d 00
@888e 00
@888f 00
@8890 00
@8891 00
@8892 00
@8893 00
@8894 00
@8895 00
@8896 00
@8897 00
@8898 00
@8899 00
@889a 00
@889b 00
@889c 00
@889d 00
@889e 00
@889f 00
@88a0 00
@88a1 00
@88a2 00
@88a3 00
@88a4 00
@88a5 00
@88a6 00
@88a7 00
@88a8 00
@88a9 00
@88aa 00
@88ab 00
@88ac 00
@88ad 00
@88ae 00
@88af 00
@88b0 00
@88b1 00
@88b2 00
@88b3 00
@88b4 00
@88b5 00
@88b6 00
@88b7 00
@88b8 00
@88b9 00
@88ba 00
@88bb 00
@88bc 00
@88bd 00
@88be 00
@88bf 00
@88c0 00
@88c1 00
@88c2 00
@88c3 00
@88c4 00
@88c5 00
@88c6 00
@88c7 00
@88c8 00
@88c9 00
@88ca 00
@88cb 00
@88cc 00
@88cd 00
@88ce 00
@88cf 00
@88d0 00
@88d1 00
@88d2 00
@88d3 00
@88d4 00
@88d5 00
@88d6 00
@88d7 00
@88d8 00
@88d9 00
@88da 00
@88db 00
@88dc 00
@88dd 00
@88de 00
@88df 00
@88e0 00
@88e1 00
@88e2 00
@88e3 00
@88e4 00
@88e5 00
@88e6 00
@88e7 00
@88e8 00
@88e9 00
@88ea 00
@88eb 00
@88ec 00
@88ed 00
@88ee 00
@88ef 00
@88f0 00
@88f1 00
@88f2 00
@88f3 00
@88f4 00
@88f5 00
@88f6 00
@88f7 00
@88f8 00
@88f9 00
@88fa 00
@88fb 00
@88fc 00
@88fd 00
@88fe 00
@88ff 00
@8900 00
@8901 00
@8902 00
@8903 00
@8904 00
@8905 00
@8906 00
@8907 00
@8908 00
@8909 00
@890a 00
@890b 00
@890c 00
@890d 00
@890e 00
@890f 00
@8910 00
@8911 00
@8912 00
@8913 00
@8914 00
@8915 00
@8916 00
@8917 00
@8918 00
@8919 00
@891a 00
@891b 00
@891c 00
@891d 00
@891e 00
@891f 00
@8920 00
@8921 00
@8922 00
@8923 00
@8924 00
@8925 00
@8926 00
@8927 00
@8928 00
@8929 00
@892a 00
@892b 00
@892c 00
@892d 00
@892e 00
@892f 00
@8930 00
@8931 00
@8932 00
@8933 00
@8934 00
@8935 00
@8936 00
@8937 00
@8938 00
@8939 00
@893a 00
@893b 00
@893c 00
@893d 00
@893e 00
@893f 00
@8940 00
@8941 00
@8942 00
@8943 00
@8944 00
@8945 00
@8946 00
@8947 00
@8948 00
@8949 00
@894a 00
@894b 00
@894c 00
@894d 00
@894e 00
@894f 00
@8950 00
@8951 00
@8952 00
@8953 00
@8954 00
@8955 00
@8956 00
@8957 00
@8958 00
@8959 00
@895a 00
@895b 00
@895c 00
@895d 00
@895e 00
@895f 00
@8960 00
@8961 00
@8962 00
@8963 00
@8964 00
@8965 00
@8966 00
@8967 00
@8968 00
@8969 00
@896a 00
@896b 00
@896c 00
@896d 00
@896e 00
@896f 00
@8970 00
@8971 00
@8972 00
@8973 00
@8974 00
@8975 00
@8976 00
@8977 00
@8978 00
@8979 00
@897a 00
@897b 00
@897c 00
@897d 00
@897e 00
@897f 00
@8980 00
@8981 00
@8982 00
@8983 00
@8984 00
@8985 00
@8986 00
@8987 00
@8988 00
@8989 00
@898a 00
@898b 00
@898c 00
@898d 00
@898e 00
@898f 00
@8990 00
@8991 00
@8992 00
@8993 00
@8994 00
@8995 00
@8996 00
@8997 00
@8998 00
@8999 00
@899a 00
@899b 00
@899c 00
@899d 00
@899e 00
@899f 00
@89a0 00
@89a1 00
@89a2 00
@89a3 00
@89a4 00
@89a5 00
@89a6 00
@89a7 00
@89a8 00
@89a9 00
@89aa 00
@89ab 00
@89ac 00
@89ad 00
@89ae 00
@89af 00
@89b0 00
@89b1 00
@89b2 00
@89b3 00
@89b4 00
@89b5 00
@89b6 00
@89b7 00
@89b8 00
@89b9 00
@89ba 00
@89bb 00
@89bc 00
@89bd 00
@89be 00
@89bf 00
@89c0 00
@89c1 00
@89c2 00
@89c3 00
@89c4 00
@89c5 00
@89c6 00
@89c7 00
@89c8 00
@89c9 00
@89ca 00
@89cb 00
@89cc 00
@89cd 00
@89ce 00
@89cf 00
@89d0 00
@89d1 00
@89d2 00
@89d3 00
@89d4 00
@89d5 00
@89d6 00
@89d7 00
@89d8 00
@89d9 00
@89da 00
@89db 00
@89dc 00
@89dd 00
@89de 00
@89df 00
@89e0 00
@89e1 00
@89e2 00
@89e3 00
@89e4 00
@89e5 00
@89e6 00
@89e7 00
@89e8 00
@89e9 00
@89ea 00
@89eb 00
@89ec 00
@89ed 00
@89ee 00
@89ef 00
@89f0 00
@89f1 00
@89f2 00
@89f3 00
@89f4 00
@89f5 00
@89f6 00
@89f7 00
@89f8 00
@89f9 00
@89fa 00
@89fb 00
@89fc 00
@89fd 00
@89fe 00
@89ff 00
@8a00 00
@8a01 00
@8a02 00
@8a03 00
@8a04 00
@8a05 00
@8a06 00
@8a07 00
@8a08 00
@8a09 00
@8a0a 00
@8a0b 00
@8a0c 00
@8a0d 00
@8a0e 00
@8a0f 00
@8a10 00
@8a11 00
@8a12 00
@8a13 00
@8a14 00
@8a15 00
@8a16 00
@8a17 00
@8a18 00
@8a19 00
@8a1a 00
@8a1b 00
@8a1c 00
@8a1d 00
@8a1e 00
@8a1f 00
@8a20 00
@8a21 00
@8a22 00
@8a23 00
@8a24 00
@8a25 00
@8a26 00
@8a27 00
@8a28 00
@8a29 00
@8a2a 00
@8a2b 00
@8a2c 00
@8a2d 00
@8a2e 00
@8a2f 00
@8a30 00
@8a31 00
@8a32 00
@8a33 00
@8a34 00
@8a35 00
@8a36 00
@8a37 00
@8a38 00
@8a39 00
@8a3a 00
@8a3b 00
@8a3c 00
@8a3d 00
@8a3e 00
@8a3f 00
@8a40 00
@8a41 00
@8a42 00
@8a43 00
@8a44 00
@8a45 00
@8a46 00
@8a47 00
@8a48 00
@8a49 00
@8a4a 00
@8a4b 00
@8a4c 00
@8a4d 00
@8a4e 00
@8a4f 00
@8a50 00
@8a51 00
@8a52 00
@8a53 00
@8a54 00
@8a55 00
@8a56 00
@8a57 00
@8a58 00
@8a59 00
@8a5a 00
@8a5b 00
@8a5c 00
@8a5d 00
@8a5e 00
@8a5f 00
@8a60 00
@8a61 00
@8a62 00
@8a63 00
@8a64 00
@8a65 00
@8a66 00
@8a67 00
@8a68 00
@8a69 00
@8a6a 00
@8a6b 00
@8a6c 00
@8a6d 00
@8a6e 00
@8a6f 00
@8a70 00
@8a71 00
@8a72 00
@8a73 00
@8a74 00
@8a75 00
@8a76 00
@8a77 00
@8a78 00
@8a79 00
@8a7a 00
@8a7b 00
@8a7c 00
@8a7d 00
@8a7e 00
@8a7f 00
@8a80 00
@8a81 00
@8a82 00
@8a83 00
@8a84 00
@8a85 00
@8a86 00
@8a87 00
@8a88 00
@8a89 00
@8a8a 00
@8a8b 00
@8a8c 00
@8a8d 00
@8a8e 00
@8a8f 00
@8a90 00
@8a91 00
@8a92 00
@8a93 00
@8a94 00
@8a95 00
@8a96 00
@8a97 00
@8a98 00
@8a99 00
@8a9a 00
@8a9b 00
@8a9c 00
@8a9d 00
@8a9e 00
@8a9f 00
@8aa0 00
@8aa1 00
@8aa2 00
@8aa3 00
@8aa4 00
@8aa5 00
@8aa6 00
@8aa7 00
@8aa8 00
@8aa9 00
@8aaa 00
@8aab 00
@8aac 00
@8aad 00
@8aae 00
@8aaf 00
@8ab0 00
@8ab1 00
@8ab2 00
@8ab3 00
@8ab4 00
@8ab5 00
@8ab6 00
@8ab7 00
@8ab8 00
@8ab9 00
@8aba 00
@8abb 00
@8abc 00
@8abd 00
@8abe 00
@8abf 00
@8ac0 00
@8ac1 00
@8ac2 00
@8ac3 00
@8ac4 00
@8ac5 00
@8ac6 00
@8ac7 00
@8ac8 00
@8ac9 00
@8aca 00
@8acb 00
@8acc 00
@8acd 00
@8ace 00
@8acf 00
@8ad0 00
@8ad1 00
@8ad2 00
@8ad3 00
@8ad4 00
@8ad5 00
@8ad6 00
@8ad7 00
@8ad8 00
@8ad9 00
@8ada 00
@8adb 00
@8adc 00
@8add 00
@8ade 00
@8adf 00
@8ae0 00
@8ae1 00
@8ae2 00
@8ae3 00
@8ae4 00
@8ae5 00
@8ae6 00
@8ae7 00
@8ae8 00
@8ae9 00
@8aea 00
@8aeb 00
@8aec 00
@8aed 00
@8aee 00
@8aef 00
@8af0 00
@8af1 00
@8af2 00
@8af3 00
@8af4 00
@8af5 00
@8af6 00
@8af7 00
@8af8 00
@8af9 00
@8afa 00
@8afb 00
@8afc 00
@8afd 00
@8afe 00
@8aff 00
@8b00 00
@8b01 00
@8b02 00
@8b03 00
@8b04 00
@8b05 00
@8b06 00
@8b07 00
@8b08 00
@8b09 00
@8b0a 00
@8b0b 00
@8b0c 00
@8b0d 00
@8b0e 00
@8b0f 00
@8b10 00
@8b11 00
@8b12 00
@8b13 00
@8b14 00
@8b15 00
@8b16 00
@8b17 00
@8b18 00
@8b19 00
@8b1a 00
@8b1b 00
@8b1c 00
@8b1d 00
@8b1e 00
@8b1f 00
@8b20 00
@8b21 00
@8b22 00
@8b23 00
@8b24 00
@8b25 00
@8b26 00
@8b27 00
@8b28 00
@8b29 00
@8b2a 00
@8b2b 00
@8b2c 00
@8b2d 00
@8b2e 00
@8b2f 00
@8b30 00
@8b31 00
@8b32 00
@8b33 00
@8b34 00
@8b35 00
@8b36 00
@8b37 00
@8b38 00
@8b39 00
@8b3a 00
@8b3b 00
@8b3c 00
@8b3d 00
@8b3e 00
@8b3f 00
@8b40 00
@8b41 00
@8b42 00
@8b43 00
@8b44 00
@8b45 00
@8b46 00
@8b47 00
@8b48 00
@8b49 00
@8b4a 00
@8b4b 00
@8b4c 00
@8b4d 00
@8b4e 00
@8b4f 00
@8b50 00
@8b51 00
@8b52 00
@8b53 00
@8b54 00
@8b55 00
@8b56 00
@8b57 00
@8b58 00
@8b59 00
@8b5a 00
@8b5b 00
@8b5c 00
@8b5d 00
@8b5e 00
@8b5f 00
@8b60 00
@8b61 00
@8b62 00
@8b63 00
@8b64 00
@8b65 00
@8b66 00
@8b67 00
@8b68 00
@8b69 00
@8b6a 00
@8b6b 00
@8b6c 00
@8b6d 00
@8b6e 00
@8b6f 00
@8b70 00
@8b71 00
@8b72 00
@8b73 00
@8b74 00
@8b75 00
@8b76 00
@8b77 00
@8b78 00
@8b79 00
@8b7a 00
@8b7b 00
@8b7c 00
@8b7d 00
@8b7e 00
@8b7f 00
@8b80 00
@8b81 00
@8b82 00
@8b83 00
@8b84 00
@8b85 00
@8b86 00
@8b87 00
@8b88 00
@8b89 00
@8b8a 00
@8b8b 00
@8b8c 00
@8b8d 00
@8b8e 00
@8b8f 00
@8b90 00
@8b91 00
@8b92 00
@8b93 00
@8b94 00
@8b95 00
@8b96 00
@8b97 00
@8b98 00
@8b99 00
@8b9a 00
@8b9b 00
@8b9c 00
@8b9d 00
@8b9e 00
@8b9f 00
@8ba0 00
@8ba1 00
@8ba2 00
@8ba3 00
@8ba4 00
@8ba5 00
@8ba6 00
@8ba7 00
@8ba8 00
@8ba9 00
@8baa 00
@8bab 00
@8bac 00
@8bad 00
@8bae 00
@8baf 00
@8bb0 00
@8bb1 00
@8bb2 00
@8bb3 00
@8bb4 00
@8bb5 00
@8bb6 00
@8bb7 00
@8bb8 00
@8bb9 00
@8bba 00
@8bbb 00
@8bbc 00
@8bbd 00
@8bbe 00
@8bbf 00
@8bc0 00
@8bc1 00
@8bc2 00
@8bc3 00
@8bc4 00
@8bc5 00
@8bc6 00
@8bc7 00
@8bc8 00
@8bc9 00
@8bca 00
@8bcb 00
@8bcc 00
@8bcd 00
@8bce 00
@8bcf 00
@8bd0 00
@8bd1 00
@8bd2 00
@8bd3 00
@8bd4 00
@8bd5 00
@8bd6 00
@8bd7 00
@8bd8 00
@8bd9 00
@8bda 00
@8bdb 00
@8bdc 00
@8bdd 00
@8bde 00
@8bdf 00
@8be0 00
@8be1 00
@8be2 00
@8be3 00
@8be4 00
@8be5 00
@8be6 00
@8be7 00
@8be8 00
@8be9 00
@8bea 00
@8beb 00
@8bec 00
@8bed 00
@8bee 00
@8bef 00
@8bf0 00
@8bf1 00
@8bf2 00
@8bf3 00
@8bf4 00
@8bf5 00
@8bf6 00
@8bf7 00
@8bf8 00
@8bf9 00
@8bfa 00
@8bfb 00
@8bfc 00
@8bfd 00
@8bfe 00
@8bff 00
@8c00 00
@8c01 00
@8c02 00
@8c03 00
@8c04 00
@8c05 00
@8c06 00
@8c07 00
@8c08 00
@8c09 00
@8c0a 00
@8c0b 00
@8c0c 00
@8c0d 00
@8c0e 00
@8c0f 00
@8c10 00
@8c11 00
@8c12 00
@8c13 00
@8c14 00
@8c15 00
@8c16 00
@8c17 00
@8c18 00
@8c19 00
@8c1a 00
@8c1b 00
@8c1c 00
@8c1d 00
@8c1e 00
@8c1f 00
@8c20 00
@8c21 00
@8c22 00
@8c23 00
@8c24 00
@8c25 00
@8c26 00
@8c27 00
@8c28 00
@8c29 00
@8c2a 00
@8c2b 00
@8c2c 00
@8c2d 00
@8c2e 00
@8c2f 00
@8c30 00
@8c31 00
@8c32 00
@8c33 00
@8c34 00
@8c35 00
@8c36 00
@8c37 00
@8c38 00
@8c39 00
@8c3a 00
@8c3b 00
@8c3c 00
@8c3d 00
@8c3e 00
@8c3f 00
@8c40 00
@8c41 00
@8c42 00
@8c43 00
@8c44 00
@8c45 00
@8c46 00
@8c47 00
@8c48 00
@8c49 00
@8c4a 00
@8c4b 00
@8c4c 00
@8c4d 00
@8c4e 00
@8c4f 00
@8c50 00
@8c51 00
@8c52 00
@8c53 00
@8c54 00
@8c55 00
@8c56 00
@8c57 00
@8c58 00
@8c59 00
@8c5a 00
@8c5b 00
@8c5c 00
@8c5d 00
@8c5e 00
@8c5f 00
@8c60 00
@8c61 00
@8c62 00
@8c63 00
@8c64 00
@8c65 00
@8c66 00
@8c67 00
@8c68 00
@8c69 00
@8c6a 00
@8c6b 00
@8c6c 00
@8c6d 00
@8c6e 00
@8c6f 00
@8c70 00
@8c71 00
@8c72 00
@8c73 00
@8c74 00
@8c75 00
@8c76 00
@8c77 00
@8c78 00
@8c79 00
@8c7a 00
@8c7b 00
@8c7c 00
@8c7d 00
@8c7e 00
@8c7f 00
@8c80 00
@8c81 00
@8c82 00
@8c83 00
@8c84 00
@8c85 00
@8c86 00
@8c87 00
@8c88 00
@8c89 00
@8c8a 00
@8c8b 00
@8c8c 00
@8c8d 00
@8c8e 00
@8c8f 00
@8c90 00
@8c91 00
@8c92 00
@8c93 00
@8c94 00
@8c95 00
@8c96 00
@8c97 00
@8c98 00
@8c99 00
@8c9a 00
@8c9b 00
@8c9c 00
@8c9d 00
@8c9e 00
@8c9f 00
@8ca0 00
@8ca1 00
@8ca2 00
@8ca3 00
@8ca4 00
@8ca5 00
@8ca6 00
@8ca7 00
@8ca8 00
@8ca9 00
@8caa 00
@8cab 00
@8cac 00
@8cad 00
@8cae 00
@8caf 00
@8cb0 00
@8cb1 00
@8cb2 00
@8cb3 00
@8cb4 00
@8cb5 00
@8cb6 00
@8cb7 00
@8cb8 00
@8cb9 00
@8cba 00
@8cbb 00
@8cbc 00
@8cbd 00
@8cbe 00
@8cbf 00
@8cc0 00
@8cc1 00
@8cc2 00
@8cc3 00
@8cc4 00
@8cc5 00
@8cc6 00
@8cc7 00
@8cc8 00
@8cc9 00
@8cca 00
@8ccb 00
@8ccc 00
@8ccd 00
@8cce 00
@8ccf 00
@8cd0 00
@8cd1 00
@8cd2 00
@8cd3 00
@8cd4 00
@8cd5 00
@8cd6 00
@8cd7 00
@8cd8 00
@8cd9 00
@8cda 00
@8cdb 00
@8cdc 00
@8cdd 00
@8cde 00
@8cdf 00
@8ce0 00
@8ce1 00
@8ce2 00
@8ce3 00
@8ce4 00
@8ce5 00
@8ce6 00
@8ce7 00
@8ce8 00
@8ce9 00
@8cea 00
@8ceb 00
@8cec 00
@8ced 00
@8cee 00
@8cef 00
@8cf0 00
@8cf1 00
@8cf2 00
@8cf3 00
@8cf4 00
@8cf5 00
@8cf6 00
@8cf7 00
@8cf8 00
@8cf9 00
@8cfa 00
@8cfb 00
@8cfc 00
@8cfd 00
@8cfe 00
@8cff 00
@8d00 00
@8d01 00
@8d02 00
@8d03 00
@8d04 00
@8d05 00
@8d06 00
@8d07 00
@8d08 00
@8d09 00
@8d0a 00
@8d0b 00
@8d0c 00
@8d0d 00
@8d0e 00
@8d0f 00
@8d10 00
@8d11 00
@8d12 00
@8d13 00
@8d14 00
@8d15 00
@8d16 00
@8d17 00
@8d18 00
@8d19 00
@8d1a 00
@8d1b 00
@8d1c 00
@8d1d 00
@8d1e 00
@8d1f 00
@8d20 00
@8d21 00
@8d22 00
@8d23 00
@8d24 00
@8d25 00
@8d26 00
@8d27 00
@8d28 00
@8d29 00
@8d2a 00
@8d2b 00
@8d2c 00
@8d2d 00
@8d2e 00
@8d2f 00
@8d30 00
@8d31 00
@8d32 00
@8d33 00
@8d34 00
@8d35 00
@8d36 00
@8d37 00
@8d38 00
@8d39 00
@8d3a 00
@8d3b 00
@8d3c 00
@8d3d 00
@8d3e 00
@8d3f 00
@8d40 00
@8d41 00
@8d42 00
@8d43 00
@8d44 00
@8d45 00
@8d46 00
@8d47 00
@8d48 00
@8d49 00
@8d4a 00
@8d4b 00
@8d4c 00
@8d4d 00
@8d4e 00
@8d4f 00
@8d50 00
@8d51 00
@8d52 00
@8d53 00
@8d54 00
@8d55 00
@8d56 00
@8d57 00
@8d58 00
@8d59 00
@8d5a 00
@8d5b 00
@8d5c 00
@8d5d 00
@8d5e 00
@8d5f 00
@8d60 00
@8d61 00
@8d62 00
@8d63 00
@8d64 00
@8d65 00
@8d66 00
@8d67 00
@8d68 00
@8d69 00
@8d6a 00
@8d6b 00
@8d6c 00
@8d6d 00
@8d6e 00
@8d6f 00
@8d70 00
@8d71 00
@8d72 00
@8d73 00
@8d74 00
@8d75 00
@8d76 00
@8d77 00
@8d78 00
@8d79 00
@8d7a 00
@8d7b 00
@8d7c 00
@8d7d 00
@8d7e 00
@8d7f 00
@8d80 00
@8d81 00
@8d82 00
@8d83 00
@8d84 00
@8d85 00
@8d86 00
@8d87 00
@8d88 00
@8d89 00
@8d8a 00
@8d8b 00
@8d8c 00
@8d8d 00
@8d8e 00
@8d8f 00
@8d90 00
@8d91 00
@8d92 00
@8d93 00
@8d94 00
@8d95 00
@8d96 00
@8d97 00
@8d98 00
@8d99 00
@8d9a 00
@8d9b 00
@8d9c 00
@8d9d 00
@8d9e 00
@8d9f 00
@8da0 00
@8da1 00
@8da2 00
@8da3 00
@8da4 00
@8da5 00
@8da6 00
@8da7 00
@8da8 00
@8da9 00
@8daa 00
@8dab 00
@8dac 00
@8dad 00
@8dae 00
@8daf 00
@8db0 00
@8db1 00
@8db2 00
@8db3 00
@8db4 00
@8db5 00
@8db6 00
@8db7 00
@8db8 00
@8db9 00
@8dba 00
@8dbb 00
@8dbc 00
@8dbd 00
@8dbe 00
@8dbf 00
@8dc0 00
@8dc1 00
@8dc2 00
@8dc3 00
@8dc4 00
@8dc5 00
@8dc6 00
@8dc7 00
@8dc8 00
@8dc9 00
@8dca 00
@8dcb 00
@8dcc 00
@8dcd 00
@8dce 00
@8dcf 00
@8dd0 00
@8dd1 00
@8dd2 00
@8dd3 00
@8dd4 00
@8dd5 00
@8dd6 00
@8dd7 00
@8dd8 00
@8dd9 00
@8dda 00
@8ddb 00
@8ddc 00
@8ddd 00
@8dde 00
@8ddf 00
@8de0 00
@8de1 00
@8de2 00
@8de3 00
@8de4 00
@8de5 00
@8de6 00
@8de7 00
@8de8 00
@8de9 00
@8dea 00
@8deb 00
@8dec 00
@8ded 00
@8dee 00
@8def 00
@8df0 00
@8df1 00
@8df2 00
@8df3 00
@8df4 00
@8df5 00
@8df6 00
@8df7 00
@8df8 00
@8df9 00
@8dfa 00
@8dfb 00
@8dfc 00
@8dfd 00
@8dfe 00
@8dff 00
@8e00 00
@8e01 00
@8e02 00
@8e03 00
@8e04 00
@8e05 00
@8e06 00
@8e07 00
@8e08 00
@8e09 00
@8e0a 00
@8e0b 00
@8e0c 00
@8e0d 00
@8e0e 00
@8e0f 00
@8e10 00
@8e11 00
@8e12 00
@8e13 00
@8e14 00
@8e15 00
@8e16 00
@8e17 00
@8e18 00
@8e19 00
@8e1a 00
@8e1b 00
@8e1c 00
@8e1d 00
@8e1e 00
@8e1f 00
@8e20 00
@8e21 00
@8e22 00
@8e23 00
@8e24 00
@8e25 00
@8e26 00
@8e27 00
@8e28 00
@8e29 00
@8e2a 00
@8e2b 00
@8e2c 00
@8e2d 00
@8e2e 00
@8e2f 00
@8e30 00
@8e31 00
@8e32 00
@8e33 00
@8e34 00
@8e35 00
@8e36 00
@8e37 00
@8e38 00
@8e39 00
@8e3a 00
@8e3b 00
@8e3c 00
@8e3d 00
@8e3e 00
@8e3f 00
@8e40 00
@8e41 00
@8e42 00
@8e43 00
@8e44 00
@8e45 00
@8e46 00
@8e47 00
@8e48 00
@8e49 00
@8e4a 00
@8e4b 00
@8e4c 00
@8e4d 00
@8e4e 00
@8e4f 00
@8e50 00
@8e51 00
@8e52 00
@8e53 00
@8e54 00
@8e55 00
@8e56 00
@8e57 00
@8e58 00
@8e59 00
@8e5a 00
@8e5b 00
@8e5c 00
@8e5d 00
@8e5e 00
@8e5f 00
@8e60 00
@8e61 00
@8e62 00
@8e63 00
@8e64 00
@8e65 00
@8e66 00
@8e67 00
@8e68 00
@8e69 00
@8e6a 00
@8e6b 00
@8e6c 00
@8e6d 00
@8e6e 00
@8e6f 00
@8e70 00
@8e71 00
@8e72 00
@8e73 00
@8e74 00
@8e75 00
@8e76 00
@8e77 00
@8e78 00
@8e79 00
@8e7a 00
@8e7b 00
@8e7c 00
@8e7d 00
@8e7e 00
@8e7f 00
@8e80 00
@8e81 00
@8e82 00
@8e83 00
@8e84 00
@8e85 00
@8e86 00
@8e87 00
@8e88 00
@8e89 00
@8e8a 00
@8e8b 00
@8e8c 00
@8e8d 00
@8e8e 00
@8e8f 00
@8e90 00
@8e91 00
@8e92 00
@8e93 00
@8e94 00
@8e95 00
@8e96 00
@8e97 00
@8e98 00
@8e99 00
@8e9a 00
@8e9b 00
@8e9c 00
@8e9d 00
@8e9e 00
@8e9f 00
@8ea0 00
@8ea1 00
@8ea2 00
@8ea3 00
@8ea4 00
@8ea5 00
@8ea6 00
@8ea7 00
@8ea8 00
@8ea9 00
@8eaa 00
@8eab 00
@8eac 00
@8ead 00
@8eae 00
@8eaf 00
@8eb0 00
@8eb1 00
@8eb2 00
@8eb3 00
@8eb4 00
@8eb5 00
@8eb6 00
@8eb7 00
@8eb8 00
@8eb9 00
@8eba 00
@8ebb 00
@8ebc 00
@8ebd 00
@8ebe 00
@8ebf 00
@8ec0 00
@8ec1 00
@8ec2 00
@8ec3 00
@8ec4 00
@8ec5 00
@8ec6 00
@8ec7 00
@8ec8 00
@8ec9 00
@8eca 00
@8ecb 00
@8ecc 00
@8ecd 00
@8ece 00
@8ecf 00
@8ed0 00
@8ed1 00
@8ed2 00
@8ed3 00
@8ed4 00
@8ed5 00
@8ed6 00
@8ed7 00
@8ed8 00
@8ed9 00
@8eda 00
@8edb 00
@8edc 00
@8edd 00
@8ede 00
@8edf 00
@8ee0 00
@8ee1 00
@8ee2 00
@8ee3 00
@8ee4 00
@8ee5 00
@8ee6 00
@8ee7 00
@8ee8 00
@8ee9 00
@8eea 00
@8eeb 00
@8eec 00
@8eed 00
@8eee 00
@8eef 00
@8ef0 00
@8ef1 00
@8ef2 00
@8ef3 00
@8ef4 00
@8ef5 00
@8ef6 00
@8ef7 00
@8ef8 00
@8ef9 00
@8efa 00
@8efb 00
@8efc 00
@8efd 00
@8efe 00
@8eff 00
@8f00 00
@8f01 00
@8f02 00
@8f03 00
@8f04 00
@8f05 00
@8f06 00
@8f07 00
@8f08 00
@8f09 00
@8f0a 00
@8f0b 00
@8f0c 00
@8f0d 00
@8f0e 00
@8f0f 00
@8f10 00
@8f11 00
@8f12 00
@8f13 00
@8f14 00
@8f15 00
@8f16 00
@8f17 00
@8f18 00
@8f19 00
@8f1a 00
@8f1b 00
@8f1c 00
@8f1d 00
@8f1e 00
@8f1f 00
@8f20 00
@8f21 00
@8f22 00
@8f23 00
@8f24 00
@8f25 00
@8f26 00
@8f27 00
@8f28 00
@8f29 00
@8f2a 00
@8f2b 00
@8f2c 00
@8f2d 00
@8f2e 00
@8f2f 00
@8f30 00
@8f31 00
@8f32 00
@8f33 00
@8f34 00
@8f35 00
@8f36 00
@8f37 00
@8f38 00
@8f39 00
@8f3a 00
@8f3b 00
@8f3c 00
@8f3d 00
@8f3e 00
@8f3f 00
@8f40 00
@8f41 00
@8f42 00
@8f43 00
@8f44 00
@8f45 00
@8f46 00
@8f47 00
@8f48 00
@8f49 00
@8f4a 00
@8f4b 00
@8f4c 00
@8f4d 00
@8f4e 00
@8f4f 00
@8f50 00
@8f51 00
@8f52 00
@8f53 00
@8f54 00
@8f55 00
@8f56 00
@8f57 00
@8f58 00
@8f59 00
@8f5a 00
@8f5b 00
@8f5c 00
@8f5d 00
@8f5e 00
@8f5f 00
@8f60 00
@8f61 00
@8f62 00
@8f63 00
@8f64 00
@8f65 00
@8f66 00
@8f67 00
@8f68 00
@8f69 00
@8f6a 00
@8f6b 00
@8f6c 00
@8f6d 00
@8f6e 00
@8f6f 00
@8f70 00
@8f71 00
@8f72 00
@8f73 00
@8f74 00
@8f75 00
@8f76 00
@8f77 00
@8f78 00
@8f79 00
@8f7a 00
@8f7b 00
@8f7c 00
@8f7d 00
@8f7e 00
@8f7f 00
@8f80 00
@8f81 00
@8f82 00
@8f83 00
@8f84 00
@8f85 00
@8f86 00
@8f87 00
@8f88 00
@8f89 00
@8f8a 00
@8f8b 00
@8f8c 00
@8f8d 00
@8f8e 00
@8f8f 00
@8f90 00
@8f91 00
@8f92 00
@8f93 00
@8f94 00
@8f95 00
@8f96 00
@8f97 00
@8f98 00
@8f99 00
@8f9a 00
@8f9b 00
@8f9c 00
@8f9d 00
@8f9e 00
@8f9f 00
@8fa0 00
@8fa1 00
@8fa2 00
@8fa3 00
@8fa4 00
@8fa5 00
@8fa6 00
@8fa7 00
@8fa8 00
@8fa9 00
@8faa 00
@8fab 00
@8fac 00
@8fad 00
@8fae 00
@8faf 00
@8fb0 00
@8fb1 00
@8fb2 00
@8fb3 00
@8fb4 00
@8fb5 00
@8fb6 00
@8fb7 00
@8fb8 00
@8fb9 00
@8fba 00
@8fbb 00
@8fbc 00
@8fbd 00
@8fbe 00
@8fbf 00
@8fc0 00
@8fc1 00
@8fc2 00
@8fc3 00
@8fc4 00
@8fc5 00
@8fc6 00
@8fc7 00
@8fc8 00
@8fc9 00
@8fca 00
@8fcb 00
@8fcc 00
@8fcd 00
@8fce 00
@8fcf 00
@8fd0 00
@8fd1 00
@8fd2 00
@8fd3 00
@8fd4 00
@8fd5 00
@8fd6 00
@8fd7 00
@8fd8 00
@8fd9 00
@8fda 00
@8fdb 00
@8fdc 00
@8fdd 00
@8fde 00
@8fdf 00
@8fe0 00
@8fe1 00
@8fe2 00
@8fe3 00
@8fe4 00
@8fe5 00
@8fe6 00
@8fe7 00
@8fe8 00
@8fe9 00
@8fea 00
@8feb 00
@8fec 00
@8fed 00
@8fee 00
@8fef 00
@8ff0 00
@8ff1 00
@8ff2 00
@8ff3 00
@8ff4 00
@8ff5 00
@8ff6 00
@8ff7 00
@8ff8 00
@8ff9 00
@8ffa 00
@8ffb 00
@8ffc 00
@8ffd 00
@8ffe 00
@8fff 00
